--------------- Build Started: 11/08/2024 22:37:30 Project: esw_uCOS3_cykit, Configuration: ARM GCC 5.4-2016-q2-update Debug ---------------
The code generation step is up to date.
arm-none-eabi-gcc.exe -mcpu=cortex-m3 -mthumb -I.\APP -I.\BSP -I.\BSP\OS\uCOS-III -I.\uC-CPU -I.\uC-CPU\ARM-Cortex-M3\GNU -I.\uC-LIB -I.\uCOS-III\Source -I.\uCOS-III\Ports\ARM-Cortex-M3\Generic\GNU -I.\uCOS-III\Lib\ARM-Cortex-M3\PSoC_GNU -I.\SensorLib\bme688 -I.\SensorLib\max30102 -I. -IGenerated_Source\PSoC5 -Wa,-alh=.\CortexM3\ARM_GCC_541\Debug/bsp_i2c.lst -g -D DEBUG -D CY_CORE_ID=0 -Wall -ffunction-sections -ffat-lto-objects -Og -c bsp_i2c.c -o .\CortexM3\ARM_GCC_541\Debug\bsp_i2c.o
bsp_i2c.c: In function 'I2C_Task':
bsp_i2c.c:106:24: warning: assignment from incompatible pointer type [-Wincompatible-pointer-types]
     bme688_handle.read = bsp_i2c_read_bme;
                        ^
bsp_i2c.c:107:25: warning: assignment from incompatible pointer type [-Wincompatible-pointer-types]
     bme688_handle.write = bsp_i2c_write_bme;
                         ^
bsp_i2c.c:126:62: warning: passing argument 2 of 'max30102_read' from incompatible pointer type [-Wincompatible-pointer-types]
             CPU_INT08U res = max30102_read(&max30102_handle, &raw_red, &raw_ir, &data_len);
                                                              ^
In file included from ./max30102_interface.h:5:0,
                 from bsp_i2c.h:10,
                 from bsp_i2c.c:1:
.\SensorLib\max30102/driver_max30102.h:346:9: note: expected 'uint32_t * {aka long unsigned int *}' but argument is of type 'CPU_INT32U * {aka unsigned int *}'
 uint8_t max30102_read(max30102_handle_t *handle, uint32_t *raw_red, uint32_t *raw_ir, uint8_t *len);
         ^
bsp_i2c.c:126:72: warning: passing argument 3 of 'max30102_read' from incompatible pointer type [-Wincompatible-pointer-types]
             CPU_INT08U res = max30102_read(&max30102_handle, &raw_red, &raw_ir, &data_len);
                                                                        ^
In file included from ./max30102_interface.h:5:0,
                 from bsp_i2c.h:10,
                 from bsp_i2c.c:1:
.\SensorLib\max30102/driver_max30102.h:346:9: note: expected 'uint32_t * {aka long unsigned int *}' but argument is of type 'CPU_INT32U * {aka unsigned int *}'
 uint8_t max30102_read(max30102_handle_t *handle, uint32_t *raw_red, uint32_t *raw_ir, uint8_t *len);
         ^
bsp_i2c.c: In function 'bsp_i2c_write_bme':
bsp_i2c.c:283:38: warning: passing argument 3 of 'bsp_i2c_write' discards 'const' qualifier from pointer target type [-Wdiscarded-qualifiers]
     if(bsp_i2c_write(0x76, reg_addr, reg_data, len) != 0){
                                      ^
bsp_i2c.c:262:12: note: expected 'CPU_INT08U * {aka unsigned char *}' but argument is of type 'const uint8_t * {aka const unsigned char *}'
 CPU_INT08U bsp_i2c_write(CPU_INT08U addr, CPU_INT08U reg, CPU_INT08U *data, CPU_INT16U len) {
            ^
bsp_i2c.c: In function 'bsp_i2c_read_bme':
bsp_i2c.c:257:1: warning: control reaches end of non-void function [-Wreturn-type]
 }
 ^
bsp_i2c.c: In function 'bsp_i2c_write_bme':
bsp_i2c.c:286:1: warning: control reaches end of non-void function [-Wreturn-type]
 }
 ^
bsp_i2c.c: In function 'bsp_i2c_read_bme':
bsp_i2c.c:255:7: warning: 'status' may be used uninitialized in this function [-Wmaybe-uninitialized]
       Log_Write(LOG_LEVEL_ERROR, "Error Reading I2C BME", status);
       ^
bsp_i2c.c: In function 'bsp_i2c_write_bme':
bsp_i2c.c:284:7: warning: 'status' may be used uninitialized in this function [-Wmaybe-uninitialized]
       Log_Write(LOG_LEVEL_ERROR, "Error Writing I2C BME", status);
       ^
arm-none-eabi-ar.exe -rs .\CortexM3\ARM_GCC_541\Debug\esw_uCOS3_cykit.a .\CortexM3\ARM_GCC_541\Debug\UART_1.o .\CortexM3\ARM_GCC_541\Debug\UART_1_PM.o .\CortexM3\ARM_GCC_541\Debug\UART_1_INT.o .\CortexM3\ARM_GCC_541\Debug\UART_1_BOOT.o .\CortexM3\ARM_GCC_541\Debug\Pin_1.o .\CortexM3\ARM_GCC_541\Debug\UART_1_IntClock.o .\CortexM3\ARM_GCC_541\Debug\cy_em_eeprom.o .\CortexM3\ARM_GCC_541\Debug\CyDmac.o .\CortexM3\ARM_GCC_541\Debug\CyFlash.o .\CortexM3\ARM_GCC_541\Debug\CyLib.o .\CortexM3\ARM_GCC_541\Debug\cyPm.o .\CortexM3\ARM_GCC_541\Debug\CySpc.o .\CortexM3\ARM_GCC_541\Debug\cyutils.o .\CortexM3\ARM_GCC_541\Debug\Pin_2.o .\CortexM3\ARM_GCC_541\Debug\push_button.o .\CortexM3\ARM_GCC_541\Debug\SCL_1.o .\CortexM3\ARM_GCC_541\Debug\SDA_1.o .\CortexM3\ARM_GCC_541\Debug\I2C_1.o .\CortexM3\ARM_GCC_541\Debug\I2C_1_BOOT.o .\CortexM3\ARM_GCC_541\Debug\I2C_1_INT.o .\CortexM3\ARM_GCC_541\Debug\I2C_1_PM.o .\CortexM3\ARM_GCC_541\Debug\I2C_1_SLAVE.o .\CortexM3\ARM_GCC_541\Debug\I2C_1_MASTER.o .\CortexM3\ARM_GCC_541\Debug\Pin_Blue_Led.o .\CortexM3\ARM_GCC_541\Debug\Pin_Green_Led.o .\CortexM3\ARM_GCC_541\Debug\Pin_Red_Led.o .\CortexM3\ARM_GCC_541\Debug\DMA_I2C_dma.o .\CortexM3\ARM_GCC_541\Debug\DMA_SPI_dma.o .\CortexM3\ARM_GCC_541\Debug\I2C_INTR.o .\CortexM3\ARM_GCC_541\Debug\I2C_DataReady.o .\CortexM3\ARM_GCC_541\Debug\Timer_1.o .\CortexM3\ARM_GCC_541\Debug\Timer_1_PM.o .\CortexM3\ARM_GCC_541\Debug\Timer_ISR.o .\CortexM3\ARM_GCC_541\Debug\Clock_1.o .\CortexM3\ARM_GCC_541\Debug\Counter_1.o .\CortexM3\ARM_GCC_541\Debug\Counter_1_PM.o .\CortexM3\ARM_GCC_541\Debug\CyBootAsmGnu.o
arm-none-eabi-ar.exe: creating .\CortexM3\ARM_GCC_541\Debug\esw_uCOS3_cykit.a
arm-none-eabi-gcc.exe -Wl,--start-group -o C:\cypress\BodyAnalyzer\esw_uCOS3_cykit.cydsn\CortexM3\ARM_GCC_541\Debug\esw_uCOS3_cykit.elf .\CortexM3\ARM_GCC_541\Debug\app.o .\CortexM3\ARM_GCC_541\Debug\os_app_hooks.o .\CortexM3\ARM_GCC_541\Debug\log_task.o .\CortexM3\ARM_GCC_541\Debug\bsp_os.o .\CortexM3\ARM_GCC_541\Debug\bsp.o .\CortexM3\ARM_GCC_541\Debug\cpu_bsp.o .\CortexM3\ARM_GCC_541\Debug\bsp_uart.o .\CortexM3\ARM_GCC_541\Debug\bsp_gpio.o .\CortexM3\ARM_GCC_541\Debug\bsp_i2c.o .\CortexM3\ARM_GCC_541\Debug\bsp_counter.o .\CortexM3\ARM_GCC_541\Debug\cpu_c.o .\CortexM3\ARM_GCC_541\Debug\cpu_core.o .\CortexM3\ARM_GCC_541\Debug\lib_math.o .\CortexM3\ARM_GCC_541\Debug\lib_mem.o .\CortexM3\ARM_GCC_541\Debug\lib_str.o .\CortexM3\ARM_GCC_541\Debug\lib_ascii.o .\CortexM3\ARM_GCC_541\Debug\os_cpu_c.o .\CortexM3\ARM_GCC_541\Debug\os_pend_multi.o .\CortexM3\ARM_GCC_541\Debug\os_prio.o .\CortexM3\ARM_GCC_541\Debug\os_q.o .\CortexM3\ARM_GCC_541\Debug\os_sem.o .\CortexM3\ARM_GCC_541\Debug\os_stat.o .\CortexM3\ARM_GCC_541\Debug\os_task.o .\CortexM3\ARM_GCC_541\Debug\os_tick.o .\CortexM3\ARM_GCC_541\Debug\os_time.o .\CortexM3\ARM_GCC_541\Debug\os_tmr.o .\CortexM3\ARM_GCC_541\Debug\os_var.o .\CortexM3\ARM_GCC_541\Debug\os_cfg_app.o .\CortexM3\ARM_GCC_541\Debug\os_core.o .\CortexM3\ARM_GCC_541\Debug\os_dbg.o .\CortexM3\ARM_GCC_541\Debug\os_flag.o .\CortexM3\ARM_GCC_541\Debug\os_int.o .\CortexM3\ARM_GCC_541\Debug\os_mem.o .\CortexM3\ARM_GCC_541\Debug\os_msg.o .\CortexM3\ARM_GCC_541\Debug\os_mutex.o .\CortexM3\ARM_GCC_541\Debug\max30102_interface.o .\CortexM3\ARM_GCC_541\Debug\driver_max30102.o .\CortexM3\ARM_GCC_541\Debug\bme68x.o .\CortexM3\ARM_GCC_541\Debug\cyfitter_cfg.o .\CortexM3\ARM_GCC_541\Debug\cymetadata.o .\CortexM3\ARM_GCC_541\Debug\Cm3Start.o .\CortexM3\ARM_GCC_541\Debug\cpu_a.o .\CortexM3\ARM_GCC_541\Debug\os_cpu_a.o .\CortexM3\ARM_GCC_541\Debug\esw_uCOS3_cykit.a "C:\Program Files (x86)\Cypress\PSoC Creator\4.4\PSoC Creator\psoc\content\cycomponentlibrary\CyComponentLibrary.cylib\CortexM3\ARM_GCC_541\Debug\CyComponentLibrary.a" -mcpu=cortex-m3 -mthumb -L Generated_Source\PSoC5 -Wl,-Map,.\CortexM3\ARM_GCC_541\Debug/esw_uCOS3_cykit.map -T Generated_Source\PSoC5\cm3gcc.ld -specs=nano.specs -Wl,--gc-sections -g -ffunction-sections -Og -ffat-lto-objects -Wl,--end-group
cyelftool.exe -C C:\cypress\BodyAnalyzer\esw_uCOS3_cykit.cydsn\CortexM3\ARM_GCC_541\Debug\esw_uCOS3_cykit.elf --flash_row_size 256 --flash_size 262144 --flash_offset 0x00000000
No ELF section .cychecksum found, creating one
Application checksum calculated and stored in ELF section .cychecksum
Checksum calculated and stored in ELF section .cymeta
cyelftool.exe -S C:\cypress\BodyAnalyzer\esw_uCOS3_cykit.cydsn\CortexM3\ARM_GCC_541\Debug\esw_uCOS3_cykit.elf
Flash used: 28328 of 262144 bytes (10,8 %).
SRAM used: 21617 of 65536 bytes (33,0 %). Stack: 2048 bytes. Heap: 128 bytes.
--------------- Build Succeeded: 11/08/2024 22:37:30 ---------------
