--------------- Rebuild Started: 11/08/2024 22:35:11 Project: esw_uCOS3_cykit, Configuration: ARM GCC 5.4-2016-q2-update Debug ---------------
Deleting file ".\CortexM3\ARM_GCC_541\Debug\app.o"
Deleting file ".\CortexM3\ARM_GCC_541\Debug\os_app_hooks.o"
Deleting file ".\CortexM3\ARM_GCC_541\Debug\log_task.o"
Deleting file ".\CortexM3\ARM_GCC_541\Debug\bsp_os.o"
Deleting file ".\CortexM3\ARM_GCC_541\Debug\bsp.o"
Deleting file ".\CortexM3\ARM_GCC_541\Debug\cpu_bsp.o"
Deleting file ".\CortexM3\ARM_GCC_541\Debug\bsp_uart.o"
Deleting file ".\CortexM3\ARM_GCC_541\Debug\bsp_gpio.o"
Deleting file ".\esw_uCOS3_cykit.cycdx"
Deleting file ".\esw_uCOS3_cykit.svd"
Deleting file ".\esw_uCOS3_cykit.rpt"
Deleting file ".\esw_uCOS3_cykit_timing.html"
cydsfit.exe -.appdatapath "C:\Users\bernh\AppData\Local\Cypress Semiconductor\PSoC Creator\4.4" -.fdsnotice -.fdswarpdepfile=warp_dependencies.txt -.fdselabdepfile=elab_dependencies.txt -.fdsbldfile=generated_files.txt -.fdsreffile=referenced_files.txt -p C:\cypress\BodyAnalyzer\esw_uCOS3_cykit.cydsn\esw_uCOS3_cykit.cyprj -d CY8C5888LTI-LP097 -s C:\cypress\BodyAnalyzer\esw_uCOS3_cykit.cydsn\Generated_Source\PSoC5 -- -yv2 -q10 -ygs -o2 -v3 -.fftcfgtype=LE
Elaborating Design...
HDL Generation...
Synthesis...
Tech Mapping...
ADD: pft.M0040: information: The following 3 pin(s) will be assigned a location by the fitter: Pin_2(0), Pin_2(1), push_button(0)
Analog Placement...
Analog Routing...
Analog Code Generation...
Digital Placement...
Digital Routing...
Bitstream Generation...
Bitstream Verification...
Static timing analysis...
API Generation...
Dependency Generation...
Cleanup...
arm-none-eabi-gcc.exe -mcpu=cortex-m3 -mthumb -I.\APP -I.\BSP -I.\BSP\OS\uCOS-III -I.\uC-CPU -I.\uC-CPU\ARM-Cortex-M3\GNU -I.\uC-LIB -I.\uCOS-III\Source -I.\uCOS-III\Ports\ARM-Cortex-M3\Generic\GNU -I.\uCOS-III\Lib\ARM-Cortex-M3\PSoC_GNU -I.\SensorLib\bme688 -I.\SensorLib\max30102 -I. -IGenerated_Source\PSoC5 -Wa,-alh=.\CortexM3\ARM_GCC_541\Debug/app.lst -g -D DEBUG -D CY_CORE_ID=0 -Wall -ffunction-sections -ffat-lto-objects -Og -c APP\app.c -o .\CortexM3\ARM_GCC_541\Debug\app.o
arm-none-eabi-gcc.exe -mcpu=cortex-m3 -mthumb -I.\APP -I.\BSP -I.\BSP\OS\uCOS-III -I.\uC-CPU -I.\uC-CPU\ARM-Cortex-M3\GNU -I.\uC-LIB -I.\uCOS-III\Source -I.\uCOS-III\Ports\ARM-Cortex-M3\Generic\GNU -I.\uCOS-III\Lib\ARM-Cortex-M3\PSoC_GNU -I.\SensorLib\bme688 -I.\SensorLib\max30102 -I. -IGenerated_Source\PSoC5 -Wa,-alh=.\CortexM3\ARM_GCC_541\Debug/os_app_hooks.lst -g -D DEBUG -D CY_CORE_ID=0 -Wall -ffunction-sections -ffat-lto-objects -Og -c APP\os_app_hooks.c -o .\CortexM3\ARM_GCC_541\Debug\os_app_hooks.o
arm-none-eabi-gcc.exe -mcpu=cortex-m3 -mthumb -I.\APP -I.\BSP -I.\BSP\OS\uCOS-III -I.\uC-CPU -I.\uC-CPU\ARM-Cortex-M3\GNU -I.\uC-LIB -I.\uCOS-III\Source -I.\uCOS-III\Ports\ARM-Cortex-M3\Generic\GNU -I.\uCOS-III\Lib\ARM-Cortex-M3\PSoC_GNU -I.\SensorLib\bme688 -I.\SensorLib\max30102 -I. -IGenerated_Source\PSoC5 -Wa,-alh=.\CortexM3\ARM_GCC_541\Debug/log_task.lst -g -D DEBUG -D CY_CORE_ID=0 -Wall -ffunction-sections -ffat-lto-objects -Og -c log_task.c -o .\CortexM3\ARM_GCC_541\Debug\log_task.o
log_task.c:6:19: warning: 'allowed_log_types' defined but not used [-Wunused-variable]
 static CPU_INT08U allowed_log_types = LOG_ALLOWED_LEVELS;  /* Bitmask for allowed log types */
                   ^
arm-none-eabi-gcc.exe -mcpu=cortex-m3 -mthumb -I.\APP -I.\BSP -I.\BSP\OS\uCOS-III -I.\uC-CPU -I.\uC-CPU\ARM-Cortex-M3\GNU -I.\uC-LIB -I.\uCOS-III\Source -I.\uCOS-III\Ports\ARM-Cortex-M3\Generic\GNU -I.\uCOS-III\Lib\ARM-Cortex-M3\PSoC_GNU -I.\SensorLib\bme688 -I.\SensorLib\max30102 -I. -IGenerated_Source\PSoC5 -Wa,-alh=.\CortexM3\ARM_GCC_541\Debug/bsp_os.lst -g -D DEBUG -D CY_CORE_ID=0 -Wall -ffunction-sections -ffat-lto-objects -Og -c BSP\OS\uCOS-III\bsp_os.c -o .\CortexM3\ARM_GCC_541\Debug\bsp_os.o
arm-none-eabi-gcc.exe -mcpu=cortex-m3 -mthumb -I.\APP -I.\BSP -I.\BSP\OS\uCOS-III -I.\uC-CPU -I.\uC-CPU\ARM-Cortex-M3\GNU -I.\uC-LIB -I.\uCOS-III\Source -I.\uCOS-III\Ports\ARM-Cortex-M3\Generic\GNU -I.\uCOS-III\Lib\ARM-Cortex-M3\PSoC_GNU -I.\SensorLib\bme688 -I.\SensorLib\max30102 -I. -IGenerated_Source\PSoC5 -Wa,-alh=.\CortexM3\ARM_GCC_541\Debug/bsp.lst -g -D DEBUG -D CY_CORE_ID=0 -Wall -ffunction-sections -ffat-lto-objects -Og -c BSP\bsp.c -o .\CortexM3\ARM_GCC_541\Debug\bsp.o
arm-none-eabi-gcc.exe -mcpu=cortex-m3 -mthumb -I.\APP -I.\BSP -I.\BSP\OS\uCOS-III -I.\uC-CPU -I.\uC-CPU\ARM-Cortex-M3\GNU -I.\uC-LIB -I.\uCOS-III\Source -I.\uCOS-III\Ports\ARM-Cortex-M3\Generic\GNU -I.\uCOS-III\Lib\ARM-Cortex-M3\PSoC_GNU -I.\SensorLib\bme688 -I.\SensorLib\max30102 -I. -IGenerated_Source\PSoC5 -Wa,-alh=.\CortexM3\ARM_GCC_541\Debug/cpu_bsp.lst -g -D DEBUG -D CY_CORE_ID=0 -Wall -ffunction-sections -ffat-lto-objects -Og -c BSP\cpu_bsp.c -o .\CortexM3\ARM_GCC_541\Debug\cpu_bsp.o
arm-none-eabi-gcc.exe -mcpu=cortex-m3 -mthumb -I.\APP -I.\BSP -I.\BSP\OS\uCOS-III -I.\uC-CPU -I.\uC-CPU\ARM-Cortex-M3\GNU -I.\uC-LIB -I.\uCOS-III\Source -I.\uCOS-III\Ports\ARM-Cortex-M3\Generic\GNU -I.\uCOS-III\Lib\ARM-Cortex-M3\PSoC_GNU -I.\SensorLib\bme688 -I.\SensorLib\max30102 -I. -IGenerated_Source\PSoC5 -Wa,-alh=.\CortexM3\ARM_GCC_541\Debug/bsp_uart.lst -g -D DEBUG -D CY_CORE_ID=0 -Wall -ffunction-sections -ffat-lto-objects -Og -c bsp_uart.c -o .\CortexM3\ARM_GCC_541\Debug\bsp_uart.o
arm-none-eabi-gcc.exe -mcpu=cortex-m3 -mthumb -I.\APP -I.\BSP -I.\BSP\OS\uCOS-III -I.\uC-CPU -I.\uC-CPU\ARM-Cortex-M3\GNU -I.\uC-LIB -I.\uCOS-III\Source -I.\uCOS-III\Ports\ARM-Cortex-M3\Generic\GNU -I.\uCOS-III\Lib\ARM-Cortex-M3\PSoC_GNU -I.\SensorLib\bme688 -I.\SensorLib\max30102 -I. -IGenerated_Source\PSoC5 -Wa,-alh=.\CortexM3\ARM_GCC_541\Debug/bsp_gpio.lst -g -D DEBUG -D CY_CORE_ID=0 -Wall -ffunction-sections -ffat-lto-objects -Og -c bsp_gpio.c -o .\CortexM3\ARM_GCC_541\Debug\bsp_gpio.o
arm-none-eabi-gcc.exe -mcpu=cortex-m3 -mthumb -I.\APP -I.\BSP -I.\BSP\OS\uCOS-III -I.\uC-CPU -I.\uC-CPU\ARM-Cortex-M3\GNU -I.\uC-LIB -I.\uCOS-III\Source -I.\uCOS-III\Ports\ARM-Cortex-M3\Generic\GNU -I.\uCOS-III\Lib\ARM-Cortex-M3\PSoC_GNU -I.\SensorLib\bme688 -I.\SensorLib\max30102 -I. -IGenerated_Source\PSoC5 -Wa,-alh=.\CortexM3\ARM_GCC_541\Debug/bsp_i2c.lst -g -D DEBUG -D CY_CORE_ID=0 -Wall -ffunction-sections -ffat-lto-objects -Og -c bsp_i2c.c -o .\CortexM3\ARM_GCC_541\Debug\bsp_i2c.o
bsp_i2c.c: In function 'I2C_Task':
bsp_i2c.c:106:24: warning: assignment from incompatible pointer type [-Wincompatible-pointer-types]
     bme688_handle.read = bsp_i2c_read_bme;
                        ^
bsp_i2c.c:107:25: warning: assignment from incompatible pointer type [-Wincompatible-pointer-types]
     bme688_handle.write = bsp_i2c_write_bme;
                         ^
bsp_i2c.c:129:62: warning: passing argument 2 of 'max30102_read' from incompatible pointer type [-Wincompatible-pointer-types]
             CPU_INT08U res = max30102_read(&max30102_handle, &raw_red, &raw_ir, &data_len);
                                                              ^
In file included from ./max30102_interface.h:5:0,
                 from bsp_i2c.h:10,
                 from bsp_i2c.c:1:
.\SensorLib\max30102/driver_max30102.h:346:9: note: expected 'uint32_t * {aka long unsigned int *}' but argument is of type 'CPU_INT32U * {aka unsigned int *}'
 uint8_t max30102_read(max30102_handle_t *handle, uint32_t *raw_red, uint32_t *raw_ir, uint8_t *len);
         ^
bsp_i2c.c:129:72: warning: passing argument 3 of 'max30102_read' from incompatible pointer type [-Wincompatible-pointer-types]
             CPU_INT08U res = max30102_read(&max30102_handle, &raw_red, &raw_ir, &data_len);
                                                                        ^
In file included from ./max30102_interface.h:5:0,
                 from bsp_i2c.h:10,
                 from bsp_i2c.c:1:
.\SensorLib\max30102/driver_max30102.h:346:9: note: expected 'uint32_t * {aka long unsigned int *}' but argument is of type 'CPU_INT32U * {aka unsigned int *}'
 uint8_t max30102_read(max30102_handle_t *handle, uint32_t *raw_red, uint32_t *raw_ir, uint8_t *len);
         ^
bsp_i2c.c: In function 'bsp_i2c_read_bme':
bsp_i2c.c:260:1: warning: control reaches end of non-void function [-Wreturn-type]
 }
 ^
bsp_i2c.c: In function 'bsp_i2c_write_bme':
bsp_i2c.c:289:1: warning: control reaches end of non-void function [-Wreturn-type]
 }
 ^
bsp_i2c.c: In function 'bsp_i2c_read_bme':
arm-none-eabi-gcc.exe -mcpu=cortex-m3 -mthumb -I.\APP -I.\BSP -I.\BSP\OS\uCOS-III -I.\uC-CPU -I.\uC-CPU\ARM-Cortex-M3\GNU -I.\uC-LIB -I.\uCOS-III\Source -I.\uCOS-III\Ports\ARM-Cortex-M3\Generic\GNU -I.\uCOS-III\Lib\ARM-Cortex-M3\PSoC_GNU -I.\SensorLib\bme688 -I.\SensorLib\max30102 -I. -IGenerated_Source\PSoC5 -Wa,-alh=.\CortexM3\ARM_GCC_541\Debug/bsp_counter.lst -g -D DEBUG -D CY_CORE_ID=0 -Wall -ffunction-sections -ffat-lto-objects -Og -c bsp_counter.c -o .\CortexM3\ARM_GCC_541\Debug\bsp_counter.o
bsp_i2c.c:258:7: warning: 'status' may be used uninitialized in this function [-Wmaybe-uninitialized]
       Log_Write(LOG_LEVEL_ERROR, "Error Reading I2C BME", status);
       ^
bsp_i2c.c: In function 'bsp_i2c_write_bme':
bsp_i2c.c:287:7: warning: 'status' may be used uninitialized in this function [-Wmaybe-uninitialized]
       Log_Write(LOG_LEVEL_ERROR, "Error Writing I2C BME", status);
       ^
arm-none-eabi-gcc.exe -mcpu=cortex-m3 -mthumb -I.\APP -I.\BSP -I.\BSP\OS\uCOS-III -I.\uC-CPU -I.\uC-CPU\ARM-Cortex-M3\GNU -I.\uC-LIB -I.\uCOS-III\Source -I.\uCOS-III\Ports\ARM-Cortex-M3\Generic\GNU -I.\uCOS-III\Lib\ARM-Cortex-M3\PSoC_GNU -I.\SensorLib\bme688 -I.\SensorLib\max30102 -I. -IGenerated_Source\PSoC5 -Wa,-alh=.\CortexM3\ARM_GCC_541\Debug/cpu_c.lst -g -D DEBUG -D CY_CORE_ID=0 -Wall -ffunction-sections -ffat-lto-objects -Og -c uC-CPU\ARM-Cortex-M3\GNU\cpu_c.c -o .\CortexM3\ARM_GCC_541\Debug\cpu_c.o
arm-none-eabi-gcc.exe -mcpu=cortex-m3 -mthumb -I.\APP -I.\BSP -I.\BSP\OS\uCOS-III -I.\uC-CPU -I.\uC-CPU\ARM-Cortex-M3\GNU -I.\uC-LIB -I.\uCOS-III\Source -I.\uCOS-III\Ports\ARM-Cortex-M3\Generic\GNU -I.\uCOS-III\Lib\ARM-Cortex-M3\PSoC_GNU -I.\SensorLib\bme688 -I.\SensorLib\max30102 -I. -IGenerated_Source\PSoC5 -Wa,-alh=.\CortexM3\ARM_GCC_541\Debug/cpu_core.lst -g -D DEBUG -D CY_CORE_ID=0 -Wall -ffunction-sections -ffat-lto-objects -Og -c uC-CPU\cpu_core.c -o .\CortexM3\ARM_GCC_541\Debug\cpu_core.o
arm-none-eabi-gcc.exe -mcpu=cortex-m3 -mthumb -I.\APP -I.\BSP -I.\BSP\OS\uCOS-III -I.\uC-CPU -I.\uC-CPU\ARM-Cortex-M3\GNU -I.\uC-LIB -I.\uCOS-III\Source -I.\uCOS-III\Ports\ARM-Cortex-M3\Generic\GNU -I.\uCOS-III\Lib\ARM-Cortex-M3\PSoC_GNU -I.\SensorLib\bme688 -I.\SensorLib\max30102 -I. -IGenerated_Source\PSoC5 -Wa,-alh=.\CortexM3\ARM_GCC_541\Debug/lib_math.lst -g -D DEBUG -D CY_CORE_ID=0 -Wall -ffunction-sections -ffat-lto-objects -Og -c uC-LIB\lib_math.c -o .\CortexM3\ARM_GCC_541\Debug\lib_math.o
arm-none-eabi-gcc.exe -mcpu=cortex-m3 -mthumb -I.\APP -I.\BSP -I.\BSP\OS\uCOS-III -I.\uC-CPU -I.\uC-CPU\ARM-Cortex-M3\GNU -I.\uC-LIB -I.\uCOS-III\Source -I.\uCOS-III\Ports\ARM-Cortex-M3\Generic\GNU -I.\uCOS-III\Lib\ARM-Cortex-M3\PSoC_GNU -I.\SensorLib\bme688 -I.\SensorLib\max30102 -I. -IGenerated_Source\PSoC5 -Wa,-alh=.\CortexM3\ARM_GCC_541\Debug/lib_mem.lst -g -D DEBUG -D CY_CORE_ID=0 -Wall -ffunction-sections -ffat-lto-objects -Og -c uC-LIB\lib_mem.c -o .\CortexM3\ARM_GCC_541\Debug\lib_mem.o
arm-none-eabi-gcc.exe -mcpu=cortex-m3 -mthumb -I.\APP -I.\BSP -I.\BSP\OS\uCOS-III -I.\uC-CPU -I.\uC-CPU\ARM-Cortex-M3\GNU -I.\uC-LIB -I.\uCOS-III\Source -I.\uCOS-III\Ports\ARM-Cortex-M3\Generic\GNU -I.\uCOS-III\Lib\ARM-Cortex-M3\PSoC_GNU -I.\SensorLib\bme688 -I.\SensorLib\max30102 -I. -IGenerated_Source\PSoC5 -Wa,-alh=.\CortexM3\ARM_GCC_541\Debug/lib_str.lst -g -D DEBUG -D CY_CORE_ID=0 -Wall -ffunction-sections -ffat-lto-objects -Og -c uC-LIB\lib_str.c -o .\CortexM3\ARM_GCC_541\Debug\lib_str.o
uC-LIB\lib_str.c: In function 'Str_FmtNbr_Int32':
uC-LIB\lib_str.c:3614:51: warning: 'lead_char_0' may be used uninitialized in this function [-Wmaybe-uninitialized]
                        (nbr_neg_fmtd == DEF_NO )) ||            /* ... but neg sign NOT yet fmt'd  OR           ...     */
                                                   ^
uC-LIB\lib_str.c:3586:14: warning: 'nbr_dig_fmtd' may be used uninitialized in this function [-Wmaybe-uninitialized]
     pstr_fmt += nbr_dig_fmtd;                                   /* Start fmt @ least-sig dig.                           */
              ^
uC-LIB\lib_str.c:3610:25: warning: 'nbr_fmt' may be used uninitialized in this function [-Wmaybe-uninitialized]
                 nbr_fmt /= nbr_base;                            /* Shift to next more-sig dig.                          */
                         ^
arm-none-eabi-gcc.exe -mcpu=cortex-m3 -mthumb -I.\APP -I.\BSP -I.\BSP\OS\uCOS-III -I.\uC-CPU -I.\uC-CPU\ARM-Cortex-M3\GNU -I.\uC-LIB -I.\uCOS-III\Source -I.\uCOS-III\Ports\ARM-Cortex-M3\Generic\GNU -I.\uCOS-III\Lib\ARM-Cortex-M3\PSoC_GNU -I.\SensorLib\bme688 -I.\SensorLib\max30102 -I. -IGenerated_Source\PSoC5 -Wa,-alh=.\CortexM3\ARM_GCC_541\Debug/lib_ascii.lst -g -D DEBUG -D CY_CORE_ID=0 -Wall -ffunction-sections -ffat-lto-objects -Og -c uC-LIB\lib_ascii.c -o .\CortexM3\ARM_GCC_541\Debug\lib_ascii.o
arm-none-eabi-gcc.exe -mcpu=cortex-m3 -mthumb -I.\APP -I.\BSP -I.\BSP\OS\uCOS-III -I.\uC-CPU -I.\uC-CPU\ARM-Cortex-M3\GNU -I.\uC-LIB -I.\uCOS-III\Source -I.\uCOS-III\Ports\ARM-Cortex-M3\Generic\GNU -I.\uCOS-III\Lib\ARM-Cortex-M3\PSoC_GNU -I.\SensorLib\bme688 -I.\SensorLib\max30102 -I. -IGenerated_Source\PSoC5 -Wa,-alh=.\CortexM3\ARM_GCC_541\Debug/os_cpu_c.lst -g -D DEBUG -D CY_CORE_ID=0 -Wall -ffunction-sections -ffat-lto-objects -Og -c uCOS-III\Ports\ARM-Cortex-M3\Generic\GNU\os_cpu_c.c -o .\CortexM3\ARM_GCC_541\Debug\os_cpu_c.o
arm-none-eabi-gcc.exe -mcpu=cortex-m3 -mthumb -I.\APP -I.\BSP -I.\BSP\OS\uCOS-III -I.\uC-CPU -I.\uC-CPU\ARM-Cortex-M3\GNU -I.\uC-LIB -I.\uCOS-III\Source -I.\uCOS-III\Ports\ARM-Cortex-M3\Generic\GNU -I.\uCOS-III\Lib\ARM-Cortex-M3\PSoC_GNU -I.\SensorLib\bme688 -I.\SensorLib\max30102 -I. -IGenerated_Source\PSoC5 -Wa,-alh=.\CortexM3\ARM_GCC_541\Debug/os_pend_multi.lst -g -D DEBUG -D CY_CORE_ID=0 -Wall -ffunction-sections -ffat-lto-objects -Og -c uCOS-III\Source\os_pend_multi.c -o .\CortexM3\ARM_GCC_541\Debug\os_pend_multi.o
arm-none-eabi-gcc.exe -mcpu=cortex-m3 -mthumb -I.\APP -I.\BSP -I.\BSP\OS\uCOS-III -I.\uC-CPU -I.\uC-CPU\ARM-Cortex-M3\GNU -I.\uC-LIB -I.\uCOS-III\Source -I.\uCOS-III\Ports\ARM-Cortex-M3\Generic\GNU -I.\uCOS-III\Lib\ARM-Cortex-M3\PSoC_GNU -I.\SensorLib\bme688 -I.\SensorLib\max30102 -I. -IGenerated_Source\PSoC5 -Wa,-alh=.\CortexM3\ARM_GCC_541\Debug/os_prio.lst -g -D DEBUG -D CY_CORE_ID=0 -Wall -ffunction-sections -ffat-lto-objects -Og -c uCOS-III\Source\os_prio.c -o .\CortexM3\ARM_GCC_541\Debug\os_prio.o
arm-none-eabi-gcc.exe -mcpu=cortex-m3 -mthumb -I.\APP -I.\BSP -I.\BSP\OS\uCOS-III -I.\uC-CPU -I.\uC-CPU\ARM-Cortex-M3\GNU -I.\uC-LIB -I.\uCOS-III\Source -I.\uCOS-III\Ports\ARM-Cortex-M3\Generic\GNU -I.\uCOS-III\Lib\ARM-Cortex-M3\PSoC_GNU -I.\SensorLib\bme688 -I.\SensorLib\max30102 -I. -IGenerated_Source\PSoC5 -Wa,-alh=.\CortexM3\ARM_GCC_541\Debug/os_q.lst -g -D DEBUG -D CY_CORE_ID=0 -Wall -ffunction-sections -ffat-lto-objects -Og -c uCOS-III\Source\os_q.c -o .\CortexM3\ARM_GCC_541\Debug\os_q.o
arm-none-eabi-gcc.exe -mcpu=cortex-m3 -mthumb -I.\APP -I.\BSP -I.\BSP\OS\uCOS-III -I.\uC-CPU -I.\uC-CPU\ARM-Cortex-M3\GNU -I.\uC-LIB -I.\uCOS-III\Source -I.\uCOS-III\Ports\ARM-Cortex-M3\Generic\GNU -I.\uCOS-III\Lib\ARM-Cortex-M3\PSoC_GNU -I.\SensorLib\bme688 -I.\SensorLib\max30102 -I. -IGenerated_Source\PSoC5 -Wa,-alh=.\CortexM3\ARM_GCC_541\Debug/os_sem.lst -g -D DEBUG -D CY_CORE_ID=0 -Wall -ffunction-sections -ffat-lto-objects -Og -c uCOS-III\Source\os_sem.c -o .\CortexM3\ARM_GCC_541\Debug\os_sem.o
arm-none-eabi-gcc.exe -mcpu=cortex-m3 -mthumb -I.\APP -I.\BSP -I.\BSP\OS\uCOS-III -I.\uC-CPU -I.\uC-CPU\ARM-Cortex-M3\GNU -I.\uC-LIB -I.\uCOS-III\Source -I.\uCOS-III\Ports\ARM-Cortex-M3\Generic\GNU -I.\uCOS-III\Lib\ARM-Cortex-M3\PSoC_GNU -I.\SensorLib\bme688 -I.\SensorLib\max30102 -I. -IGenerated_Source\PSoC5 -Wa,-alh=.\CortexM3\ARM_GCC_541\Debug/os_stat.lst -g -D DEBUG -D CY_CORE_ID=0 -Wall -ffunction-sections -ffat-lto-objects -Og -c uCOS-III\Source\os_stat.c -o .\CortexM3\ARM_GCC_541\Debug\os_stat.o
arm-none-eabi-gcc.exe -mcpu=cortex-m3 -mthumb -I.\APP -I.\BSP -I.\BSP\OS\uCOS-III -I.\uC-CPU -I.\uC-CPU\ARM-Cortex-M3\GNU -I.\uC-LIB -I.\uCOS-III\Source -I.\uCOS-III\Ports\ARM-Cortex-M3\Generic\GNU -I.\uCOS-III\Lib\ARM-Cortex-M3\PSoC_GNU -I.\SensorLib\bme688 -I.\SensorLib\max30102 -I. -IGenerated_Source\PSoC5 -Wa,-alh=.\CortexM3\ARM_GCC_541\Debug/os_task.lst -g -D DEBUG -D CY_CORE_ID=0 -Wall -ffunction-sections -ffat-lto-objects -Og -c uCOS-III\Source\os_task.c -o .\CortexM3\ARM_GCC_541\Debug\os_task.o
arm-none-eabi-gcc.exe -mcpu=cortex-m3 -mthumb -I.\APP -I.\BSP -I.\BSP\OS\uCOS-III -I.\uC-CPU -I.\uC-CPU\ARM-Cortex-M3\GNU -I.\uC-LIB -I.\uCOS-III\Source -I.\uCOS-III\Ports\ARM-Cortex-M3\Generic\GNU -I.\uCOS-III\Lib\ARM-Cortex-M3\PSoC_GNU -I.\SensorLib\bme688 -I.\SensorLib\max30102 -I. -IGenerated_Source\PSoC5 -Wa,-alh=.\CortexM3\ARM_GCC_541\Debug/os_tick.lst -g -D DEBUG -D CY_CORE_ID=0 -Wall -ffunction-sections -ffat-lto-objects -Og -c uCOS-III\Source\os_tick.c -o .\CortexM3\ARM_GCC_541\Debug\os_tick.o
arm-none-eabi-gcc.exe -mcpu=cortex-m3 -mthumb -I.\APP -I.\BSP -I.\BSP\OS\uCOS-III -I.\uC-CPU -I.\uC-CPU\ARM-Cortex-M3\GNU -I.\uC-LIB -I.\uCOS-III\Source -I.\uCOS-III\Ports\ARM-Cortex-M3\Generic\GNU -I.\uCOS-III\Lib\ARM-Cortex-M3\PSoC_GNU -I.\SensorLib\bme688 -I.\SensorLib\max30102 -I. -IGenerated_Source\PSoC5 -Wa,-alh=.\CortexM3\ARM_GCC_541\Debug/os_time.lst -g -D DEBUG -D CY_CORE_ID=0 -Wall -ffunction-sections -ffat-lto-objects -Og -c uCOS-III\Source\os_time.c -o .\CortexM3\ARM_GCC_541\Debug\os_time.o
arm-none-eabi-gcc.exe -mcpu=cortex-m3 -mthumb -I.\APP -I.\BSP -I.\BSP\OS\uCOS-III -I.\uC-CPU -I.\uC-CPU\ARM-Cortex-M3\GNU -I.\uC-LIB -I.\uCOS-III\Source -I.\uCOS-III\Ports\ARM-Cortex-M3\Generic\GNU -I.\uCOS-III\Lib\ARM-Cortex-M3\PSoC_GNU -I.\SensorLib\bme688 -I.\SensorLib\max30102 -I. -IGenerated_Source\PSoC5 -Wa,-alh=.\CortexM3\ARM_GCC_541\Debug/os_tmr.lst -g -D DEBUG -D CY_CORE_ID=0 -Wall -ffunction-sections -ffat-lto-objects -Og -c uCOS-III\Source\os_tmr.c -o .\CortexM3\ARM_GCC_541\Debug\os_tmr.o
arm-none-eabi-gcc.exe -mcpu=cortex-m3 -mthumb -I.\APP -I.\BSP -I.\BSP\OS\uCOS-III -I.\uC-CPU -I.\uC-CPU\ARM-Cortex-M3\GNU -I.\uC-LIB -I.\uCOS-III\Source -I.\uCOS-III\Ports\ARM-Cortex-M3\Generic\GNU -I.\uCOS-III\Lib\ARM-Cortex-M3\PSoC_GNU -I.\SensorLib\bme688 -I.\SensorLib\max30102 -I. -IGenerated_Source\PSoC5 -Wa,-alh=.\CortexM3\ARM_GCC_541\Debug/os_var.lst -g -D DEBUG -D CY_CORE_ID=0 -Wall -ffunction-sections -ffat-lto-objects -Og -c uCOS-III\Source\os_var.c -o .\CortexM3\ARM_GCC_541\Debug\os_var.o
arm-none-eabi-gcc.exe -mcpu=cortex-m3 -mthumb -I.\APP -I.\BSP -I.\BSP\OS\uCOS-III -I.\uC-CPU -I.\uC-CPU\ARM-Cortex-M3\GNU -I.\uC-LIB -I.\uCOS-III\Source -I.\uCOS-III\Ports\ARM-Cortex-M3\Generic\GNU -I.\uCOS-III\Lib\ARM-Cortex-M3\PSoC_GNU -I.\SensorLib\bme688 -I.\SensorLib\max30102 -I. -IGenerated_Source\PSoC5 -Wa,-alh=.\CortexM3\ARM_GCC_541\Debug/os_cfg_app.lst -g -D DEBUG -D CY_CORE_ID=0 -Wall -ffunction-sections -ffat-lto-objects -Og -c uCOS-III\Source\os_cfg_app.c -o .\CortexM3\ARM_GCC_541\Debug\os_cfg_app.o
arm-none-eabi-gcc.exe -mcpu=cortex-m3 -mthumb -I.\APP -I.\BSP -I.\BSP\OS\uCOS-III -I.\uC-CPU -I.\uC-CPU\ARM-Cortex-M3\GNU -I.\uC-LIB -I.\uCOS-III\Source -I.\uCOS-III\Ports\ARM-Cortex-M3\Generic\GNU -I.\uCOS-III\Lib\ARM-Cortex-M3\PSoC_GNU -I.\SensorLib\bme688 -I.\SensorLib\max30102 -I. -IGenerated_Source\PSoC5 -Wa,-alh=.\CortexM3\ARM_GCC_541\Debug/os_core.lst -g -D DEBUG -D CY_CORE_ID=0 -Wall -ffunction-sections -ffat-lto-objects -Og -c uCOS-III\Source\os_core.c -o .\CortexM3\ARM_GCC_541\Debug\os_core.o
arm-none-eabi-gcc.exe -mcpu=cortex-m3 -mthumb -I.\APP -I.\BSP -I.\BSP\OS\uCOS-III -I.\uC-CPU -I.\uC-CPU\ARM-Cortex-M3\GNU -I.\uC-LIB -I.\uCOS-III\Source -I.\uCOS-III\Ports\ARM-Cortex-M3\Generic\GNU -I.\uCOS-III\Lib\ARM-Cortex-M3\PSoC_GNU -I.\SensorLib\bme688 -I.\SensorLib\max30102 -I. -IGenerated_Source\PSoC5 -Wa,-alh=.\CortexM3\ARM_GCC_541\Debug/os_dbg.lst -g -D DEBUG -D CY_CORE_ID=0 -Wall -ffunction-sections -ffat-lto-objects -Og -c uCOS-III\Source\os_dbg.c -o .\CortexM3\ARM_GCC_541\Debug\os_dbg.o
arm-none-eabi-gcc.exe -mcpu=cortex-m3 -mthumb -I.\APP -I.\BSP -I.\BSP\OS\uCOS-III -I.\uC-CPU -I.\uC-CPU\ARM-Cortex-M3\GNU -I.\uC-LIB -I.\uCOS-III\Source -I.\uCOS-III\Ports\ARM-Cortex-M3\Generic\GNU -I.\uCOS-III\Lib\ARM-Cortex-M3\PSoC_GNU -I.\SensorLib\bme688 -I.\SensorLib\max30102 -I. -IGenerated_Source\PSoC5 -Wa,-alh=.\CortexM3\ARM_GCC_541\Debug/os_flag.lst -g -D DEBUG -D CY_CORE_ID=0 -Wall -ffunction-sections -ffat-lto-objects -Og -c uCOS-III\Source\os_flag.c -o .\CortexM3\ARM_GCC_541\Debug\os_flag.o
arm-none-eabi-gcc.exe -mcpu=cortex-m3 -mthumb -I.\APP -I.\BSP -I.\BSP\OS\uCOS-III -I.\uC-CPU -I.\uC-CPU\ARM-Cortex-M3\GNU -I.\uC-LIB -I.\uCOS-III\Source -I.\uCOS-III\Ports\ARM-Cortex-M3\Generic\GNU -I.\uCOS-III\Lib\ARM-Cortex-M3\PSoC_GNU -I.\SensorLib\bme688 -I.\SensorLib\max30102 -I. -IGenerated_Source\PSoC5 -Wa,-alh=.\CortexM3\ARM_GCC_541\Debug/os_int.lst -g -D DEBUG -D CY_CORE_ID=0 -Wall -ffunction-sections -ffat-lto-objects -Og -c uCOS-III\Source\os_int.c -o .\CortexM3\ARM_GCC_541\Debug\os_int.o
arm-none-eabi-gcc.exe -mcpu=cortex-m3 -mthumb -I.\APP -I.\BSP -I.\BSP\OS\uCOS-III -I.\uC-CPU -I.\uC-CPU\ARM-Cortex-M3\GNU -I.\uC-LIB -I.\uCOS-III\Source -I.\uCOS-III\Ports\ARM-Cortex-M3\Generic\GNU -I.\uCOS-III\Lib\ARM-Cortex-M3\PSoC_GNU -I.\SensorLib\bme688 -I.\SensorLib\max30102 -I. -IGenerated_Source\PSoC5 -Wa,-alh=.\CortexM3\ARM_GCC_541\Debug/os_mem.lst -g -D DEBUG -D CY_CORE_ID=0 -Wall -ffunction-sections -ffat-lto-objects -Og -c uCOS-III\Source\os_mem.c -o .\CortexM3\ARM_GCC_541\Debug\os_mem.o
arm-none-eabi-gcc.exe -mcpu=cortex-m3 -mthumb -I.\APP -I.\BSP -I.\BSP\OS\uCOS-III -I.\uC-CPU -I.\uC-CPU\ARM-Cortex-M3\GNU -I.\uC-LIB -I.\uCOS-III\Source -I.\uCOS-III\Ports\ARM-Cortex-M3\Generic\GNU -I.\uCOS-III\Lib\ARM-Cortex-M3\PSoC_GNU -I.\SensorLib\bme688 -I.\SensorLib\max30102 -I. -IGenerated_Source\PSoC5 -Wa,-alh=.\CortexM3\ARM_GCC_541\Debug/os_msg.lst -g -D DEBUG -D CY_CORE_ID=0 -Wall -ffunction-sections -ffat-lto-objects -Og -c uCOS-III\Source\os_msg.c -o .\CortexM3\ARM_GCC_541\Debug\os_msg.o
arm-none-eabi-gcc.exe -mcpu=cortex-m3 -mthumb -I.\APP -I.\BSP -I.\BSP\OS\uCOS-III -I.\uC-CPU -I.\uC-CPU\ARM-Cortex-M3\GNU -I.\uC-LIB -I.\uCOS-III\Source -I.\uCOS-III\Ports\ARM-Cortex-M3\Generic\GNU -I.\uCOS-III\Lib\ARM-Cortex-M3\PSoC_GNU -I.\SensorLib\bme688 -I.\SensorLib\max30102 -I. -IGenerated_Source\PSoC5 -Wa,-alh=.\CortexM3\ARM_GCC_541\Debug/os_mutex.lst -g -D DEBUG -D CY_CORE_ID=0 -Wall -ffunction-sections -ffat-lto-objects -Og -c uCOS-III\Source\os_mutex.c -o .\CortexM3\ARM_GCC_541\Debug\os_mutex.o
arm-none-eabi-gcc.exe -mcpu=cortex-m3 -mthumb -I.\APP -I.\BSP -I.\BSP\OS\uCOS-III -I.\uC-CPU -I.\uC-CPU\ARM-Cortex-M3\GNU -I.\uC-LIB -I.\uCOS-III\Source -I.\uCOS-III\Ports\ARM-Cortex-M3\Generic\GNU -I.\uCOS-III\Lib\ARM-Cortex-M3\PSoC_GNU -I.\SensorLib\bme688 -I.\SensorLib\max30102 -I. -IGenerated_Source\PSoC5 -Wa,-alh=.\CortexM3\ARM_GCC_541\Debug/max30102_interface.lst -g -D DEBUG -D CY_CORE_ID=0 -Wall -ffunction-sections -ffat-lto-objects -Og -c max30102_interface.c -o .\CortexM3\ARM_GCC_541\Debug\max30102_interface.o
arm-none-eabi-gcc.exe -mcpu=cortex-m3 -mthumb -I.\APP -I.\BSP -I.\BSP\OS\uCOS-III -I.\uC-CPU -I.\uC-CPU\ARM-Cortex-M3\GNU -I.\uC-LIB -I.\uCOS-III\Source -I.\uCOS-III\Ports\ARM-Cortex-M3\Generic\GNU -I.\uCOS-III\Lib\ARM-Cortex-M3\PSoC_GNU -I.\SensorLib\bme688 -I.\SensorLib\max30102 -I. -IGenerated_Source\PSoC5 -Wa,-alh=.\CortexM3\ARM_GCC_541\Debug/driver_max30102.lst -g -D DEBUG -D CY_CORE_ID=0 -Wall -ffunction-sections -ffat-lto-objects -Og -c SensorLib\max30102\driver_max30102.c -o .\CortexM3\ARM_GCC_541\Debug\driver_max30102.o
arm-none-eabi-gcc.exe -mcpu=cortex-m3 -mthumb -I.\APP -I.\BSP -I.\BSP\OS\uCOS-III -I.\uC-CPU -I.\uC-CPU\ARM-Cortex-M3\GNU -I.\uC-LIB -I.\uCOS-III\Source -I.\uCOS-III\Ports\ARM-Cortex-M3\Generic\GNU -I.\uCOS-III\Lib\ARM-Cortex-M3\PSoC_GNU -I.\SensorLib\bme688 -I.\SensorLib\max30102 -I. -IGenerated_Source\PSoC5 -Wa,-alh=.\CortexM3\ARM_GCC_541\Debug/bme68x.lst -g -D DEBUG -D CY_CORE_ID=0 -Wall -ffunction-sections -ffat-lto-objects -Og -c SensorLib\bme688\bme68x.c -o .\CortexM3\ARM_GCC_541\Debug\bme68x.o
arm-none-eabi-gcc.exe -mcpu=cortex-m3 -mthumb -I.\APP -I.\BSP -I.\BSP\OS\uCOS-III -I.\uC-CPU -I.\uC-CPU\ARM-Cortex-M3\GNU -I.\uC-LIB -I.\uCOS-III\Source -I.\uCOS-III\Ports\ARM-Cortex-M3\Generic\GNU -I.\uCOS-III\Lib\ARM-Cortex-M3\PSoC_GNU -I.\SensorLib\bme688 -I.\SensorLib\max30102 -I. -IGenerated_Source\PSoC5 -Wa,-alh=.\CortexM3\ARM_GCC_541\Debug/cyfitter_cfg.lst -g -D DEBUG -D CY_CORE_ID=0 -Wall -ffunction-sections -ffat-lto-objects -Og -c Generated_Source\PSoC5\cyfitter_cfg.c -o .\CortexM3\ARM_GCC_541\Debug\cyfitter_cfg.o
arm-none-eabi-gcc.exe -mcpu=cortex-m3 -mthumb -I.\APP -I.\BSP -I.\BSP\OS\uCOS-III -I.\uC-CPU -I.\uC-CPU\ARM-Cortex-M3\GNU -I.\uC-LIB -I.\uCOS-III\Source -I.\uCOS-III\Ports\ARM-Cortex-M3\Generic\GNU -I.\uCOS-III\Lib\ARM-Cortex-M3\PSoC_GNU -I.\SensorLib\bme688 -I.\SensorLib\max30102 -I. -IGenerated_Source\PSoC5 -Wa,-alh=.\CortexM3\ARM_GCC_541\Debug/cymetadata.lst -g -D DEBUG -D CY_CORE_ID=0 -Wall -ffunction-sections -ffat-lto-objects -Og -c Generated_Source\PSoC5\cymetadata.c -o .\CortexM3\ARM_GCC_541\Debug\cymetadata.o
arm-none-eabi-gcc.exe -mcpu=cortex-m3 -mthumb -I.\APP -I.\BSP -I.\BSP\OS\uCOS-III -I.\uC-CPU -I.\uC-CPU\ARM-Cortex-M3\GNU -I.\uC-LIB -I.\uCOS-III\Source -I.\uCOS-III\Ports\ARM-Cortex-M3\Generic\GNU -I.\uCOS-III\Lib\ARM-Cortex-M3\PSoC_GNU -I.\SensorLib\bme688 -I.\SensorLib\max30102 -I. -IGenerated_Source\PSoC5 -Wa,-alh=.\CortexM3\ARM_GCC_541\Debug/UART_1.lst -g -D DEBUG -D CY_CORE_ID=0 -Wall -ffunction-sections -ffat-lto-objects -Og -c Generated_Source\PSoC5\UART_1.c -o .\CortexM3\ARM_GCC_541\Debug\UART_1.o
arm-none-eabi-gcc.exe -mcpu=cortex-m3 -mthumb -I.\APP -I.\BSP -I.\BSP\OS\uCOS-III -I.\uC-CPU -I.\uC-CPU\ARM-Cortex-M3\GNU -I.\uC-LIB -I.\uCOS-III\Source -I.\uCOS-III\Ports\ARM-Cortex-M3\Generic\GNU -I.\uCOS-III\Lib\ARM-Cortex-M3\PSoC_GNU -I.\SensorLib\bme688 -I.\SensorLib\max30102 -I. -IGenerated_Source\PSoC5 -Wa,-alh=.\CortexM3\ARM_GCC_541\Debug/UART_1_PM.lst -g -D DEBUG -D CY_CORE_ID=0 -Wall -ffunction-sections -ffat-lto-objects -Og -c Generated_Source\PSoC5\UART_1_PM.c -o .\CortexM3\ARM_GCC_541\Debug\UART_1_PM.o
arm-none-eabi-gcc.exe -mcpu=cortex-m3 -mthumb -I.\APP -I.\BSP -I.\BSP\OS\uCOS-III -I.\uC-CPU -I.\uC-CPU\ARM-Cortex-M3\GNU -I.\uC-LIB -I.\uCOS-III\Source -I.\uCOS-III\Ports\ARM-Cortex-M3\Generic\GNU -I.\uCOS-III\Lib\ARM-Cortex-M3\PSoC_GNU -I.\SensorLib\bme688 -I.\SensorLib\max30102 -I. -IGenerated_Source\PSoC5 -Wa,-alh=.\CortexM3\ARM_GCC_541\Debug/UART_1_INT.lst -g -D DEBUG -D CY_CORE_ID=0 -Wall -ffunction-sections -ffat-lto-objects -Og -c Generated_Source\PSoC5\UART_1_INT.c -o .\CortexM3\ARM_GCC_541\Debug\UART_1_INT.o
arm-none-eabi-gcc.exe -mcpu=cortex-m3 -mthumb -I.\APP -I.\BSP -I.\BSP\OS\uCOS-III -I.\uC-CPU -I.\uC-CPU\ARM-Cortex-M3\GNU -I.\uC-LIB -I.\uCOS-III\Source -I.\uCOS-III\Ports\ARM-Cortex-M3\Generic\GNU -I.\uCOS-III\Lib\ARM-Cortex-M3\PSoC_GNU -I.\SensorLib\bme688 -I.\SensorLib\max30102 -I. -IGenerated_Source\PSoC5 -Wa,-alh=.\CortexM3\ARM_GCC_541\Debug/UART_1_BOOT.lst -g -D DEBUG -D CY_CORE_ID=0 -Wall -ffunction-sections -ffat-lto-objects -Og -c Generated_Source\PSoC5\UART_1_BOOT.c -o .\CortexM3\ARM_GCC_541\Debug\UART_1_BOOT.o
arm-none-eabi-gcc.exe -mcpu=cortex-m3 -mthumb -I.\APP -I.\BSP -I.\BSP\OS\uCOS-III -I.\uC-CPU -I.\uC-CPU\ARM-Cortex-M3\GNU -I.\uC-LIB -I.\uCOS-III\Source -I.\uCOS-III\Ports\ARM-Cortex-M3\Generic\GNU -I.\uCOS-III\Lib\ARM-Cortex-M3\PSoC_GNU -I.\SensorLib\bme688 -I.\SensorLib\max30102 -I. -IGenerated_Source\PSoC5 -Wa,-alh=.\CortexM3\ARM_GCC_541\Debug/Pin_1.lst -g -D DEBUG -D CY_CORE_ID=0 -Wall -ffunction-sections -ffat-lto-objects -Og -c Generated_Source\PSoC5\Pin_1.c -o .\CortexM3\ARM_GCC_541\Debug\Pin_1.o
arm-none-eabi-gcc.exe -mcpu=cortex-m3 -mthumb -I.\APP -I.\BSP -I.\BSP\OS\uCOS-III -I.\uC-CPU -I.\uC-CPU\ARM-Cortex-M3\GNU -I.\uC-LIB -I.\uCOS-III\Source -I.\uCOS-III\Ports\ARM-Cortex-M3\Generic\GNU -I.\uCOS-III\Lib\ARM-Cortex-M3\PSoC_GNU -I.\SensorLib\bme688 -I.\SensorLib\max30102 -I. -IGenerated_Source\PSoC5 -Wa,-alh=.\CortexM3\ARM_GCC_541\Debug/UART_1_IntClock.lst -g -D DEBUG -D CY_CORE_ID=0 -Wall -ffunction-sections -ffat-lto-objects -Og -c Generated_Source\PSoC5\UART_1_IntClock.c -o .\CortexM3\ARM_GCC_541\Debug\UART_1_IntClock.o
arm-none-eabi-gcc.exe -mcpu=cortex-m3 -mthumb -I.\APP -I.\BSP -I.\BSP\OS\uCOS-III -I.\uC-CPU -I.\uC-CPU\ARM-Cortex-M3\GNU -I.\uC-LIB -I.\uCOS-III\Source -I.\uCOS-III\Ports\ARM-Cortex-M3\Generic\GNU -I.\uCOS-III\Lib\ARM-Cortex-M3\PSoC_GNU -I.\SensorLib\bme688 -I.\SensorLib\max30102 -I. -IGenerated_Source\PSoC5 -Wa,-alh=.\CortexM3\ARM_GCC_541\Debug/cy_em_eeprom.lst -g -D DEBUG -D CY_CORE_ID=0 -Wall -ffunction-sections -ffat-lto-objects -Og -c Generated_Source\PSoC5\cy_em_eeprom.c -o .\CortexM3\ARM_GCC_541\Debug\cy_em_eeprom.o
arm-none-eabi-gcc.exe -mcpu=cortex-m3 -mthumb -I.\APP -I.\BSP -I.\BSP\OS\uCOS-III -I.\uC-CPU -I.\uC-CPU\ARM-Cortex-M3\GNU -I.\uC-LIB -I.\uCOS-III\Source -I.\uCOS-III\Ports\ARM-Cortex-M3\Generic\GNU -I.\uCOS-III\Lib\ARM-Cortex-M3\PSoC_GNU -I.\SensorLib\bme688 -I.\SensorLib\max30102 -I. -IGenerated_Source\PSoC5 -Wa,-alh=.\CortexM3\ARM_GCC_541\Debug/Cm3Start.lst -g -D DEBUG -D CY_CORE_ID=0 -Wall -ffunction-sections -ffat-lto-objects -Og -c Generated_Source\PSoC5\Cm3Start.c -o .\CortexM3\ARM_GCC_541\Debug\Cm3Start.o
arm-none-eabi-gcc.exe -mcpu=cortex-m3 -mthumb -I.\APP -I.\BSP -I.\BSP\OS\uCOS-III -I.\uC-CPU -I.\uC-CPU\ARM-Cortex-M3\GNU -I.\uC-LIB -I.\uCOS-III\Source -I.\uCOS-III\Ports\ARM-Cortex-M3\Generic\GNU -I.\uCOS-III\Lib\ARM-Cortex-M3\PSoC_GNU -I.\SensorLib\bme688 -I.\SensorLib\max30102 -I. -IGenerated_Source\PSoC5 -Wa,-alh=.\CortexM3\ARM_GCC_541\Debug/CyDmac.lst -g -D DEBUG -D CY_CORE_ID=0 -Wall -ffunction-sections -ffat-lto-objects -Og -c Generated_Source\PSoC5\CyDmac.c -o .\CortexM3\ARM_GCC_541\Debug\CyDmac.o
arm-none-eabi-gcc.exe -mcpu=cortex-m3 -mthumb -I.\APP -I.\BSP -I.\BSP\OS\uCOS-III -I.\uC-CPU -I.\uC-CPU\ARM-Cortex-M3\GNU -I.\uC-LIB -I.\uCOS-III\Source -I.\uCOS-III\Ports\ARM-Cortex-M3\Generic\GNU -I.\uCOS-III\Lib\ARM-Cortex-M3\PSoC_GNU -I.\SensorLib\bme688 -I.\SensorLib\max30102 -I. -IGenerated_Source\PSoC5 -Wa,-alh=.\CortexM3\ARM_GCC_541\Debug/CyFlash.lst -g -D DEBUG -D CY_CORE_ID=0 -Wall -ffunction-sections -ffat-lto-objects -Og -c Generated_Source\PSoC5\CyFlash.c -o .\CortexM3\ARM_GCC_541\Debug\CyFlash.o
arm-none-eabi-gcc.exe -mcpu=cortex-m3 -mthumb -I.\APP -I.\BSP -I.\BSP\OS\uCOS-III -I.\uC-CPU -I.\uC-CPU\ARM-Cortex-M3\GNU -I.\uC-LIB -I.\uCOS-III\Source -I.\uCOS-III\Ports\ARM-Cortex-M3\Generic\GNU -I.\uCOS-III\Lib\ARM-Cortex-M3\PSoC_GNU -I.\SensorLib\bme688 -I.\SensorLib\max30102 -I. -IGenerated_Source\PSoC5 -Wa,-alh=.\CortexM3\ARM_GCC_541\Debug/CyLib.lst -g -D DEBUG -D CY_CORE_ID=0 -Wall -ffunction-sections -ffat-lto-objects -Og -c Generated_Source\PSoC5\CyLib.c -o .\CortexM3\ARM_GCC_541\Debug\CyLib.o
arm-none-eabi-gcc.exe -mcpu=cortex-m3 -mthumb -I.\APP -I.\BSP -I.\BSP\OS\uCOS-III -I.\uC-CPU -I.\uC-CPU\ARM-Cortex-M3\GNU -I.\uC-LIB -I.\uCOS-III\Source -I.\uCOS-III\Ports\ARM-Cortex-M3\Generic\GNU -I.\uCOS-III\Lib\ARM-Cortex-M3\PSoC_GNU -I.\SensorLib\bme688 -I.\SensorLib\max30102 -I. -IGenerated_Source\PSoC5 -Wa,-alh=.\CortexM3\ARM_GCC_541\Debug/cyPm.lst -g -D DEBUG -D CY_CORE_ID=0 -Wall -ffunction-sections -ffat-lto-objects -Og -c Generated_Source\PSoC5\cyPm.c -o .\CortexM3\ARM_GCC_541\Debug\cyPm.o
arm-none-eabi-gcc.exe -mcpu=cortex-m3 -mthumb -I.\APP -I.\BSP -I.\BSP\OS\uCOS-III -I.\uC-CPU -I.\uC-CPU\ARM-Cortex-M3\GNU -I.\uC-LIB -I.\uCOS-III\Source -I.\uCOS-III\Ports\ARM-Cortex-M3\Generic\GNU -I.\uCOS-III\Lib\ARM-Cortex-M3\PSoC_GNU -I.\SensorLib\bme688 -I.\SensorLib\max30102 -I. -IGenerated_Source\PSoC5 -Wa,-alh=.\CortexM3\ARM_GCC_541\Debug/CySpc.lst -g -D DEBUG -D CY_CORE_ID=0 -Wall -ffunction-sections -ffat-lto-objects -Og -c Generated_Source\PSoC5\CySpc.c -o .\CortexM3\ARM_GCC_541\Debug\CySpc.o
arm-none-eabi-gcc.exe -mcpu=cortex-m3 -mthumb -I.\APP -I.\BSP -I.\BSP\OS\uCOS-III -I.\uC-CPU -I.\uC-CPU\ARM-Cortex-M3\GNU -I.\uC-LIB -I.\uCOS-III\Source -I.\uCOS-III\Ports\ARM-Cortex-M3\Generic\GNU -I.\uCOS-III\Lib\ARM-Cortex-M3\PSoC_GNU -I.\SensorLib\bme688 -I.\SensorLib\max30102 -I. -IGenerated_Source\PSoC5 -Wa,-alh=.\CortexM3\ARM_GCC_541\Debug/cyutils.lst -g -D DEBUG -D CY_CORE_ID=0 -Wall -ffunction-sections -ffat-lto-objects -Og -c Generated_Source\PSoC5\cyutils.c -o .\CortexM3\ARM_GCC_541\Debug\cyutils.o
arm-none-eabi-gcc.exe -mcpu=cortex-m3 -mthumb -I.\APP -I.\BSP -I.\BSP\OS\uCOS-III -I.\uC-CPU -I.\uC-CPU\ARM-Cortex-M3\GNU -I.\uC-LIB -I.\uCOS-III\Source -I.\uCOS-III\Ports\ARM-Cortex-M3\Generic\GNU -I.\uCOS-III\Lib\ARM-Cortex-M3\PSoC_GNU -I.\SensorLib\bme688 -I.\SensorLib\max30102 -I. -IGenerated_Source\PSoC5 -Wa,-alh=.\CortexM3\ARM_GCC_541\Debug/Pin_2.lst -g -D DEBUG -D CY_CORE_ID=0 -Wall -ffunction-sections -ffat-lto-objects -Og -c Generated_Source\PSoC5\Pin_2.c -o .\CortexM3\ARM_GCC_541\Debug\Pin_2.o
arm-none-eabi-gcc.exe -mcpu=cortex-m3 -mthumb -I.\APP -I.\BSP -I.\BSP\OS\uCOS-III -I.\uC-CPU -I.\uC-CPU\ARM-Cortex-M3\GNU -I.\uC-LIB -I.\uCOS-III\Source -I.\uCOS-III\Ports\ARM-Cortex-M3\Generic\GNU -I.\uCOS-III\Lib\ARM-Cortex-M3\PSoC_GNU -I.\SensorLib\bme688 -I.\SensorLib\max30102 -I. -IGenerated_Source\PSoC5 -Wa,-alh=.\CortexM3\ARM_GCC_541\Debug/push_button.lst -g -D DEBUG -D CY_CORE_ID=0 -Wall -ffunction-sections -ffat-lto-objects -Og -c Generated_Source\PSoC5\push_button.c -o .\CortexM3\ARM_GCC_541\Debug\push_button.o
arm-none-eabi-gcc.exe -mcpu=cortex-m3 -mthumb -I.\APP -I.\BSP -I.\BSP\OS\uCOS-III -I.\uC-CPU -I.\uC-CPU\ARM-Cortex-M3\GNU -I.\uC-LIB -I.\uCOS-III\Source -I.\uCOS-III\Ports\ARM-Cortex-M3\Generic\GNU -I.\uCOS-III\Lib\ARM-Cortex-M3\PSoC_GNU -I.\SensorLib\bme688 -I.\SensorLib\max30102 -I. -IGenerated_Source\PSoC5 -Wa,-alh=.\CortexM3\ARM_GCC_541\Debug/SCL_1.lst -g -D DEBUG -D CY_CORE_ID=0 -Wall -ffunction-sections -ffat-lto-objects -Og -c Generated_Source\PSoC5\SCL_1.c -o .\CortexM3\ARM_GCC_541\Debug\SCL_1.o
arm-none-eabi-gcc.exe -mcpu=cortex-m3 -mthumb -I.\APP -I.\BSP -I.\BSP\OS\uCOS-III -I.\uC-CPU -I.\uC-CPU\ARM-Cortex-M3\GNU -I.\uC-LIB -I.\uCOS-III\Source -I.\uCOS-III\Ports\ARM-Cortex-M3\Generic\GNU -I.\uCOS-III\Lib\ARM-Cortex-M3\PSoC_GNU -I.\SensorLib\bme688 -I.\SensorLib\max30102 -I. -IGenerated_Source\PSoC5 -Wa,-alh=.\CortexM3\ARM_GCC_541\Debug/SDA_1.lst -g -D DEBUG -D CY_CORE_ID=0 -Wall -ffunction-sections -ffat-lto-objects -Og -c Generated_Source\PSoC5\SDA_1.c -o .\CortexM3\ARM_GCC_541\Debug\SDA_1.o
arm-none-eabi-gcc.exe -mcpu=cortex-m3 -mthumb -I.\APP -I.\BSP -I.\BSP\OS\uCOS-III -I.\uC-CPU -I.\uC-CPU\ARM-Cortex-M3\GNU -I.\uC-LIB -I.\uCOS-III\Source -I.\uCOS-III\Ports\ARM-Cortex-M3\Generic\GNU -I.\uCOS-III\Lib\ARM-Cortex-M3\PSoC_GNU -I.\SensorLib\bme688 -I.\SensorLib\max30102 -I. -IGenerated_Source\PSoC5 -Wa,-alh=.\CortexM3\ARM_GCC_541\Debug/I2C_1.lst -g -D DEBUG -D CY_CORE_ID=0 -Wall -ffunction-sections -ffat-lto-objects -Og -c Generated_Source\PSoC5\I2C_1.c -o .\CortexM3\ARM_GCC_541\Debug\I2C_1.o
arm-none-eabi-gcc.exe -mcpu=cortex-m3 -mthumb -I.\APP -I.\BSP -I.\BSP\OS\uCOS-III -I.\uC-CPU -I.\uC-CPU\ARM-Cortex-M3\GNU -I.\uC-LIB -I.\uCOS-III\Source -I.\uCOS-III\Ports\ARM-Cortex-M3\Generic\GNU -I.\uCOS-III\Lib\ARM-Cortex-M3\PSoC_GNU -I.\SensorLib\bme688 -I.\SensorLib\max30102 -I. -IGenerated_Source\PSoC5 -Wa,-alh=.\CortexM3\ARM_GCC_541\Debug/I2C_1_BOOT.lst -g -D DEBUG -D CY_CORE_ID=0 -Wall -ffunction-sections -ffat-lto-objects -Og -c Generated_Source\PSoC5\I2C_1_BOOT.c -o .\CortexM3\ARM_GCC_541\Debug\I2C_1_BOOT.o
arm-none-eabi-gcc.exe -mcpu=cortex-m3 -mthumb -I.\APP -I.\BSP -I.\BSP\OS\uCOS-III -I.\uC-CPU -I.\uC-CPU\ARM-Cortex-M3\GNU -I.\uC-LIB -I.\uCOS-III\Source -I.\uCOS-III\Ports\ARM-Cortex-M3\Generic\GNU -I.\uCOS-III\Lib\ARM-Cortex-M3\PSoC_GNU -I.\SensorLib\bme688 -I.\SensorLib\max30102 -I. -IGenerated_Source\PSoC5 -Wa,-alh=.\CortexM3\ARM_GCC_541\Debug/I2C_1_INT.lst -g -D DEBUG -D CY_CORE_ID=0 -Wall -ffunction-sections -ffat-lto-objects -Og -c Generated_Source\PSoC5\I2C_1_INT.c -o .\CortexM3\ARM_GCC_541\Debug\I2C_1_INT.o
arm-none-eabi-gcc.exe -mcpu=cortex-m3 -mthumb -I.\APP -I.\BSP -I.\BSP\OS\uCOS-III -I.\uC-CPU -I.\uC-CPU\ARM-Cortex-M3\GNU -I.\uC-LIB -I.\uCOS-III\Source -I.\uCOS-III\Ports\ARM-Cortex-M3\Generic\GNU -I.\uCOS-III\Lib\ARM-Cortex-M3\PSoC_GNU -I.\SensorLib\bme688 -I.\SensorLib\max30102 -I. -IGenerated_Source\PSoC5 -Wa,-alh=.\CortexM3\ARM_GCC_541\Debug/I2C_1_PM.lst -g -D DEBUG -D CY_CORE_ID=0 -Wall -ffunction-sections -ffat-lto-objects -Og -c Generated_Source\PSoC5\I2C_1_PM.c -o .\CortexM3\ARM_GCC_541\Debug\I2C_1_PM.o
arm-none-eabi-gcc.exe -mcpu=cortex-m3 -mthumb -I.\APP -I.\BSP -I.\BSP\OS\uCOS-III -I.\uC-CPU -I.\uC-CPU\ARM-Cortex-M3\GNU -I.\uC-LIB -I.\uCOS-III\Source -I.\uCOS-III\Ports\ARM-Cortex-M3\Generic\GNU -I.\uCOS-III\Lib\ARM-Cortex-M3\PSoC_GNU -I.\SensorLib\bme688 -I.\SensorLib\max30102 -I. -IGenerated_Source\PSoC5 -Wa,-alh=.\CortexM3\ARM_GCC_541\Debug/I2C_1_SLAVE.lst -g -D DEBUG -D CY_CORE_ID=0 -Wall -ffunction-sections -ffat-lto-objects -Og -c Generated_Source\PSoC5\I2C_1_SLAVE.c -o .\CortexM3\ARM_GCC_541\Debug\I2C_1_SLAVE.o
arm-none-eabi-gcc.exe -mcpu=cortex-m3 -mthumb -I.\APP -I.\BSP -I.\BSP\OS\uCOS-III -I.\uC-CPU -I.\uC-CPU\ARM-Cortex-M3\GNU -I.\uC-LIB -I.\uCOS-III\Source -I.\uCOS-III\Ports\ARM-Cortex-M3\Generic\GNU -I.\uCOS-III\Lib\ARM-Cortex-M3\PSoC_GNU -I.\SensorLib\bme688 -I.\SensorLib\max30102 -I. -IGenerated_Source\PSoC5 -Wa,-alh=.\CortexM3\ARM_GCC_541\Debug/I2C_1_MASTER.lst -g -D DEBUG -D CY_CORE_ID=0 -Wall -ffunction-sections -ffat-lto-objects -Og -c Generated_Source\PSoC5\I2C_1_MASTER.c -o .\CortexM3\ARM_GCC_541\Debug\I2C_1_MASTER.o
arm-none-eabi-gcc.exe -mcpu=cortex-m3 -mthumb -I.\APP -I.\BSP -I.\BSP\OS\uCOS-III -I.\uC-CPU -I.\uC-CPU\ARM-Cortex-M3\GNU -I.\uC-LIB -I.\uCOS-III\Source -I.\uCOS-III\Ports\ARM-Cortex-M3\Generic\GNU -I.\uCOS-III\Lib\ARM-Cortex-M3\PSoC_GNU -I.\SensorLib\bme688 -I.\SensorLib\max30102 -I. -IGenerated_Source\PSoC5 -Wa,-alh=.\CortexM3\ARM_GCC_541\Debug/Pin_Blue_Led.lst -g -D DEBUG -D CY_CORE_ID=0 -Wall -ffunction-sections -ffat-lto-objects -Og -c Generated_Source\PSoC5\Pin_Blue_Led.c -o .\CortexM3\ARM_GCC_541\Debug\Pin_Blue_Led.o
arm-none-eabi-gcc.exe -mcpu=cortex-m3 -mthumb -I.\APP -I.\BSP -I.\BSP\OS\uCOS-III -I.\uC-CPU -I.\uC-CPU\ARM-Cortex-M3\GNU -I.\uC-LIB -I.\uCOS-III\Source -I.\uCOS-III\Ports\ARM-Cortex-M3\Generic\GNU -I.\uCOS-III\Lib\ARM-Cortex-M3\PSoC_GNU -I.\SensorLib\bme688 -I.\SensorLib\max30102 -I. -IGenerated_Source\PSoC5 -Wa,-alh=.\CortexM3\ARM_GCC_541\Debug/Pin_Green_Led.lst -g -D DEBUG -D CY_CORE_ID=0 -Wall -ffunction-sections -ffat-lto-objects -Og -c Generated_Source\PSoC5\Pin_Green_Led.c -o .\CortexM3\ARM_GCC_541\Debug\Pin_Green_Led.o
arm-none-eabi-gcc.exe -mcpu=cortex-m3 -mthumb -I.\APP -I.\BSP -I.\BSP\OS\uCOS-III -I.\uC-CPU -I.\uC-CPU\ARM-Cortex-M3\GNU -I.\uC-LIB -I.\uCOS-III\Source -I.\uCOS-III\Ports\ARM-Cortex-M3\Generic\GNU -I.\uCOS-III\Lib\ARM-Cortex-M3\PSoC_GNU -I.\SensorLib\bme688 -I.\SensorLib\max30102 -I. -IGenerated_Source\PSoC5 -Wa,-alh=.\CortexM3\ARM_GCC_541\Debug/Pin_Red_Led.lst -g -D DEBUG -D CY_CORE_ID=0 -Wall -ffunction-sections -ffat-lto-objects -Og -c Generated_Source\PSoC5\Pin_Red_Led.c -o .\CortexM3\ARM_GCC_541\Debug\Pin_Red_Led.o
arm-none-eabi-gcc.exe -mcpu=cortex-m3 -mthumb -I.\APP -I.\BSP -I.\BSP\OS\uCOS-III -I.\uC-CPU -I.\uC-CPU\ARM-Cortex-M3\GNU -I.\uC-LIB -I.\uCOS-III\Source -I.\uCOS-III\Ports\ARM-Cortex-M3\Generic\GNU -I.\uCOS-III\Lib\ARM-Cortex-M3\PSoC_GNU -I.\SensorLib\bme688 -I.\SensorLib\max30102 -I. -IGenerated_Source\PSoC5 -Wa,-alh=.\CortexM3\ARM_GCC_541\Debug/DMA_I2C_dma.lst -g -D DEBUG -D CY_CORE_ID=0 -Wall -ffunction-sections -ffat-lto-objects -Og -c Generated_Source\PSoC5\DMA_I2C_dma.c -o .\CortexM3\ARM_GCC_541\Debug\DMA_I2C_dma.o
arm-none-eabi-gcc.exe -mcpu=cortex-m3 -mthumb -I.\APP -I.\BSP -I.\BSP\OS\uCOS-III -I.\uC-CPU -I.\uC-CPU\ARM-Cortex-M3\GNU -I.\uC-LIB -I.\uCOS-III\Source -I.\uCOS-III\Ports\ARM-Cortex-M3\Generic\GNU -I.\uCOS-III\Lib\ARM-Cortex-M3\PSoC_GNU -I.\SensorLib\bme688 -I.\SensorLib\max30102 -I. -IGenerated_Source\PSoC5 -Wa,-alh=.\CortexM3\ARM_GCC_541\Debug/DMA_SPI_dma.lst -g -D DEBUG -D CY_CORE_ID=0 -Wall -ffunction-sections -ffat-lto-objects -Og -c Generated_Source\PSoC5\DMA_SPI_dma.c -o .\CortexM3\ARM_GCC_541\Debug\DMA_SPI_dma.o
arm-none-eabi-gcc.exe -mcpu=cortex-m3 -mthumb -I.\APP -I.\BSP -I.\BSP\OS\uCOS-III -I.\uC-CPU -I.\uC-CPU\ARM-Cortex-M3\GNU -I.\uC-LIB -I.\uCOS-III\Source -I.\uCOS-III\Ports\ARM-Cortex-M3\Generic\GNU -I.\uCOS-III\Lib\ARM-Cortex-M3\PSoC_GNU -I.\SensorLib\bme688 -I.\SensorLib\max30102 -I. -IGenerated_Source\PSoC5 -Wa,-alh=.\CortexM3\ARM_GCC_541\Debug/I2C_INTR.lst -g -D DEBUG -D CY_CORE_ID=0 -Wall -ffunction-sections -ffat-lto-objects -Og -c Generated_Source\PSoC5\I2C_INTR.c -o .\CortexM3\ARM_GCC_541\Debug\I2C_INTR.o
arm-none-eabi-gcc.exe -mcpu=cortex-m3 -mthumb -I.\APP -I.\BSP -I.\BSP\OS\uCOS-III -I.\uC-CPU -I.\uC-CPU\ARM-Cortex-M3\GNU -I.\uC-LIB -I.\uCOS-III\Source -I.\uCOS-III\Ports\ARM-Cortex-M3\Generic\GNU -I.\uCOS-III\Lib\ARM-Cortex-M3\PSoC_GNU -I.\SensorLib\bme688 -I.\SensorLib\max30102 -I. -IGenerated_Source\PSoC5 -Wa,-alh=.\CortexM3\ARM_GCC_541\Debug/I2C_DataReady.lst -g -D DEBUG -D CY_CORE_ID=0 -Wall -ffunction-sections -ffat-lto-objects -Og -c Generated_Source\PSoC5\I2C_DataReady.c -o .\CortexM3\ARM_GCC_541\Debug\I2C_DataReady.o
arm-none-eabi-gcc.exe -mcpu=cortex-m3 -mthumb -I.\APP -I.\BSP -I.\BSP\OS\uCOS-III -I.\uC-CPU -I.\uC-CPU\ARM-Cortex-M3\GNU -I.\uC-LIB -I.\uCOS-III\Source -I.\uCOS-III\Ports\ARM-Cortex-M3\Generic\GNU -I.\uCOS-III\Lib\ARM-Cortex-M3\PSoC_GNU -I.\SensorLib\bme688 -I.\SensorLib\max30102 -I. -IGenerated_Source\PSoC5 -Wa,-alh=.\CortexM3\ARM_GCC_541\Debug/Timer_1.lst -g -D DEBUG -D CY_CORE_ID=0 -Wall -ffunction-sections -ffat-lto-objects -Og -c Generated_Source\PSoC5\Timer_1.c -o .\CortexM3\ARM_GCC_541\Debug\Timer_1.o
arm-none-eabi-gcc.exe -mcpu=cortex-m3 -mthumb -I.\APP -I.\BSP -I.\BSP\OS\uCOS-III -I.\uC-CPU -I.\uC-CPU\ARM-Cortex-M3\GNU -I.\uC-LIB -I.\uCOS-III\Source -I.\uCOS-III\Ports\ARM-Cortex-M3\Generic\GNU -I.\uCOS-III\Lib\ARM-Cortex-M3\PSoC_GNU -I.\SensorLib\bme688 -I.\SensorLib\max30102 -I. -IGenerated_Source\PSoC5 -Wa,-alh=.\CortexM3\ARM_GCC_541\Debug/Timer_1_PM.lst -g -D DEBUG -D CY_CORE_ID=0 -Wall -ffunction-sections -ffat-lto-objects -Og -c Generated_Source\PSoC5\Timer_1_PM.c -o .\CortexM3\ARM_GCC_541\Debug\Timer_1_PM.o
arm-none-eabi-gcc.exe -mcpu=cortex-m3 -mthumb -I.\APP -I.\BSP -I.\BSP\OS\uCOS-III -I.\uC-CPU -I.\uC-CPU\ARM-Cortex-M3\GNU -I.\uC-LIB -I.\uCOS-III\Source -I.\uCOS-III\Ports\ARM-Cortex-M3\Generic\GNU -I.\uCOS-III\Lib\ARM-Cortex-M3\PSoC_GNU -I.\SensorLib\bme688 -I.\SensorLib\max30102 -I. -IGenerated_Source\PSoC5 -Wa,-alh=.\CortexM3\ARM_GCC_541\Debug/Timer_ISR.lst -g -D DEBUG -D CY_CORE_ID=0 -Wall -ffunction-sections -ffat-lto-objects -Og -c Generated_Source\PSoC5\Timer_ISR.c -o .\CortexM3\ARM_GCC_541\Debug\Timer_ISR.o
arm-none-eabi-gcc.exe -mcpu=cortex-m3 -mthumb -I.\APP -I.\BSP -I.\BSP\OS\uCOS-III -I.\uC-CPU -I.\uC-CPU\ARM-Cortex-M3\GNU -I.\uC-LIB -I.\uCOS-III\Source -I.\uCOS-III\Ports\ARM-Cortex-M3\Generic\GNU -I.\uCOS-III\Lib\ARM-Cortex-M3\PSoC_GNU -I.\SensorLib\bme688 -I.\SensorLib\max30102 -I. -IGenerated_Source\PSoC5 -Wa,-alh=.\CortexM3\ARM_GCC_541\Debug/Clock_1.lst -g -D DEBUG -D CY_CORE_ID=0 -Wall -ffunction-sections -ffat-lto-objects -Og -c Generated_Source\PSoC5\Clock_1.c -o .\CortexM3\ARM_GCC_541\Debug\Clock_1.o
arm-none-eabi-gcc.exe -mcpu=cortex-m3 -mthumb -I.\APP -I.\BSP -I.\BSP\OS\uCOS-III -I.\uC-CPU -I.\uC-CPU\ARM-Cortex-M3\GNU -I.\uC-LIB -I.\uCOS-III\Source -I.\uCOS-III\Ports\ARM-Cortex-M3\Generic\GNU -I.\uCOS-III\Lib\ARM-Cortex-M3\PSoC_GNU -I.\SensorLib\bme688 -I.\SensorLib\max30102 -I. -IGenerated_Source\PSoC5 -Wa,-alh=.\CortexM3\ARM_GCC_541\Debug/Counter_1.lst -g -D DEBUG -D CY_CORE_ID=0 -Wall -ffunction-sections -ffat-lto-objects -Og -c Generated_Source\PSoC5\Counter_1.c -o .\CortexM3\ARM_GCC_541\Debug\Counter_1.o
arm-none-eabi-gcc.exe -mcpu=cortex-m3 -mthumb -I.\APP -I.\BSP -I.\BSP\OS\uCOS-III -I.\uC-CPU -I.\uC-CPU\ARM-Cortex-M3\GNU -I.\uC-LIB -I.\uCOS-III\Source -I.\uCOS-III\Ports\ARM-Cortex-M3\Generic\GNU -I.\uCOS-III\Lib\ARM-Cortex-M3\PSoC_GNU -I.\SensorLib\bme688 -I.\SensorLib\max30102 -I. -IGenerated_Source\PSoC5 -Wa,-alh=.\CortexM3\ARM_GCC_541\Debug/Counter_1_PM.lst -g -D DEBUG -D CY_CORE_ID=0 -Wall -ffunction-sections -ffat-lto-objects -Og -c Generated_Source\PSoC5\Counter_1_PM.c -o .\CortexM3\ARM_GCC_541\Debug\Counter_1_PM.o
arm-none-eabi-as.exe -mcpu=cortex-m3 -mthumb -I.\APP -I.\BSP -I.\BSP\OS\uCOS-III -I.\uC-CPU -I.\uC-CPU\ARM-Cortex-M3\GNU -I.\uC-LIB -I.\uCOS-III\Source -I.\uCOS-III\Ports\ARM-Cortex-M3\Generic\GNU -I.\uCOS-III\Lib\ARM-Cortex-M3\PSoC_GNU -I.\SensorLib\max30102 -I.\SensorLib\bme688 -I. -IGenerated_Source\PSoC5 -alh=.\CortexM3\ARM_GCC_541\Debug/cpu_a.lst -g -W -o .\CortexM3\ARM_GCC_541\Debug\cpu_a.o uC-CPU\ARM-Cortex-M3\GNU\cpu_a.s
arm-none-eabi-as.exe -mcpu=cortex-m3 -mthumb -I.\APP -I.\BSP -I.\BSP\OS\uCOS-III -I.\uC-CPU -I.\uC-CPU\ARM-Cortex-M3\GNU -I.\uC-LIB -I.\uCOS-III\Source -I.\uCOS-III\Ports\ARM-Cortex-M3\Generic\GNU -I.\uCOS-III\Lib\ARM-Cortex-M3\PSoC_GNU -I.\SensorLib\max30102 -I.\SensorLib\bme688 -I. -IGenerated_Source\PSoC5 -alh=.\CortexM3\ARM_GCC_541\Debug/os_cpu_a.lst -g -W -o .\CortexM3\ARM_GCC_541\Debug\os_cpu_a.o uCOS-III\Ports\ARM-Cortex-M3\Generic\GNU\os_cpu_a.s
arm-none-eabi-as.exe -mcpu=cortex-m3 -mthumb -I.\APP -I.\BSP -I.\BSP\OS\uCOS-III -I.\uC-CPU -I.\uC-CPU\ARM-Cortex-M3\GNU -I.\uC-LIB -I.\uCOS-III\Source -I.\uCOS-III\Ports\ARM-Cortex-M3\Generic\GNU -I.\uCOS-III\Lib\ARM-Cortex-M3\PSoC_GNU -I.\SensorLib\max30102 -I.\SensorLib\bme688 -I. -IGenerated_Source\PSoC5 -alh=.\CortexM3\ARM_GCC_541\Debug/CyBootAsmGnu.lst -g -W -o .\CortexM3\ARM_GCC_541\Debug\CyBootAsmGnu.o Generated_Source\PSoC5\CyBootAsmGnu.s
arm-none-eabi-ar.exe -rs .\CortexM3\ARM_GCC_541\Debug\esw_uCOS3_cykit.a .\CortexM3\ARM_GCC_541\Debug\UART_1.o .\CortexM3\ARM_GCC_541\Debug\UART_1_PM.o .\CortexM3\ARM_GCC_541\Debug\UART_1_INT.o .\CortexM3\ARM_GCC_541\Debug\UART_1_BOOT.o .\CortexM3\ARM_GCC_541\Debug\Pin_1.o .\CortexM3\ARM_GCC_541\Debug\UART_1_IntClock.o .\CortexM3\ARM_GCC_541\Debug\cy_em_eeprom.o .\CortexM3\ARM_GCC_541\Debug\CyDmac.o .\CortexM3\ARM_GCC_541\Debug\CyFlash.o .\CortexM3\ARM_GCC_541\Debug\CyLib.o .\CortexM3\ARM_GCC_541\Debug\cyPm.o .\CortexM3\ARM_GCC_541\Debug\CySpc.o .\CortexM3\ARM_GCC_541\Debug\cyutils.o .\CortexM3\ARM_GCC_541\Debug\Pin_2.o .\CortexM3\ARM_GCC_541\Debug\push_button.o .\CortexM3\ARM_GCC_541\Debug\SCL_1.o .\CortexM3\ARM_GCC_541\Debug\SDA_1.o .\CortexM3\ARM_GCC_541\Debug\I2C_1.o .\CortexM3\ARM_GCC_541\Debug\I2C_1_BOOT.o .\CortexM3\ARM_GCC_541\Debug\I2C_1_INT.o .\CortexM3\ARM_GCC_541\Debug\I2C_1_PM.o .\CortexM3\ARM_GCC_541\Debug\I2C_1_SLAVE.o .\CortexM3\ARM_GCC_541\Debug\I2C_1_MASTER.o .\CortexM3\ARM_GCC_541\Debug\Pin_Blue_Led.o .\CortexM3\ARM_GCC_541\Debug\Pin_Green_Led.o .\CortexM3\ARM_GCC_541\Debug\Pin_Red_Led.o .\CortexM3\ARM_GCC_541\Debug\DMA_I2C_dma.o .\CortexM3\ARM_GCC_541\Debug\DMA_SPI_dma.o .\CortexM3\ARM_GCC_541\Debug\I2C_INTR.o .\CortexM3\ARM_GCC_541\Debug\I2C_DataReady.o .\CortexM3\ARM_GCC_541\Debug\Timer_1.o .\CortexM3\ARM_GCC_541\Debug\Timer_1_PM.o .\CortexM3\ARM_GCC_541\Debug\Timer_ISR.o .\CortexM3\ARM_GCC_541\Debug\Clock_1.o .\CortexM3\ARM_GCC_541\Debug\Counter_1.o .\CortexM3\ARM_GCC_541\Debug\Counter_1_PM.o .\CortexM3\ARM_GCC_541\Debug\CyBootAsmGnu.o
arm-none-eabi-ar.exe: creating .\CortexM3\ARM_GCC_541\Debug\esw_uCOS3_cykit.a
arm-none-eabi-gcc.exe -Wl,--start-group -o C:\cypress\BodyAnalyzer\esw_uCOS3_cykit.cydsn\CortexM3\ARM_GCC_541\Debug\esw_uCOS3_cykit.elf .\CortexM3\ARM_GCC_541\Debug\app.o .\CortexM3\ARM_GCC_541\Debug\os_app_hooks.o .\CortexM3\ARM_GCC_541\Debug\log_task.o .\CortexM3\ARM_GCC_541\Debug\bsp_os.o .\CortexM3\ARM_GCC_541\Debug\bsp.o .\CortexM3\ARM_GCC_541\Debug\cpu_bsp.o .\CortexM3\ARM_GCC_541\Debug\bsp_uart.o .\CortexM3\ARM_GCC_541\Debug\bsp_gpio.o .\CortexM3\ARM_GCC_541\Debug\bsp_i2c.o .\CortexM3\ARM_GCC_541\Debug\bsp_counter.o .\CortexM3\ARM_GCC_541\Debug\cpu_c.o .\CortexM3\ARM_GCC_541\Debug\cpu_core.o .\CortexM3\ARM_GCC_541\Debug\lib_math.o .\CortexM3\ARM_GCC_541\Debug\lib_mem.o .\CortexM3\ARM_GCC_541\Debug\lib_str.o .\CortexM3\ARM_GCC_541\Debug\lib_ascii.o .\CortexM3\ARM_GCC_541\Debug\os_cpu_c.o .\CortexM3\ARM_GCC_541\Debug\os_pend_multi.o .\CortexM3\ARM_GCC_541\Debug\os_prio.o .\CortexM3\ARM_GCC_541\Debug\os_q.o .\CortexM3\ARM_GCC_541\Debug\os_sem.o .\CortexM3\ARM_GCC_541\Debug\os_stat.o .\CortexM3\ARM_GCC_541\Debug\os_task.o .\CortexM3\ARM_GCC_541\Debug\os_tick.o .\CortexM3\ARM_GCC_541\Debug\os_time.o .\CortexM3\ARM_GCC_541\Debug\os_tmr.o .\CortexM3\ARM_GCC_541\Debug\os_var.o .\CortexM3\ARM_GCC_541\Debug\os_cfg_app.o .\CortexM3\ARM_GCC_541\Debug\os_core.o .\CortexM3\ARM_GCC_541\Debug\os_dbg.o .\CortexM3\ARM_GCC_541\Debug\os_flag.o .\CortexM3\ARM_GCC_541\Debug\os_int.o .\CortexM3\ARM_GCC_541\Debug\os_mem.o .\CortexM3\ARM_GCC_541\Debug\os_msg.o .\CortexM3\ARM_GCC_541\Debug\os_mutex.o .\CortexM3\ARM_GCC_541\Debug\max30102_interface.o .\CortexM3\ARM_GCC_541\Debug\driver_max30102.o .\CortexM3\ARM_GCC_541\Debug\bme68x.o .\CortexM3\ARM_GCC_541\Debug\cyfitter_cfg.o .\CortexM3\ARM_GCC_541\Debug\cymetadata.o .\CortexM3\ARM_GCC_541\Debug\Cm3Start.o .\CortexM3\ARM_GCC_541\Debug\cpu_a.o .\CortexM3\ARM_GCC_541\Debug\os_cpu_a.o .\CortexM3\ARM_GCC_541\Debug\esw_uCOS3_cykit.a "C:\Program Files (x86)\Cypress\PSoC Creator\4.4\PSoC Creator\psoc\content\cycomponentlibrary\CyComponentLibrary.cylib\CortexM3\ARM_GCC_541\Debug\CyComponentLibrary.a" -mcpu=cortex-m3 -mthumb -L Generated_Source\PSoC5 -Wl,-Map,.\CortexM3\ARM_GCC_541\Debug/esw_uCOS3_cykit.map -T Generated_Source\PSoC5\cm3gcc.ld -specs=nano.specs -Wl,--gc-sections -g -ffunction-sections -Og -ffat-lto-objects -Wl,--end-group
cyelftool.exe -C C:\cypress\BodyAnalyzer\esw_uCOS3_cykit.cydsn\CortexM3\ARM_GCC_541\Debug\esw_uCOS3_cykit.elf --flash_row_size 256 --flash_size 262144 --flash_offset 0x00000000
No ELF section .cychecksum found, creating one
Application checksum calculated and stored in ELF section .cychecksum
Checksum calculated and stored in ELF section .cymeta
cyelftool.exe -S C:\cypress\BodyAnalyzer\esw_uCOS3_cykit.cydsn\CortexM3\ARM_GCC_541\Debug\esw_uCOS3_cykit.elf
Flash used: 28328 of 262144 bytes (10,8 %).
SRAM used: 21617 of 65536 bytes (33,0 %). Stack: 2048 bytes. Heap: 128 bytes.
--------------- Rebuild Succeeded: 11/08/2024 22:35:23 ---------------
