ARM GAS  C:\Users\CHRONI~1\AppData\Local\Temp\ccTSdljE.s 			page 1


   1              		.syntax unified
   2              		.cpu cortex-m3
   3              		.fpu softvfp
   4              		.eabi_attribute 20, 1
   5              		.eabi_attribute 21, 1
   6              		.eabi_attribute 23, 3
   7              		.eabi_attribute 24, 1
   8              		.eabi_attribute 25, 1
   9              		.eabi_attribute 26, 1
  10              		.eabi_attribute 30, 1
  11              		.eabi_attribute 34, 1
  12              		.eabi_attribute 18, 4
  13              		.thumb
  14              		.syntax unified
  15              		.file	"cymetadata.c"
  16              		.text
  17              	.Ltext0:
  18              		.cfi_sections	.debug_frame
  19              		.global	cy_metadata
  20              		.global	cy_meta_flashprotect
  21              		.global	cy_meta_wonvl
  22              		.global	cy_meta_custnvl
  23              		.global	cy_meta_configecc
  24              		.section	.cyconfigecc,"a",%progbits
  25              		.align	2
  26              		.type	cy_meta_configecc, %object
  27              		.size	cy_meta_configecc, 1580
  28              	cy_meta_configecc:
  29 0000 01       		.byte	1
  30 0001 52       		.byte	82
  31 0002 00       		.byte	0
  32 0003 40       		.byte	64
  33 0004 02       		.byte	2
  34 0005 64       		.byte	100
  35 0006 00       		.byte	0
  36 0007 40       		.byte	64
  37 0008 02       		.byte	2
  38 0009 65       		.byte	101
  39 000a 00       		.byte	0
  40 000b 40       		.byte	64
  41 000c 01       		.byte	1
  42 000d 05       		.byte	5
  43 000e 01       		.byte	1
  44 000f 40       		.byte	64
  45 0010 01       		.byte	1
  46 0011 07       		.byte	7
  47 0012 01       		.byte	1
  48 0013 40       		.byte	64
  49 0014 5B       		.byte	91
  50 0015 08       		.byte	8
  51 0016 01       		.byte	1
  52 0017 40       		.byte	64
  53 0018 43       		.byte	67
  54 0019 09       		.byte	9
  55 001a 01       		.byte	1
  56 001b 40       		.byte	64
  57 001c 17       		.byte	23
ARM GAS  C:\Users\CHRONI~1\AppData\Local\Temp\ccTSdljE.s 			page 2


  58 001d 0A       		.byte	10
  59 001e 01       		.byte	1
  60 001f 40       		.byte	64
  61 0020 35       		.byte	53
  62 0021 0B       		.byte	11
  63 0022 01       		.byte	1
  64 0023 40       		.byte	64
  65 0024 05       		.byte	5
  66 0025 15       		.byte	21
  67 0026 01       		.byte	1
  68 0027 40       		.byte	64
  69 0028 03       		.byte	3
  70 0029 17       		.byte	23
  71 002a 01       		.byte	1
  72 002b 40       		.byte	64
  73 002c 4B       		.byte	75
  74 002d 18       		.byte	24
  75 002e 01       		.byte	1
  76 002f 40       		.byte	64
  77 0030 40       		.byte	64
  78 0031 19       		.byte	25
  79 0032 01       		.byte	1
  80 0033 40       		.byte	64
  81 0034 57       		.byte	87
  82 0035 1A       		.byte	26
  83 0036 01       		.byte	1
  84 0037 40       		.byte	64
  85 0038 4E       		.byte	78
  86 0039 1B       		.byte	27
  87 003a 01       		.byte	1
  88 003b 40       		.byte	64
  89 003c 05       		.byte	5
  90 003d 40       		.byte	64
  91 003e 01       		.byte	1
  92 003f 40       		.byte	64
  93 0040 03       		.byte	3
  94 0041 41       		.byte	65
  95 0042 01       		.byte	1
  96 0043 40       		.byte	64
  97 0044 0A       		.byte	10
  98 0045 42       		.byte	66
  99 0046 01       		.byte	1
 100 0047 40       		.byte	64
 101 0048 08       		.byte	8
 102 0049 43       		.byte	67
 103 004a 01       		.byte	1
 104 004b 40       		.byte	64
 105 004c 02       		.byte	2
 106 004d 44       		.byte	68
 107 004e 01       		.byte	1
 108 004f 40       		.byte	64
 109 0050 03       		.byte	3
 110 0051 45       		.byte	69
 111 0052 01       		.byte	1
 112 0053 40       		.byte	64
 113 0054 03       		.byte	3
 114 0055 46       		.byte	70
ARM GAS  C:\Users\CHRONI~1\AppData\Local\Temp\ccTSdljE.s 			page 3


 115 0056 01       		.byte	1
 116 0057 40       		.byte	64
 117 0058 02       		.byte	2
 118 0059 47       		.byte	71
 119 005a 01       		.byte	1
 120 005b 40       		.byte	64
 121 005c 08       		.byte	8
 122 005d 48       		.byte	72
 123 005e 01       		.byte	1
 124 005f 40       		.byte	64
 125 0060 14       		.byte	20
 126 0061 49       		.byte	73
 127 0062 01       		.byte	1
 128 0063 40       		.byte	64
 129 0064 0A       		.byte	10
 130 0065 4C       		.byte	76
 131 0066 01       		.byte	1
 132 0067 40       		.byte	64
 133 0068 0D       		.byte	13
 134 0069 4D       		.byte	77
 135 006a 01       		.byte	1
 136 006b 40       		.byte	64
 137 006c 04       		.byte	4
 138 006d 50       		.byte	80
 139 006e 01       		.byte	1
 140 006f 40       		.byte	64
 141 0070 02       		.byte	2
 142 0071 51       		.byte	81
 143 0072 01       		.byte	1
 144 0073 40       		.byte	64
 145 0074 10       		.byte	16
 146 0075 08       		.byte	8
 147 0076 89       		.byte	-119
 148 0077 38       		.byte	56
 149 0078 8B       		.byte	-117
 150 0079 0F       		.byte	15
 151 007a 89       		.byte	-119
 152 007b 72       		.byte	114
 153 007c 8A       		.byte	-118
 154 007d 0F       		.byte	15
 155 007e E6       		.byte	-26
 156 007f 40       		.byte	64
 157 0080 E2       		.byte	-30
 158 0081 03       		.byte	3
 159 0082 00       		.byte	0
 160 0083 11       		.byte	17
 161 0084 01       		.byte	1
 162 0085 01       		.byte	1
 163 0086 02       		.byte	2
 164 0087 02       		.byte	2
 165 0088 04       		.byte	4
 166 0089 02       		.byte	2
 167 008a 06       		.byte	6
 168 008b 34       		.byte	52
 169 008c 07       		.byte	7
 170 008d 04       		.byte	4
 171 008e 08       		.byte	8
ARM GAS  C:\Users\CHRONI~1\AppData\Local\Temp\ccTSdljE.s 			page 4


 172 008f 4D       		.byte	77
 173 0090 09       		.byte	9
 174 0091 02       		.byte	2
 175 0092 0C       		.byte	12
 176 0093 4D       		.byte	77
 177 0094 10       		.byte	16
 178 0095 02       		.byte	2
 179 0096 12       		.byte	18
 180 0097 0D       		.byte	13
 181 0098 16       		.byte	22
 182 0099 20       		.byte	32
 183 009a 18       		.byte	24
 184 009b 02       		.byte	2
 185 009c 1A       		.byte	26
 186 009d 38       		.byte	56
 187 009e 1B       		.byte	27
 188 009f 01       		.byte	1
 189 00a0 1C       		.byte	28
 190 00a1 4D       		.byte	77
 191 00a2 20       		.byte	32
 192 00a3 0D       		.byte	13
 193 00a4 22       		.byte	34
 194 00a5 40       		.byte	64
 195 00a6 24       		.byte	36
 196 00a7 4D       		.byte	77
 197 00a8 25       		.byte	37
 198 00a9 01       		.byte	1
 199 00aa 30       		.byte	48
 200 00ab 0F       		.byte	15
 201 00ac 31       		.byte	49
 202 00ad 04       		.byte	4
 203 00ae 32       		.byte	50
 204 00af 30       		.byte	48
 205 00b0 35       		.byte	53
 206 00b1 03       		.byte	3
 207 00b2 36       		.byte	54
 208 00b3 40       		.byte	64
 209 00b4 39       		.byte	57
 210 00b5 20       		.byte	32
 211 00b6 3A       		.byte	58
 212 00b7 02       		.byte	2
 213 00b8 3E       		.byte	62
 214 00b9 40       		.byte	64
 215 00ba 40       		.byte	64
 216 00bb 26       		.byte	38
 217 00bc 41       		.byte	65
 218 00bd 04       		.byte	4
 219 00be 42       		.byte	66
 220 00bf 10       		.byte	16
 221 00c0 44       		.byte	68
 222 00c1 05       		.byte	5
 223 00c2 45       		.byte	69
 224 00c3 0E       		.byte	14
 225 00c4 46       		.byte	70
 226 00c5 FD       		.byte	-3
 227 00c6 47       		.byte	71
 228 00c7 BC       		.byte	-68
ARM GAS  C:\Users\CHRONI~1\AppData\Local\Temp\ccTSdljE.s 			page 5


 229 00c8 48       		.byte	72
 230 00c9 3D       		.byte	61
 231 00ca 49       		.byte	73
 232 00cb FF       		.byte	-1
 233 00cc 4A       		.byte	74
 234 00cd FF       		.byte	-1
 235 00ce 4B       		.byte	75
 236 00cf FF       		.byte	-1
 237 00d0 4C       		.byte	76
 238 00d1 22       		.byte	34
 239 00d2 4E       		.byte	78
 240 00d3 F0       		.byte	-16
 241 00d4 4F       		.byte	79
 242 00d5 08       		.byte	8
 243 00d6 50       		.byte	80
 244 00d7 04       		.byte	4
 245 00d8 54       		.byte	84
 246 00d9 40       		.byte	64
 247 00da 56       		.byte	86
 248 00db 04       		.byte	4
 249 00dc 58       		.byte	88
 250 00dd 04       		.byte	4
 251 00de 59       		.byte	89
 252 00df 04       		.byte	4
 253 00e0 5A       		.byte	90
 254 00e1 04       		.byte	4
 255 00e2 5B       		.byte	91
 256 00e3 04       		.byte	4
 257 00e4 5C       		.byte	92
 258 00e5 10       		.byte	16
 259 00e6 5F       		.byte	95
 260 00e7 01       		.byte	1
 261 00e8 62       		.byte	98
 262 00e9 C0       		.byte	-64
 263 00ea 64       		.byte	100
 264 00eb 40       		.byte	64
 265 00ec 65       		.byte	101
 266 00ed 01       		.byte	1
 267 00ee 66       		.byte	102
 268 00ef 10       		.byte	16
 269 00f0 67       		.byte	103
 270 00f1 11       		.byte	17
 271 00f2 68       		.byte	104
 272 00f3 C0       		.byte	-64
 273 00f4 69       		.byte	105
 274 00f5 01       		.byte	1
 275 00f6 6B       		.byte	107
 276 00f7 11       		.byte	17
 277 00f8 6C       		.byte	108
 278 00f9 40       		.byte	64
 279 00fa 6D       		.byte	109
 280 00fb 01       		.byte	1
 281 00fc 6E       		.byte	110
 282 00fd 40       		.byte	64
 283 00fe 6F       		.byte	111
 284 00ff 01       		.byte	1
 285 0100 84       		.byte	-124
ARM GAS  C:\Users\CHRONI~1\AppData\Local\Temp\ccTSdljE.s 			page 6


 286 0101 DC       		.byte	-36
 287 0102 86       		.byte	-122
 288 0103 22       		.byte	34
 289 0104 8B       		.byte	-117
 290 0105 01       		.byte	1
 291 0106 8C       		.byte	-116
 292 0107 10       		.byte	16
 293 0108 8E       		.byte	-114
 294 0109 40       		.byte	64
 295 010a 92       		.byte	-110
 296 010b 03       		.byte	3
 297 010c 94       		.byte	-108
 298 010d 14       		.byte	20
 299 010e 97       		.byte	-105
 300 010f 01       		.byte	1
 301 0110 98       		.byte	-104
 302 0111 10       		.byte	16
 303 0112 9A       		.byte	-102
 304 0113 AC       		.byte	-84
 305 0114 9C       		.byte	-100
 306 0115 0C       		.byte	12
 307 0116 9E       		.byte	-98
 308 0117 71       		.byte	113
 309 0118 A4       		.byte	-92
 310 0119 09       		.byte	9
 311 011a A6       		.byte	-90
 312 011b D0       		.byte	-48
 313 011c AA       		.byte	-86
 314 011d 20       		.byte	32
 315 011e B0       		.byte	-80
 316 011f 1F       		.byte	31
 317 0120 B6       		.byte	-74
 318 0121 E0       		.byte	-32
 319 0122 B7       		.byte	-73
 320 0123 01       		.byte	1
 321 0124 BA       		.byte	-70
 322 0125 80       		.byte	-128
 323 0126 BF       		.byte	-65
 324 0127 40       		.byte	64
 325 0128 D4       		.byte	-44
 326 0129 18       		.byte	24
 327 012a D6       		.byte	-42
 328 012b 04       		.byte	4
 329 012c D8       		.byte	-40
 330 012d 04       		.byte	4
 331 012e D9       		.byte	-39
 332 012f 04       		.byte	4
 333 0130 DB       		.byte	-37
 334 0131 04       		.byte	4
 335 0132 DC       		.byte	-36
 336 0133 01       		.byte	1
 337 0134 DD       		.byte	-35
 338 0135 10       		.byte	16
 339 0136 DF       		.byte	-33
 340 0137 01       		.byte	1
 341 0138 03       		.byte	3
 342 0139 12       		.byte	18
ARM GAS  C:\Users\CHRONI~1\AppData\Local\Temp\ccTSdljE.s 			page 7


 343 013a 04       		.byte	4
 344 013b 20       		.byte	32
 345 013c 06       		.byte	6
 346 013d 82       		.byte	-126
 347 013e 07       		.byte	7
 348 013f 20       		.byte	32
 349 0140 0A       		.byte	10
 350 0141 85       		.byte	-123
 351 0142 0B       		.byte	11
 352 0143 20       		.byte	32
 353 0144 0E       		.byte	14
 354 0145 5A       		.byte	90
 355 0146 11       		.byte	17
 356 0147 10       		.byte	16
 357 0148 13       		.byte	19
 358 0149 08       		.byte	8
 359 014a 17       		.byte	23
 360 014b 05       		.byte	5
 361 014c 19       		.byte	25
 362 014d 40       		.byte	64
 363 014e 1A       		.byte	26
 364 014f 81       		.byte	-127
 365 0150 1D       		.byte	29
 366 0151 80       		.byte	-128
 367 0152 1E       		.byte	30
 368 0153 50       		.byte	80
 369 0154 20       		.byte	32
 370 0155 01       		.byte	1
 371 0156 24       		.byte	36
 372 0157 80       		.byte	-128
 373 0158 27       		.byte	39
 374 0159 08       		.byte	8
 375 015a 2E       		.byte	46
 376 015b 04       		.byte	4
 377 015c 32       		.byte	50
 378 015d 08       		.byte	8
 379 015e 37       		.byte	55
 380 015f 10       		.byte	16
 381 0160 39       		.byte	57
 382 0161 20       		.byte	32
 383 0162 3D       		.byte	61
 384 0163 10       		.byte	16
 385 0164 3E       		.byte	62
 386 0165 21       		.byte	33
 387 0166 3F       		.byte	63
 388 0167 08       		.byte	8
 389 0168 44       		.byte	68
 390 0169 02       		.byte	2
 391 016a 45       		.byte	69
 392 016b 93       		.byte	-109
 393 016c 46       		.byte	70
 394 016d 80       		.byte	-128
 395 016e 47       		.byte	71
 396 016f 20       		.byte	32
 397 0170 4A       		.byte	74
 398 0171 04       		.byte	4
 399 0172 4B       		.byte	75
ARM GAS  C:\Users\CHRONI~1\AppData\Local\Temp\ccTSdljE.s 			page 8


 400 0173 10       		.byte	16
 401 0174 4C       		.byte	76
 402 0175 01       		.byte	1
 403 0176 4F       		.byte	79
 404 0177 14       		.byte	20
 405 0178 56       		.byte	86
 406 0179 59       		.byte	89
 407 017a 5A       		.byte	90
 408 017b 02       		.byte	2
 409 017c 60       		.byte	96
 410 017d 05       		.byte	5
 411 017e 62       		.byte	98
 412 017f 02       		.byte	2
 413 0180 65       		.byte	101
 414 0181 05       		.byte	5
 415 0182 66       		.byte	102
 416 0183 50       		.byte	80
 417 0184 82       		.byte	-126
 418 0185 10       		.byte	16
 419 0186 86       		.byte	-122
 420 0187 02       		.byte	2
 421 0188 90       		.byte	-112
 422 0189 20       		.byte	32
 423 018a 93       		.byte	-109
 424 018b 42       		.byte	66
 425 018c 96       		.byte	-106
 426 018d 80       		.byte	-128
 427 018e 97       		.byte	-105
 428 018f 18       		.byte	24
 429 0190 98       		.byte	-104
 430 0191 80       		.byte	-128
 431 0192 99       		.byte	-103
 432 0193 04       		.byte	4
 433 0194 9A       		.byte	-102
 434 0195 22       		.byte	34
 435 0196 9B       		.byte	-101
 436 0197 25       		.byte	37
 437 0198 9D       		.byte	-99
 438 0199 81       		.byte	-127
 439 019a 9E       		.byte	-98
 440 019b 49       		.byte	73
 441 019c A1       		.byte	-95
 442 019d 02       		.byte	2
 443 019e A2       		.byte	-94
 444 019f 01       		.byte	1
 445 01a0 A3       		.byte	-93
 446 01a1 02       		.byte	2
 447 01a2 A5       		.byte	-91
 448 01a3 08       		.byte	8
 449 01a4 A6       		.byte	-90
 450 01a5 04       		.byte	4
 451 01a6 A7       		.byte	-89
 452 01a7 28       		.byte	40
 453 01a8 B0       		.byte	-80
 454 01a9 01       		.byte	1
 455 01aa C0       		.byte	-64
 456 01ab F5       		.byte	-11
ARM GAS  C:\Users\CHRONI~1\AppData\Local\Temp\ccTSdljE.s 			page 9


 457 01ac C2       		.byte	-62
 458 01ad FF       		.byte	-1
 459 01ae C4       		.byte	-60
 460 01af 36       		.byte	54
 461 01b0 CA       		.byte	-54
 462 01b1 40       		.byte	64
 463 01b2 CC       		.byte	-52
 464 01b3 22       		.byte	34
 465 01b4 CE       		.byte	-50
 466 01b5 E4       		.byte	-28
 467 01b6 D0       		.byte	-48
 468 01b7 B0       		.byte	-80
 469 01b8 D2       		.byte	-46
 470 01b9 30       		.byte	48
 471 01ba D6       		.byte	-42
 472 01bb 01       		.byte	1
 473 01bc D8       		.byte	-40
 474 01bd FD       		.byte	-3
 475 01be 07       		.byte	7
 476 01bf 01       		.byte	1
 477 01c0 08       		.byte	8
 478 01c1 02       		.byte	2
 479 01c2 0A       		.byte	10
 480 01c3 0D       		.byte	13
 481 01c4 10       		.byte	16
 482 01c5 03       		.byte	3
 483 01c6 12       		.byte	18
 484 01c7 0C       		.byte	12
 485 01c8 17       		.byte	23
 486 01c9 01       		.byte	1
 487 01ca 19       		.byte	25
 488 01cb 01       		.byte	1
 489 01cc 1D       		.byte	29
 490 01cd 02       		.byte	2
 491 01ce 24       		.byte	36
 492 01cf 05       		.byte	5
 493 01d0 26       		.byte	38
 494 01d1 0A       		.byte	10
 495 01d2 28       		.byte	40
 496 01d3 09       		.byte	9
 497 01d4 2A       		.byte	42
 498 01d5 06       		.byte	6
 499 01d6 2D       		.byte	45
 500 01d7 01       		.byte	1
 501 01d8 31       		.byte	49
 502 01d9 01       		.byte	1
 503 01da 34       		.byte	52
 504 01db 0F       		.byte	15
 505 01dc 37       		.byte	55
 506 01dd 02       		.byte	2
 507 01de 39       		.byte	57
 508 01df 02       		.byte	2
 509 01e0 3A       		.byte	58
 510 01e1 20       		.byte	32
 511 01e2 3F       		.byte	63
 512 01e3 40       		.byte	64
 513 01e4 58       		.byte	88
ARM GAS  C:\Users\CHRONI~1\AppData\Local\Temp\ccTSdljE.s 			page 10


 514 01e5 04       		.byte	4
 515 01e6 59       		.byte	89
 516 01e7 04       		.byte	4
 517 01e8 5C       		.byte	92
 518 01e9 10       		.byte	16
 519 01ea 5F       		.byte	95
 520 01eb 01       		.byte	1
 521 01ec 01       		.byte	1
 522 01ed 20       		.byte	32
 523 01ee 05       		.byte	5
 524 01ef 10       		.byte	16
 525 01f0 06       		.byte	6
 526 01f1 41       		.byte	65
 527 01f2 07       		.byte	7
 528 01f3 20       		.byte	32
 529 01f4 09       		.byte	9
 530 01f5 02       		.byte	2
 531 01f6 0C       		.byte	12
 532 01f7 08       		.byte	8
 533 01f8 0D       		.byte	13
 534 01f9 02       		.byte	2
 535 01fa 0E       		.byte	14
 536 01fb EA       		.byte	-22
 537 01fc 11       		.byte	17
 538 01fd 08       		.byte	8
 539 01fe 13       		.byte	19
 540 01ff 10       		.byte	16
 541 0200 16       		.byte	22
 542 0201 02       		.byte	2
 543 0202 17       		.byte	23
 544 0203 15       		.byte	21
 545 0204 19       		.byte	25
 546 0205 20       		.byte	32
 547 0206 1D       		.byte	29
 548 0207 54       		.byte	84
 549 0208 1F       		.byte	31
 550 0209 01       		.byte	1
 551 020a 20       		.byte	32
 552 020b 02       		.byte	2
 553 020c 23       		.byte	35
 554 020d 40       		.byte	64
 555 020e 25       		.byte	37
 556 020f 04       		.byte	4
 557 0210 26       		.byte	38
 558 0211 50       		.byte	80
 559 0212 27       		.byte	39
 560 0213 20       		.byte	32
 561 0214 29       		.byte	41
 562 0215 80       		.byte	-128
 563 0216 2C       		.byte	44
 564 0217 08       		.byte	8
 565 0218 2E       		.byte	46
 566 0219 48       		.byte	72
 567 021a 2F       		.byte	47
 568 021b 80       		.byte	-128
 569 021c 32       		.byte	50
 570 021d 40       		.byte	64
ARM GAS  C:\Users\CHRONI~1\AppData\Local\Temp\ccTSdljE.s 			page 11


 571 021e 33       		.byte	51
 572 021f 28       		.byte	40
 573 0220 36       		.byte	54
 574 0221 04       		.byte	4
 575 0222 37       		.byte	55
 576 0223 11       		.byte	17
 577 0224 3B       		.byte	59
 578 0225 08       		.byte	8
 579 0226 3D       		.byte	61
 580 0227 08       		.byte	8
 581 0228 3E       		.byte	62
 582 0229 12       		.byte	18
 583 022a 45       		.byte	69
 584 022b 08       		.byte	8
 585 022c 56       		.byte	86
 586 022d 20       		.byte	32
 587 022e 57       		.byte	87
 588 022f 02       		.byte	2
 589 0230 58       		.byte	88
 590 0231 80       		.byte	-128
 591 0232 59       		.byte	89
 592 0233 40       		.byte	64
 593 0234 65       		.byte	101
 594 0235 20       		.byte	32
 595 0236 6C       		.byte	108
 596 0237 10       		.byte	16
 597 0238 6E       		.byte	110
 598 0239 12       		.byte	18
 599 023a 6F       		.byte	111
 600 023b 95       		.byte	-107
 601 023c 76       		.byte	118
 602 023d 02       		.byte	2
 603 023e 8D       		.byte	-115
 604 023f 01       		.byte	1
 605 0240 9D       		.byte	-99
 606 0241 10       		.byte	16
 607 0242 B5       		.byte	-75
 608 0243 10       		.byte	16
 609 0244 C0       		.byte	-64
 610 0245 F2       		.byte	-14
 611 0246 C2       		.byte	-62
 612 0247 F8       		.byte	-8
 613 0248 C4       		.byte	-60
 614 0249 F6       		.byte	-10
 615 024a CA       		.byte	-54
 616 024b F8       		.byte	-8
 617 024c CC       		.byte	-52
 618 024d EE       		.byte	-18
 619 024e CE       		.byte	-50
 620 024f E2       		.byte	-30
 621 0250 D0       		.byte	-48
 622 0251 40       		.byte	64
 623 0252 D8       		.byte	-40
 624 0253 20       		.byte	32
 625 0254 E6       		.byte	-26
 626 0255 40       		.byte	64
 627 0256 E0       		.byte	-32
ARM GAS  C:\Users\CHRONI~1\AppData\Local\Temp\ccTSdljE.s 			page 12


 628 0257 08       		.byte	8
 629 0258 E2       		.byte	-30
 630 0259 04       		.byte	4
 631 025a E6       		.byte	-26
 632 025b 40       		.byte	64
 633 025c E8       		.byte	-24
 634 025d 20       		.byte	32
 635 025e EA       		.byte	-22
 636 025f 01       		.byte	1
 637 0260 E2       		.byte	-30
 638 0261 80       		.byte	-128
 639 0262 E6       		.byte	-26
 640 0263 02       		.byte	2
 641 0264 EC       		.byte	-20
 642 0265 04       		.byte	4
 643 0266 01       		.byte	1
 644 0267 01       		.byte	1
 645 0268 03       		.byte	3
 646 0269 0E       		.byte	14
 647 026a 05       		.byte	5
 648 026b 01       		.byte	1
 649 026c 07       		.byte	7
 650 026d 06       		.byte	6
 651 026e 0B       		.byte	11
 652 026f 03       		.byte	3
 653 0270 17       		.byte	23
 654 0271 0C       		.byte	12
 655 0272 19       		.byte	25
 656 0273 0C       		.byte	12
 657 0274 1B       		.byte	27
 658 0275 03       		.byte	3
 659 0276 2F       		.byte	47
 660 0277 08       		.byte	8
 661 0278 33       		.byte	51
 662 0279 0F       		.byte	15
 663 027a 3B       		.byte	59
 664 027b 08       		.byte	8
 665 027c 59       		.byte	89
 666 027d 04       		.byte	4
 667 027e 5C       		.byte	92
 668 027f 10       		.byte	16
 669 0280 5F       		.byte	95
 670 0281 01       		.byte	1
 671 0282 81       		.byte	-127
 672 0283 10       		.byte	16
 673 0284 84       		.byte	-124
 674 0285 33       		.byte	51
 675 0286 85       		.byte	-123
 676 0287 18       		.byte	24
 677 0288 86       		.byte	-122
 678 0289 0C       		.byte	12
 679 028a 88       		.byte	-120
 680 028b 1F       		.byte	31
 681 028c 89       		.byte	-119
 682 028d 08       		.byte	8
 683 028e 8A       		.byte	-118
 684 028f 20       		.byte	32
ARM GAS  C:\Users\CHRONI~1\AppData\Local\Temp\ccTSdljE.s 			page 13


 685 0290 8C       		.byte	-116
 686 0291 01       		.byte	1
 687 0292 8F       		.byte	-113
 688 0293 04       		.byte	4
 689 0294 90       		.byte	-112
 690 0295 02       		.byte	2
 691 0296 91       		.byte	-111
 692 0297 3C       		.byte	60
 693 0298 93       		.byte	-109
 694 0299 C2       		.byte	-62
 695 029a 94       		.byte	-108
 696 029b 03       		.byte	3
 697 029c 95       		.byte	-107
 698 029d 1C       		.byte	28
 699 029e 97       		.byte	-105
 700 029f E1       		.byte	-31
 701 02a0 98       		.byte	-104
 702 02a1 1C       		.byte	28
 703 02a2 99       		.byte	-103
 704 02a3 C0       		.byte	-64
 705 02a4 9A       		.byte	-102
 706 02a5 23       		.byte	35
 707 02a6 9C       		.byte	-100
 708 02a7 3F       		.byte	63
 709 02a8 9D       		.byte	-99
 710 02a9 80       		.byte	-128
 711 02aa A0       		.byte	-96
 712 02ab 08       		.byte	8
 713 02ac A3       		.byte	-93
 714 02ad E3       		.byte	-29
 715 02ae A4       		.byte	-92
 716 02af 04       		.byte	4
 717 02b0 A5       		.byte	-91
 718 02b1 E7       		.byte	-25
 719 02b2 A7       		.byte	-89
 720 02b3 18       		.byte	24
 721 02b4 A8       		.byte	-88
 722 02b5 0C       		.byte	12
 723 02b6 A9       		.byte	-87
 724 02b7 44       		.byte	68
 725 02b8 AD       		.byte	-83
 726 02b9 FF       		.byte	-1
 727 02ba AE       		.byte	-82
 728 02bb 23       		.byte	35
 729 02bc B0       		.byte	-80
 730 02bd 10       		.byte	16
 731 02be B1       		.byte	-79
 732 02bf C0       		.byte	-64
 733 02c0 B2       		.byte	-78
 734 02c1 2C       		.byte	44
 735 02c2 B3       		.byte	-77
 736 02c3 1F       		.byte	31
 737 02c4 B4       		.byte	-76
 738 02c5 0F       		.byte	15
 739 02c6 B5       		.byte	-75
 740 02c7 38       		.byte	56
 741 02c8 BA       		.byte	-70
ARM GAS  C:\Users\CHRONI~1\AppData\Local\Temp\ccTSdljE.s 			page 14


 742 02c9 A8       		.byte	-88
 743 02ca BB       		.byte	-69
 744 02cb 08       		.byte	8
 745 02cc BE       		.byte	-66
 746 02cd 01       		.byte	1
 747 02ce C0       		.byte	-64
 748 02cf 23       		.byte	35
 749 02d0 C1       		.byte	-63
 750 02d1 05       		.byte	5
 751 02d2 C6       		.byte	-58
 752 02d3 BE       		.byte	-66
 753 02d4 C7       		.byte	-57
 754 02d5 0C       		.byte	12
 755 02d6 C8       		.byte	-56
 756 02d7 1C       		.byte	28
 757 02d8 C9       		.byte	-55
 758 02d9 FF       		.byte	-1
 759 02da CA       		.byte	-54
 760 02db FF       		.byte	-1
 761 02dc CB       		.byte	-53
 762 02dd FF       		.byte	-1
 763 02de CE       		.byte	-50
 764 02df F0       		.byte	-16
 765 02e0 CF       		.byte	-49
 766 02e1 44       		.byte	68
 767 02e2 D0       		.byte	-48
 768 02e3 0C       		.byte	12
 769 02e4 D6       		.byte	-42
 770 02e5 02       		.byte	2
 771 02e6 D7       		.byte	-41
 772 02e7 10       		.byte	16
 773 02e8 D8       		.byte	-40
 774 02e9 04       		.byte	4
 775 02ea D9       		.byte	-39
 776 02eb 04       		.byte	4
 777 02ec DA       		.byte	-38
 778 02ed 04       		.byte	4
 779 02ee DB       		.byte	-37
 780 02ef 04       		.byte	4
 781 02f0 DC       		.byte	-36
 782 02f1 11       		.byte	17
 783 02f2 DD       		.byte	-35
 784 02f3 11       		.byte	17
 785 02f4 DF       		.byte	-33
 786 02f5 01       		.byte	1
 787 02f6 E6       		.byte	-26
 788 02f7 C0       		.byte	-64
 789 02f8 EA       		.byte	-22
 790 02f9 40       		.byte	64
 791 02fa EB       		.byte	-21
 792 02fb 02       		.byte	2
 793 02fc 01       		.byte	1
 794 02fd 40       		.byte	64
 795 02fe 03       		.byte	3
 796 02ff 28       		.byte	40
 797 0300 0A       		.byte	10
 798 0301 A9       		.byte	-87
ARM GAS  C:\Users\CHRONI~1\AppData\Local\Temp\ccTSdljE.s 			page 15


 799 0302 0B       		.byte	11
 800 0303 08       		.byte	8
 801 0304 10       		.byte	16
 802 0305 A8       		.byte	-88
 803 0306 12       		.byte	18
 804 0307 05       		.byte	5
 805 0308 19       		.byte	25
 806 0309 80       		.byte	-128
 807 030a 1A       		.byte	26
 808 030b 41       		.byte	65
 809 030c 1B       		.byte	27
 810 030d 28       		.byte	40
 811 030e 20       		.byte	32
 812 030f 08       		.byte	8
 813 0310 21       		.byte	33
 814 0311 10       		.byte	16
 815 0312 22       		.byte	34
 816 0313 05       		.byte	5
 817 0314 23       		.byte	35
 818 0315 20       		.byte	32
 819 0316 27       		.byte	39
 820 0317 10       		.byte	16
 821 0318 29       		.byte	41
 822 0319 82       		.byte	-126
 823 031a 2A       		.byte	42
 824 031b 01       		.byte	1
 825 031c 2B       		.byte	43
 826 031d 24       		.byte	36
 827 031e 2F       		.byte	47
 828 031f 02       		.byte	2
 829 0320 31       		.byte	49
 830 0321 20       		.byte	32
 831 0322 32       		.byte	50
 832 0323 D0       		.byte	-48
 833 0324 33       		.byte	51
 834 0325 09       		.byte	9
 835 0326 37       		.byte	55
 836 0327 18       		.byte	24
 837 0328 38       		.byte	56
 838 0329 A0       		.byte	-96
 839 032a 3A       		.byte	58
 840 032b 06       		.byte	6
 841 032c 3C       		.byte	60
 842 032d 02       		.byte	2
 843 032e 3E       		.byte	62
 844 032f 24       		.byte	36
 845 0330 42       		.byte	66
 846 0331 24       		.byte	36
 847 0332 48       		.byte	72
 848 0333 01       		.byte	1
 849 0334 49       		.byte	73
 850 0335 40       		.byte	64
 851 0336 51       		.byte	81
 852 0337 04       		.byte	4
 853 0338 53       		.byte	83
 854 0339 50       		.byte	80
 855 033a 5A       		.byte	90
ARM GAS  C:\Users\CHRONI~1\AppData\Local\Temp\ccTSdljE.s 			page 16


 856 033b 40       		.byte	64
 857 033c 69       		.byte	105
 858 033d 94       		.byte	-108
 859 033e 70       		.byte	112
 860 033f B8       		.byte	-72
 861 0340 72       		.byte	114
 862 0341 02       		.byte	2
 863 0342 90       		.byte	-112
 864 0343 80       		.byte	-128
 865 0344 93       		.byte	-109
 866 0345 46       		.byte	70
 867 0346 94       		.byte	-108
 868 0347 04       		.byte	4
 869 0348 95       		.byte	-107
 870 0349 20       		.byte	32
 871 034a 96       		.byte	-106
 872 034b 06       		.byte	6
 873 034c 97       		.byte	-105
 874 034d 28       		.byte	40
 875 034e 98       		.byte	-104
 876 034f 82       		.byte	-126
 877 0350 99       		.byte	-103
 878 0351 40       		.byte	64
 879 0352 9A       		.byte	-102
 880 0353 28       		.byte	40
 881 0354 9B       		.byte	-101
 882 0355 08       		.byte	8
 883 0356 9D       		.byte	-99
 884 0357 80       		.byte	-128
 885 0358 9F       		.byte	-97
 886 0359 10       		.byte	16
 887 035a A1       		.byte	-95
 888 035b 11       		.byte	17
 889 035c A3       		.byte	-93
 890 035d 02       		.byte	2
 891 035e A5       		.byte	-91
 892 035f 08       		.byte	8
 893 0360 A6       		.byte	-90
 894 0361 0C       		.byte	12
 895 0362 A7       		.byte	-89
 896 0363 2C       		.byte	44
 897 0364 A8       		.byte	-88
 898 0365 01       		.byte	1
 899 0366 C0       		.byte	-64
 900 0367 07       		.byte	7
 901 0368 C2       		.byte	-62
 902 0369 0F       		.byte	15
 903 036a C4       		.byte	-60
 904 036b 0F       		.byte	15
 905 036c CA       		.byte	-54
 906 036d 1F       		.byte	31
 907 036e CC       		.byte	-52
 908 036f 6F       		.byte	111
 909 0370 CE       		.byte	-50
 910 0371 EF       		.byte	-17
 911 0372 D0       		.byte	-48
 912 0373 06       		.byte	6
ARM GAS  C:\Users\CHRONI~1\AppData\Local\Temp\ccTSdljE.s 			page 17


 913 0374 D2       		.byte	-46
 914 0375 08       		.byte	8
 915 0376 D6       		.byte	-42
 916 0377 08       		.byte	8
 917 0378 E2       		.byte	-30
 918 0379 80       		.byte	-128
 919 037a E6       		.byte	-26
 920 037b 02       		.byte	2
 921 037c 01       		.byte	1
 922 037d 22       		.byte	34
 923 037e 03       		.byte	3
 924 037f 51       		.byte	81
 925 0380 05       		.byte	5
 926 0381 E7       		.byte	-25
 927 0382 09       		.byte	9
 928 0383 E7       		.byte	-25
 929 0384 0A       		.byte	10
 930 0385 02       		.byte	2
 931 0386 0D       		.byte	13
 932 0387 80       		.byte	-128
 933 0388 10       		.byte	16
 934 0389 01       		.byte	1
 935 038a 15       		.byte	21
 936 038b 44       		.byte	68
 937 038c 17       		.byte	23
 938 038d 31       		.byte	49
 939 038e 19       		.byte	25
 940 038f 01       		.byte	1
 941 0390 1B       		.byte	27
 942 0391 0E       		.byte	14
 943 0392 2E       		.byte	46
 944 0393 02       		.byte	2
 945 0394 31       		.byte	49
 946 0395 80       		.byte	-128
 947 0396 32       		.byte	50
 948 0397 01       		.byte	1
 949 0398 33       		.byte	51
 950 0399 60       		.byte	96
 951 039a 34       		.byte	52
 952 039b 02       		.byte	2
 953 039c 35       		.byte	53
 954 039d 07       		.byte	7
 955 039e 37       		.byte	55
 956 039f 18       		.byte	24
 957 03a0 3E       		.byte	62
 958 03a1 14       		.byte	20
 959 03a2 3F       		.byte	63
 960 03a3 40       		.byte	64
 961 03a4 40       		.byte	64
 962 03a5 24       		.byte	36
 963 03a6 41       		.byte	65
 964 03a7 05       		.byte	5
 965 03a8 42       		.byte	66
 966 03a9 06       		.byte	6
 967 03aa 44       		.byte	68
 968 03ab 01       		.byte	1
 969 03ac 45       		.byte	69
ARM GAS  C:\Users\CHRONI~1\AppData\Local\Temp\ccTSdljE.s 			page 18


 970 03ad 0E       		.byte	14
 971 03ae 47       		.byte	71
 972 03af 0C       		.byte	12
 973 03b0 48       		.byte	72
 974 03b1 11       		.byte	17
 975 03b2 49       		.byte	73
 976 03b3 FF       		.byte	-1
 977 03b4 4A       		.byte	74
 978 03b5 FF       		.byte	-1
 979 03b6 4B       		.byte	75
 980 03b7 FF       		.byte	-1
 981 03b8 4C       		.byte	76
 982 03b9 62       		.byte	98
 983 03ba 4D       		.byte	77
 984 03bb A0       		.byte	-96
 985 03bc 4E       		.byte	78
 986 03bd F0       		.byte	-16
 987 03be 4F       		.byte	79
 988 03bf 41       		.byte	65
 989 03c0 50       		.byte	80
 990 03c1 0C       		.byte	12
 991 03c2 54       		.byte	84
 992 03c3 01       		.byte	1
 993 03c4 56       		.byte	86
 994 03c5 04       		.byte	4
 995 03c6 58       		.byte	88
 996 03c7 04       		.byte	4
 997 03c8 59       		.byte	89
 998 03c9 04       		.byte	4
 999 03ca 5A       		.byte	90
 1000 03cb 04       		.byte	4
 1001 03cc 5B       		.byte	91
 1002 03cd 04       		.byte	4
 1003 03ce 5C       		.byte	92
 1004 03cf 10       		.byte	16
 1005 03d0 5D       		.byte	93
 1006 03d1 11       		.byte	17
 1007 03d2 5F       		.byte	95
 1008 03d3 01       		.byte	1
 1009 03d4 66       		.byte	102
 1010 03d5 40       		.byte	64
 1011 03d6 67       		.byte	103
 1012 03d7 02       		.byte	2
 1013 03d8 69       		.byte	105
 1014 03d9 10       		.byte	16
 1015 03da 6A       		.byte	106
 1016 03db 30       		.byte	48
 1017 03dc 6B       		.byte	107
 1018 03dd 10       		.byte	16
 1019 03de 6D       		.byte	109
 1020 03df 10       		.byte	16
 1021 03e0 6E       		.byte	110
 1022 03e1 10       		.byte	16
 1023 03e2 6F       		.byte	111
 1024 03e3 12       		.byte	18
 1025 03e4 81       		.byte	-127
 1026 03e5 19       		.byte	25
ARM GAS  C:\Users\CHRONI~1\AppData\Local\Temp\ccTSdljE.s 			page 19


 1027 03e6 83       		.byte	-125
 1028 03e7 22       		.byte	34
 1029 03e8 85       		.byte	-123
 1030 03e9 40       		.byte	64
 1031 03ea 86       		.byte	-122
 1032 03eb 35       		.byte	53
 1033 03ec 89       		.byte	-119
 1034 03ed 6A       		.byte	106
 1035 03ee 8A       		.byte	-118
 1036 03ef 08       		.byte	8
 1037 03f0 8B       		.byte	-117
 1038 03f1 15       		.byte	21
 1039 03f2 8C       		.byte	-116
 1040 03f3 73       		.byte	115
 1041 03f4 8E       		.byte	-114
 1042 03f5 04       		.byte	4
 1043 03f6 95       		.byte	-107
 1044 03f7 42       		.byte	66
 1045 03f8 97       		.byte	-105
 1046 03f9 0C       		.byte	12
 1047 03fa 98       		.byte	-104
 1048 03fb 73       		.byte	115
 1049 03fc 99       		.byte	-103
 1050 03fd 07       		.byte	7
 1051 03fe 9A       		.byte	-102
 1052 03ff 0C       		.byte	12
 1053 0400 A4       		.byte	-92
 1054 0401 03       		.byte	3
 1055 0402 A6       		.byte	-90
 1056 0403 14       		.byte	20
 1057 0404 A8       		.byte	-88
 1058 0405 4A       		.byte	74
 1059 0406 AA       		.byte	-86
 1060 0407 14       		.byte	20
 1061 0408 B0       		.byte	-80
 1062 0409 10       		.byte	16
 1063 040a B2       		.byte	-78
 1064 040b 60       		.byte	96
 1065 040c B3       		.byte	-77
 1066 040d 70       		.byte	112
 1067 040e B4       		.byte	-76
 1068 040f 0F       		.byte	15
 1069 0410 B5       		.byte	-75
 1070 0411 0F       		.byte	15
 1071 0412 B8       		.byte	-72
 1072 0413 08       		.byte	8
 1073 0414 B9       		.byte	-71
 1074 0415 20       		.byte	32
 1075 0416 BA       		.byte	-70
 1076 0417 20       		.byte	32
 1077 0418 BB       		.byte	-69
 1078 0419 08       		.byte	8
 1079 041a BE       		.byte	-66
 1080 041b 05       		.byte	5
 1081 041c D4       		.byte	-44
 1082 041d 09       		.byte	9
 1083 041e D6       		.byte	-42
ARM GAS  C:\Users\CHRONI~1\AppData\Local\Temp\ccTSdljE.s 			page 20


 1084 041f 04       		.byte	4
 1085 0420 D8       		.byte	-40
 1086 0421 04       		.byte	4
 1087 0422 D9       		.byte	-39
 1088 0423 04       		.byte	4
 1089 0424 DB       		.byte	-37
 1090 0425 04       		.byte	4
 1091 0426 DC       		.byte	-36
 1092 0427 01       		.byte	1
 1093 0428 DF       		.byte	-33
 1094 0429 01       		.byte	1
 1095 042a 00       		.byte	0
 1096 042b 20       		.byte	32
 1097 042c 05       		.byte	5
 1098 042d 40       		.byte	64
 1099 042e 06       		.byte	6
 1100 042f 20       		.byte	32
 1101 0430 07       		.byte	7
 1102 0431 08       		.byte	8
 1103 0432 08       		.byte	8
 1104 0433 01       		.byte	1
 1105 0434 0B       		.byte	11
 1106 0435 80       		.byte	-128
 1107 0436 0E       		.byte	14
 1108 0437 04       		.byte	4
 1109 0438 13       		.byte	19
 1110 0439 40       		.byte	64
 1111 043a 14       		.byte	20
 1112 043b 10       		.byte	16
 1113 043c 15       		.byte	21
 1114 043d 08       		.byte	8
 1115 043e 17       		.byte	23
 1116 043f 10       		.byte	16
 1117 0440 18       		.byte	24
 1118 0441 04       		.byte	4
 1119 0442 19       		.byte	25
 1120 0443 04       		.byte	4
 1121 0444 1D       		.byte	29
 1122 0445 08       		.byte	8
 1123 0446 1E       		.byte	30
 1124 0447 44       		.byte	68
 1125 0448 20       		.byte	32
 1126 0449 41       		.byte	65
 1127 044a 21       		.byte	33
 1128 044b 20       		.byte	32
 1129 044c 22       		.byte	34
 1130 044d 04       		.byte	4
 1131 044e 26       		.byte	38
 1132 044f 14       		.byte	20
 1133 0450 31       		.byte	49
 1134 0451 20       		.byte	32
 1135 0452 32       		.byte	50
 1136 0453 04       		.byte	4
 1137 0454 36       		.byte	54
 1138 0455 14       		.byte	20
 1139 0456 38       		.byte	56
 1140 0457 02       		.byte	2
ARM GAS  C:\Users\CHRONI~1\AppData\Local\Temp\ccTSdljE.s 			page 21


 1141 0458 39       		.byte	57
 1142 0459 94       		.byte	-108
 1143 045a 3D       		.byte	61
 1144 045b 22       		.byte	34
 1145 045c 3E       		.byte	62
 1146 045d 08       		.byte	8
 1147 045e 40       		.byte	64
 1148 045f 41       		.byte	65
 1149 0460 43       		.byte	67
 1150 0461 20       		.byte	32
 1151 0462 48       		.byte	72
 1152 0463 14       		.byte	20
 1153 0464 49       		.byte	73
 1154 0465 80       		.byte	-128
 1155 0466 52       		.byte	82
 1156 0467 08       		.byte	8
 1157 0468 58       		.byte	88
 1158 0469 11       		.byte	17
 1159 046a 59       		.byte	89
 1160 046b 04       		.byte	4
 1161 046c 5A       		.byte	90
 1162 046d 40       		.byte	64
 1163 046e 5C       		.byte	92
 1164 046f A2       		.byte	-94
 1165 0470 5F       		.byte	95
 1166 0471 04       		.byte	4
 1167 0472 61       		.byte	97
 1168 0473 01       		.byte	1
 1169 0474 64       		.byte	100
 1170 0475 20       		.byte	32
 1171 0476 66       		.byte	102
 1172 0477 09       		.byte	9
 1173 0478 67       		.byte	103
 1174 0479 02       		.byte	2
 1175 047a 80       		.byte	-128
 1176 047b 40       		.byte	64
 1177 047c 81       		.byte	-127
 1178 047d 03       		.byte	3
 1179 047e 86       		.byte	-122
 1180 047f 84       		.byte	-124
 1181 0480 8A       		.byte	-118
 1182 0481 10       		.byte	16
 1183 0482 8C       		.byte	-116
 1184 0483 01       		.byte	1
 1185 0484 8D       		.byte	-115
 1186 0485 40       		.byte	64
 1187 0486 8E       		.byte	-114
 1188 0487 01       		.byte	1
 1189 0488 8F       		.byte	-113
 1190 0489 04       		.byte	4
 1191 048a 91       		.byte	-111
 1192 048b 9C       		.byte	-100
 1193 048c 93       		.byte	-109
 1194 048d C6       		.byte	-58
 1195 048e 94       		.byte	-108
 1196 048f 04       		.byte	4
 1197 0490 95       		.byte	-107
ARM GAS  C:\Users\CHRONI~1\AppData\Local\Temp\ccTSdljE.s 			page 22


 1198 0491 40       		.byte	64
 1199 0492 96       		.byte	-106
 1200 0493 04       		.byte	4
 1201 0494 98       		.byte	-104
 1202 0495 82       		.byte	-126
 1203 0496 99       		.byte	-103
 1204 0497 C0       		.byte	-64
 1205 0498 9A       		.byte	-102
 1206 0499 28       		.byte	40
 1207 049a 9B       		.byte	-101
 1208 049b 18       		.byte	24
 1209 049c 9D       		.byte	-99
 1210 049d 02       		.byte	2
 1211 049e A0       		.byte	-96
 1212 049f 04       		.byte	4
 1213 04a0 A1       		.byte	-95
 1214 04a1 11       		.byte	17
 1215 04a2 A3       		.byte	-93
 1216 04a3 20       		.byte	32
 1217 04a4 A5       		.byte	-91
 1218 04a5 28       		.byte	40
 1219 04a6 A6       		.byte	-90
 1220 04a7 8C       		.byte	-116
 1221 04a8 A7       		.byte	-89
 1222 04a9 04       		.byte	4
 1223 04aa B3       		.byte	-77
 1224 04ab 21       		.byte	33
 1225 04ac C0       		.byte	-64
 1226 04ad E2       		.byte	-30
 1227 04ae C2       		.byte	-62
 1228 04af 48       		.byte	72
 1229 04b0 C4       		.byte	-60
 1230 04b1 61       		.byte	97
 1231 04b2 CC       		.byte	-52
 1232 04b3 66       		.byte	102
 1233 04b4 CE       		.byte	-50
 1234 04b5 EF       		.byte	-17
 1235 04b6 D0       		.byte	-48
 1236 04b7 0D       		.byte	13
 1237 04b8 D2       		.byte	-46
 1238 04b9 0C       		.byte	12
 1239 04ba D6       		.byte	-42
 1240 04bb FF       		.byte	-1
 1241 04bc D8       		.byte	-40
 1242 04bd 91       		.byte	-111
 1243 04be E0       		.byte	-32
 1244 04bf 08       		.byte	8
 1245 04c0 E6       		.byte	-26
 1246 04c1 40       		.byte	64
 1247 04c2 E8       		.byte	-24
 1248 04c3 20       		.byte	32
 1249 04c4 EA       		.byte	-22
 1250 04c5 01       		.byte	1
 1251 04c6 31       		.byte	49
 1252 04c7 20       		.byte	32
 1253 04c8 32       		.byte	50
 1254 04c9 02       		.byte	2
ARM GAS  C:\Users\CHRONI~1\AppData\Local\Temp\ccTSdljE.s 			page 23


 1255 04ca 35       		.byte	53
 1256 04cb 80       		.byte	-128
 1257 04cc 36       		.byte	54
 1258 04cd 08       		.byte	8
 1259 04ce CC       		.byte	-52
 1260 04cf F0       		.byte	-16
 1261 04d0 9D       		.byte	-99
 1262 04d1 80       		.byte	-128
 1263 04d2 A5       		.byte	-91
 1264 04d3 20       		.byte	32
 1265 04d4 A6       		.byte	-90
 1266 04d5 0A       		.byte	10
 1267 04d6 03       		.byte	3
 1268 04d7 80       		.byte	-128
 1269 04d8 3E       		.byte	62
 1270 04d9 10       		.byte	16
 1271 04da 51       		.byte	81
 1272 04db 08       		.byte	8
 1273 04dc 8D       		.byte	-115
 1274 04dd 20       		.byte	32
 1275 04de 9D       		.byte	-99
 1276 04df 80       		.byte	-128
 1277 04e0 A5       		.byte	-91
 1278 04e1 20       		.byte	32
 1279 04e2 A6       		.byte	-90
 1280 04e3 0A       		.byte	10
 1281 04e4 C0       		.byte	-64
 1282 04e5 10       		.byte	16
 1283 04e6 CE       		.byte	-50
 1284 04e7 20       		.byte	32
 1285 04e8 D4       		.byte	-44
 1286 04e9 20       		.byte	32
 1287 04ea 81       		.byte	-127
 1288 04eb 08       		.byte	8
 1289 04ec 86       		.byte	-122
 1290 04ed 02       		.byte	2
 1291 04ee 96       		.byte	-106
 1292 04ef 10       		.byte	16
 1293 04f0 9D       		.byte	-99
 1294 04f1 80       		.byte	-128
 1295 04f2 A3       		.byte	-93
 1296 04f3 80       		.byte	-128
 1297 04f4 A5       		.byte	-91
 1298 04f5 08       		.byte	8
 1299 04f6 A6       		.byte	-90
 1300 04f7 0A       		.byte	10
 1301 04f8 E2       		.byte	-30
 1302 04f9 C0       		.byte	-64
 1303 04fa 78       		.byte	120
 1304 04fb 40       		.byte	64
 1305 04fc DC       		.byte	-36
 1306 04fd 01       		.byte	1
 1307 04fe 57       		.byte	87
 1308 04ff 04       		.byte	4
 1309 0500 9C       		.byte	-100
 1310 0501 40       		.byte	64
 1311 0502 D4       		.byte	-44
ARM GAS  C:\Users\CHRONI~1\AppData\Local\Temp\ccTSdljE.s 			page 24


 1312 0503 02       		.byte	2
 1313 0504 9C       		.byte	-100
 1314 0505 40       		.byte	64
 1315 0506 B7       		.byte	-73
 1316 0507 04       		.byte	4
 1317 0508 E8       		.byte	-24
 1318 0509 02       		.byte	2
 1319 050a B0       		.byte	-80
 1320 050b 40       		.byte	64
 1321 050c E8       		.byte	-24
 1322 050d 01       		.byte	1
 1323 050e 84       		.byte	-124
 1324 050f 80       		.byte	-128
 1325 0510 89       		.byte	-119
 1326 0511 02       		.byte	2
 1327 0512 96       		.byte	-106
 1328 0513 10       		.byte	16
 1329 0514 9D       		.byte	-99
 1330 0515 80       		.byte	-128
 1331 0516 A6       		.byte	-90
 1332 0517 08       		.byte	8
 1333 0518 AB       		.byte	-85
 1334 0519 80       		.byte	-128
 1335 051a E6       		.byte	-26
 1336 051b 40       		.byte	64
 1337 051c EC       		.byte	-20
 1338 051d 20       		.byte	32
 1339 051e 13       		.byte	19
 1340 051f 02       		.byte	2
 1341 0520 16       		.byte	22
 1342 0521 40       		.byte	64
 1343 0522 75       		.byte	117
 1344 0523 02       		.byte	2
 1345 0524 78       		.byte	120
 1346 0525 80       		.byte	-128
 1347 0526 82       		.byte	-126
 1348 0527 08       		.byte	8
 1349 0528 86       		.byte	-122
 1350 0529 40       		.byte	64
 1351 052a 8D       		.byte	-115
 1352 052b 80       		.byte	-128
 1353 052c 98       		.byte	-104
 1354 052d 80       		.byte	-128
 1355 052e 99       		.byte	-103
 1356 052f 02       		.byte	2
 1357 0530 9D       		.byte	-99
 1358 0531 80       		.byte	-128
 1359 0532 9F       		.byte	-97
 1360 0533 02       		.byte	2
 1361 0534 A6       		.byte	-90
 1362 0535 08       		.byte	8
 1363 0536 AA       		.byte	-86
 1364 0537 10       		.byte	16
 1365 0538 B3       		.byte	-77
 1366 0539 02       		.byte	2
 1367 053a C4       		.byte	-60
 1368 053b 30       		.byte	48
ARM GAS  C:\Users\CHRONI~1\AppData\Local\Temp\ccTSdljE.s 			page 25


 1369 053c DC       		.byte	-36
 1370 053d 80       		.byte	-128
 1371 053e DE       		.byte	-34
 1372 053f 20       		.byte	32
 1373 0540 E0       		.byte	-32
 1374 0541 10       		.byte	16
 1375 0542 E2       		.byte	-30
 1376 0543 20       		.byte	32
 1377 0544 EA       		.byte	-22
 1378 0545 80       		.byte	-128
 1379 0546 12       		.byte	18
 1380 0547 20       		.byte	32
 1381 0548 13       		.byte	19
 1382 0549 20       		.byte	32
 1383 054a 14       		.byte	20
 1384 054b 20       		.byte	32
 1385 054c 78       		.byte	120
 1386 054d 10       		.byte	16
 1387 054e 7F       		.byte	127
 1388 054f 40       		.byte	64
 1389 0550 86       		.byte	-122
 1390 0551 20       		.byte	32
 1391 0552 88       		.byte	-120
 1392 0553 20       		.byte	32
 1393 0554 C4       		.byte	-60
 1394 0555 0E       		.byte	14
 1395 0556 DE       		.byte	-34
 1396 0557 03       		.byte	3
 1397 0558 E2       		.byte	-30
 1398 0559 01       		.byte	1
 1399 055a 12       		.byte	18
 1400 055b 80       		.byte	-128
 1401 055c 7B       		.byte	123
 1402 055d 01       		.byte	1
 1403 055e 87       		.byte	-121
 1404 055f 40       		.byte	64
 1405 0560 8B       		.byte	-117
 1406 0561 01       		.byte	1
 1407 0562 8E       		.byte	-114
 1408 0563 80       		.byte	-128
 1409 0564 97       		.byte	-105
 1410 0565 80       		.byte	-128
 1411 0566 AB       		.byte	-85
 1412 0567 20       		.byte	32
 1413 0568 B0       		.byte	-80
 1414 0569 10       		.byte	16
 1415 056a C4       		.byte	-60
 1416 056b 08       		.byte	8
 1417 056c DC       		.byte	-36
 1418 056d 01       		.byte	1
 1419 056e E0       		.byte	-32
 1420 056f 01       		.byte	1
 1421 0570 E2       		.byte	-30
 1422 0571 02       		.byte	2
 1423 0572 E8       		.byte	-24
 1424 0573 04       		.byte	4
 1425 0574 00       		.byte	0
ARM GAS  C:\Users\CHRONI~1\AppData\Local\Temp\ccTSdljE.s 			page 26


 1426 0575 03       		.byte	3
 1427 0576 0C       		.byte	12
 1428 0577 03       		.byte	3
 1429 0578 10       		.byte	16
 1430 0579 03       		.byte	3
 1431 057a 1C       		.byte	28
 1432 057b 03       		.byte	3
 1433 057c 00       		.byte	0
 1434 057d FF       		.byte	-1
 1435 057e 03       		.byte	3
 1436 057f C0       		.byte	-64
 1437 0580 02       		.byte	2
 1438 0581 18       		.byte	24
 1439 0582 00       		.byte	0
 1440 0583 00       		.byte	0
 1441 0584 40       		.byte	64
 1442 0585 00       		.byte	0
 1443 0586 00       		.byte	0
 1444 0587 00       		.byte	0
 1445 0588 00       		.byte	0
 1446 0589 9A       		.byte	-102
 1447 058a 80       		.byte	-128
 1448 058b 00       		.byte	0
 1449 058c 0A       		.byte	10
 1450 058d 21       		.byte	33
 1451 058e 10       		.byte	16
 1452 058f D8       		.byte	-40
 1453 0590 01       		.byte	1
 1454 0591 02       		.byte	2
 1455 0592 00       		.byte	0
 1456 0593 98       		.byte	-104
 1457 0594 60       		.byte	96
 1458 0595 00       		.byte	0
 1459 0596 00       		.byte	0
 1460 0597 00       		.byte	0
 1461 0598 07       		.byte	7
 1462 0599 98       		.byte	-104
 1463 059a 38       		.byte	56
 1464 059b 02       		.byte	2
 1465 059c 04       		.byte	4
 1466 059d FC       		.byte	-4
 1467 059e 00       		.byte	0
 1468 059f 03       		.byte	3
 1469 05a0 56       		.byte	86
 1470 05a1 98       		.byte	-104
 1471 05a2 09       		.byte	9
 1472 05a3 02       		.byte	2
 1473 05a4 84       		.byte	-124
 1474 05a5 00       		.byte	0
 1475 05a6 00       		.byte	0
 1476 05a7 00       		.byte	0
 1477 05a8 04       		.byte	4
 1478 05a9 9A       		.byte	-102
 1479 05aa 80       		.byte	-128
 1480 05ab 00       		.byte	0
 1481 05ac 80       		.byte	-128
 1482 05ad 02       		.byte	2
ARM GAS  C:\Users\CHRONI~1\AppData\Local\Temp\ccTSdljE.s 			page 27


 1483 05ae 04       		.byte	4
 1484 05af 00       		.byte	0
 1485 05b0 84       		.byte	-124
 1486 05b1 38       		.byte	56
 1487 05b2 00       		.byte	0
 1488 05b3 C0       		.byte	-64
 1489 05b4 84       		.byte	-124
 1490 05b5 13       		.byte	19
 1491 05b6 00       		.byte	0
 1492 05b7 64       		.byte	100
 1493 05b8 02       		.byte	2
 1494 05b9 00       		.byte	0
 1495 05ba 80       		.byte	-128
 1496 05bb 0F       		.byte	15
 1497 05bc 7F       		.byte	127
 1498 05bd E0       		.byte	-32
 1499 05be 08       		.byte	8
 1500 05bf 13       		.byte	19
 1501 05c0 20       		.byte	32
 1502 05c1 00       		.byte	0
 1503 05c2 00       		.byte	0
 1504 05c3 28       		.byte	40
 1505 05c4 00       		.byte	0
 1506 05c5 00       		.byte	0
 1507 05c6 45       		.byte	69
 1508 05c7 00       		.byte	0
 1509 05c8 03       		.byte	3
 1510 05c9 00       		.byte	0
 1511 05ca 00       		.byte	0
 1512 05cb 00       		.byte	0
 1513 05cc 00       		.byte	0
 1514 05cd 00       		.byte	0
 1515 05ce 00       		.byte	0
 1516 05cf 40       		.byte	64
 1517 05d0 00       		.byte	0
 1518 05d1 FF       		.byte	-1
 1519 05d2 07       		.byte	7
 1520 05d3 FF       		.byte	-1
 1521 05d4 40       		.byte	64
 1522 05d5 20       		.byte	32
 1523 05d6 F0       		.byte	-16
 1524 05d7 05       		.byte	5
 1525 05d8 08       		.byte	8
 1526 05d9 00       		.byte	0
 1527 05da 00       		.byte	0
 1528 05db 00       		.byte	0
 1529 05dc 00       		.byte	0
 1530 05dd 00       		.byte	0
 1531 05de 02       		.byte	2
 1532 05df 24       		.byte	36
 1533 05e0 04       		.byte	4
 1534 05e1 04       		.byte	4
 1535 05e2 04       		.byte	4
 1536 05e3 04       		.byte	4
 1537 05e4 00       		.byte	0
 1538 05e5 01       		.byte	1
 1539 05e6 00       		.byte	0
ARM GAS  C:\Users\CHRONI~1\AppData\Local\Temp\ccTSdljE.s 			page 28


 1540 05e7 01       		.byte	1
 1541 05e8 40       		.byte	64
 1542 05e9 A8       		.byte	-88
 1543 05ea 40       		.byte	64
 1544 05eb 20       		.byte	32
 1545 05ec 00       		.byte	0
 1546 05ed 00       		.byte	0
 1547 05ee 00       		.byte	0
 1548 05ef 00       		.byte	0
 1549 05f0 00       		.byte	0
 1550 05f1 00       		.byte	0
 1551 05f2 00       		.byte	0
 1552 05f3 00       		.byte	0
 1553 05f4 00       		.byte	0
 1554 05f5 00       		.byte	0
 1555 05f6 00       		.byte	0
 1556 05f7 00       		.byte	0
 1557 05f8 00       		.byte	0
 1558 05f9 00       		.byte	0
 1559 05fa 00       		.byte	0
 1560 05fb 00       		.byte	0
 1561 05fc 00       		.byte	0
 1562 05fd 00       		.byte	0
 1563 05fe 00       		.byte	0
 1564 05ff 00       		.byte	0
 1565 0600 00       		.byte	0
 1566 0601 00       		.byte	0
 1567 0602 00       		.byte	0
 1568 0603 00       		.byte	0
 1569 0604 00       		.byte	0
 1570 0605 00       		.byte	0
 1571 0606 00       		.byte	0
 1572 0607 00       		.byte	0
 1573 0608 00       		.byte	0
 1574 0609 00       		.byte	0
 1575 060a 07       		.byte	7
 1576 060b 00       		.byte	0
 1577 060c 00       		.byte	0
 1578 060d 00       		.byte	0
 1579 060e 00       		.byte	0
 1580 060f 00       		.byte	0
 1581 0610 80       		.byte	-128
 1582 0611 00       		.byte	0
 1583 0612 44       		.byte	68
 1584 0613 98       		.byte	-104
 1585 0614 9B       		.byte	-101
 1586 0615 00       		.byte	0
 1587 0616 9B       		.byte	-101
 1588 0617 00       		.byte	0
 1589 0618 00       		.byte	0
 1590 0619 00       		.byte	0
 1591 061a 00       		.byte	0
 1592 061b 00       		.byte	0
 1593 061c 04       		.byte	4
 1594 061d 0B       		.byte	11
 1595 061e 4F       		.byte	79
 1596 061f 00       		.byte	0
ARM GAS  C:\Users\CHRONI~1\AppData\Local\Temp\ccTSdljE.s 			page 29


 1597 0620 00       		.byte	0
 1598 0621 00       		.byte	0
 1599 0622 00       		.byte	0
 1600 0623 00       		.byte	0
 1601 0624 82       		.byte	-126
 1602 0625 08       		.byte	8
 1603 0626 8A       		.byte	-118
 1604 0627 00       		.byte	0
 1605 0628 08       		.byte	8
 1606 0629 00       		.byte	0
 1607 062a 00       		.byte	0
 1608 062b 00       		.byte	0
 1609              		.section	.cywolatch,"a",%progbits
 1610              		.align	2
 1611              		.type	cy_meta_wonvl, %object
 1612              		.size	cy_meta_wonvl, 4
 1613              	cy_meta_wonvl:
 1614 0000 BC       		.byte	-68
 1615 0001 90       		.byte	-112
 1616 0002 AC       		.byte	-84
 1617 0003 AF       		.byte	-81
 1618              		.section	.cycustnvl,"a",%progbits
 1619              		.align	2
 1620              		.type	cy_meta_custnvl, %object
 1621              		.size	cy_meta_custnvl, 4
 1622              	cy_meta_custnvl:
 1623 0000 00       		.byte	0
 1624 0001 00       		.byte	0
 1625 0002 40       		.byte	64
 1626 0003 05       		.byte	5
 1627              		.section	.cymeta,"a",%progbits
 1628              		.align	2
 1629              		.type	cy_metadata, %object
 1630              		.size	cy_metadata, 12
 1631              	cy_metadata:
 1632 0000 00       		.byte	0
 1633 0001 01       		.byte	1
 1634 0002 2E       		.byte	46
 1635 0003 16       		.byte	22
 1636 0004 10       		.byte	16
 1637 0005 69       		.byte	105
 1638 0006 00       		.byte	0
 1639 0007 01       		.byte	1
 1640 0008 00       		.byte	0
 1641 0009 00       		.byte	0
 1642 000a 00       		.byte	0
 1643 000b 00       		.byte	0
 1644              		.section	.cyflashprotect,"a",%progbits
 1645              		.align	2
 1646              		.type	cy_meta_flashprotect, %object
 1647              		.size	cy_meta_flashprotect, 256
 1648              	cy_meta_flashprotect:
 1649 0000 00000000 		.space	256
 1649      00000000 
 1649      00000000 
 1649      00000000 
 1649      00000000 
ARM GAS  C:\Users\CHRONI~1\AppData\Local\Temp\ccTSdljE.s 			page 30


 1650              		.text
 1651              	.Letext0:
 1652              		.file 1 "c:\\program files (x86)\\cypress\\psoc creator\\4.4\\psoc creator\\import\\gnu\\arm\\5.4.
 1653              		.file 2 "c:\\program files (x86)\\cypress\\psoc creator\\4.4\\psoc creator\\import\\gnu\\arm\\5.4.
 1654              		.file 3 "Generated_Source\\PSoC5\\cymetadata.c"
 1655              		.section	.debug_info,"",%progbits
 1656              	.Ldebug_info0:
 1657 0000 34010000 		.4byte	0x134
 1658 0004 0400     		.2byte	0x4
 1659 0006 00000000 		.4byte	.Ldebug_abbrev0
 1660 000a 04       		.byte	0x4
 1661 000b 01       		.uleb128 0x1
 1662 000c 24000000 		.4byte	.LASF17
 1663 0010 0C       		.byte	0xc
 1664 0011 B1010000 		.4byte	.LASF18
 1665 0015 5F010000 		.4byte	.LASF19
 1666 0019 00000000 		.4byte	.Ldebug_line0
 1667 001d 02       		.uleb128 0x2
 1668 001e 01       		.byte	0x1
 1669 001f 06       		.byte	0x6
 1670 0020 A5010000 		.4byte	.LASF0
 1671 0024 03       		.uleb128 0x3
 1672 0025 00000000 		.4byte	.LASF9
 1673 0029 01       		.byte	0x1
 1674 002a 1D       		.byte	0x1d
 1675 002b 2F000000 		.4byte	0x2f
 1676 002f 02       		.uleb128 0x2
 1677 0030 01       		.byte	0x1
 1678 0031 08       		.byte	0x8
 1679 0032 16000000 		.4byte	.LASF1
 1680 0036 02       		.uleb128 0x2
 1681 0037 02       		.byte	0x2
 1682 0038 05       		.byte	0x5
 1683 0039 92010000 		.4byte	.LASF2
 1684 003d 02       		.uleb128 0x2
 1685 003e 02       		.byte	0x2
 1686 003f 07       		.byte	0x7
 1687 0040 C4000000 		.4byte	.LASF3
 1688 0044 02       		.uleb128 0x2
 1689 0045 04       		.byte	0x4
 1690 0046 05       		.byte	0x5
 1691 0047 9C010000 		.4byte	.LASF4
 1692 004b 02       		.uleb128 0x2
 1693 004c 04       		.byte	0x4
 1694 004d 07       		.byte	0x7
 1695 004e B2000000 		.4byte	.LASF5
 1696 0052 02       		.uleb128 0x2
 1697 0053 08       		.byte	0x8
 1698 0054 05       		.byte	0x5
 1699 0055 51010000 		.4byte	.LASF6
 1700 0059 02       		.uleb128 0x2
 1701 005a 08       		.byte	0x8
 1702 005b 07       		.byte	0x7
 1703 005c 06010000 		.4byte	.LASF7
 1704 0060 04       		.uleb128 0x4
 1705 0061 04       		.byte	0x4
 1706 0062 05       		.byte	0x5
ARM GAS  C:\Users\CHRONI~1\AppData\Local\Temp\ccTSdljE.s 			page 31


 1707 0063 696E7400 		.ascii	"int\000"
 1708 0067 02       		.uleb128 0x2
 1709 0068 04       		.byte	0x4
 1710 0069 07       		.byte	0x7
 1711 006a F9000000 		.4byte	.LASF8
 1712 006e 03       		.uleb128 0x3
 1713 006f 1D010000 		.4byte	.LASF10
 1714 0073 02       		.byte	0x2
 1715 0074 18       		.byte	0x18
 1716 0075 24000000 		.4byte	0x24
 1717 0079 05       		.uleb128 0x5
 1718 007a 91000000 		.4byte	0x91
 1719 007e 8A000000 		.4byte	0x8a
 1720 0082 06       		.uleb128 0x6
 1721 0083 8A000000 		.4byte	0x8a
 1722 0087 2B06     		.2byte	0x62b
 1723 0089 00       		.byte	0
 1724 008a 02       		.uleb128 0x2
 1725 008b 04       		.byte	0x4
 1726 008c 07       		.byte	0x7
 1727 008d 48010000 		.4byte	.LASF11
 1728 0091 07       		.uleb128 0x7
 1729 0092 6E000000 		.4byte	0x6e
 1730 0096 08       		.uleb128 0x8
 1731 0097 E7000000 		.4byte	.LASF12
 1732 009b 03       		.byte	0x3
 1733 009c 1F       		.byte	0x1f
 1734 009d A7000000 		.4byte	0xa7
 1735 00a1 05       		.uleb128 0x5
 1736 00a2 03       		.byte	0x3
 1737 00a3 00000000 		.4byte	cy_meta_configecc
 1738 00a7 07       		.uleb128 0x7
 1739 00a8 79000000 		.4byte	0x79
 1740 00ac 05       		.uleb128 0x5
 1741 00ad 91000000 		.4byte	0x91
 1742 00b1 BC000000 		.4byte	0xbc
 1743 00b5 09       		.uleb128 0x9
 1744 00b6 8A000000 		.4byte	0x8a
 1745 00ba 03       		.byte	0x3
 1746 00bb 00       		.byte	0
 1747 00bc 08       		.uleb128 0x8
 1748 00bd D7000000 		.4byte	.LASF13
 1749 00c1 03       		.byte	0x3
 1750 00c2 F2       		.byte	0xf2
 1751 00c3 CD000000 		.4byte	0xcd
 1752 00c7 05       		.uleb128 0x5
 1753 00c8 03       		.byte	0x3
 1754 00c9 00000000 		.4byte	cy_meta_custnvl
 1755 00cd 07       		.uleb128 0x7
 1756 00ce AC000000 		.4byte	0xac
 1757 00d2 0A       		.uleb128 0xa
 1758 00d3 3A010000 		.4byte	.LASF14
 1759 00d7 03       		.byte	0x3
 1760 00d8 0001     		.2byte	0x100
 1761 00da E4000000 		.4byte	0xe4
 1762 00de 05       		.uleb128 0x5
 1763 00df 03       		.byte	0x3
ARM GAS  C:\Users\CHRONI~1\AppData\Local\Temp\ccTSdljE.s 			page 32


 1764 00e0 00000000 		.4byte	cy_meta_wonvl
 1765 00e4 07       		.uleb128 0x7
 1766 00e5 AC000000 		.4byte	0xac
 1767 00e9 05       		.uleb128 0x5
 1768 00ea 91000000 		.4byte	0x91
 1769 00ee F9000000 		.4byte	0xf9
 1770 00f2 09       		.uleb128 0x9
 1771 00f3 8A000000 		.4byte	0x8a
 1772 00f7 FF       		.byte	0xff
 1773 00f8 00       		.byte	0
 1774 00f9 0A       		.uleb128 0xa
 1775 00fa 25010000 		.4byte	.LASF15
 1776 00fe 03       		.byte	0x3
 1777 00ff 0E01     		.2byte	0x10e
 1778 0101 0B010000 		.4byte	0x10b
 1779 0105 05       		.uleb128 0x5
 1780 0106 03       		.byte	0x3
 1781 0107 00000000 		.4byte	cy_meta_flashprotect
 1782 010b 07       		.uleb128 0x7
 1783 010c E9000000 		.4byte	0xe9
 1784 0110 05       		.uleb128 0x5
 1785 0111 91000000 		.4byte	0x91
 1786 0115 20010000 		.4byte	0x120
 1787 0119 09       		.uleb128 0x9
 1788 011a 8A000000 		.4byte	0x8a
 1789 011e 0B       		.byte	0xb
 1790 011f 00       		.byte	0
 1791 0120 0A       		.uleb128 0xa
 1792 0121 0A000000 		.4byte	.LASF16
 1793 0125 03       		.byte	0x3
 1794 0126 3B01     		.2byte	0x13b
 1795 0128 32010000 		.4byte	0x132
 1796 012c 05       		.uleb128 0x5
 1797 012d 03       		.byte	0x3
 1798 012e 00000000 		.4byte	cy_metadata
 1799 0132 07       		.uleb128 0x7
 1800 0133 10010000 		.4byte	0x110
 1801 0137 00       		.byte	0
 1802              		.section	.debug_abbrev,"",%progbits
 1803              	.Ldebug_abbrev0:
 1804 0000 01       		.uleb128 0x1
 1805 0001 11       		.uleb128 0x11
 1806 0002 01       		.byte	0x1
 1807 0003 25       		.uleb128 0x25
 1808 0004 0E       		.uleb128 0xe
 1809 0005 13       		.uleb128 0x13
 1810 0006 0B       		.uleb128 0xb
 1811 0007 03       		.uleb128 0x3
 1812 0008 0E       		.uleb128 0xe
 1813 0009 1B       		.uleb128 0x1b
 1814 000a 0E       		.uleb128 0xe
 1815 000b 10       		.uleb128 0x10
 1816 000c 17       		.uleb128 0x17
 1817 000d 00       		.byte	0
 1818 000e 00       		.byte	0
 1819 000f 02       		.uleb128 0x2
 1820 0010 24       		.uleb128 0x24
ARM GAS  C:\Users\CHRONI~1\AppData\Local\Temp\ccTSdljE.s 			page 33


 1821 0011 00       		.byte	0
 1822 0012 0B       		.uleb128 0xb
 1823 0013 0B       		.uleb128 0xb
 1824 0014 3E       		.uleb128 0x3e
 1825 0015 0B       		.uleb128 0xb
 1826 0016 03       		.uleb128 0x3
 1827 0017 0E       		.uleb128 0xe
 1828 0018 00       		.byte	0
 1829 0019 00       		.byte	0
 1830 001a 03       		.uleb128 0x3
 1831 001b 16       		.uleb128 0x16
 1832 001c 00       		.byte	0
 1833 001d 03       		.uleb128 0x3
 1834 001e 0E       		.uleb128 0xe
 1835 001f 3A       		.uleb128 0x3a
 1836 0020 0B       		.uleb128 0xb
 1837 0021 3B       		.uleb128 0x3b
 1838 0022 0B       		.uleb128 0xb
 1839 0023 49       		.uleb128 0x49
 1840 0024 13       		.uleb128 0x13
 1841 0025 00       		.byte	0
 1842 0026 00       		.byte	0
 1843 0027 04       		.uleb128 0x4
 1844 0028 24       		.uleb128 0x24
 1845 0029 00       		.byte	0
 1846 002a 0B       		.uleb128 0xb
 1847 002b 0B       		.uleb128 0xb
 1848 002c 3E       		.uleb128 0x3e
 1849 002d 0B       		.uleb128 0xb
 1850 002e 03       		.uleb128 0x3
 1851 002f 08       		.uleb128 0x8
 1852 0030 00       		.byte	0
 1853 0031 00       		.byte	0
 1854 0032 05       		.uleb128 0x5
 1855 0033 01       		.uleb128 0x1
 1856 0034 01       		.byte	0x1
 1857 0035 49       		.uleb128 0x49
 1858 0036 13       		.uleb128 0x13
 1859 0037 01       		.uleb128 0x1
 1860 0038 13       		.uleb128 0x13
 1861 0039 00       		.byte	0
 1862 003a 00       		.byte	0
 1863 003b 06       		.uleb128 0x6
 1864 003c 21       		.uleb128 0x21
 1865 003d 00       		.byte	0
 1866 003e 49       		.uleb128 0x49
 1867 003f 13       		.uleb128 0x13
 1868 0040 2F       		.uleb128 0x2f
 1869 0041 05       		.uleb128 0x5
 1870 0042 00       		.byte	0
 1871 0043 00       		.byte	0
 1872 0044 07       		.uleb128 0x7
 1873 0045 26       		.uleb128 0x26
 1874 0046 00       		.byte	0
 1875 0047 49       		.uleb128 0x49
 1876 0048 13       		.uleb128 0x13
 1877 0049 00       		.byte	0
ARM GAS  C:\Users\CHRONI~1\AppData\Local\Temp\ccTSdljE.s 			page 34


 1878 004a 00       		.byte	0
 1879 004b 08       		.uleb128 0x8
 1880 004c 34       		.uleb128 0x34
 1881 004d 00       		.byte	0
 1882 004e 03       		.uleb128 0x3
 1883 004f 0E       		.uleb128 0xe
 1884 0050 3A       		.uleb128 0x3a
 1885 0051 0B       		.uleb128 0xb
 1886 0052 3B       		.uleb128 0x3b
 1887 0053 0B       		.uleb128 0xb
 1888 0054 49       		.uleb128 0x49
 1889 0055 13       		.uleb128 0x13
 1890 0056 3F       		.uleb128 0x3f
 1891 0057 19       		.uleb128 0x19
 1892 0058 02       		.uleb128 0x2
 1893 0059 18       		.uleb128 0x18
 1894 005a 00       		.byte	0
 1895 005b 00       		.byte	0
 1896 005c 09       		.uleb128 0x9
 1897 005d 21       		.uleb128 0x21
 1898 005e 00       		.byte	0
 1899 005f 49       		.uleb128 0x49
 1900 0060 13       		.uleb128 0x13
 1901 0061 2F       		.uleb128 0x2f
 1902 0062 0B       		.uleb128 0xb
 1903 0063 00       		.byte	0
 1904 0064 00       		.byte	0
 1905 0065 0A       		.uleb128 0xa
 1906 0066 34       		.uleb128 0x34
 1907 0067 00       		.byte	0
 1908 0068 03       		.uleb128 0x3
 1909 0069 0E       		.uleb128 0xe
 1910 006a 3A       		.uleb128 0x3a
 1911 006b 0B       		.uleb128 0xb
 1912 006c 3B       		.uleb128 0x3b
 1913 006d 05       		.uleb128 0x5
 1914 006e 49       		.uleb128 0x49
 1915 006f 13       		.uleb128 0x13
 1916 0070 3F       		.uleb128 0x3f
 1917 0071 19       		.uleb128 0x19
 1918 0072 02       		.uleb128 0x2
 1919 0073 18       		.uleb128 0x18
 1920 0074 00       		.byte	0
 1921 0075 00       		.byte	0
 1922 0076 00       		.byte	0
 1923              		.section	.debug_aranges,"",%progbits
 1924 0000 14000000 		.4byte	0x14
 1925 0004 0200     		.2byte	0x2
 1926 0006 00000000 		.4byte	.Ldebug_info0
 1927 000a 04       		.byte	0x4
 1928 000b 00       		.byte	0
 1929 000c 0000     		.2byte	0
 1930 000e 0000     		.2byte	0
 1931 0010 00000000 		.4byte	0
 1932 0014 00000000 		.4byte	0
 1933              		.section	.debug_line,"",%progbits
 1934              	.Ldebug_line0:
ARM GAS  C:\Users\CHRONI~1\AppData\Local\Temp\ccTSdljE.s 			page 35


 1935 0000 3D010000 		.section	.debug_str,"MS",%progbits,1
 1935      02003701 
 1935      00000201 
 1935      FB0E0D00 
 1935      01010101 
 1936              	.LASF9:
 1937 0000 5F5F7569 		.ascii	"__uint8_t\000"
 1937      6E74385F 
 1937      7400
 1938              	.LASF16:
 1939 000a 63795F6D 		.ascii	"cy_metadata\000"
 1939      65746164 
 1939      61746100 
 1940              	.LASF1:
 1941 0016 756E7369 		.ascii	"unsigned char\000"
 1941      676E6564 
 1941      20636861 
 1941      7200
 1942              	.LASF17:
 1943 0024 474E5520 		.ascii	"GNU C11 5.4.1 20160609 (release) [ARM/embedded-5-br"
 1943      43313120 
 1943      352E342E 
 1943      31203230 
 1943      31363036 
 1944 0057 616E6368 		.ascii	"anch revision 237715] -mcpu=cortex-m3 -mthumb -g -O"
 1944      20726576 
 1944      6973696F 
 1944      6E203233 
 1944      37373135 
 1945 008a 67202D66 		.ascii	"g -ffunction-sections -ffat-lto-objects\000"
 1945      66756E63 
 1945      74696F6E 
 1945      2D736563 
 1945      74696F6E 
 1946              	.LASF5:
 1947 00b2 6C6F6E67 		.ascii	"long unsigned int\000"
 1947      20756E73 
 1947      69676E65 
 1947      6420696E 
 1947      7400
 1948              	.LASF3:
 1949 00c4 73686F72 		.ascii	"short unsigned int\000"
 1949      7420756E 
 1949      7369676E 
 1949      65642069 
 1949      6E7400
 1950              	.LASF13:
 1951 00d7 63795F6D 		.ascii	"cy_meta_custnvl\000"
 1951      6574615F 
 1951      63757374 
 1951      6E766C00 
 1952              	.LASF12:
 1953 00e7 63795F6D 		.ascii	"cy_meta_configecc\000"
 1953      6574615F 
 1953      636F6E66 
 1953      69676563 
 1953      6300
ARM GAS  C:\Users\CHRONI~1\AppData\Local\Temp\ccTSdljE.s 			page 36


 1954              	.LASF8:
 1955 00f9 756E7369 		.ascii	"unsigned int\000"
 1955      676E6564 
 1955      20696E74 
 1955      00
 1956              	.LASF7:
 1957 0106 6C6F6E67 		.ascii	"long long unsigned int\000"
 1957      206C6F6E 
 1957      6720756E 
 1957      7369676E 
 1957      65642069 
 1958              	.LASF10:
 1959 011d 75696E74 		.ascii	"uint8_t\000"
 1959      385F7400 
 1960              	.LASF15:
 1961 0125 63795F6D 		.ascii	"cy_meta_flashprotect\000"
 1961      6574615F 
 1961      666C6173 
 1961      6870726F 
 1961      74656374 
 1962              	.LASF14:
 1963 013a 63795F6D 		.ascii	"cy_meta_wonvl\000"
 1963      6574615F 
 1963      776F6E76 
 1963      6C00
 1964              	.LASF11:
 1965 0148 73697A65 		.ascii	"sizetype\000"
 1965      74797065 
 1965      00
 1966              	.LASF6:
 1967 0151 6C6F6E67 		.ascii	"long long int\000"
 1967      206C6F6E 
 1967      6720696E 
 1967      7400
 1968              	.LASF19:
 1969 015f 433A5C55 		.ascii	"C:\\Users\\Chronikle\\Downloads\\esw_uCOS3_cykit.cy"
 1969      73657273 
 1969      5C436872 
 1969      6F6E696B 
 1969      6C655C44 
 1970 018e 64736E00 		.ascii	"dsn\000"
 1971              	.LASF2:
 1972 0192 73686F72 		.ascii	"short int\000"
 1972      7420696E 
 1972      7400
 1973              	.LASF4:
 1974 019c 6C6F6E67 		.ascii	"long int\000"
 1974      20696E74 
 1974      00
 1975              	.LASF0:
 1976 01a5 7369676E 		.ascii	"signed char\000"
 1976      65642063 
 1976      68617200 
 1977              	.LASF18:
 1978 01b1 47656E65 		.ascii	"Generated_Source\\PSoC5\\cymetadata.c\000"
 1978      72617465 
 1978      645F536F 
ARM GAS  C:\Users\CHRONI~1\AppData\Local\Temp\ccTSdljE.s 			page 37


 1978      75726365 
 1978      5C50536F 
 1979              		.ident	"GCC: (GNU Tools for ARM Embedded Processors) 5.4.1 20160609 (release) [ARM/embedded-5-bran
