--------------- Build Started: 11/10/2024 22:35:06 Project: esw_uCOS3_cykit, Configuration: ARM GCC 5.4-2016-q2-update Debug ---------------
The code generation step is up to date.
arm-none-eabi-gcc.exe -mcpu=cortex-m3 -mthumb -I.\APP -I.\BSP -I.\BSP\OS\uCOS-III -I.\uC-CPU -I.\uC-CPU\ARM-Cortex-M3\GNU -I.\uC-LIB -I.\uCOS-III\Source -I.\uCOS-III\Ports\ARM-Cortex-M3\Generic\GNU -I.\uCOS-III\Lib\ARM-Cortex-M3\PSoC_GNU -I.\SensorLib\max30102 -I.\SensorLib\bme688 -I. -IGenerated_Source\PSoC5 -Wa,-alh=.\CortexM3\ARM_GCC_541\Debug/environmentSensor.lst -g -D DEBUG -D CY_CORE_ID=0 -Wall -ffunction-sections -ffat-lto-objects -Og -c environmentSensor.c -o .\CortexM3\ARM_GCC_541\Debug\environmentSensor.o
environmentSensor.c: In function 'bsp_i2c_read_bme':
.\SensorLib\bme688/bme68x_defs.h:124:58: warning: return makes pointer from integer without a cast [-Wint-conversion]
 #define BME68X_E_COM_FAIL                         INT8_C(-2)
                                                          ^
environmentSensor.c:62:14: note: in expansion of macro 'BME68X_E_COM_FAIL'
       return BME68X_E_COM_FAIL;
              ^
environmentSensor.c: In function 'bsp_i2c_write_bme':
.\SensorLib\bme688/bme68x_defs.h:124:58: warning: return makes pointer from integer without a cast [-Wint-conversion]
 #define BME68X_E_COM_FAIL                         INT8_C(-2)
                                                          ^
environmentSensor.c:71:12: note: in expansion of macro 'BME68X_E_COM_FAIL'
     return BME68X_E_COM_FAIL;
            ^
environmentSensor.c: In function 'enqueueEnvironmentData':
environmentSensor.c:82:14: warning: variable 'entries' set but not used [-Wunused-but-set-variable]
   OS_MSG_QTY entries;
              ^
environmentSensor.c: In function 'sendDataViaUartForCSV':
environmentSensor.c:114:23: warning: format '%d' expects argument of type 'int', but argument 4 has type 'uint32_t {aka long unsigned int}' [-Wformat=]
   sprintf(&buffer[0], "%d,%d,%d,%d,%d\r\n", env_data.temperature, env_data.humidity, env_data.pressure, env_data.gas_resistance, current_timestamp);
                       ^
environmentSensor.c:114:23: warning: format '%d' expects argument of type 'int', but argument 5 has type 'uint32_t {aka long unsigned int}' [-Wformat=]
environmentSensor.c:114:23: warning: format '%d' expects argument of type 'int', but argument 6 has type 'uint32_t {aka long unsigned int}' [-Wformat=]
environmentSensor.c:114:23: warning: format '%d' expects argument of type 'int', but argument 4 has type 'uint32_t {aka long unsigned int}' [-Wformat=]
environmentSensor.c:114:23: warning: format '%d' expects argument of type 'int', but argument 5 has type 'uint32_t {aka long unsigned int}' [-Wformat=]
environmentSensor.c:114:23: warning: format '%d' expects argument of type 'int', but argument 6 has type 'uint32_t {aka long unsigned int}' [-Wformat=]
environmentSensor.c: In function 'Init_BME688_Sensor':
environmentSensor.c:139:23: warning: assignment from incompatible pointer type [-Wincompatible-pointer-types]
   bme688_handle->read = bsp_i2c_read_bme;
                       ^
environmentSensor.c:140:24: warning: assignment from incompatible pointer type [-Wincompatible-pointer-types]
   bme688_handle->write = bsp_i2c_write_bme;
                        ^
environmentSensor.c:145:28: warning: unused variable 'check_heatr_conf' [-Wunused-variable]
   struct bme68x_heatr_conf check_heatr_conf;
                            ^
In file included from .\APP/includes.h:66:0,
                 from ./bsp_i2c.h:7,
                 from ./environmentSensor.h:17,
                 from environmentSensor.c:13:
environmentSensor.c: At top level:
./bsp_gpio.h:46:13: warning: 'BUT_Task' declared 'static' but never defined [-Wunused-function]
 static void BUT_Task(void *p_arg);
             ^
./bsp_gpio.h:51:13: warning: 'LedR_Task' declared 'static' but never defined [-Wunused-function]
 static void LedR_Task(void *p_arg);
             ^
./bsp_gpio.h:55:13: warning: 'LedG_Task' declared 'static' but never defined [-Wunused-function]
 static void LedG_Task(void *p_arg);
             ^
./bsp_gpio.h:59:13: warning: 'LedB_Task' declared 'static' but never defined [-Wunused-function]
 static void LedB_Task(void *p_arg);
             ^
arm-none-eabi-gcc.exe -mcpu=cortex-m3 -mthumb -I.\APP -I.\BSP -I.\BSP\OS\uCOS-III -I.\uC-CPU -I.\uC-CPU\ARM-Cortex-M3\GNU -I.\uC-LIB -I.\uCOS-III\Source -I.\uCOS-III\Ports\ARM-Cortex-M3\Generic\GNU -I.\uCOS-III\Lib\ARM-Cortex-M3\PSoC_GNU -I.\SensorLib\max30102 -I.\SensorLib\bme688 -I. -IGenerated_Source\PSoC5 -Wa,-alh=.\CortexM3\ARM_GCC_541\Debug/data_processing_task.lst -g -D DEBUG -D CY_CORE_ID=0 -Wall -ffunction-sections -ffat-lto-objects -Og -c data_processing_task.c -o .\CortexM3\ARM_GCC_541\Debug\data_processing_task.o
data_processing_task.c: In function 'Data_Processing_Task':
data_processing_task.c:83:14: warning: variable 'entries' set but not used [-Wunused-but-set-variable]
   OS_MSG_QTY entries;
              ^
In file included from .\APP/includes.h:66:0,
                 from data_processing_task.h:5,
                 from data_processing_task.c:1:
data_processing_task.c: At top level:
./bsp_gpio.h:46:13: warning: 'BUT_Task' declared 'static' but never defined [-Wunused-function]
 static void BUT_Task(void *p_arg);
             ^
./bsp_gpio.h:51:13: warning: 'LedR_Task' declared 'static' but never defined [-Wunused-function]
 static void LedR_Task(void *p_arg);
             ^
./bsp_gpio.h:55:13: warning: 'LedG_Task' declared 'static' but never defined [-Wunused-function]
 static void LedG_Task(void *p_arg);
             ^
./bsp_gpio.h:59:13: warning: 'LedB_Task' declared 'static' but never defined [-Wunused-function]
 static void LedB_Task(void *p_arg);
             ^
arm-none-eabi-gcc.exe -mcpu=cortex-m3 -mthumb -I.\APP -I.\BSP -I.\BSP\OS\uCOS-III -I.\uC-CPU -I.\uC-CPU\ARM-Cortex-M3\GNU -I.\uC-LIB -I.\uCOS-III\Source -I.\uCOS-III\Ports\ARM-Cortex-M3\Generic\GNU -I.\uCOS-III\Lib\ARM-Cortex-M3\PSoC_GNU -I.\SensorLib\max30102 -I.\SensorLib\bme688 -I. -IGenerated_Source\PSoC5 -Wa,-alh=.\CortexM3\ARM_GCC_541\Debug/bsp_os.lst -g -D DEBUG -D CY_CORE_ID=0 -Wall -ffunction-sections -ffat-lto-objects -Og -c BSP\OS\uCOS-III\bsp_os.c -o .\CortexM3\ARM_GCC_541\Debug\bsp_os.o
arm-none-eabi-gcc.exe -mcpu=cortex-m3 -mthumb -I.\APP -I.\BSP -I.\BSP\OS\uCOS-III -I.\uC-CPU -I.\uC-CPU\ARM-Cortex-M3\GNU -I.\uC-LIB -I.\uCOS-III\Source -I.\uCOS-III\Ports\ARM-Cortex-M3\Generic\GNU -I.\uCOS-III\Lib\ARM-Cortex-M3\PSoC_GNU -I.\SensorLib\max30102 -I.\SensorLib\bme688 -I. -IGenerated_Source\PSoC5 -Wa,-alh=.\CortexM3\ARM_GCC_541\Debug/bsp.lst -g -D DEBUG -D CY_CORE_ID=0 -Wall -ffunction-sections -ffat-lto-objects -Og -c BSP\bsp.c -o .\CortexM3\ARM_GCC_541\Debug\bsp.o
In file included from BSP\bsp.c:40:0:
./bsp_gpio.h:46:13: warning: 'BUT_Task' declared 'static' but never defined [-Wunused-function]
 static void BUT_Task(void *p_arg);
             ^
./bsp_gpio.h:51:13: warning: 'LedR_Task' declared 'static' but never defined [-Wunused-function]
 static void LedR_Task(void *p_arg);
             ^
./bsp_gpio.h:55:13: warning: 'LedG_Task' declared 'static' but never defined [-Wunused-function]
 static void LedG_Task(void *p_arg);
             ^
./bsp_gpio.h:59:13: warning: 'LedB_Task' declared 'static' but never defined [-Wunused-function]
 static void LedB_Task(void *p_arg);
             ^
arm-none-eabi-gcc.exe -mcpu=cortex-m3 -mthumb -I.\APP -I.\BSP -I.\BSP\OS\uCOS-III -I.\uC-CPU -I.\uC-CPU\ARM-Cortex-M3\GNU -I.\uC-LIB -I.\uCOS-III\Source -I.\uCOS-III\Ports\ARM-Cortex-M3\Generic\GNU -I.\uCOS-III\Lib\ARM-Cortex-M3\PSoC_GNU -I.\SensorLib\max30102 -I.\SensorLib\bme688 -I. -IGenerated_Source\PSoC5 -Wa,-alh=.\CortexM3\ARM_GCC_541\Debug/cpu_bsp.lst -g -D DEBUG -D CY_CORE_ID=0 -Wall -ffunction-sections -ffat-lto-objects -Og -c BSP\cpu_bsp.c -o .\CortexM3\ARM_GCC_541\Debug\cpu_bsp.o
arm-none-eabi-gcc.exe -mcpu=cortex-m3 -mthumb -I.\APP -I.\BSP -I.\BSP\OS\uCOS-III -I.\uC-CPU -I.\uC-CPU\ARM-Cortex-M3\GNU -I.\uC-LIB -I.\uCOS-III\Source -I.\uCOS-III\Ports\ARM-Cortex-M3\Generic\GNU -I.\uCOS-III\Lib\ARM-Cortex-M3\PSoC_GNU -I.\SensorLib\max30102 -I.\SensorLib\bme688 -I. -IGenerated_Source\PSoC5 -Wa,-alh=.\CortexM3\ARM_GCC_541\Debug/bsp_uart.lst -g -D DEBUG -D CY_CORE_ID=0 -Wall -ffunction-sections -ffat-lto-objects -Og -c bsp_uart.c -o .\CortexM3\ARM_GCC_541\Debug\bsp_uart.o
arm-none-eabi-gcc.exe -mcpu=cortex-m3 -mthumb -I.\APP -I.\BSP -I.\BSP\OS\uCOS-III -I.\uC-CPU -I.\uC-CPU\ARM-Cortex-M3\GNU -I.\uC-LIB -I.\uCOS-III\Source -I.\uCOS-III\Ports\ARM-Cortex-M3\Generic\GNU -I.\uCOS-III\Lib\ARM-Cortex-M3\PSoC_GNU -I.\SensorLib\max30102 -I.\SensorLib\bme688 -I. -IGenerated_Source\PSoC5 -Wa,-alh=.\CortexM3\ARM_GCC_541\Debug/bsp_gpio.lst -g -D DEBUG -D CY_CORE_ID=0 -Wall -ffunction-sections -ffat-lto-objects -Og -c bsp_gpio.c -o .\CortexM3\ARM_GCC_541\Debug\bsp_gpio.o
bsp_gpio.c: In function 'init_gpio':
bsp_gpio.c:53:13: error: 'LOG_LEVEL_BUT' undeclared (first use in this function)
   Log_Write(LOG_LEVEL_BUT, "(init_gpio) Knopf-Task wird erstellt", os_err);
             ^
bsp_gpio.c:53:13: note: each undeclared identifier is reported only once for each function it appears in
bsp_gpio.c:61:30: error: 'BUT_TaskStk' undeclared (first use in this function)
                  (CPU_STK *)&BUT_TaskStk[0],
                              ^
bsp_gpio.c:63:32: error: 'APP_CFG_TASK_BUT_STK_SIZE' undeclared (first use in this function)
                  (CPU_STK_SIZE)APP_CFG_TASK_BUT_STK_SIZE,
                                ^
bsp_gpio.c:88:42: error: 'LOG_LEVEL_LED' undeclared (first use in this function)
     if (os_err == OS_ERR_NONE) Log_Write(LOG_LEVEL_LED, "(init_gpio) Led-Task erstellt", os_err);
                                          ^
bsp_gpio.c: In function 'BUT_Task':
bsp_gpio.c:129:18: error: 'Knopf_Sem' undeclared (first use in this function)
       OSSemPend(&Knopf_Sem, OS_OPT_POST_ALL, &os_err);
                  ^
bsp_gpio.c:129:46: warning: passing argument 3 of 'OSSemPend' makes integer from pointer without a cast [-Wint-conversion]
       OSSemPend(&Knopf_Sem, OS_OPT_POST_ALL, &os_err);
                                              ^
In file included from bsp_gpio.h:13:0,
                 from bsp_gpio.c:13:
.\uCOS-III\Source/os.h:1594:15: note: expected 'OS_OPT {aka short unsigned int}' but argument is of type 'OS_ERR * {aka enum os_err *}'
 OS_SEM_CTR    OSSemPend                 (OS_SEM                *p_sem,
               ^
bsp_gpio.c:129:7: error: too few arguments to function 'OSSemPend'
       OSSemPend(&Knopf_Sem, OS_OPT_POST_ALL, &os_err);
       ^
In file included from bsp_gpio.h:13:0,
                 from bsp_gpio.c:13:
.\uCOS-III\Source/os.h:1594:15: note: declared here
 OS_SEM_CTR    OSSemPend                 (OS_SEM                *p_sem,
               ^
bsp_gpio.c: In function 'LedB_Task':
bsp_gpio.c:145:3: error: unknown type name 'LED_CONTROL_MESSAGE'
   LED_CONTROL_MESSAGE *lcm;
   ^
bsp_gpio.c:149:25: error: 'Knopf_Sem' undeclared (first use in this function)
     if (0 != OSSemPend(&Knopf_Sem, 0, OS_OPT_PEND_BLOCKING, &ts, &os_err))
                         ^
bsp_gpio.c:151:31: error: 'CommQProcessedEnvironmentData' undeclared (first use in this function)
       if (0 != (lcm =OSQPend(&CommQProcessedEnvironmentData, 0, OS_OPT_PEND_BLOCKING, &lcm_size, &ts, &os_err)))
                               ^
The command 'arm-none-eabi-gcc.exe' failed with exit code '1'.
bsp_gpio.c:151:87: warning: passing argument 4 of 'OSQPend' from incompatible pointer type [-Wincompatible-pointer-types]
       if (0 != (lcm =OSQPend(&CommQProcessedEnvironmentData, 0, OS_OPT_PEND_BLOCKING, &lcm_size, &ts, &os_err)))
                                                                                       ^
In file included from bsp_gpio.h:13:0,
                 from bsp_gpio.c:13:
.\uCOS-III\Source/os.h:1539:15: note: expected 'OS_MSG_SIZE * {aka short unsigned int *}' but argument is of type 'OS_MSG_SIZE ** {aka short unsigned int **}'
 void         *OSQPend                   (OS_Q                  *p_q,
               ^
bsp_gpio.c:153:32: error: 'LED_CONTROL_MESSAGE' undeclared (first use in this function)
         if (lcm_size == sizeof(LED_CONTROL_MESSAGE))
                                ^
bsp_gpio.c:154:68: error: request for member 'mode_data' in something not a structure or union
           BSP_PWM_set_Halbperiode(PWM2, 2, Sauerstoffumrechnung(lcm->mode_data));
                                                                    ^
bsp_gpio.c: In function 'LedR_Task':
bsp_gpio.c:174:3: error: unknown type name 'LED_CONTROL_MESSAGE'
   LED_CONTROL_MESSAGE *lcm;
   ^
bsp_gpio.c:178:25: error: 'Knopf_Sem' undeclared (first use in this function)
     if (0 != OSSemPend(&Knopf_Sem, 0, OS_OPT_PEND_BLOCKING, &ts, &os_err))
                         ^
bsp_gpio.c:180:31: error: 'CommQProcessedEnvironmentData' undeclared (first use in this function)
       if (0 != (lcm =OSQPend(&CommQProcessedEnvironmentData, 0, OS_OPT_PEND_BLOCKING, &lcm_size, &ts, &os_err)))
                               ^
bsp_gpio.c:180:87: warning: passing argument 4 of 'OSQPend' from incompatible pointer type [-Wincompatible-pointer-types]
       if (0 != (lcm =OSQPend(&CommQProcessedEnvironmentData, 0, OS_OPT_PEND_BLOCKING, &lcm_size, &ts, &os_err)))
                                                                                       ^
In file included from bsp_gpio.h:13:0,
                 from bsp_gpio.c:13:
.\uCOS-III\Source/os.h:1539:15: note: expected 'OS_MSG_SIZE * {aka short unsigned int *}' but argument is of type 'OS_MSG_SIZE ** {aka short unsigned int **}'
 void         *OSQPend                   (OS_Q                  *p_q,
               ^
bsp_gpio.c:182:32: error: 'LED_CONTROL_MESSAGE' undeclared (first use in this function)
         if (lcm_size == sizeof(LED_CONTROL_MESSAGE))
                                ^
bsp_gpio.c:183:68: error: request for member 'mode_data' in something not a structure or union
           BSP_PWM_set_Halbperiode(PWM2, 1, Herzschlagumrechnung(lcm->mode_data));
                                                                    ^
bsp_gpio.c: In function 'LedG_Task':
bsp_gpio.c:204:23: error: 'Knopf_Sem' undeclared (first use in this function)
   if (0 != OSSemPend(&Knopf_Sem, 0, OS_OPT_PEND_BLOCKING, &ts, &os_err))
                       ^
bsp_gpio.c:208:17: error: 'lcm' undeclared (first use in this function)
       if (0 != (lcm =OSQPend(&CommQProcessedEnvironmentData, 0, OS_OPT_PEND_BLOCKING, &lcm_size, &ts, &os_err)))
                 ^
bsp_gpio.c:208:31: error: 'CommQProcessedEnvironmentData' undeclared (first use in this function)
       if (0 != (lcm =OSQPend(&CommQProcessedEnvironmentData, 0, OS_OPT_PEND_BLOCKING, &lcm_size, &ts, &os_err)))
                               ^
bsp_gpio.c:208:88: error: 'lcm_size' undeclared (first use in this function)
       if (0 != (lcm =OSQPend(&CommQProcessedEnvironmentData, 0, OS_OPT_PEND_BLOCKING, &lcm_size, &ts, &os_err)))
                                                                                        ^
bsp_gpio.c:210:32: error: 'LED_CONTROL_MESSAGE' undeclared (first use in this function)
         if (lcm_size == sizeof(LED_CONTROL_MESSAGE))
                                ^
bsp_gpio.c:211:44: warning: implicit declaration of function 'Pastallesumrechung' [-Wimplicit-function-declaration]
           BSP_PWM_set_Halbperiode(PWM2, 1, Pastallesumrechung(lcm->mode_data));
                                            ^
--------------- Build Failed: 11/10/2024 22:35:07 ---------------
