ARM GAS  C:\Users\batuh\AppData\Local\Temp\cckRo0QO.s 			page 1


   1              		.syntax unified
   2              		.cpu cortex-m3
   3              		.fpu softvfp
   4              		.eabi_attribute 20, 1
   5              		.eabi_attribute 21, 1
   6              		.eabi_attribute 23, 3
   7              		.eabi_attribute 24, 1
   8              		.eabi_attribute 25, 1
   9              		.eabi_attribute 26, 1
  10              		.eabi_attribute 30, 1
  11              		.eabi_attribute 34, 1
  12              		.eabi_attribute 18, 4
  13              		.thumb
  14              		.syntax unified
  15              		.file	"bme280_interface.c"
  16              		.text
  17              	.Ltext0:
  18              		.cfi_sections	.debug_frame
  19              		.section	.text.BME280_Init,"ax",%progbits
  20              		.align	2
  21              		.global	BME280_Init
  22              		.thumb
  23              		.thumb_func
  24              		.type	BME280_Init, %function
  25              	BME280_Init:
  26              	.LFB64:
  27              		.file 1 "bme280_interface.c"
   1:bme280_interface.c **** #include <stdio.h>
   2:bme280_interface.c **** #include "bme280/bme280.h" // Include BME280 header
   3:bme280_interface.c **** #include "bsp_spi.h"  // Include your SPI BSP for read/write functions
   4:bme280_interface.c **** #include <log_task.h>
   5:bme280_interface.c **** 
   6:bme280_interface.c **** 
   7:bme280_interface.c **** void BME280_Init(struct bme280_dev* dev) {
  28              		.loc 1 7 0
  29              		.cfi_startproc
  30              		@ args = 0, pretend = 0, frame = 0
  31              		@ frame_needed = 0, uses_anonymous_args = 0
  32              	.LVL0:
  33 0000 10B5     		push	{r4, lr}
  34              		.cfi_def_cfa_offset 8
  35              		.cfi_offset 4, -8
  36              		.cfi_offset 14, -4
  37 0002 0446     		mov	r4, r0
   8:bme280_interface.c ****     // Configure the device structure for SPI
   9:bme280_interface.c ****     dev->chip_id = BME280_CHIP_ID; // Set chip ID for identification
  38              		.loc 1 9 0
  39 0004 6022     		movs	r2, #96
  40 0006 0270     		strb	r2, [r0]
  10:bme280_interface.c ****     dev->intf = BME280_SPI_INTF; // Set interface to SPI
  41              		.loc 1 10 0
  42 0008 0023     		movs	r3, #0
  43 000a 4370     		strb	r3, [r0, #1]
  11:bme280_interface.c ****     dev->read = bsp_spi_read; // Assign the SPI read function
  44              		.loc 1 11 0
  45 000c 0C4B     		ldr	r3, .L5
  46 000e C360     		str	r3, [r0, #12]
ARM GAS  C:\Users\batuh\AppData\Local\Temp\cckRo0QO.s 			page 2


  12:bme280_interface.c ****     dev->write = bsp_spi_write; // Assign the SPI write function
  47              		.loc 1 12 0
  48 0010 0C4B     		ldr	r3, .L5+4
  49 0012 0361     		str	r3, [r0, #16]
  13:bme280_interface.c ****     dev->delay_us = Delay_MS; // Assign the delay function
  50              		.loc 1 13 0
  51 0014 0C4B     		ldr	r3, .L5+8
  52 0016 4361     		str	r3, [r0, #20]
  14:bme280_interface.c **** 
  15:bme280_interface.c ****     // Log the device configuration
  16:bme280_interface.c ****     Log_Write(LOG_LEVEL_BME280, "Configuring BME280: Chip ID = %d, Interface = SPI", dev->chip_id);
  53              		.loc 1 16 0
  54 0018 0C49     		ldr	r1, .L5+12
  55 001a 5020     		movs	r0, #80
  56              	.LVL1:
  57 001c FFF7FEFF 		bl	Log_Write
  58              	.LVL2:
  17:bme280_interface.c **** 
  18:bme280_interface.c ****     // Initialize the BME280 sensor
  19:bme280_interface.c ****     int8_t result = bme280_init(dev);  // Pass dev directly, not &dev
  59              		.loc 1 19 0
  60 0020 2046     		mov	r0, r4
  61 0022 FFF7FEFF 		bl	bme280_init
  62              	.LVL3:
  20:bme280_interface.c ****     if (result != BME280_OK) {
  63              		.loc 1 20 0
  64 0026 28B1     		cbz	r0, .L2
  65 0028 0246     		mov	r2, r0
  21:bme280_interface.c ****         Log_Write(LOG_LEVEL_ERROR, "Failed to initialize BME280: %d", result);
  66              		.loc 1 21 0
  67 002a 0949     		ldr	r1, .L5+16
  68 002c 0420     		movs	r0, #4
  69              	.LVL4:
  70 002e FFF7FEFF 		bl	Log_Write
  71              	.LVL5:
  72 0032 10BD     		pop	{r4, pc}
  73              	.LVL6:
  74              	.L2:
  22:bme280_interface.c ****     } else {
  23:bme280_interface.c ****         Log_Write(LOG_LEVEL_INFO, "BME280 initialized successfully", 0);
  75              		.loc 1 23 0
  76 0034 0022     		movs	r2, #0
  77 0036 0749     		ldr	r1, .L5+20
  78 0038 0120     		movs	r0, #1
  79              	.LVL7:
  80 003a FFF7FEFF 		bl	Log_Write
  81              	.LVL8:
  82 003e 10BD     		pop	{r4, pc}
  83              	.LVL9:
  84              	.L6:
  85              		.align	2
  86              	.L5:
  87 0040 00000000 		.word	bsp_spi_read
  88 0044 00000000 		.word	bsp_spi_write
  89 0048 00000000 		.word	Delay_MS
  90 004c 00000000 		.word	.LC0
  91 0050 34000000 		.word	.LC1
ARM GAS  C:\Users\batuh\AppData\Local\Temp\cckRo0QO.s 			page 3


  92 0054 54000000 		.word	.LC2
  93              		.cfi_endproc
  94              	.LFE64:
  95              		.size	BME280_Init, .-BME280_Init
  96              		.comm	CommQProcessDataEnvironment,48,4
  97              		.comm	CommQProcessDataOximeter,48,4
  98              		.comm	CommQSPI,48,4
  99              		.comm	CommQI2C,48,4
 100              		.section	.rodata.str1.4,"aMS",%progbits,1
 101              		.align	2
 102              	.LC0:
 103 0000 436F6E66 		.ascii	"Configuring BME280: Chip ID = %d, Interface = SPI\000"
 103      69677572 
 103      696E6720 
 103      424D4532 
 103      38303A20 
 104 0032 0000     		.space	2
 105              	.LC1:
 106 0034 4661696C 		.ascii	"Failed to initialize BME280: %d\000"
 106      65642074 
 106      6F20696E 
 106      69746961 
 106      6C697A65 
 107              	.LC2:
 108 0054 424D4532 		.ascii	"BME280 initialized successfully\000"
 108      38302069 
 108      6E697469 
 108      616C697A 
 108      65642073 
 109              		.text
 110              	.Letext0:
 111              		.file 2 "c:\\program files (x86)\\cypress\\psoc creator\\4.4\\psoc creator\\import\\gnu\\arm\\5.4.
 112              		.file 3 "c:\\program files (x86)\\cypress\\psoc creator\\4.4\\psoc creator\\import\\gnu\\arm\\5.4.
 113              		.file 4 ".\\SensorLib/bme280/bme280_defs.h"
 114              		.file 5 ".\\uC-CPU\\ARM-Cortex-M3\\GNU/cpu.h"
 115              		.file 6 ".\\uC-CPU/cpu_core.h"
 116              		.file 7 ".\\uCOS-III\\Source/os_type.h"
 117              		.file 8 ".\\uCOS-III\\Source/os.h"
 118              		.file 9 "Generated_Source\\PSoC5/core_cm3.h"
 119              		.file 10 "./data_processing_task.h"
 120              		.file 11 "./log_task.h"
 121              		.file 12 ".\\SensorLib/bme280/bme280.h"
 122              		.section	.debug_info,"",%progbits
 123              	.Ldebug_info0:
 124 0000 FC0A0000 		.4byte	0xafc
 125 0004 0400     		.2byte	0x4
 126 0006 00000000 		.4byte	.Ldebug_abbrev0
 127 000a 04       		.byte	0x4
 128 000b 01       		.uleb128 0x1
 129 000c 31050000 		.4byte	.LASF175
 130 0010 0C       		.byte	0xc
 131 0011 14020000 		.4byte	.LASF176
 132 0015 03050000 		.4byte	.LASF177
 133 0019 00000000 		.4byte	.Ldebug_ranges0+0
 134 001d 00000000 		.4byte	0
 135 0021 00000000 		.4byte	.Ldebug_line0
 136 0025 02       		.uleb128 0x2
ARM GAS  C:\Users\batuh\AppData\Local\Temp\cckRo0QO.s 			page 4


 137 0026 BC000000 		.4byte	.LASF0
 138 002a 02       		.byte	0x2
 139 002b 1B       		.byte	0x1b
 140 002c 30000000 		.4byte	0x30
 141 0030 03       		.uleb128 0x3
 142 0031 01       		.byte	0x1
 143 0032 06       		.byte	0x6
 144 0033 54000000 		.4byte	.LASF2
 145 0037 02       		.uleb128 0x2
 146 0038 60000000 		.4byte	.LASF1
 147 003c 02       		.byte	0x2
 148 003d 1D       		.byte	0x1d
 149 003e 42000000 		.4byte	0x42
 150 0042 03       		.uleb128 0x3
 151 0043 01       		.byte	0x1
 152 0044 08       		.byte	0x8
 153 0045 AD040000 		.4byte	.LASF3
 154 0049 02       		.uleb128 0x2
 155 004a 83020000 		.4byte	.LASF4
 156 004e 02       		.byte	0x2
 157 004f 29       		.byte	0x29
 158 0050 54000000 		.4byte	0x54
 159 0054 03       		.uleb128 0x3
 160 0055 02       		.byte	0x2
 161 0056 05       		.byte	0x5
 162 0057 DA040000 		.4byte	.LASF5
 163 005b 02       		.uleb128 0x2
 164 005c 4B020000 		.4byte	.LASF6
 165 0060 02       		.byte	0x2
 166 0061 2B       		.byte	0x2b
 167 0062 66000000 		.4byte	0x66
 168 0066 03       		.uleb128 0x3
 169 0067 02       		.byte	0x2
 170 0068 07       		.byte	0x7
 171 0069 2E020000 		.4byte	.LASF7
 172 006d 02       		.uleb128 0x2
 173 006e 75030000 		.4byte	.LASF8
 174 0072 02       		.byte	0x2
 175 0073 3F       		.byte	0x3f
 176 0074 78000000 		.4byte	0x78
 177 0078 03       		.uleb128 0x3
 178 0079 04       		.byte	0x4
 179 007a 05       		.byte	0x5
 180 007b 89010000 		.4byte	.LASF9
 181 007f 02       		.uleb128 0x2
 182 0080 5D020000 		.4byte	.LASF10
 183 0084 02       		.byte	0x2
 184 0085 41       		.byte	0x41
 185 0086 8A000000 		.4byte	0x8a
 186 008a 03       		.uleb128 0x3
 187 008b 04       		.byte	0x4
 188 008c 07       		.byte	0x7
 189 008d E0020000 		.4byte	.LASF11
 190 0091 03       		.uleb128 0x3
 191 0092 08       		.byte	0x8
 192 0093 05       		.byte	0x5
 193 0094 1D010000 		.4byte	.LASF12
ARM GAS  C:\Users\batuh\AppData\Local\Temp\cckRo0QO.s 			page 5


 194 0098 03       		.uleb128 0x3
 195 0099 08       		.byte	0x8
 196 009a 07       		.byte	0x7
 197 009b 8F000000 		.4byte	.LASF13
 198 009f 04       		.uleb128 0x4
 199 00a0 04       		.byte	0x4
 200 00a1 05       		.byte	0x5
 201 00a2 696E7400 		.ascii	"int\000"
 202 00a6 03       		.uleb128 0x3
 203 00a7 04       		.byte	0x4
 204 00a8 07       		.byte	0x7
 205 00a9 C1020000 		.4byte	.LASF14
 206 00ad 03       		.uleb128 0x3
 207 00ae 08       		.byte	0x8
 208 00af 04       		.byte	0x4
 209 00b0 11060000 		.4byte	.LASF15
 210 00b4 05       		.uleb128 0x5
 211 00b5 04       		.byte	0x4
 212 00b6 03       		.uleb128 0x3
 213 00b7 04       		.byte	0x4
 214 00b8 07       		.byte	0x7
 215 00b9 C9030000 		.4byte	.LASF16
 216 00bd 03       		.uleb128 0x3
 217 00be 01       		.byte	0x1
 218 00bf 08       		.byte	0x8
 219 00c0 25060000 		.4byte	.LASF17
 220 00c4 02       		.uleb128 0x2
 221 00c5 B0060000 		.4byte	.LASF18
 222 00c9 03       		.byte	0x3
 223 00ca 14       		.byte	0x14
 224 00cb 25000000 		.4byte	0x25
 225 00cf 02       		.uleb128 0x2
 226 00d0 11070000 		.4byte	.LASF19
 227 00d4 03       		.byte	0x3
 228 00d5 18       		.byte	0x18
 229 00d6 37000000 		.4byte	0x37
 230 00da 02       		.uleb128 0x2
 231 00db 95070000 		.4byte	.LASF20
 232 00df 03       		.byte	0x3
 233 00e0 20       		.byte	0x20
 234 00e1 49000000 		.4byte	0x49
 235 00e5 02       		.uleb128 0x2
 236 00e6 D7020000 		.4byte	.LASF21
 237 00ea 03       		.byte	0x3
 238 00eb 24       		.byte	0x24
 239 00ec 5B000000 		.4byte	0x5b
 240 00f0 02       		.uleb128 0x2
 241 00f1 A5040000 		.4byte	.LASF22
 242 00f5 03       		.byte	0x3
 243 00f6 2C       		.byte	0x2c
 244 00f7 6D000000 		.4byte	0x6d
 245 00fb 02       		.uleb128 0x2
 246 00fc F9050000 		.4byte	.LASF23
 247 0100 03       		.byte	0x3
 248 0101 30       		.byte	0x30
 249 0102 7F000000 		.4byte	0x7f
 250 0106 06       		.uleb128 0x6
ARM GAS  C:\Users\batuh\AppData\Local\Temp\cckRo0QO.s 			page 6


 251 0107 E6060000 		.4byte	.LASF178
 252 010b 01       		.byte	0x1
 253 010c 42000000 		.4byte	0x42
 254 0110 04       		.byte	0x4
 255 0111 0901     		.2byte	0x109
 256 0113 24010000 		.4byte	0x124
 257 0117 07       		.uleb128 0x7
 258 0118 46040000 		.4byte	.LASF24
 259 011c 00       		.byte	0
 260 011d 07       		.uleb128 0x7
 261 011e 4F070000 		.4byte	.LASF25
 262 0122 01       		.byte	0x1
 263 0123 00       		.byte	0
 264 0124 08       		.uleb128 0x8
 265 0125 D5010000 		.4byte	.LASF26
 266 0129 04       		.byte	0x4
 267 012a 2201     		.2byte	0x122
 268 012c 30010000 		.4byte	0x130
 269 0130 09       		.uleb128 0x9
 270 0131 04       		.byte	0x4
 271 0132 36010000 		.4byte	0x136
 272 0136 0A       		.uleb128 0xa
 273 0137 C4000000 		.4byte	0xc4
 274 013b 54010000 		.4byte	0x154
 275 013f 0B       		.uleb128 0xb
 276 0140 CF000000 		.4byte	0xcf
 277 0144 0B       		.uleb128 0xb
 278 0145 54010000 		.4byte	0x154
 279 0149 0B       		.uleb128 0xb
 280 014a FB000000 		.4byte	0xfb
 281 014e 0B       		.uleb128 0xb
 282 014f B4000000 		.4byte	0xb4
 283 0153 00       		.byte	0
 284 0154 09       		.uleb128 0x9
 285 0155 04       		.byte	0x4
 286 0156 CF000000 		.4byte	0xcf
 287 015a 08       		.uleb128 0x8
 288 015b 51010000 		.4byte	.LASF27
 289 015f 04       		.byte	0x4
 290 0160 3301     		.2byte	0x133
 291 0162 66010000 		.4byte	0x166
 292 0166 09       		.uleb128 0x9
 293 0167 04       		.byte	0x4
 294 0168 6C010000 		.4byte	0x16c
 295 016c 0A       		.uleb128 0xa
 296 016d C4000000 		.4byte	0xc4
 297 0171 8A010000 		.4byte	0x18a
 298 0175 0B       		.uleb128 0xb
 299 0176 CF000000 		.4byte	0xcf
 300 017a 0B       		.uleb128 0xb
 301 017b 8A010000 		.4byte	0x18a
 302 017f 0B       		.uleb128 0xb
 303 0180 FB000000 		.4byte	0xfb
 304 0184 0B       		.uleb128 0xb
 305 0185 B4000000 		.4byte	0xb4
 306 0189 00       		.byte	0
 307 018a 09       		.uleb128 0x9
ARM GAS  C:\Users\batuh\AppData\Local\Temp\cckRo0QO.s 			page 7


 308 018b 04       		.byte	0x4
 309 018c 90010000 		.4byte	0x190
 310 0190 0C       		.uleb128 0xc
 311 0191 CF000000 		.4byte	0xcf
 312 0195 08       		.uleb128 0x8
 313 0196 35000000 		.4byte	.LASF28
 314 019a 04       		.byte	0x4
 315 019b 3F01     		.2byte	0x13f
 316 019d A1010000 		.4byte	0x1a1
 317 01a1 09       		.uleb128 0x9
 318 01a2 04       		.byte	0x4
 319 01a3 A7010000 		.4byte	0x1a7
 320 01a7 0D       		.uleb128 0xd
 321 01a8 B7010000 		.4byte	0x1b7
 322 01ac 0B       		.uleb128 0xb
 323 01ad FB000000 		.4byte	0xfb
 324 01b1 0B       		.uleb128 0xb
 325 01b2 B4000000 		.4byte	0xb4
 326 01b6 00       		.byte	0
 327 01b7 0E       		.uleb128 0xe
 328 01b8 EB070000 		.4byte	.LASF49
 329 01bc 28       		.byte	0x28
 330 01bd 04       		.byte	0x4
 331 01be 4801     		.2byte	0x148
 332 01c0 BC020000 		.4byte	0x2bc
 333 01c4 0F       		.uleb128 0xf
 334 01c5 B4030000 		.4byte	.LASF29
 335 01c9 04       		.byte	0x4
 336 01ca 4B01     		.2byte	0x14b
 337 01cc E5000000 		.4byte	0xe5
 338 01d0 00       		.byte	0
 339 01d1 0F       		.uleb128 0xf
 340 01d2 BB030000 		.4byte	.LASF30
 341 01d6 04       		.byte	0x4
 342 01d7 4E01     		.2byte	0x14e
 343 01d9 DA000000 		.4byte	0xda
 344 01dd 02       		.byte	0x2
 345 01de 0F       		.uleb128 0xf
 346 01df C2030000 		.4byte	.LASF31
 347 01e3 04       		.byte	0x4
 348 01e4 5101     		.2byte	0x151
 349 01e6 DA000000 		.4byte	0xda
 350 01ea 04       		.byte	0x4
 351 01eb 0F       		.uleb128 0xf
 352 01ec 8E070000 		.4byte	.LASF32
 353 01f0 04       		.byte	0x4
 354 01f1 5401     		.2byte	0x154
 355 01f3 E5000000 		.4byte	0xe5
 356 01f7 06       		.byte	0x6
 357 01f8 0F       		.uleb128 0xf
 358 01f9 F5040000 		.4byte	.LASF33
 359 01fd 04       		.byte	0x4
 360 01fe 5701     		.2byte	0x157
 361 0200 DA000000 		.4byte	0xda
 362 0204 08       		.byte	0x8
 363 0205 0F       		.uleb128 0xf
 364 0206 FC040000 		.4byte	.LASF34
ARM GAS  C:\Users\batuh\AppData\Local\Temp\cckRo0QO.s 			page 8


 365 020a 04       		.byte	0x4
 366 020b 5A01     		.2byte	0x15a
 367 020d DA000000 		.4byte	0xda
 368 0211 0A       		.byte	0xa
 369 0212 0F       		.uleb128 0xf
 370 0213 AA070000 		.4byte	.LASF35
 371 0217 04       		.byte	0x4
 372 0218 5D01     		.2byte	0x15d
 373 021a DA000000 		.4byte	0xda
 374 021e 0C       		.byte	0xc
 375 021f 0F       		.uleb128 0xf
 376 0220 B1070000 		.4byte	.LASF36
 377 0224 04       		.byte	0x4
 378 0225 6001     		.2byte	0x160
 379 0227 DA000000 		.4byte	0xda
 380 022b 0E       		.byte	0xe
 381 022c 0F       		.uleb128 0xf
 382 022d 51030000 		.4byte	.LASF37
 383 0231 04       		.byte	0x4
 384 0232 6301     		.2byte	0x163
 385 0234 DA000000 		.4byte	0xda
 386 0238 10       		.byte	0x10
 387 0239 0F       		.uleb128 0xf
 388 023a CD050000 		.4byte	.LASF38
 389 023e 04       		.byte	0x4
 390 023f 6601     		.2byte	0x166
 391 0241 DA000000 		.4byte	0xda
 392 0245 12       		.byte	0x12
 393 0246 0F       		.uleb128 0xf
 394 0247 E3050000 		.4byte	.LASF39
 395 024b 04       		.byte	0x4
 396 024c 6901     		.2byte	0x169
 397 024e DA000000 		.4byte	0xda
 398 0252 14       		.byte	0x14
 399 0253 0F       		.uleb128 0xf
 400 0254 EA050000 		.4byte	.LASF40
 401 0258 04       		.byte	0x4
 402 0259 6C01     		.2byte	0x16c
 403 025b DA000000 		.4byte	0xda
 404 025f 16       		.byte	0x16
 405 0260 0F       		.uleb128 0xf
 406 0261 3F040000 		.4byte	.LASF41
 407 0265 04       		.byte	0x4
 408 0266 6F01     		.2byte	0x16f
 409 0268 CF000000 		.4byte	0xcf
 410 026c 18       		.byte	0x18
 411 026d 0F       		.uleb128 0xf
 412 026e 64070000 		.4byte	.LASF42
 413 0272 04       		.byte	0x4
 414 0273 7201     		.2byte	0x172
 415 0275 DA000000 		.4byte	0xda
 416 0279 1A       		.byte	0x1a
 417 027a 0F       		.uleb128 0xf
 418 027b 6B070000 		.4byte	.LASF43
 419 027f 04       		.byte	0x4
 420 0280 7501     		.2byte	0x175
 421 0282 CF000000 		.4byte	0xcf
ARM GAS  C:\Users\batuh\AppData\Local\Temp\cckRo0QO.s 			page 9


 422 0286 1C       		.byte	0x1c
 423 0287 0F       		.uleb128 0xf
 424 0288 0D020000 		.4byte	.LASF44
 425 028c 04       		.byte	0x4
 426 028d 7801     		.2byte	0x178
 427 028f DA000000 		.4byte	0xda
 428 0293 1E       		.byte	0x1e
 429 0294 0F       		.uleb128 0xf
 430 0295 7D070000 		.4byte	.LASF45
 431 0299 04       		.byte	0x4
 432 029a 7B01     		.2byte	0x17b
 433 029c DA000000 		.4byte	0xda
 434 02a0 20       		.byte	0x20
 435 02a1 0F       		.uleb128 0xf
 436 02a2 27020000 		.4byte	.LASF46
 437 02a6 04       		.byte	0x4
 438 02a7 7E01     		.2byte	0x17e
 439 02a9 C4000000 		.4byte	0xc4
 440 02ad 22       		.byte	0x22
 441 02ae 0F       		.uleb128 0xf
 442 02af 73020000 		.4byte	.LASF47
 443 02b3 04       		.byte	0x4
 444 02b4 8101     		.2byte	0x181
 445 02b6 F0000000 		.4byte	0xf0
 446 02ba 24       		.byte	0x24
 447 02bb 00       		.byte	0
 448 02bc 03       		.uleb128 0x3
 449 02bd 08       		.byte	0x8
 450 02be 04       		.byte	0x4
 451 02bf E8010000 		.4byte	.LASF48
 452 02c3 0E       		.uleb128 0xe
 453 02c4 F7030000 		.4byte	.LASF50
 454 02c8 40       		.byte	0x40
 455 02c9 04       		.byte	0x4
 456 02ca CB01     		.2byte	0x1cb
 457 02cc 39030000 		.4byte	0x339
 458 02d0 0F       		.uleb128 0xf
 459 02d1 02060000 		.4byte	.LASF51
 460 02d5 04       		.byte	0x4
 461 02d6 CE01     		.2byte	0x1ce
 462 02d8 CF000000 		.4byte	0xcf
 463 02dc 00       		.byte	0
 464 02dd 0F       		.uleb128 0xf
 465 02de AF030000 		.4byte	.LASF52
 466 02e2 04       		.byte	0x4
 467 02e3 D401     		.2byte	0x1d4
 468 02e5 06010000 		.4byte	0x106
 469 02e9 01       		.byte	0x1
 470 02ea 0F       		.uleb128 0xf
 471 02eb 56040000 		.4byte	.LASF53
 472 02ef 04       		.byte	0x4
 473 02f0 DC01     		.2byte	0x1dc
 474 02f2 B4000000 		.4byte	0xb4
 475 02f6 04       		.byte	0x4
 476 02f7 0F       		.uleb128 0xf
 477 02f8 41020000 		.4byte	.LASF54
 478 02fc 04       		.byte	0x4
ARM GAS  C:\Users\batuh\AppData\Local\Temp\cckRo0QO.s 			page 10


 479 02fd DF01     		.2byte	0x1df
 480 02ff C4000000 		.4byte	0xc4
 481 0303 08       		.byte	0x8
 482 0304 0F       		.uleb128 0xf
 483 0305 84070000 		.4byte	.LASF55
 484 0309 04       		.byte	0x4
 485 030a E201     		.2byte	0x1e2
 486 030c 24010000 		.4byte	0x124
 487 0310 0C       		.byte	0xc
 488 0311 0F       		.uleb128 0xf
 489 0312 8B030000 		.4byte	.LASF56
 490 0316 04       		.byte	0x4
 491 0317 E501     		.2byte	0x1e5
 492 0319 5A010000 		.4byte	0x15a
 493 031d 10       		.byte	0x10
 494 031e 0F       		.uleb128 0xf
 495 031f 51060000 		.4byte	.LASF57
 496 0323 04       		.byte	0x4
 497 0324 E801     		.2byte	0x1e8
 498 0326 95010000 		.4byte	0x195
 499 032a 14       		.byte	0x14
 500 032b 0F       		.uleb128 0xf
 501 032c B8070000 		.4byte	.LASF58
 502 0330 04       		.byte	0x4
 503 0331 EB01     		.2byte	0x1eb
 504 0333 B7010000 		.4byte	0x1b7
 505 0337 18       		.byte	0x18
 506 0338 00       		.byte	0
 507 0339 03       		.uleb128 0x3
 508 033a 04       		.byte	0x4
 509 033b 04       		.byte	0x4
 510 033c 6C040000 		.4byte	.LASF59
 511 0340 02       		.uleb128 0x2
 512 0341 48010000 		.4byte	.LASF60
 513 0345 05       		.byte	0x5
 514 0346 76       		.byte	0x76
 515 0347 BD000000 		.4byte	0xbd
 516 034b 02       		.uleb128 0x2
 517 034c FD020000 		.4byte	.LASF61
 518 0350 05       		.byte	0x5
 519 0351 78       		.byte	0x78
 520 0352 42000000 		.4byte	0x42
 521 0356 02       		.uleb128 0x2
 522 0357 72070000 		.4byte	.LASF62
 523 035b 05       		.byte	0x5
 524 035c 7A       		.byte	0x7a
 525 035d 66000000 		.4byte	0x66
 526 0361 02       		.uleb128 0x2
 527 0362 1E000000 		.4byte	.LASF63
 528 0366 05       		.byte	0x5
 529 0367 7C       		.byte	0x7c
 530 0368 A6000000 		.4byte	0xa6
 531 036c 09       		.uleb128 0x9
 532 036d 04       		.byte	0x4
 533 036e 72030000 		.4byte	0x372
 534 0372 0D       		.uleb128 0xd
 535 0373 7D030000 		.4byte	0x37d
ARM GAS  C:\Users\batuh\AppData\Local\Temp\cckRo0QO.s 			page 11


 536 0377 0B       		.uleb128 0xb
 537 0378 B4000000 		.4byte	0xb4
 538 037c 00       		.byte	0
 539 037d 02       		.uleb128 0x2
 540 037e A6030000 		.4byte	.LASF64
 541 0382 05       		.byte	0x5
 542 0383 B5       		.byte	0xb5
 543 0384 61030000 		.4byte	0x361
 544 0388 02       		.uleb128 0x2
 545 0389 2B010000 		.4byte	.LASF65
 546 038d 05       		.byte	0x5
 547 038e D9       		.byte	0xd9
 548 038f 61030000 		.4byte	0x361
 549 0393 02       		.uleb128 0x2
 550 0394 24030000 		.4byte	.LASF66
 551 0398 05       		.byte	0x5
 552 0399 DA       		.byte	0xda
 553 039a 7D030000 		.4byte	0x37d
 554 039e 02       		.uleb128 0x2
 555 039f 1B030000 		.4byte	.LASF67
 556 03a3 06       		.byte	0x6
 557 03a4 C4       		.byte	0xc4
 558 03a5 61030000 		.4byte	0x361
 559 03a9 02       		.uleb128 0x2
 560 03aa 2C040000 		.4byte	.LASF68
 561 03ae 06       		.byte	0x6
 562 03af C7       		.byte	0xc7
 563 03b0 9E030000 		.4byte	0x39e
 564 03b4 02       		.uleb128 0x2
 565 03b5 38030000 		.4byte	.LASF69
 566 03b9 07       		.byte	0x7
 567 03ba 30       		.byte	0x30
 568 03bb 56030000 		.4byte	0x356
 569 03bf 02       		.uleb128 0x2
 570 03c0 DE030000 		.4byte	.LASF70
 571 03c4 07       		.byte	0x7
 572 03c5 34       		.byte	0x34
 573 03c6 61030000 		.4byte	0x361
 574 03ca 02       		.uleb128 0x2
 575 03cb 07070000 		.4byte	.LASF71
 576 03cf 07       		.byte	0x7
 577 03d0 36       		.byte	0x36
 578 03d1 61030000 		.4byte	0x361
 579 03d5 02       		.uleb128 0x2
 580 03d6 33010000 		.4byte	.LASF72
 581 03da 07       		.byte	0x7
 582 03db 38       		.byte	0x38
 583 03dc 61030000 		.4byte	0x361
 584 03e0 02       		.uleb128 0x2
 585 03e1 EC030000 		.4byte	.LASF73
 586 03e5 07       		.byte	0x7
 587 03e6 3F       		.byte	0x3f
 588 03e7 56030000 		.4byte	0x356
 589 03eb 02       		.uleb128 0x2
 590 03ec 3C010000 		.4byte	.LASF74
 591 03f0 07       		.byte	0x7
 592 03f1 40       		.byte	0x40
ARM GAS  C:\Users\batuh\AppData\Local\Temp\cckRo0QO.s 			page 12


 593 03f2 56030000 		.4byte	0x356
 594 03f6 02       		.uleb128 0x2
 595 03f7 FE010000 		.4byte	.LASF75
 596 03fb 07       		.byte	0x7
 597 03fc 42       		.byte	0x42
 598 03fd 4B030000 		.4byte	0x34b
 599 0401 02       		.uleb128 0x2
 600 0402 B7060000 		.4byte	.LASF76
 601 0406 07       		.byte	0x7
 602 0407 44       		.byte	0x44
 603 0408 56030000 		.4byte	0x356
 604 040c 02       		.uleb128 0x2
 605 040d 7F040000 		.4byte	.LASF77
 606 0411 07       		.byte	0x7
 607 0412 45       		.byte	0x45
 608 0413 61030000 		.4byte	0x361
 609 0417 02       		.uleb128 0x2
 610 0418 31030000 		.4byte	.LASF78
 611 041c 07       		.byte	0x7
 612 041d 47       		.byte	0x47
 613 041e 56030000 		.4byte	0x356
 614 0422 02       		.uleb128 0x2
 615 0423 6A060000 		.4byte	.LASF79
 616 0427 07       		.byte	0x7
 617 0428 49       		.byte	0x49
 618 0429 4B030000 		.4byte	0x34b
 619 042d 02       		.uleb128 0x2
 620 042e 14030000 		.4byte	.LASF80
 621 0432 07       		.byte	0x7
 622 0433 4F       		.byte	0x4f
 623 0434 61030000 		.4byte	0x361
 624 0438 02       		.uleb128 0x2
 625 0439 07000000 		.4byte	.LASF81
 626 043d 07       		.byte	0x7
 627 043e 52       		.byte	0x52
 628 043f 61030000 		.4byte	0x361
 629 0443 02       		.uleb128 0x2
 630 0444 EC000000 		.4byte	.LASF82
 631 0448 07       		.byte	0x7
 632 0449 54       		.byte	0x54
 633 044a 4B030000 		.4byte	0x34b
 634 044e 02       		.uleb128 0x2
 635 044f 85000000 		.4byte	.LASF83
 636 0453 07       		.byte	0x7
 637 0454 56       		.byte	0x56
 638 0455 4B030000 		.4byte	0x34b
 639 0459 02       		.uleb128 0x2
 640 045a 81010000 		.4byte	.LASF84
 641 045e 07       		.byte	0x7
 642 045f 58       		.byte	0x58
 643 0460 61030000 		.4byte	0x361
 644 0464 08       		.uleb128 0x8
 645 0465 F5000000 		.4byte	.LASF85
 646 0469 08       		.byte	0x8
 647 046a 8202     		.2byte	0x282
 648 046c 70040000 		.4byte	0x470
 649 0470 0E       		.uleb128 0xe
ARM GAS  C:\Users\batuh\AppData\Local\Temp\cckRo0QO.s 			page 13


 650 0471 C6040000 		.4byte	.LASF86
 651 0475 10       		.byte	0x10
 652 0476 08       		.byte	0x8
 653 0477 4003     		.2byte	0x340
 654 0479 B2040000 		.4byte	0x4b2
 655 047d 0F       		.uleb128 0xf
 656 047e 15010000 		.4byte	.LASF87
 657 0482 08       		.byte	0x8
 658 0483 4103     		.2byte	0x341
 659 0485 C2090000 		.4byte	0x9c2
 660 0489 00       		.byte	0
 661 048a 0F       		.uleb128 0xf
 662 048b 91030000 		.4byte	.LASF88
 663 048f 08       		.byte	0x8
 664 0490 4203     		.2byte	0x342
 665 0492 B4000000 		.4byte	0xb4
 666 0496 04       		.byte	0x4
 667 0497 0F       		.uleb128 0xf
 668 0498 F1050000 		.4byte	.LASF89
 669 049c 08       		.byte	0x8
 670 049d 4303     		.2byte	0x343
 671 049f EB030000 		.4byte	0x3eb
 672 04a3 08       		.byte	0x8
 673 04a4 0F       		.uleb128 0xf
 674 04a5 3F060000 		.4byte	.LASF90
 675 04a9 08       		.byte	0x8
 676 04aa 4403     		.2byte	0x344
 677 04ac A9030000 		.4byte	0x3a9
 678 04b0 0C       		.byte	0xc
 679 04b1 00       		.byte	0
 680 04b2 08       		.uleb128 0x8
 681 04b3 C2060000 		.4byte	.LASF91
 682 04b7 08       		.byte	0x8
 683 04b8 8402     		.2byte	0x284
 684 04ba BE040000 		.4byte	0x4be
 685 04be 0E       		.uleb128 0xe
 686 04bf CE020000 		.4byte	.LASF92
 687 04c3 10       		.byte	0x10
 688 04c4 08       		.byte	0x8
 689 04c5 5303     		.2byte	0x353
 690 04c7 0D050000 		.4byte	0x50d
 691 04cb 0F       		.uleb128 0xf
 692 04cc F8010000 		.4byte	.LASF93
 693 04d0 08       		.byte	0x8
 694 04d1 5403     		.2byte	0x354
 695 04d3 C2090000 		.4byte	0x9c2
 696 04d7 00       		.byte	0
 697 04d8 0F       		.uleb128 0xf
 698 04d9 76000000 		.4byte	.LASF94
 699 04dd 08       		.byte	0x8
 700 04de 5503     		.2byte	0x355
 701 04e0 C2090000 		.4byte	0x9c2
 702 04e4 04       		.byte	0x4
 703 04e5 0F       		.uleb128 0xf
 704 04e6 65010000 		.4byte	.LASF95
 705 04ea 08       		.byte	0x8
 706 04eb 5603     		.2byte	0x356
ARM GAS  C:\Users\batuh\AppData\Local\Temp\cckRo0QO.s 			page 14


 707 04ed E0030000 		.4byte	0x3e0
 708 04f1 08       		.byte	0x8
 709 04f2 0F       		.uleb128 0xf
 710 04f3 BB040000 		.4byte	.LASF96
 711 04f7 08       		.byte	0x8
 712 04f8 5703     		.2byte	0x357
 713 04fa E0030000 		.4byte	0x3e0
 714 04fe 0A       		.byte	0xa
 715 04ff 0F       		.uleb128 0xf
 716 0500 02040000 		.4byte	.LASF97
 717 0504 08       		.byte	0x8
 718 0505 5803     		.2byte	0x358
 719 0507 E0030000 		.4byte	0x3e0
 720 050b 0C       		.byte	0xc
 721 050c 00       		.byte	0
 722 050d 08       		.uleb128 0x8
 723 050e 71000000 		.4byte	.LASF98
 724 0512 08       		.byte	0x8
 725 0513 8A02     		.2byte	0x28a
 726 0515 19050000 		.4byte	0x519
 727 0519 0E       		.uleb128 0xe
 728 051a 89070000 		.4byte	.LASF99
 729 051e 30       		.byte	0x30
 730 051f 08       		.byte	0x8
 731 0520 7E03     		.2byte	0x37e
 732 0522 82050000 		.4byte	0x582
 733 0526 0F       		.uleb128 0xf
 734 0527 70030000 		.4byte	.LASF100
 735 052b 08       		.byte	0x8
 736 052c 8003     		.2byte	0x380
 737 052e 0C040000 		.4byte	0x40c
 738 0532 00       		.byte	0
 739 0533 0F       		.uleb128 0xf
 740 0534 24040000 		.4byte	.LASF101
 741 0538 08       		.byte	0x8
 742 0539 8103     		.2byte	0x381
 743 053b BC090000 		.4byte	0x9bc
 744 053f 04       		.byte	0x4
 745 0540 0F       		.uleb128 0xf
 746 0541 EF010000 		.4byte	.LASF102
 747 0545 08       		.byte	0x8
 748 0546 8203     		.2byte	0x382
 749 0548 01090000 		.4byte	0x901
 750 054c 08       		.byte	0x8
 751 054d 0F       		.uleb128 0xf
 752 054e D4070000 		.4byte	.LASF103
 753 0552 08       		.byte	0x8
 754 0553 8403     		.2byte	0x384
 755 0555 C8090000 		.4byte	0x9c8
 756 0559 14       		.byte	0x14
 757 055a 0F       		.uleb128 0xf
 758 055b F2020000 		.4byte	.LASF104
 759 055f 08       		.byte	0x8
 760 0560 8503     		.2byte	0x385
 761 0562 C8090000 		.4byte	0x9c8
 762 0566 18       		.byte	0x18
 763 0567 0F       		.uleb128 0xf
ARM GAS  C:\Users\batuh\AppData\Local\Temp\cckRo0QO.s 			page 15


 764 0568 96020000 		.4byte	.LASF105
 765 056c 08       		.byte	0x8
 766 056d 8603     		.2byte	0x386
 767 056f BC090000 		.4byte	0x9bc
 768 0573 1C       		.byte	0x1c
 769 0574 0F       		.uleb128 0xf
 770 0575 5F070000 		.4byte	.LASF106
 771 0579 08       		.byte	0x8
 772 057a 8903     		.2byte	0x389
 773 057c B2040000 		.4byte	0x4b2
 774 0580 20       		.byte	0x20
 775 0581 00       		.byte	0
 776 0582 08       		.uleb128 0x8
 777 0583 DF070000 		.4byte	.LASF107
 778 0587 08       		.byte	0x8
 779 0588 8E02     		.2byte	0x28e
 780 058a 6C030000 		.4byte	0x36c
 781 058e 08       		.uleb128 0x8
 782 058f 0A060000 		.4byte	.LASF108
 783 0593 08       		.byte	0x8
 784 0594 9002     		.2byte	0x290
 785 0596 9A050000 		.4byte	0x59a
 786 059a 0E       		.uleb128 0xe
 787 059b 56020000 		.4byte	.LASF109
 788 059f C0       		.byte	0xc0
 789 05a0 08       		.byte	0x8
 790 05a1 AB03     		.2byte	0x3ab
 791 05a3 3E080000 		.4byte	0x83e
 792 05a7 0F       		.uleb128 0xf
 793 05a8 CE010000 		.4byte	.LASF110
 794 05ac 08       		.byte	0x8
 795 05ad AC03     		.2byte	0x3ac
 796 05af CE090000 		.4byte	0x9ce
 797 05b3 00       		.byte	0
 798 05b4 0F       		.uleb128 0xf
 799 05b5 A9060000 		.4byte	.LASF111
 800 05b9 08       		.byte	0x8
 801 05ba AE03     		.2byte	0x3ae
 802 05bc B4000000 		.4byte	0xb4
 803 05c0 04       		.byte	0x4
 804 05c1 0F       		.uleb128 0xf
 805 05c2 58030000 		.4byte	.LASF112
 806 05c6 08       		.byte	0x8
 807 05c7 B003     		.2byte	0x3b0
 808 05c9 CE090000 		.4byte	0x9ce
 809 05cd 08       		.byte	0x8
 810 05ce 0F       		.uleb128 0xf
 811 05cf 15010000 		.4byte	.LASF87
 812 05d3 08       		.byte	0x8
 813 05d4 B203     		.2byte	0x3b2
 814 05d6 AA090000 		.4byte	0x9aa
 815 05da 0C       		.byte	0xc
 816 05db 0F       		.uleb128 0xf
 817 05dc 62060000 		.4byte	.LASF113
 818 05e0 08       		.byte	0x8
 819 05e1 B303     		.2byte	0x3b3
 820 05e3 AA090000 		.4byte	0x9aa
ARM GAS  C:\Users\batuh\AppData\Local\Temp\cckRo0QO.s 			page 16


 821 05e7 10       		.byte	0x10
 822 05e8 0F       		.uleb128 0xf
 823 05e9 D2000000 		.4byte	.LASF114
 824 05ed 08       		.byte	0x8
 825 05ee B503     		.2byte	0x3b5
 826 05f0 AA090000 		.4byte	0x9aa
 827 05f4 14       		.byte	0x14
 828 05f5 0F       		.uleb128 0xf
 829 05f6 45060000 		.4byte	.LASF115
 830 05fa 08       		.byte	0x8
 831 05fb B603     		.2byte	0x3b6
 832 05fd AA090000 		.4byte	0x9aa
 833 0601 18       		.byte	0x18
 834 0602 0F       		.uleb128 0xf
 835 0603 A6000000 		.4byte	.LASF116
 836 0607 08       		.byte	0x8
 837 0608 B803     		.2byte	0x3b8
 838 060a D4090000 		.4byte	0x9d4
 839 060e 1C       		.byte	0x1c
 840 060f 0F       		.uleb128 0xf
 841 0610 24040000 		.4byte	.LASF101
 842 0614 08       		.byte	0x8
 843 0615 BA03     		.2byte	0x3ba
 844 0617 BC090000 		.4byte	0x9bc
 845 061b 20       		.byte	0x20
 846 061c 0F       		.uleb128 0xf
 847 061d 93060000 		.4byte	.LASF117
 848 0621 08       		.byte	0x8
 849 0622 BC03     		.2byte	0x3bc
 850 0624 CE090000 		.4byte	0x9ce
 851 0628 24       		.byte	0x24
 852 0629 0F       		.uleb128 0xf
 853 062a 35070000 		.4byte	.LASF118
 854 062e 08       		.byte	0x8
 855 062f C203     		.2byte	0x3c2
 856 0631 82050000 		.4byte	0x582
 857 0635 28       		.byte	0x28
 858 0636 0F       		.uleb128 0xf
 859 0637 72060000 		.4byte	.LASF119
 860 063b 08       		.byte	0x8
 861 063c C303     		.2byte	0x3c3
 862 063e B4000000 		.4byte	0xb4
 863 0642 2C       		.byte	0x2c
 864 0643 0F       		.uleb128 0xf
 865 0644 D4050000 		.4byte	.LASF120
 866 0648 08       		.byte	0x8
 867 0649 C503     		.2byte	0x3c5
 868 064b B0090000 		.4byte	0x9b0
 869 064f 30       		.byte	0x30
 870 0650 0F       		.uleb128 0xf
 871 0651 EE040000 		.4byte	.LASF121
 872 0655 08       		.byte	0x8
 873 0656 C603     		.2byte	0x3c6
 874 0658 43040000 		.4byte	0x443
 875 065c 34       		.byte	0x34
 876 065d 0F       		.uleb128 0xf
 877 065e CB060000 		.4byte	.LASF122
ARM GAS  C:\Users\batuh\AppData\Local\Temp\cckRo0QO.s 			page 17


 878 0662 08       		.byte	0x8
 879 0663 C703     		.2byte	0x3c7
 880 0665 4E040000 		.4byte	0x44e
 881 0669 35       		.byte	0x35
 882 066a 0F       		.uleb128 0xf
 883 066b E4040000 		.4byte	.LASF123
 884 066f 08       		.byte	0x8
 885 0670 C903     		.2byte	0x3c9
 886 0672 43040000 		.4byte	0x443
 887 0676 36       		.byte	0x36
 888 0677 0F       		.uleb128 0xf
 889 0678 98030000 		.4byte	.LASF124
 890 067c 08       		.byte	0x8
 891 067d CA03     		.2byte	0x3ca
 892 067f 22040000 		.4byte	0x422
 893 0683 37       		.byte	0x37
 894 0684 0F       		.uleb128 0xf
 895 0685 1D060000 		.4byte	.LASF125
 896 0689 08       		.byte	0x8
 897 068a CB03     		.2byte	0x3cb
 898 068c 93030000 		.4byte	0x393
 899 0690 38       		.byte	0x38
 900 0691 10       		.uleb128 0x10
 901 0692 4F707400 		.ascii	"Opt\000"
 902 0696 08       		.byte	0x8
 903 0697 CC03     		.2byte	0x3cc
 904 0699 17040000 		.4byte	0x417
 905 069d 3C       		.byte	0x3c
 906 069e 0F       		.uleb128 0xf
 907 069f 8B040000 		.4byte	.LASF126
 908 06a3 08       		.byte	0x8
 909 06a4 CE03     		.2byte	0x3ce
 910 06a6 01040000 		.4byte	0x401
 911 06aa 3E       		.byte	0x3e
 912 06ab 10       		.uleb128 0x10
 913 06ac 545300   		.ascii	"TS\000"
 914 06af 08       		.byte	0x8
 915 06b0 D003     		.2byte	0x3d0
 916 06b2 A9030000 		.4byte	0x3a9
 917 06b6 40       		.byte	0x40
 918 06b7 0F       		.uleb128 0xf
 919 06b8 9E040000 		.4byte	.LASF127
 920 06bc 08       		.byte	0x8
 921 06bd D203     		.2byte	0x3d2
 922 06bf 38040000 		.4byte	0x438
 923 06c3 44       		.byte	0x44
 924 06c4 0F       		.uleb128 0xf
 925 06c5 33040000 		.4byte	.LASF128
 926 06c9 08       		.byte	0x8
 927 06ca D503     		.2byte	0x3d5
 928 06cc 59040000 		.4byte	0x459
 929 06d0 48       		.byte	0x48
 930 06d1 0F       		.uleb128 0xf
 931 06d2 F2060000 		.4byte	.LASF129
 932 06d6 08       		.byte	0x8
 933 06d7 D603     		.2byte	0x3d6
 934 06d9 59040000 		.4byte	0x459
ARM GAS  C:\Users\batuh\AppData\Local\Temp\cckRo0QO.s 			page 18


 935 06dd 4C       		.byte	0x4c
 936 06de 0F       		.uleb128 0xf
 937 06df 34060000 		.4byte	.LASF130
 938 06e3 08       		.byte	0x8
 939 06e4 D703     		.2byte	0x3d7
 940 06e6 59040000 		.4byte	0x459
 941 06ea 50       		.byte	0x50
 942 06eb 0F       		.uleb128 0xf
 943 06ec 68020000 		.4byte	.LASF131
 944 06f0 08       		.byte	0x8
 945 06f1 D903     		.2byte	0x3d9
 946 06f3 59040000 		.4byte	0x459
 947 06f7 54       		.byte	0x54
 948 06f8 0F       		.uleb128 0xf
 949 06f9 BF050000 		.4byte	.LASF132
 950 06fd 08       		.byte	0x8
 951 06fe DA03     		.2byte	0x3da
 952 0700 59040000 		.4byte	0x459
 953 0704 58       		.byte	0x58
 954 0705 0F       		.uleb128 0xf
 955 0706 91030000 		.4byte	.LASF88
 956 070a 08       		.byte	0x8
 957 070b DD03     		.2byte	0x3dd
 958 070d B4000000 		.4byte	0xb4
 959 0711 5C       		.byte	0x5c
 960 0712 0F       		.uleb128 0xf
 961 0713 F1050000 		.4byte	.LASF89
 962 0717 08       		.byte	0x8
 963 0718 DE03     		.2byte	0x3de
 964 071a EB030000 		.4byte	0x3eb
 965 071e 60       		.byte	0x60
 966 071f 0F       		.uleb128 0xf
 967 0720 5F070000 		.4byte	.LASF106
 968 0724 08       		.byte	0x8
 969 0725 E203     		.2byte	0x3e2
 970 0727 B2040000 		.4byte	0x4b2
 971 072b 64       		.byte	0x64
 972 072c 0F       		.uleb128 0xf
 973 072d 74010000 		.4byte	.LASF133
 974 0731 08       		.byte	0x8
 975 0732 E403     		.2byte	0x3e4
 976 0734 A9030000 		.4byte	0x3a9
 977 0738 74       		.byte	0x74
 978 0739 0F       		.uleb128 0xf
 979 073a FC000000 		.4byte	.LASF134
 980 073e 08       		.byte	0x8
 981 073f E503     		.2byte	0x3e5
 982 0741 A9030000 		.4byte	0x3a9
 983 0745 78       		.byte	0x78
 984 0746 0F       		.uleb128 0xf
 985 0747 00000000 		.4byte	.LASF135
 986 074b 08       		.byte	0x8
 987 074c EA03     		.2byte	0x3ea
 988 074e DA090000 		.4byte	0x9da
 989 0752 7C       		.byte	0x7c
 990 0753 0F       		.uleb128 0xf
 991 0754 2A060000 		.4byte	.LASF136
ARM GAS  C:\Users\batuh\AppData\Local\Temp\cckRo0QO.s 			page 19


 992 0758 08       		.byte	0x8
 993 0759 EE03     		.2byte	0x3ee
 994 075b D5030000 		.4byte	0x3d5
 995 075f 80       		.byte	0x80
 996 0760 0F       		.uleb128 0xf
 997 0761 1B040000 		.4byte	.LASF137
 998 0765 08       		.byte	0x8
 999 0766 EF03     		.2byte	0x3ef
 1000 0768 D5030000 		.4byte	0x3d5
 1001 076c 84       		.byte	0x84
 1002 076d 0F       		.uleb128 0xf
 1003 076e 8A060000 		.4byte	.LASF138
 1004 0772 08       		.byte	0x8
 1005 0773 F003     		.2byte	0x3f0
 1006 0775 17040000 		.4byte	0x417
 1007 0779 88       		.byte	0x88
 1008 077a 0F       		.uleb128 0xf
 1009 077b 10040000 		.4byte	.LASF139
 1010 077f 08       		.byte	0x8
 1011 0780 F403     		.2byte	0x3f4
 1012 0782 F6030000 		.4byte	0x3f6
 1013 0786 8A       		.byte	0x8a
 1014 0787 0F       		.uleb128 0xf
 1015 0788 B3000000 		.4byte	.LASF140
 1016 078c 08       		.byte	0x8
 1017 078d F803     		.2byte	0x3f8
 1018 078f B4030000 		.4byte	0x3b4
 1019 0793 8C       		.byte	0x8c
 1020 0794 0F       		.uleb128 0xf
 1021 0795 12000000 		.4byte	.LASF141
 1022 0799 08       		.byte	0x8
 1023 079a F903     		.2byte	0x3f9
 1024 079c B4030000 		.4byte	0x3b4
 1025 07a0 8E       		.byte	0x8e
 1026 07a1 0F       		.uleb128 0xf
 1027 07a2 8D020000 		.4byte	.LASF142
 1028 07a6 08       		.byte	0x8
 1029 07a7 FA03     		.2byte	0x3fa
 1030 07a9 BF030000 		.4byte	0x3bf
 1031 07ad 90       		.byte	0x90
 1032 07ae 0F       		.uleb128 0xf
 1033 07af 08030000 		.4byte	.LASF143
 1034 07b3 08       		.byte	0x8
 1035 07b4 FB03     		.2byte	0x3fb
 1036 07b6 A9030000 		.4byte	0x3a9
 1037 07ba 94       		.byte	0x94
 1038 07bb 0F       		.uleb128 0xf
 1039 07bc 43070000 		.4byte	.LASF144
 1040 07c0 08       		.byte	0x8
 1041 07c1 FC03     		.2byte	0x3fc
 1042 07c3 A9030000 		.4byte	0x3a9
 1043 07c7 98       		.byte	0x98
 1044 07c8 0F       		.uleb128 0xf
 1045 07c9 45030000 		.4byte	.LASF145
 1046 07cd 08       		.byte	0x8
 1047 07ce FD03     		.2byte	0x3fd
 1048 07d0 CA030000 		.4byte	0x3ca
ARM GAS  C:\Users\batuh\AppData\Local\Temp\cckRo0QO.s 			page 20


 1049 07d4 9C       		.byte	0x9c
 1050 07d5 0F       		.uleb128 0xf
 1051 07d6 D6060000 		.4byte	.LASF146
 1052 07da 08       		.byte	0x8
 1053 07db FE03     		.2byte	0x3fe
 1054 07dd CA030000 		.4byte	0x3ca
 1055 07e1 A0       		.byte	0xa0
 1056 07e2 0F       		.uleb128 0xf
 1057 07e3 29000000 		.4byte	.LASF147
 1058 07e7 08       		.byte	0x8
 1059 07e8 0004     		.2byte	0x400
 1060 07ea A9030000 		.4byte	0x3a9
 1061 07ee A4       		.byte	0xa4
 1062 07ef 0F       		.uleb128 0xf
 1063 07f0 A6010000 		.4byte	.LASF148
 1064 07f4 08       		.byte	0x8
 1065 07f5 0104     		.2byte	0x401
 1066 07f7 A9030000 		.4byte	0x3a9
 1067 07fb A8       		.byte	0xa8
 1068 07fc 0F       		.uleb128 0xf
 1069 07fd 7D000000 		.4byte	.LASF149
 1070 0801 08       		.byte	0x8
 1071 0802 0504     		.2byte	0x405
 1072 0804 93030000 		.4byte	0x393
 1073 0808 AC       		.byte	0xac
 1074 0809 0F       		.uleb128 0xf
 1075 080a 5A060000 		.4byte	.LASF150
 1076 080e 08       		.byte	0x8
 1077 080f 0604     		.2byte	0x406
 1078 0811 93030000 		.4byte	0x393
 1079 0815 B0       		.byte	0xb0
 1080 0816 0F       		.uleb128 0xf
 1081 0817 D4070000 		.4byte	.LASF103
 1082 081b 08       		.byte	0x8
 1083 081c 1104     		.2byte	0x411
 1084 081e AA090000 		.4byte	0x9aa
 1085 0822 B4       		.byte	0xb4
 1086 0823 0F       		.uleb128 0xf
 1087 0824 F2020000 		.4byte	.LASF104
 1088 0828 08       		.byte	0x8
 1089 0829 1204     		.2byte	0x412
 1090 082b AA090000 		.4byte	0x9aa
 1091 082f B8       		.byte	0xb8
 1092 0830 0F       		.uleb128 0xf
 1093 0831 96020000 		.4byte	.LASF105
 1094 0835 08       		.byte	0x8
 1095 0836 1304     		.2byte	0x413
 1096 0838 BC090000 		.4byte	0x9bc
 1097 083c BC       		.byte	0xbc
 1098 083d 00       		.byte	0
 1099 083e 08       		.uleb128 0x8
 1100 083f DE000000 		.4byte	.LASF151
 1101 0843 08       		.byte	0x8
 1102 0844 9E02     		.2byte	0x29e
 1103 0846 4A080000 		.4byte	0x84a
 1104 084a 0E       		.uleb128 0xe
 1105 084b B3020000 		.4byte	.LASF152
ARM GAS  C:\Users\batuh\AppData\Local\Temp\cckRo0QO.s 			page 21


 1106 084f 08       		.byte	0x8
 1107 0850 08       		.byte	0x8
 1108 0851 1E04     		.2byte	0x41e
 1109 0853 7F080000 		.4byte	0x87f
 1110 0857 0F       		.uleb128 0xf
 1111 0858 9D030000 		.4byte	.LASF153
 1112 085c 08       		.byte	0x8
 1113 085d 1F04     		.2byte	0x41f
 1114 085f AA090000 		.4byte	0x9aa
 1115 0863 00       		.byte	0
 1116 0864 0F       		.uleb128 0xf
 1117 0865 BB040000 		.4byte	.LASF96
 1118 0869 08       		.byte	0x8
 1119 086a 2004     		.2byte	0x420
 1120 086c 01040000 		.4byte	0x401
 1121 0870 04       		.byte	0x4
 1122 0871 0F       		.uleb128 0xf
 1123 0872 02040000 		.4byte	.LASF97
 1124 0876 08       		.byte	0x8
 1125 0877 2104     		.2byte	0x421
 1126 0879 01040000 		.4byte	0x401
 1127 087d 06       		.byte	0x6
 1128 087e 00       		.byte	0
 1129 087f 08       		.uleb128 0x8
 1130 0880 5F040000 		.4byte	.LASF154
 1131 0884 08       		.byte	0x8
 1132 0885 A502     		.2byte	0x2a5
 1133 0887 8B080000 		.4byte	0x88b
 1134 088b 0E       		.uleb128 0xe
 1135 088c 72040000 		.4byte	.LASF155
 1136 0890 20       		.byte	0x20
 1137 0891 08       		.byte	0x8
 1138 0892 DD02     		.2byte	0x2dd
 1139 0894 01090000 		.4byte	0x901
 1140 0898 0F       		.uleb128 0xf
 1141 0899 62060000 		.4byte	.LASF113
 1142 089d 08       		.byte	0x8
 1143 089e DE02     		.2byte	0x2de
 1144 08a0 B0090000 		.4byte	0x9b0
 1145 08a4 00       		.byte	0
 1146 08a5 0F       		.uleb128 0xf
 1147 08a6 15010000 		.4byte	.LASF87
 1148 08aa 08       		.byte	0x8
 1149 08ab DF02     		.2byte	0x2df
 1150 08ad B0090000 		.4byte	0x9b0
 1151 08b1 04       		.byte	0x4
 1152 08b2 0F       		.uleb128 0xf
 1153 08b3 6A000000 		.4byte	.LASF156
 1154 08b7 08       		.byte	0x8
 1155 08b8 E002     		.2byte	0x2e0
 1156 08ba AA090000 		.4byte	0x9aa
 1157 08be 08       		.byte	0x8
 1158 08bf 0F       		.uleb128 0xf
 1159 08c0 9E060000 		.4byte	.LASF157
 1160 08c4 08       		.byte	0x8
 1161 08c5 E102     		.2byte	0x2e1
 1162 08c7 B6090000 		.4byte	0x9b6
ARM GAS  C:\Users\batuh\AppData\Local\Temp\cckRo0QO.s 			page 22


 1163 08cb 0C       		.byte	0xc
 1164 08cc 0F       		.uleb128 0xf
 1165 08cd 92010000 		.4byte	.LASF158
 1166 08d1 08       		.byte	0x8
 1167 08d2 E202     		.2byte	0x2e2
 1168 08d4 B6090000 		.4byte	0x9b6
 1169 08d8 10       		.byte	0x10
 1170 08d9 0F       		.uleb128 0xf
 1171 08da 9C010000 		.4byte	.LASF159
 1172 08de 08       		.byte	0x8
 1173 08df E302     		.2byte	0x2e3
 1174 08e1 B4000000 		.4byte	0xb4
 1175 08e5 14       		.byte	0x14
 1176 08e6 0F       		.uleb128 0xf
 1177 08e7 7F060000 		.4byte	.LASF160
 1178 08eb 08       		.byte	0x8
 1179 08ec E402     		.2byte	0x2e4
 1180 08ee EB030000 		.4byte	0x3eb
 1181 08f2 18       		.byte	0x18
 1182 08f3 0F       		.uleb128 0xf
 1183 08f4 AD020000 		.4byte	.LASF161
 1184 08f8 08       		.byte	0x8
 1185 08f9 E502     		.2byte	0x2e5
 1186 08fb A9030000 		.4byte	0x3a9
 1187 08ff 1C       		.byte	0x1c
 1188 0900 00       		.byte	0
 1189 0901 08       		.uleb128 0x8
 1190 0902 9D070000 		.4byte	.LASF162
 1191 0906 08       		.byte	0x8
 1192 0907 A602     		.2byte	0x2a6
 1193 0909 0D090000 		.4byte	0x90d
 1194 090d 0E       		.uleb128 0xe
 1195 090e CD040000 		.4byte	.LASF163
 1196 0912 0C       		.byte	0xc
 1197 0913 08       		.byte	0x8
 1198 0914 E902     		.2byte	0x2e9
 1199 0916 42090000 		.4byte	0x942
 1200 091a 0F       		.uleb128 0xf
 1201 091b 4C000000 		.4byte	.LASF164
 1202 091f 08       		.byte	0x8
 1203 0920 EA02     		.2byte	0x2ea
 1204 0922 B0090000 		.4byte	0x9b0
 1205 0926 00       		.byte	0
 1206 0927 0F       		.uleb128 0xf
 1207 0928 FF060000 		.4byte	.LASF165
 1208 092c 08       		.byte	0x8
 1209 092d EB02     		.2byte	0x2eb
 1210 092f B0090000 		.4byte	0x9b0
 1211 0933 04       		.byte	0x4
 1212 0934 0F       		.uleb128 0xf
 1213 0935 BB040000 		.4byte	.LASF96
 1214 0939 08       		.byte	0x8
 1215 093a EC02     		.2byte	0x2ec
 1216 093c 01040000 		.4byte	0x401
 1217 0940 08       		.byte	0x8
 1218 0941 00       		.byte	0
 1219 0942 08       		.uleb128 0x8
ARM GAS  C:\Users\batuh\AppData\Local\Temp\cckRo0QO.s 			page 23


 1220 0943 D2030000 		.4byte	.LASF166
 1221 0947 08       		.byte	0x8
 1222 0948 A702     		.2byte	0x2a7
 1223 094a 4E090000 		.4byte	0x94e
 1224 094e 0E       		.uleb128 0xe
 1225 094f 7F030000 		.4byte	.LASF167
 1226 0953 20       		.byte	0x20
 1227 0954 08       		.byte	0x8
 1228 0955 FF02     		.2byte	0x2ff
 1229 0957 AA090000 		.4byte	0x9aa
 1230 095b 0F       		.uleb128 0xf
 1231 095c 70030000 		.4byte	.LASF100
 1232 0960 08       		.byte	0x8
 1233 0961 0003     		.2byte	0x300
 1234 0963 0C040000 		.4byte	0x40c
 1235 0967 00       		.byte	0
 1236 0968 0F       		.uleb128 0xf
 1237 0969 24040000 		.4byte	.LASF101
 1238 096d 08       		.byte	0x8
 1239 096e 0103     		.2byte	0x301
 1240 0970 BC090000 		.4byte	0x9bc
 1241 0974 04       		.byte	0x4
 1242 0975 0F       		.uleb128 0xf
 1243 0976 EF010000 		.4byte	.LASF102
 1244 097a 08       		.byte	0x8
 1245 097b 0203     		.2byte	0x302
 1246 097d 01090000 		.4byte	0x901
 1247 0981 08       		.byte	0x8
 1248 0982 0F       		.uleb128 0xf
 1249 0983 D4070000 		.4byte	.LASF103
 1250 0987 08       		.byte	0x8
 1251 0988 0403     		.2byte	0x304
 1252 098a B4000000 		.4byte	0xb4
 1253 098e 14       		.byte	0x14
 1254 098f 0F       		.uleb128 0xf
 1255 0990 F2020000 		.4byte	.LASF104
 1256 0994 08       		.byte	0x8
 1257 0995 0503     		.2byte	0x305
 1258 0997 B4000000 		.4byte	0xb4
 1259 099b 18       		.byte	0x18
 1260 099c 0F       		.uleb128 0xf
 1261 099d 96020000 		.4byte	.LASF105
 1262 09a1 08       		.byte	0x8
 1263 09a2 0603     		.2byte	0x306
 1264 09a4 BC090000 		.4byte	0x9bc
 1265 09a8 1C       		.byte	0x1c
 1266 09a9 00       		.byte	0
 1267 09aa 09       		.uleb128 0x9
 1268 09ab 04       		.byte	0x4
 1269 09ac 8E050000 		.4byte	0x58e
 1270 09b0 09       		.uleb128 0x9
 1271 09b1 04       		.byte	0x4
 1272 09b2 7F080000 		.4byte	0x87f
 1273 09b6 09       		.uleb128 0x9
 1274 09b7 04       		.byte	0x4
 1275 09b8 42090000 		.4byte	0x942
 1276 09bc 09       		.uleb128 0x9
ARM GAS  C:\Users\batuh\AppData\Local\Temp\cckRo0QO.s 			page 24


 1277 09bd 04       		.byte	0x4
 1278 09be 40030000 		.4byte	0x340
 1279 09c2 09       		.uleb128 0x9
 1280 09c3 04       		.byte	0x4
 1281 09c4 64040000 		.4byte	0x464
 1282 09c8 09       		.uleb128 0x9
 1283 09c9 04       		.byte	0x4
 1284 09ca 0D050000 		.4byte	0x50d
 1285 09ce 09       		.uleb128 0x9
 1286 09cf 04       		.byte	0x4
 1287 09d0 88030000 		.4byte	0x388
 1288 09d4 09       		.uleb128 0x9
 1289 09d5 04       		.byte	0x4
 1290 09d6 3E080000 		.4byte	0x83e
 1291 09da 11       		.uleb128 0x11
 1292 09db 2D040000 		.4byte	0x42d
 1293 09df EA090000 		.4byte	0x9ea
 1294 09e3 12       		.uleb128 0x12
 1295 09e4 B6000000 		.4byte	0xb6
 1296 09e8 00       		.byte	0
 1297 09e9 00       		.byte	0
 1298 09ea 13       		.uleb128 0x13
 1299 09eb A1020000 		.4byte	.LASF179
 1300 09ef 01       		.byte	0x1
 1301 09f0 07       		.byte	0x7
 1302 09f1 00000000 		.4byte	.LFB64
 1303 09f5 58000000 		.4byte	.LFE64-.LFB64
 1304 09f9 01       		.uleb128 0x1
 1305 09fa 9C       		.byte	0x9c
 1306 09fb 8E0A0000 		.4byte	0xa8e
 1307 09ff 14       		.uleb128 0x14
 1308 0a00 64657600 		.ascii	"dev\000"
 1309 0a04 01       		.byte	0x1
 1310 0a05 07       		.byte	0x7
 1311 0a06 8E0A0000 		.4byte	0xa8e
 1312 0a0a 00000000 		.4byte	.LLST0
 1313 0a0e 15       		.uleb128 0x15
 1314 0a0f C3070000 		.4byte	.LASF180
 1315 0a13 01       		.byte	0x1
 1316 0a14 13       		.byte	0x13
 1317 0a15 C4000000 		.4byte	0xc4
 1318 0a19 2C000000 		.4byte	.LLST1
 1319 0a1d 16       		.uleb128 0x16
 1320 0a1e 20000000 		.4byte	.LVL2
 1321 0a22 E90A0000 		.4byte	0xae9
 1322 0a26 400A0000 		.4byte	0xa40
 1323 0a2a 17       		.uleb128 0x17
 1324 0a2b 01       		.uleb128 0x1
 1325 0a2c 50       		.byte	0x50
 1326 0a2d 02       		.uleb128 0x2
 1327 0a2e 08       		.byte	0x8
 1328 0a2f 50       		.byte	0x50
 1329 0a30 17       		.uleb128 0x17
 1330 0a31 01       		.uleb128 0x1
 1331 0a32 51       		.byte	0x51
 1332 0a33 05       		.uleb128 0x5
 1333 0a34 03       		.byte	0x3
ARM GAS  C:\Users\batuh\AppData\Local\Temp\cckRo0QO.s 			page 25


 1334 0a35 00000000 		.4byte	.LC0
 1335 0a39 17       		.uleb128 0x17
 1336 0a3a 01       		.uleb128 0x1
 1337 0a3b 52       		.byte	0x52
 1338 0a3c 02       		.uleb128 0x2
 1339 0a3d 08       		.byte	0x8
 1340 0a3e 60       		.byte	0x60
 1341 0a3f 00       		.byte	0
 1342 0a40 16       		.uleb128 0x16
 1343 0a41 26000000 		.4byte	.LVL3
 1344 0a45 F40A0000 		.4byte	0xaf4
 1345 0a49 540A0000 		.4byte	0xa54
 1346 0a4d 17       		.uleb128 0x17
 1347 0a4e 01       		.uleb128 0x1
 1348 0a4f 50       		.byte	0x50
 1349 0a50 02       		.uleb128 0x2
 1350 0a51 74       		.byte	0x74
 1351 0a52 00       		.sleb128 0
 1352 0a53 00       		.byte	0
 1353 0a54 16       		.uleb128 0x16
 1354 0a55 32000000 		.4byte	.LVL5
 1355 0a59 E90A0000 		.4byte	0xae9
 1356 0a5d 700A0000 		.4byte	0xa70
 1357 0a61 17       		.uleb128 0x17
 1358 0a62 01       		.uleb128 0x1
 1359 0a63 50       		.byte	0x50
 1360 0a64 01       		.uleb128 0x1
 1361 0a65 34       		.byte	0x34
 1362 0a66 17       		.uleb128 0x17
 1363 0a67 01       		.uleb128 0x1
 1364 0a68 51       		.byte	0x51
 1365 0a69 05       		.uleb128 0x5
 1366 0a6a 03       		.byte	0x3
 1367 0a6b 34000000 		.4byte	.LC1
 1368 0a6f 00       		.byte	0
 1369 0a70 18       		.uleb128 0x18
 1370 0a71 3E000000 		.4byte	.LVL8
 1371 0a75 E90A0000 		.4byte	0xae9
 1372 0a79 17       		.uleb128 0x17
 1373 0a7a 01       		.uleb128 0x1
 1374 0a7b 50       		.byte	0x50
 1375 0a7c 01       		.uleb128 0x1
 1376 0a7d 31       		.byte	0x31
 1377 0a7e 17       		.uleb128 0x17
 1378 0a7f 01       		.uleb128 0x1
 1379 0a80 51       		.byte	0x51
 1380 0a81 05       		.uleb128 0x5
 1381 0a82 03       		.byte	0x3
 1382 0a83 54000000 		.4byte	.LC2
 1383 0a87 17       		.uleb128 0x17
 1384 0a88 01       		.uleb128 0x1
 1385 0a89 52       		.byte	0x52
 1386 0a8a 01       		.uleb128 0x1
 1387 0a8b 30       		.byte	0x30
 1388 0a8c 00       		.byte	0
 1389 0a8d 00       		.byte	0
 1390 0a8e 09       		.uleb128 0x9
ARM GAS  C:\Users\batuh\AppData\Local\Temp\cckRo0QO.s 			page 26


 1391 0a8f 04       		.byte	0x4
 1392 0a90 C3020000 		.4byte	0x2c3
 1393 0a94 19       		.uleb128 0x19
 1394 0a95 C5000000 		.4byte	.LASF168
 1395 0a99 09       		.byte	0x9
 1396 0a9a 1207     		.2byte	0x712
 1397 0a9c A00A0000 		.4byte	0xaa0
 1398 0aa0 1A       		.uleb128 0x1a
 1399 0aa1 F0000000 		.4byte	0xf0
 1400 0aa5 1B       		.uleb128 0x1b
 1401 0aa6 0C010000 		.4byte	.LASF169
 1402 0aaa 0A       		.byte	0xa
 1403 0aab 1D       		.byte	0x1d
 1404 0aac 0D050000 		.4byte	0x50d
 1405 0ab0 05       		.uleb128 0x5
 1406 0ab1 03       		.byte	0x3
 1407 0ab2 00000000 		.4byte	CommQI2C
 1408 0ab6 1B       		.uleb128 0x1b
 1409 0ab7 7A020000 		.4byte	.LASF170
 1410 0abb 0A       		.byte	0xa
 1411 0abc 1E       		.byte	0x1e
 1412 0abd 0D050000 		.4byte	0x50d
 1413 0ac1 05       		.uleb128 0x5
 1414 0ac2 03       		.byte	0x3
 1415 0ac3 00000000 		.4byte	CommQSPI
 1416 0ac7 1B       		.uleb128 0x1b
 1417 0ac8 B5010000 		.4byte	.LASF171
 1418 0acc 0A       		.byte	0xa
 1419 0acd 1F       		.byte	0x1f
 1420 0ace 0D050000 		.4byte	0x50d
 1421 0ad2 05       		.uleb128 0x5
 1422 0ad3 03       		.byte	0x3
 1423 0ad4 00000000 		.4byte	CommQProcessDataOximeter
 1424 0ad8 1B       		.uleb128 0x1b
 1425 0ad9 19070000 		.4byte	.LASF172
 1426 0add 0A       		.byte	0xa
 1427 0ade 20       		.byte	0x20
 1428 0adf 0D050000 		.4byte	0x50d
 1429 0ae3 05       		.uleb128 0x5
 1430 0ae4 03       		.byte	0x3
 1431 0ae5 00000000 		.4byte	CommQProcessDataEnvironment
 1432 0ae9 1C       		.uleb128 0x1c
 1433 0aea CA070000 		.4byte	.LASF173
 1434 0aee CA070000 		.4byte	.LASF173
 1435 0af2 0B       		.byte	0xb
 1436 0af3 36       		.byte	0x36
 1437 0af4 1C       		.uleb128 0x1c
 1438 0af5 64030000 		.4byte	.LASF174
 1439 0af9 64030000 		.4byte	.LASF174
 1440 0afd 0C       		.byte	0xc
 1441 0afe 55       		.byte	0x55
 1442 0aff 00       		.byte	0
 1443              		.section	.debug_abbrev,"",%progbits
 1444              	.Ldebug_abbrev0:
 1445 0000 01       		.uleb128 0x1
 1446 0001 11       		.uleb128 0x11
 1447 0002 01       		.byte	0x1
ARM GAS  C:\Users\batuh\AppData\Local\Temp\cckRo0QO.s 			page 27


 1448 0003 25       		.uleb128 0x25
 1449 0004 0E       		.uleb128 0xe
 1450 0005 13       		.uleb128 0x13
 1451 0006 0B       		.uleb128 0xb
 1452 0007 03       		.uleb128 0x3
 1453 0008 0E       		.uleb128 0xe
 1454 0009 1B       		.uleb128 0x1b
 1455 000a 0E       		.uleb128 0xe
 1456 000b 55       		.uleb128 0x55
 1457 000c 17       		.uleb128 0x17
 1458 000d 11       		.uleb128 0x11
 1459 000e 01       		.uleb128 0x1
 1460 000f 10       		.uleb128 0x10
 1461 0010 17       		.uleb128 0x17
 1462 0011 00       		.byte	0
 1463 0012 00       		.byte	0
 1464 0013 02       		.uleb128 0x2
 1465 0014 16       		.uleb128 0x16
 1466 0015 00       		.byte	0
 1467 0016 03       		.uleb128 0x3
 1468 0017 0E       		.uleb128 0xe
 1469 0018 3A       		.uleb128 0x3a
 1470 0019 0B       		.uleb128 0xb
 1471 001a 3B       		.uleb128 0x3b
 1472 001b 0B       		.uleb128 0xb
 1473 001c 49       		.uleb128 0x49
 1474 001d 13       		.uleb128 0x13
 1475 001e 00       		.byte	0
 1476 001f 00       		.byte	0
 1477 0020 03       		.uleb128 0x3
 1478 0021 24       		.uleb128 0x24
 1479 0022 00       		.byte	0
 1480 0023 0B       		.uleb128 0xb
 1481 0024 0B       		.uleb128 0xb
 1482 0025 3E       		.uleb128 0x3e
 1483 0026 0B       		.uleb128 0xb
 1484 0027 03       		.uleb128 0x3
 1485 0028 0E       		.uleb128 0xe
 1486 0029 00       		.byte	0
 1487 002a 00       		.byte	0
 1488 002b 04       		.uleb128 0x4
 1489 002c 24       		.uleb128 0x24
 1490 002d 00       		.byte	0
 1491 002e 0B       		.uleb128 0xb
 1492 002f 0B       		.uleb128 0xb
 1493 0030 3E       		.uleb128 0x3e
 1494 0031 0B       		.uleb128 0xb
 1495 0032 03       		.uleb128 0x3
 1496 0033 08       		.uleb128 0x8
 1497 0034 00       		.byte	0
 1498 0035 00       		.byte	0
 1499 0036 05       		.uleb128 0x5
 1500 0037 0F       		.uleb128 0xf
 1501 0038 00       		.byte	0
 1502 0039 0B       		.uleb128 0xb
 1503 003a 0B       		.uleb128 0xb
 1504 003b 00       		.byte	0
ARM GAS  C:\Users\batuh\AppData\Local\Temp\cckRo0QO.s 			page 28


 1505 003c 00       		.byte	0
 1506 003d 06       		.uleb128 0x6
 1507 003e 04       		.uleb128 0x4
 1508 003f 01       		.byte	0x1
 1509 0040 03       		.uleb128 0x3
 1510 0041 0E       		.uleb128 0xe
 1511 0042 0B       		.uleb128 0xb
 1512 0043 0B       		.uleb128 0xb
 1513 0044 49       		.uleb128 0x49
 1514 0045 13       		.uleb128 0x13
 1515 0046 3A       		.uleb128 0x3a
 1516 0047 0B       		.uleb128 0xb
 1517 0048 3B       		.uleb128 0x3b
 1518 0049 05       		.uleb128 0x5
 1519 004a 01       		.uleb128 0x1
 1520 004b 13       		.uleb128 0x13
 1521 004c 00       		.byte	0
 1522 004d 00       		.byte	0
 1523 004e 07       		.uleb128 0x7
 1524 004f 28       		.uleb128 0x28
 1525 0050 00       		.byte	0
 1526 0051 03       		.uleb128 0x3
 1527 0052 0E       		.uleb128 0xe
 1528 0053 1C       		.uleb128 0x1c
 1529 0054 0B       		.uleb128 0xb
 1530 0055 00       		.byte	0
 1531 0056 00       		.byte	0
 1532 0057 08       		.uleb128 0x8
 1533 0058 16       		.uleb128 0x16
 1534 0059 00       		.byte	0
 1535 005a 03       		.uleb128 0x3
 1536 005b 0E       		.uleb128 0xe
 1537 005c 3A       		.uleb128 0x3a
 1538 005d 0B       		.uleb128 0xb
 1539 005e 3B       		.uleb128 0x3b
 1540 005f 05       		.uleb128 0x5
 1541 0060 49       		.uleb128 0x49
 1542 0061 13       		.uleb128 0x13
 1543 0062 00       		.byte	0
 1544 0063 00       		.byte	0
 1545 0064 09       		.uleb128 0x9
 1546 0065 0F       		.uleb128 0xf
 1547 0066 00       		.byte	0
 1548 0067 0B       		.uleb128 0xb
 1549 0068 0B       		.uleb128 0xb
 1550 0069 49       		.uleb128 0x49
 1551 006a 13       		.uleb128 0x13
 1552 006b 00       		.byte	0
 1553 006c 00       		.byte	0
 1554 006d 0A       		.uleb128 0xa
 1555 006e 15       		.uleb128 0x15
 1556 006f 01       		.byte	0x1
 1557 0070 27       		.uleb128 0x27
 1558 0071 19       		.uleb128 0x19
 1559 0072 49       		.uleb128 0x49
 1560 0073 13       		.uleb128 0x13
 1561 0074 01       		.uleb128 0x1
ARM GAS  C:\Users\batuh\AppData\Local\Temp\cckRo0QO.s 			page 29


 1562 0075 13       		.uleb128 0x13
 1563 0076 00       		.byte	0
 1564 0077 00       		.byte	0
 1565 0078 0B       		.uleb128 0xb
 1566 0079 05       		.uleb128 0x5
 1567 007a 00       		.byte	0
 1568 007b 49       		.uleb128 0x49
 1569 007c 13       		.uleb128 0x13
 1570 007d 00       		.byte	0
 1571 007e 00       		.byte	0
 1572 007f 0C       		.uleb128 0xc
 1573 0080 26       		.uleb128 0x26
 1574 0081 00       		.byte	0
 1575 0082 49       		.uleb128 0x49
 1576 0083 13       		.uleb128 0x13
 1577 0084 00       		.byte	0
 1578 0085 00       		.byte	0
 1579 0086 0D       		.uleb128 0xd
 1580 0087 15       		.uleb128 0x15
 1581 0088 01       		.byte	0x1
 1582 0089 27       		.uleb128 0x27
 1583 008a 19       		.uleb128 0x19
 1584 008b 01       		.uleb128 0x1
 1585 008c 13       		.uleb128 0x13
 1586 008d 00       		.byte	0
 1587 008e 00       		.byte	0
 1588 008f 0E       		.uleb128 0xe
 1589 0090 13       		.uleb128 0x13
 1590 0091 01       		.byte	0x1
 1591 0092 03       		.uleb128 0x3
 1592 0093 0E       		.uleb128 0xe
 1593 0094 0B       		.uleb128 0xb
 1594 0095 0B       		.uleb128 0xb
 1595 0096 3A       		.uleb128 0x3a
 1596 0097 0B       		.uleb128 0xb
 1597 0098 3B       		.uleb128 0x3b
 1598 0099 05       		.uleb128 0x5
 1599 009a 01       		.uleb128 0x1
 1600 009b 13       		.uleb128 0x13
 1601 009c 00       		.byte	0
 1602 009d 00       		.byte	0
 1603 009e 0F       		.uleb128 0xf
 1604 009f 0D       		.uleb128 0xd
 1605 00a0 00       		.byte	0
 1606 00a1 03       		.uleb128 0x3
 1607 00a2 0E       		.uleb128 0xe
 1608 00a3 3A       		.uleb128 0x3a
 1609 00a4 0B       		.uleb128 0xb
 1610 00a5 3B       		.uleb128 0x3b
 1611 00a6 05       		.uleb128 0x5
 1612 00a7 49       		.uleb128 0x49
 1613 00a8 13       		.uleb128 0x13
 1614 00a9 38       		.uleb128 0x38
 1615 00aa 0B       		.uleb128 0xb
 1616 00ab 00       		.byte	0
 1617 00ac 00       		.byte	0
 1618 00ad 10       		.uleb128 0x10
ARM GAS  C:\Users\batuh\AppData\Local\Temp\cckRo0QO.s 			page 30


 1619 00ae 0D       		.uleb128 0xd
 1620 00af 00       		.byte	0
 1621 00b0 03       		.uleb128 0x3
 1622 00b1 08       		.uleb128 0x8
 1623 00b2 3A       		.uleb128 0x3a
 1624 00b3 0B       		.uleb128 0xb
 1625 00b4 3B       		.uleb128 0x3b
 1626 00b5 05       		.uleb128 0x5
 1627 00b6 49       		.uleb128 0x49
 1628 00b7 13       		.uleb128 0x13
 1629 00b8 38       		.uleb128 0x38
 1630 00b9 0B       		.uleb128 0xb
 1631 00ba 00       		.byte	0
 1632 00bb 00       		.byte	0
 1633 00bc 11       		.uleb128 0x11
 1634 00bd 01       		.uleb128 0x1
 1635 00be 01       		.byte	0x1
 1636 00bf 49       		.uleb128 0x49
 1637 00c0 13       		.uleb128 0x13
 1638 00c1 01       		.uleb128 0x1
 1639 00c2 13       		.uleb128 0x13
 1640 00c3 00       		.byte	0
 1641 00c4 00       		.byte	0
 1642 00c5 12       		.uleb128 0x12
 1643 00c6 21       		.uleb128 0x21
 1644 00c7 00       		.byte	0
 1645 00c8 49       		.uleb128 0x49
 1646 00c9 13       		.uleb128 0x13
 1647 00ca 2F       		.uleb128 0x2f
 1648 00cb 0B       		.uleb128 0xb
 1649 00cc 00       		.byte	0
 1650 00cd 00       		.byte	0
 1651 00ce 13       		.uleb128 0x13
 1652 00cf 2E       		.uleb128 0x2e
 1653 00d0 01       		.byte	0x1
 1654 00d1 3F       		.uleb128 0x3f
 1655 00d2 19       		.uleb128 0x19
 1656 00d3 03       		.uleb128 0x3
 1657 00d4 0E       		.uleb128 0xe
 1658 00d5 3A       		.uleb128 0x3a
 1659 00d6 0B       		.uleb128 0xb
 1660 00d7 3B       		.uleb128 0x3b
 1661 00d8 0B       		.uleb128 0xb
 1662 00d9 27       		.uleb128 0x27
 1663 00da 19       		.uleb128 0x19
 1664 00db 11       		.uleb128 0x11
 1665 00dc 01       		.uleb128 0x1
 1666 00dd 12       		.uleb128 0x12
 1667 00de 06       		.uleb128 0x6
 1668 00df 40       		.uleb128 0x40
 1669 00e0 18       		.uleb128 0x18
 1670 00e1 9742     		.uleb128 0x2117
 1671 00e3 19       		.uleb128 0x19
 1672 00e4 01       		.uleb128 0x1
 1673 00e5 13       		.uleb128 0x13
 1674 00e6 00       		.byte	0
 1675 00e7 00       		.byte	0
ARM GAS  C:\Users\batuh\AppData\Local\Temp\cckRo0QO.s 			page 31


 1676 00e8 14       		.uleb128 0x14
 1677 00e9 05       		.uleb128 0x5
 1678 00ea 00       		.byte	0
 1679 00eb 03       		.uleb128 0x3
 1680 00ec 08       		.uleb128 0x8
 1681 00ed 3A       		.uleb128 0x3a
 1682 00ee 0B       		.uleb128 0xb
 1683 00ef 3B       		.uleb128 0x3b
 1684 00f0 0B       		.uleb128 0xb
 1685 00f1 49       		.uleb128 0x49
 1686 00f2 13       		.uleb128 0x13
 1687 00f3 02       		.uleb128 0x2
 1688 00f4 17       		.uleb128 0x17
 1689 00f5 00       		.byte	0
 1690 00f6 00       		.byte	0
 1691 00f7 15       		.uleb128 0x15
 1692 00f8 34       		.uleb128 0x34
 1693 00f9 00       		.byte	0
 1694 00fa 03       		.uleb128 0x3
 1695 00fb 0E       		.uleb128 0xe
 1696 00fc 3A       		.uleb128 0x3a
 1697 00fd 0B       		.uleb128 0xb
 1698 00fe 3B       		.uleb128 0x3b
 1699 00ff 0B       		.uleb128 0xb
 1700 0100 49       		.uleb128 0x49
 1701 0101 13       		.uleb128 0x13
 1702 0102 02       		.uleb128 0x2
 1703 0103 17       		.uleb128 0x17
 1704 0104 00       		.byte	0
 1705 0105 00       		.byte	0
 1706 0106 16       		.uleb128 0x16
 1707 0107 898201   		.uleb128 0x4109
 1708 010a 01       		.byte	0x1
 1709 010b 11       		.uleb128 0x11
 1710 010c 01       		.uleb128 0x1
 1711 010d 31       		.uleb128 0x31
 1712 010e 13       		.uleb128 0x13
 1713 010f 01       		.uleb128 0x1
 1714 0110 13       		.uleb128 0x13
 1715 0111 00       		.byte	0
 1716 0112 00       		.byte	0
 1717 0113 17       		.uleb128 0x17
 1718 0114 8A8201   		.uleb128 0x410a
 1719 0117 00       		.byte	0
 1720 0118 02       		.uleb128 0x2
 1721 0119 18       		.uleb128 0x18
 1722 011a 9142     		.uleb128 0x2111
 1723 011c 18       		.uleb128 0x18
 1724 011d 00       		.byte	0
 1725 011e 00       		.byte	0
 1726 011f 18       		.uleb128 0x18
 1727 0120 898201   		.uleb128 0x4109
 1728 0123 01       		.byte	0x1
 1729 0124 11       		.uleb128 0x11
 1730 0125 01       		.uleb128 0x1
 1731 0126 31       		.uleb128 0x31
 1732 0127 13       		.uleb128 0x13
ARM GAS  C:\Users\batuh\AppData\Local\Temp\cckRo0QO.s 			page 32


 1733 0128 00       		.byte	0
 1734 0129 00       		.byte	0
 1735 012a 19       		.uleb128 0x19
 1736 012b 34       		.uleb128 0x34
 1737 012c 00       		.byte	0
 1738 012d 03       		.uleb128 0x3
 1739 012e 0E       		.uleb128 0xe
 1740 012f 3A       		.uleb128 0x3a
 1741 0130 0B       		.uleb128 0xb
 1742 0131 3B       		.uleb128 0x3b
 1743 0132 05       		.uleb128 0x5
 1744 0133 49       		.uleb128 0x49
 1745 0134 13       		.uleb128 0x13
 1746 0135 3F       		.uleb128 0x3f
 1747 0136 19       		.uleb128 0x19
 1748 0137 3C       		.uleb128 0x3c
 1749 0138 19       		.uleb128 0x19
 1750 0139 00       		.byte	0
 1751 013a 00       		.byte	0
 1752 013b 1A       		.uleb128 0x1a
 1753 013c 35       		.uleb128 0x35
 1754 013d 00       		.byte	0
 1755 013e 49       		.uleb128 0x49
 1756 013f 13       		.uleb128 0x13
 1757 0140 00       		.byte	0
 1758 0141 00       		.byte	0
 1759 0142 1B       		.uleb128 0x1b
 1760 0143 34       		.uleb128 0x34
 1761 0144 00       		.byte	0
 1762 0145 03       		.uleb128 0x3
 1763 0146 0E       		.uleb128 0xe
 1764 0147 3A       		.uleb128 0x3a
 1765 0148 0B       		.uleb128 0xb
 1766 0149 3B       		.uleb128 0x3b
 1767 014a 0B       		.uleb128 0xb
 1768 014b 49       		.uleb128 0x49
 1769 014c 13       		.uleb128 0x13
 1770 014d 3F       		.uleb128 0x3f
 1771 014e 19       		.uleb128 0x19
 1772 014f 02       		.uleb128 0x2
 1773 0150 18       		.uleb128 0x18
 1774 0151 00       		.byte	0
 1775 0152 00       		.byte	0
 1776 0153 1C       		.uleb128 0x1c
 1777 0154 2E       		.uleb128 0x2e
 1778 0155 00       		.byte	0
 1779 0156 3F       		.uleb128 0x3f
 1780 0157 19       		.uleb128 0x19
 1781 0158 3C       		.uleb128 0x3c
 1782 0159 19       		.uleb128 0x19
 1783 015a 6E       		.uleb128 0x6e
 1784 015b 0E       		.uleb128 0xe
 1785 015c 03       		.uleb128 0x3
 1786 015d 0E       		.uleb128 0xe
 1787 015e 3A       		.uleb128 0x3a
 1788 015f 0B       		.uleb128 0xb
 1789 0160 3B       		.uleb128 0x3b
ARM GAS  C:\Users\batuh\AppData\Local\Temp\cckRo0QO.s 			page 33


 1790 0161 0B       		.uleb128 0xb
 1791 0162 00       		.byte	0
 1792 0163 00       		.byte	0
 1793 0164 00       		.byte	0
 1794              		.section	.debug_loc,"",%progbits
 1795              	.Ldebug_loc0:
 1796              	.LLST0:
 1797 0000 00000000 		.4byte	.LVL0
 1798 0004 1C000000 		.4byte	.LVL1
 1799 0008 0100     		.2byte	0x1
 1800 000a 50       		.byte	0x50
 1801 000b 1C000000 		.4byte	.LVL1
 1802 000f 40000000 		.4byte	.LVL9
 1803 0013 0100     		.2byte	0x1
 1804 0015 54       		.byte	0x54
 1805 0016 40000000 		.4byte	.LVL9
 1806 001a 58000000 		.4byte	.LFE64
 1807 001e 0400     		.2byte	0x4
 1808 0020 F3       		.byte	0xf3
 1809 0021 01       		.uleb128 0x1
 1810 0022 50       		.byte	0x50
 1811 0023 9F       		.byte	0x9f
 1812 0024 00000000 		.4byte	0
 1813 0028 00000000 		.4byte	0
 1814              	.LLST1:
 1815 002c 26000000 		.4byte	.LVL3
 1816 0030 2E000000 		.4byte	.LVL4
 1817 0034 0100     		.2byte	0x1
 1818 0036 50       		.byte	0x50
 1819 0037 34000000 		.4byte	.LVL6
 1820 003b 3A000000 		.4byte	.LVL7
 1821 003f 0100     		.2byte	0x1
 1822 0041 50       		.byte	0x50
 1823 0042 00000000 		.4byte	0
 1824 0046 00000000 		.4byte	0
 1825              		.section	.debug_aranges,"",%progbits
 1826 0000 1C000000 		.4byte	0x1c
 1827 0004 0200     		.2byte	0x2
 1828 0006 00000000 		.4byte	.Ldebug_info0
 1829 000a 04       		.byte	0x4
 1830 000b 00       		.byte	0
 1831 000c 0000     		.2byte	0
 1832 000e 0000     		.2byte	0
 1833 0010 00000000 		.4byte	.LFB64
 1834 0014 58000000 		.4byte	.LFE64-.LFB64
 1835 0018 00000000 		.4byte	0
 1836 001c 00000000 		.4byte	0
 1837              		.section	.debug_ranges,"",%progbits
 1838              	.Ldebug_ranges0:
 1839 0000 00000000 		.4byte	.LFB64
 1840 0004 58000000 		.4byte	.LFE64
 1841 0008 00000000 		.4byte	0
 1842 000c 00000000 		.4byte	0
 1843              		.section	.debug_line,"",%progbits
 1844              	.Ldebug_line0:
 1845 0000 26020000 		.section	.debug_str,"MS",%progbits,1
 1845      02000902 
ARM GAS  C:\Users\batuh\AppData\Local\Temp\cckRo0QO.s 			page 34


 1845      00000201 
 1845      FB0E0D00 
 1845      01010101 
 1846              	.LASF135:
 1847 0000 52656754 		.ascii	"RegTbl\000"
 1847      626C00
 1848              	.LASF81:
 1849 0007 4F535F53 		.ascii	"OS_SEM_CTR\000"
 1849      454D5F43 
 1849      545200
 1850              	.LASF141:
 1851 0012 43505555 		.ascii	"CPUUsageMax\000"
 1851      73616765 
 1851      4D617800 
 1852              	.LASF63:
 1853 001e 4350555F 		.ascii	"CPU_INT32U\000"
 1853      494E5433 
 1853      325500
 1854              	.LASF147:
 1855 0029 53656D50 		.ascii	"SemPendTime\000"
 1855      656E6454 
 1855      696D6500 
 1856              	.LASF28:
 1857 0035 626D6532 		.ascii	"bme280_delay_us_fptr_t\000"
 1857      38305F64 
 1857      656C6179 
 1857      5F75735F 
 1857      66707472 
 1858              	.LASF164:
 1859 004c 48656164 		.ascii	"HeadPtr\000"
 1859      50747200 
 1860              	.LASF2:
 1861 0054 7369676E 		.ascii	"signed char\000"
 1861      65642063 
 1861      68617200 
 1862              	.LASF1:
 1863 0060 5F5F7569 		.ascii	"__uint8_t\000"
 1863      6E74385F 
 1863      7400
 1864              	.LASF156:
 1865 006a 54434250 		.ascii	"TCBPtr\000"
 1865      747200
 1866              	.LASF98:
 1867 0071 4F535F51 		.ascii	"OS_Q\000"
 1867      00
 1868              	.LASF94:
 1869 0076 4F757450 		.ascii	"OutPtr\000"
 1869      747200
 1870              	.LASF149:
 1871 007d 53746B55 		.ascii	"StkUsed\000"
 1871      73656400 
 1872              	.LASF83:
 1873 0085 4F535F53 		.ascii	"OS_STATUS\000"
 1873      54415455 
 1873      5300
 1874              	.LASF13:
 1875 008f 6C6F6E67 		.ascii	"long long unsigned int\000"
ARM GAS  C:\Users\batuh\AppData\Local\Temp\cckRo0QO.s 			page 35


 1875      206C6F6E 
 1875      6720756E 
 1875      7369676E 
 1875      65642069 
 1876              	.LASF116:
 1877 00a6 5469636B 		.ascii	"TickSpokePtr\000"
 1877      53706F6B 
 1877      65507472 
 1877      00
 1878              	.LASF140:
 1879 00b3 43505555 		.ascii	"CPUUsage\000"
 1879      73616765 
 1879      00
 1880              	.LASF0:
 1881 00bc 5F5F696E 		.ascii	"__int8_t\000"
 1881      74385F74 
 1881      00
 1882              	.LASF168:
 1883 00c5 49544D5F 		.ascii	"ITM_RxBuffer\000"
 1883      52784275 
 1883      66666572 
 1883      00
 1884              	.LASF114:
 1885 00d2 5469636B 		.ascii	"TickNextPtr\000"
 1885      4E657874 
 1885      50747200 
 1886              	.LASF151:
 1887 00de 4F535F54 		.ascii	"OS_TICK_SPOKE\000"
 1887      49434B5F 
 1887      53504F4B 
 1887      4500
 1888              	.LASF82:
 1889 00ec 4F535F53 		.ascii	"OS_STATE\000"
 1889      54415445 
 1889      00
 1890              	.LASF85:
 1891 00f5 4F535F4D 		.ascii	"OS_MSG\000"
 1891      534700
 1892              	.LASF134:
 1893 00fc 4D736751 		.ascii	"MsgQPendTimeMax\000"
 1893      50656E64 
 1893      54696D65 
 1893      4D617800 
 1894              	.LASF169:
 1895 010c 436F6D6D 		.ascii	"CommQI2C\000"
 1895      51493243 
 1895      00
 1896              	.LASF87:
 1897 0115 4E657874 		.ascii	"NextPtr\000"
 1897      50747200 
 1898              	.LASF12:
 1899 011d 6C6F6E67 		.ascii	"long long int\000"
 1899      206C6F6E 
 1899      6720696E 
 1899      7400
 1900              	.LASF65:
 1901 012b 4350555F 		.ascii	"CPU_STK\000"
ARM GAS  C:\Users\batuh\AppData\Local\Temp\cckRo0QO.s 			page 36


 1901      53544B00 
 1902              	.LASF72:
 1903 0133 4F535F46 		.ascii	"OS_FLAGS\000"
 1903      4C414753 
 1903      00
 1904              	.LASF74:
 1905 013c 4F535F4D 		.ascii	"OS_MSG_SIZE\000"
 1905      53475F53 
 1905      495A4500 
 1906              	.LASF60:
 1907 0148 4350555F 		.ascii	"CPU_CHAR\000"
 1907      43484152 
 1907      00
 1908              	.LASF27:
 1909 0151 626D6532 		.ascii	"bme280_write_fptr_t\000"
 1909      38305F77 
 1909      72697465 
 1909      5F667074 
 1909      725F7400 
 1910              	.LASF95:
 1911 0165 4E627245 		.ascii	"NbrEntriesSize\000"
 1911      6E747269 
 1911      65735369 
 1911      7A6500
 1912              	.LASF133:
 1913 0174 4D736751 		.ascii	"MsgQPendTime\000"
 1913      50656E64 
 1913      54696D65 
 1913      00
 1914              	.LASF84:
 1915 0181 4F535F54 		.ascii	"OS_TICK\000"
 1915      49434B00 
 1916              	.LASF9:
 1917 0189 6C6F6E67 		.ascii	"long int\000"
 1917      20696E74 
 1917      00
 1918              	.LASF158:
 1919 0192 5264794F 		.ascii	"RdyObjPtr\000"
 1919      626A5074 
 1919      7200
 1920              	.LASF159:
 1921 019c 5264794D 		.ascii	"RdyMsgPtr\000"
 1921      73675074 
 1921      7200
 1922              	.LASF148:
 1923 01a6 53656D50 		.ascii	"SemPendTimeMax\000"
 1923      656E6454 
 1923      696D654D 
 1923      617800
 1924              	.LASF171:
 1925 01b5 436F6D6D 		.ascii	"CommQProcessDataOximeter\000"
 1925      5150726F 
 1925      63657373 
 1925      44617461 
 1925      4F78696D 
 1926              	.LASF110:
 1927 01ce 53746B50 		.ascii	"StkPtr\000"
ARM GAS  C:\Users\batuh\AppData\Local\Temp\cckRo0QO.s 			page 37


 1927      747200
 1928              	.LASF26:
 1929 01d5 626D6532 		.ascii	"bme280_read_fptr_t\000"
 1929      38305F72 
 1929      6561645F 
 1929      66707472 
 1929      5F7400
 1930              	.LASF48:
 1931 01e8 646F7562 		.ascii	"double\000"
 1931      6C6500
 1932              	.LASF102:
 1933 01ef 50656E64 		.ascii	"PendList\000"
 1933      4C697374 
 1933      00
 1934              	.LASF93:
 1935 01f8 496E5074 		.ascii	"InPtr\000"
 1935      7200
 1936              	.LASF75:
 1937 01fe 4F535F4E 		.ascii	"OS_NESTING_CTR\000"
 1937      45535449 
 1937      4E475F43 
 1937      545200
 1938              	.LASF44:
 1939 020d 6469675F 		.ascii	"dig_h4\000"
 1939      683400
 1940              	.LASF176:
 1941 0214 626D6532 		.ascii	"bme280_interface.c\000"
 1941      38305F69 
 1941      6E746572 
 1941      66616365 
 1941      2E6300
 1942              	.LASF46:
 1943 0227 6469675F 		.ascii	"dig_h6\000"
 1943      683600
 1944              	.LASF7:
 1945 022e 73686F72 		.ascii	"short unsigned int\000"
 1945      7420756E 
 1945      7369676E 
 1945      65642069 
 1945      6E7400
 1946              	.LASF54:
 1947 0241 696E7466 		.ascii	"intf_rslt\000"
 1947      5F72736C 
 1947      7400
 1948              	.LASF6:
 1949 024b 5F5F7569 		.ascii	"__uint16_t\000"
 1949      6E743136 
 1949      5F7400
 1950              	.LASF109:
 1951 0256 6F735F74 		.ascii	"os_tcb\000"
 1951      636200
 1952              	.LASF10:
 1953 025d 5F5F7569 		.ascii	"__uint32_t\000"
 1953      6E743332 
 1953      5F7400
 1954              	.LASF131:
 1955 0268 54696D65 		.ascii	"TimeQuanta\000"
ARM GAS  C:\Users\batuh\AppData\Local\Temp\cckRo0QO.s 			page 38


 1955      5175616E 
 1955      746100
 1956              	.LASF47:
 1957 0273 745F6669 		.ascii	"t_fine\000"
 1957      6E6500
 1958              	.LASF170:
 1959 027a 436F6D6D 		.ascii	"CommQSPI\000"
 1959      51535049 
 1959      00
 1960              	.LASF4:
 1961 0283 5F5F696E 		.ascii	"__int16_t\000"
 1961      7431365F 
 1961      7400
 1962              	.LASF142:
 1963 028d 43747853 		.ascii	"CtxSwCtr\000"
 1963      77437472 
 1963      00
 1964              	.LASF105:
 1965 0296 4462674E 		.ascii	"DbgNamePtr\000"
 1965      616D6550 
 1965      747200
 1966              	.LASF179:
 1967 02a1 424D4532 		.ascii	"BME280_Init\000"
 1967      38305F49 
 1967      6E697400 
 1968              	.LASF161:
 1969 02ad 52647954 		.ascii	"RdyTS\000"
 1969      5300
 1970              	.LASF152:
 1971 02b3 6F735F74 		.ascii	"os_tick_spoke\000"
 1971      69636B5F 
 1971      73706F6B 
 1971      6500
 1972              	.LASF14:
 1973 02c1 756E7369 		.ascii	"unsigned int\000"
 1973      676E6564 
 1973      20696E74 
 1973      00
 1974              	.LASF92:
 1975 02ce 6F735F6D 		.ascii	"os_msg_q\000"
 1975      73675F71 
 1975      00
 1976              	.LASF21:
 1977 02d7 75696E74 		.ascii	"uint16_t\000"
 1977      31365F74 
 1977      00
 1978              	.LASF11:
 1979 02e0 6C6F6E67 		.ascii	"long unsigned int\000"
 1979      20756E73 
 1979      69676E65 
 1979      6420696E 
 1979      7400
 1980              	.LASF104:
 1981 02f2 4462674E 		.ascii	"DbgNextPtr\000"
 1981      65787450 
 1981      747200
 1982              	.LASF61:
ARM GAS  C:\Users\batuh\AppData\Local\Temp\cckRo0QO.s 			page 39


 1983 02fd 4350555F 		.ascii	"CPU_INT08U\000"
 1983      494E5430 
 1983      385500
 1984              	.LASF143:
 1985 0308 4379636C 		.ascii	"CyclesDelta\000"
 1985      65734465 
 1985      6C746100 
 1986              	.LASF80:
 1987 0314 4F535F52 		.ascii	"OS_REG\000"
 1987      454700
 1988              	.LASF67:
 1989 031b 4350555F 		.ascii	"CPU_TS32\000"
 1989      54533332 
 1989      00
 1990              	.LASF66:
 1991 0324 4350555F 		.ascii	"CPU_STK_SIZE\000"
 1991      53544B5F 
 1991      53495A45 
 1991      00
 1992              	.LASF78:
 1993 0331 4F535F4F 		.ascii	"OS_OPT\000"
 1993      505400
 1994              	.LASF69:
 1995 0338 4F535F43 		.ascii	"OS_CPU_USAGE\000"
 1995      50555F55 
 1995      53414745 
 1995      00
 1996              	.LASF145:
 1997 0345 4379636C 		.ascii	"CyclesTotal\000"
 1997      6573546F 
 1997      74616C00 
 1998              	.LASF37:
 1999 0351 6469675F 		.ascii	"dig_p6\000"
 1999      703600
 2000              	.LASF112:
 2001 0358 53746B4C 		.ascii	"StkLimitPtr\000"
 2001      696D6974 
 2001      50747200 
 2002              	.LASF174:
 2003 0364 626D6532 		.ascii	"bme280_init\000"
 2003      38305F69 
 2003      6E697400 
 2004              	.LASF100:
 2005 0370 54797065 		.ascii	"Type\000"
 2005      00
 2006              	.LASF8:
 2007 0375 5F5F696E 		.ascii	"__int32_t\000"
 2007      7433325F 
 2007      7400
 2008              	.LASF167:
 2009 037f 6F735F70 		.ascii	"os_pend_obj\000"
 2009      656E645F 
 2009      6F626A00 
 2010              	.LASF56:
 2011 038b 77726974 		.ascii	"write\000"
 2011      6500
 2012              	.LASF88:
ARM GAS  C:\Users\batuh\AppData\Local\Temp\cckRo0QO.s 			page 40


 2013 0391 4D736750 		.ascii	"MsgPtr\000"
 2013      747200
 2014              	.LASF124:
 2015 0398 5072696F 		.ascii	"Prio\000"
 2015      00
 2016              	.LASF153:
 2017 039d 46697273 		.ascii	"FirstPtr\000"
 2017      74507472 
 2017      00
 2018              	.LASF64:
 2019 03a6 4350555F 		.ascii	"CPU_ADDR\000"
 2019      41444452 
 2019      00
 2020              	.LASF52:
 2021 03af 696E7466 		.ascii	"intf\000"
 2021      00
 2022              	.LASF29:
 2023 03b4 6469675F 		.ascii	"dig_t1\000"
 2023      743100
 2024              	.LASF30:
 2025 03bb 6469675F 		.ascii	"dig_t2\000"
 2025      743200
 2026              	.LASF31:
 2027 03c2 6469675F 		.ascii	"dig_t3\000"
 2027      743300
 2028              	.LASF16:
 2029 03c9 73697A65 		.ascii	"sizetype\000"
 2029      74797065 
 2029      00
 2030              	.LASF166:
 2031 03d2 4F535F50 		.ascii	"OS_PEND_OBJ\000"
 2031      454E445F 
 2031      4F424A00 
 2032              	.LASF70:
 2033 03de 4F535F43 		.ascii	"OS_CTX_SW_CTR\000"
 2033      54585F53 
 2033      575F4354 
 2033      5200
 2034              	.LASF73:
 2035 03ec 4F535F4D 		.ascii	"OS_MSG_QTY\000"
 2035      53475F51 
 2035      545900
 2036              	.LASF50:
 2037 03f7 626D6532 		.ascii	"bme280_dev\000"
 2037      38305F64 
 2037      657600
 2038              	.LASF97:
 2039 0402 4E627245 		.ascii	"NbrEntriesMax\000"
 2039      6E747269 
 2039      65734D61 
 2039      7800
 2040              	.LASF139:
 2041 0410 53757370 		.ascii	"SuspendCtr\000"
 2041      656E6443 
 2041      747200
 2042              	.LASF137:
 2043 041b 466C6167 		.ascii	"FlagsRdy\000"
ARM GAS  C:\Users\batuh\AppData\Local\Temp\cckRo0QO.s 			page 41


 2043      73526479 
 2043      00
 2044              	.LASF101:
 2045 0424 4E616D65 		.ascii	"NamePtr\000"
 2045      50747200 
 2046              	.LASF68:
 2047 042c 4350555F 		.ascii	"CPU_TS\000"
 2047      545300
 2048              	.LASF128:
 2049 0433 5469636B 		.ascii	"TickCtrPrev\000"
 2049      43747250 
 2049      72657600 
 2050              	.LASF41:
 2051 043f 6469675F 		.ascii	"dig_h1\000"
 2051      683100
 2052              	.LASF24:
 2053 0446 424D4532 		.ascii	"BME280_SPI_INTF\000"
 2053      38305F53 
 2053      50495F49 
 2053      4E544600 
 2054              	.LASF53:
 2055 0456 696E7466 		.ascii	"intf_ptr\000"
 2055      5F707472 
 2055      00
 2056              	.LASF154:
 2057 045f 4F535F50 		.ascii	"OS_PEND_DATA\000"
 2057      454E445F 
 2057      44415441 
 2057      00
 2058              	.LASF59:
 2059 046c 666C6F61 		.ascii	"float\000"
 2059      7400
 2060              	.LASF155:
 2061 0472 6F735F70 		.ascii	"os_pend_data\000"
 2061      656E645F 
 2061      64617461 
 2061      00
 2062              	.LASF77:
 2063 047f 4F535F4F 		.ascii	"OS_OBJ_TYPE\000"
 2063      424A5F54 
 2063      59504500 
 2064              	.LASF126:
 2065 048b 50656E64 		.ascii	"PendDataTblEntries\000"
 2065      44617461 
 2065      54626C45 
 2065      6E747269 
 2065      657300
 2066              	.LASF127:
 2067 049e 53656D43 		.ascii	"SemCtr\000"
 2067      747200
 2068              	.LASF22:
 2069 04a5 696E7433 		.ascii	"int32_t\000"
 2069      325F7400 
 2070              	.LASF3:
 2071 04ad 756E7369 		.ascii	"unsigned char\000"
 2071      676E6564 
 2071      20636861 
ARM GAS  C:\Users\batuh\AppData\Local\Temp\cckRo0QO.s 			page 42


 2071      7200
 2072              	.LASF96:
 2073 04bb 4E627245 		.ascii	"NbrEntries\000"
 2073      6E747269 
 2073      657300
 2074              	.LASF86:
 2075 04c6 6F735F6D 		.ascii	"os_msg\000"
 2075      736700
 2076              	.LASF163:
 2077 04cd 6F735F70 		.ascii	"os_pend_list\000"
 2077      656E645F 
 2077      6C697374 
 2077      00
 2078              	.LASF5:
 2079 04da 73686F72 		.ascii	"short int\000"
 2079      7420696E 
 2079      7400
 2080              	.LASF123:
 2081 04e4 5461736B 		.ascii	"TaskState\000"
 2081      53746174 
 2081      6500
 2082              	.LASF121:
 2083 04ee 50656E64 		.ascii	"PendOn\000"
 2083      4F6E00
 2084              	.LASF33:
 2085 04f5 6469675F 		.ascii	"dig_p2\000"
 2085      703200
 2086              	.LASF34:
 2087 04fc 6469675F 		.ascii	"dig_p3\000"
 2087      703300
 2088              	.LASF177:
 2089 0503 433A5C63 		.ascii	"C:\\cypress\\BodyAnalyzer\\esw_uCOS3_cykit.cydsn\000"
 2089      79707265 
 2089      73735C42 
 2089      6F647941 
 2089      6E616C79 
 2090              	.LASF175:
 2091 0531 474E5520 		.ascii	"GNU C11 5.4.1 20160609 (release) [ARM/embedded-5-br"
 2091      43313120 
 2091      352E342E 
 2091      31203230 
 2091      31363036 
 2092 0564 616E6368 		.ascii	"anch revision 237715] -mcpu=cortex-m3 -mthumb -g -O"
 2092      20726576 
 2092      6973696F 
 2092      6E203233 
 2092      37373135 
 2093 0597 67202D66 		.ascii	"g -ffunction-sections -ffat-lto-objects\000"
 2093      66756E63 
 2093      74696F6E 
 2093      2D736563 
 2093      74696F6E 
 2094              	.LASF132:
 2095 05bf 54696D65 		.ascii	"TimeQuantaCtr\000"
 2095      5175616E 
 2095      74614374 
 2095      7200
ARM GAS  C:\Users\batuh\AppData\Local\Temp\cckRo0QO.s 			page 43


 2096              	.LASF38:
 2097 05cd 6469675F 		.ascii	"dig_p7\000"
 2097      703700
 2098              	.LASF120:
 2099 05d4 50656E64 		.ascii	"PendDataTblPtr\000"
 2099      44617461 
 2099      54626C50 
 2099      747200
 2100              	.LASF39:
 2101 05e3 6469675F 		.ascii	"dig_p8\000"
 2101      703800
 2102              	.LASF40:
 2103 05ea 6469675F 		.ascii	"dig_p9\000"
 2103      703900
 2104              	.LASF89:
 2105 05f1 4D736753 		.ascii	"MsgSize\000"
 2105      697A6500 
 2106              	.LASF23:
 2107 05f9 75696E74 		.ascii	"uint32_t\000"
 2107      33325F74 
 2107      00
 2108              	.LASF51:
 2109 0602 63686970 		.ascii	"chip_id\000"
 2109      5F696400 
 2110              	.LASF108:
 2111 060a 4F535F54 		.ascii	"OS_TCB\000"
 2111      434200
 2112              	.LASF15:
 2113 0611 6C6F6E67 		.ascii	"long double\000"
 2113      20646F75 
 2113      626C6500 
 2114              	.LASF125:
 2115 061d 53746B53 		.ascii	"StkSize\000"
 2115      697A6500 
 2116              	.LASF17:
 2117 0625 63686172 		.ascii	"char\000"
 2117      00
 2118              	.LASF136:
 2119 062a 466C6167 		.ascii	"FlagsPend\000"
 2119      7350656E 
 2119      6400
 2120              	.LASF130:
 2121 0634 5469636B 		.ascii	"TickRemain\000"
 2121      52656D61 
 2121      696E00
 2122              	.LASF90:
 2123 063f 4D736754 		.ascii	"MsgTS\000"
 2123      5300
 2124              	.LASF115:
 2125 0645 5469636B 		.ascii	"TickPrevPtr\000"
 2125      50726576 
 2125      50747200 
 2126              	.LASF57:
 2127 0651 64656C61 		.ascii	"delay_us\000"
 2127      795F7573 
 2127      00
 2128              	.LASF150:
ARM GAS  C:\Users\batuh\AppData\Local\Temp\cckRo0QO.s 			page 44


 2129 065a 53746B46 		.ascii	"StkFree\000"
 2129      72656500 
 2130              	.LASF113:
 2131 0662 50726576 		.ascii	"PrevPtr\000"
 2131      50747200 
 2132              	.LASF79:
 2133 066a 4F535F50 		.ascii	"OS_PRIO\000"
 2133      52494F00 
 2134              	.LASF119:
 2135 0672 5461736B 		.ascii	"TaskEntryArg\000"
 2135      456E7472 
 2135      79417267 
 2135      00
 2136              	.LASF160:
 2137 067f 5264794D 		.ascii	"RdyMsgSize\000"
 2137      73675369 
 2137      7A6500
 2138              	.LASF138:
 2139 068a 466C6167 		.ascii	"FlagsOpt\000"
 2139      734F7074 
 2139      00
 2140              	.LASF117:
 2141 0693 53746B42 		.ascii	"StkBasePtr\000"
 2141      61736550 
 2141      747200
 2142              	.LASF157:
 2143 069e 50656E64 		.ascii	"PendObjPtr\000"
 2143      4F626A50 
 2143      747200
 2144              	.LASF111:
 2145 06a9 45787450 		.ascii	"ExtPtr\000"
 2145      747200
 2146              	.LASF18:
 2147 06b0 696E7438 		.ascii	"int8_t\000"
 2147      5F7400
 2148              	.LASF76:
 2149 06b7 4F535F4F 		.ascii	"OS_OBJ_QTY\000"
 2149      424A5F51 
 2149      545900
 2150              	.LASF91:
 2151 06c2 4F535F4D 		.ascii	"OS_MSG_Q\000"
 2151      53475F51 
 2151      00
 2152              	.LASF122:
 2153 06cb 50656E64 		.ascii	"PendStatus\000"
 2153      53746174 
 2153      757300
 2154              	.LASF146:
 2155 06d6 4379636C 		.ascii	"CyclesTotalPrev\000"
 2155      6573546F 
 2155      74616C50 
 2155      72657600 
 2156              	.LASF178:
 2157 06e6 626D6532 		.ascii	"bme280_intf\000"
 2157      38305F69 
 2157      6E746600 
 2158              	.LASF129:
ARM GAS  C:\Users\batuh\AppData\Local\Temp\cckRo0QO.s 			page 45


 2159 06f2 5469636B 		.ascii	"TickCtrMatch\000"
 2159      4374724D 
 2159      61746368 
 2159      00
 2160              	.LASF165:
 2161 06ff 5461696C 		.ascii	"TailPtr\000"
 2161      50747200 
 2162              	.LASF71:
 2163 0707 4F535F43 		.ascii	"OS_CYCLES\000"
 2163      59434C45 
 2163      5300
 2164              	.LASF19:
 2165 0711 75696E74 		.ascii	"uint8_t\000"
 2165      385F7400 
 2166              	.LASF172:
 2167 0719 436F6D6D 		.ascii	"CommQProcessDataEnvironment\000"
 2167      5150726F 
 2167      63657373 
 2167      44617461 
 2167      456E7669 
 2168              	.LASF118:
 2169 0735 5461736B 		.ascii	"TaskEntryAddr\000"
 2169      456E7472 
 2169      79416464 
 2169      7200
 2170              	.LASF144:
 2171 0743 4379636C 		.ascii	"CyclesStart\000"
 2171      65735374 
 2171      61727400 
 2172              	.LASF25:
 2173 074f 424D4532 		.ascii	"BME280_I2C_INTF\000"
 2173      38305F49 
 2173      32435F49 
 2173      4E544600 
 2174              	.LASF106:
 2175 075f 4D736751 		.ascii	"MsgQ\000"
 2175      00
 2176              	.LASF42:
 2177 0764 6469675F 		.ascii	"dig_h2\000"
 2177      683200
 2178              	.LASF43:
 2179 076b 6469675F 		.ascii	"dig_h3\000"
 2179      683300
 2180              	.LASF62:
 2181 0772 4350555F 		.ascii	"CPU_INT16U\000"
 2181      494E5431 
 2181      365500
 2182              	.LASF45:
 2183 077d 6469675F 		.ascii	"dig_h5\000"
 2183      683500
 2184              	.LASF55:
 2185 0784 72656164 		.ascii	"read\000"
 2185      00
 2186              	.LASF99:
 2187 0789 6F735F71 		.ascii	"os_q\000"
 2187      00
 2188              	.LASF32:
ARM GAS  C:\Users\batuh\AppData\Local\Temp\cckRo0QO.s 			page 46


 2189 078e 6469675F 		.ascii	"dig_p1\000"
 2189      703100
 2190              	.LASF20:
 2191 0795 696E7431 		.ascii	"int16_t\000"
 2191      365F7400 
 2192              	.LASF162:
 2193 079d 4F535F50 		.ascii	"OS_PEND_LIST\000"
 2193      454E445F 
 2193      4C495354 
 2193      00
 2194              	.LASF35:
 2195 07aa 6469675F 		.ascii	"dig_p4\000"
 2195      703400
 2196              	.LASF36:
 2197 07b1 6469675F 		.ascii	"dig_p5\000"
 2197      703500
 2198              	.LASF58:
 2199 07b8 63616C69 		.ascii	"calib_data\000"
 2199      625F6461 
 2199      746100
 2200              	.LASF180:
 2201 07c3 72657375 		.ascii	"result\000"
 2201      6C7400
 2202              	.LASF173:
 2203 07ca 4C6F675F 		.ascii	"Log_Write\000"
 2203      57726974 
 2203      6500
 2204              	.LASF103:
 2205 07d4 44626750 		.ascii	"DbgPrevPtr\000"
 2205      72657650 
 2205      747200
 2206              	.LASF107:
 2207 07df 4F535F54 		.ascii	"OS_TASK_PTR\000"
 2207      41534B5F 
 2207      50545200 
 2208              	.LASF49:
 2209 07eb 626D6532 		.ascii	"bme280_calib_data\000"
 2209      38305F63 
 2209      616C6962 
 2209      5F646174 
 2209      6100
 2210              		.ident	"GCC: (GNU Tools for ARM Embedded Processors) 5.4.1 20160609 (release) [ARM/embedded-5-bran
