ARM GAS  C:\Users\bernh\AppData\Local\Temp\ccVOF5i0.s 			page 1


   1              		.syntax unified
   2              		.cpu cortex-m3
   3              		.fpu softvfp
   4              		.eabi_attribute 20, 1
   5              		.eabi_attribute 21, 1
   6              		.eabi_attribute 23, 3
   7              		.eabi_attribute 24, 1
   8              		.eabi_attribute 25, 1
   9              		.eabi_attribute 26, 1
  10              		.eabi_attribute 30, 1
  11              		.eabi_attribute 34, 1
  12              		.eabi_attribute 18, 4
  13              		.thumb
  14              		.syntax unified
  15              		.file	"bsp_uart.c"
  16              		.text
  17              	.Ltext0:
  18              		.cfi_sections	.debug_frame
  19              		.section	.text.init_uart,"ax",%progbits
  20              		.align	2
  21              		.global	init_uart
  22              		.thumb
  23              		.thumb_func
  24              		.type	init_uart, %function
  25              	init_uart:
  26              	.LFB0:
  27              		.file 1 "bsp_uart.c"
   1:bsp_uart.c    **** /* ========================================
   2:bsp_uart.c    ****  *
   3:bsp_uart.c    ****  * Copyright YOUR COMPANY, THE YEAR
   4:bsp_uart.c    ****  * All Rights Reserved
   5:bsp_uart.c    ****  * UNPUBLISHED, LICENSED SOFTWARE.
   6:bsp_uart.c    ****  *
   7:bsp_uart.c    ****  * CONFIDENTIAL AND PROPRIETARY INFORMATION
   8:bsp_uart.c    ****  * WHICH IS THE PROPERTY OF your company.
   9:bsp_uart.c    ****  *
  10:bsp_uart.c    ****  * ========================================
  11:bsp_uart.c    **** */
  12:bsp_uart.c    **** 
  13:bsp_uart.c    **** #include <bsp_uart.h>
  14:bsp_uart.c    **** 
  15:bsp_uart.c    **** /*
  16:bsp_uart.c    **** ***************************************************************************************************
  17:bsp_uart.c    **** *                                       init_uart()
  18:bsp_uart.c    **** *
  19:bsp_uart.c    **** * Description : This function initializes the UART_1 communication module. Configuration: 115200,8N
  20:bsp_uart.c    **** *
  21:bsp_uart.c    **** * Argument(s) : none.
  22:bsp_uart.c    **** *
  23:bsp_uart.c    **** * Return(s)   : none.
  24:bsp_uart.c    **** *
  25:bsp_uart.c    **** * Caller(s)   : Application.
  26:bsp_uart.c    **** *
  27:bsp_uart.c    **** * Note(s)     : Not re-entrant.
  28:bsp_uart.c    **** ***************************************************************************************************
  29:bsp_uart.c    **** */
  30:bsp_uart.c    **** 
ARM GAS  C:\Users\bernh\AppData\Local\Temp\ccVOF5i0.s 			page 2


  31:bsp_uart.c    **** CPU_VOID init_uart(CPU_VOID)
  32:bsp_uart.c    **** {
  28              		.loc 1 32 0
  29              		.cfi_startproc
  30              		@ args = 0, pretend = 0, frame = 0
  31              		@ frame_needed = 0, uses_anonymous_args = 0
  32 0000 08B5     		push	{r3, lr}
  33              		.cfi_def_cfa_offset 8
  34              		.cfi_offset 3, -8
  35              		.cfi_offset 14, -4
  33:bsp_uart.c    ****     UART_1_Start();
  36              		.loc 1 33 0
  37 0002 FFF7FEFF 		bl	UART_1_Start
  38              	.LVL0:
  39 0006 08BD     		pop	{r3, pc}
  40              		.cfi_endproc
  41              	.LFE0:
  42              		.size	init_uart, .-init_uart
  43              		.section	.text.uart_get_byte,"ax",%progbits
  44              		.align	2
  45              		.global	uart_get_byte
  46              		.thumb
  47              		.thumb_func
  48              		.type	uart_get_byte, %function
  49              	uart_get_byte:
  50              	.LFB1:
  34:bsp_uart.c    **** }
  35:bsp_uart.c    **** 
  36:bsp_uart.c    **** /*
  37:bsp_uart.c    **** ***************************************************************************************************
  38:bsp_uart.c    **** *                                       uart_get_byte()
  39:bsp_uart.c    **** *
  40:bsp_uart.c    **** * Description : Returns the last received byte of data. UART_1_GetChar() is
  41:bsp_uart.c    **** *               designed for ASCII characters and returns a uint8 where 1 to 255 are values
  42:bsp_uart.c    **** *               for valid characters and 0 indicates an error occurred or no data is present 
  43:bsp_uart.c    **** *
  44:bsp_uart.c    **** * Argument(s) : none.
  45:bsp_uart.c    **** *
  46:bsp_uart.c    **** * Return(s)   : Character read from UART RX buffer. ASCII characters from 1 to 255 are valid.
  47:bsp_uart.c    **** *               A returned zero signifies an error condition or no data available.
  48:bsp_uart.c    **** *
  49:bsp_uart.c    **** * Caller(s)   : Application.
  50:bsp_uart.c    **** *
  51:bsp_uart.c    **** * Note(s)     : Not re-entrant, non-blocking.
  52:bsp_uart.c    **** ***************************************************************************************************
  53:bsp_uart.c    **** */
  54:bsp_uart.c    **** 
  55:bsp_uart.c    **** CPU_INT08U uart_get_byte(CPU_VOID)
  56:bsp_uart.c    **** {
  51              		.loc 1 56 0
  52              		.cfi_startproc
  53              		@ args = 0, pretend = 0, frame = 0
  54              		@ frame_needed = 0, uses_anonymous_args = 0
  55 0000 08B5     		push	{r3, lr}
  56              		.cfi_def_cfa_offset 8
  57              		.cfi_offset 3, -8
  58              		.cfi_offset 14, -4
ARM GAS  C:\Users\bernh\AppData\Local\Temp\ccVOF5i0.s 			page 3


  57:bsp_uart.c    ****     return UART_1_GetChar();
  59              		.loc 1 57 0
  60 0002 FFF7FEFF 		bl	UART_1_GetChar
  61              	.LVL1:
  58:bsp_uart.c    **** }
  62              		.loc 1 58 0
  63 0006 08BD     		pop	{r3, pc}
  64              		.cfi_endproc
  65              	.LFE1:
  66              		.size	uart_get_byte, .-uart_get_byte
  67              		.section	.text.uart_send_byte,"ax",%progbits
  68              		.align	2
  69              		.global	uart_send_byte
  70              		.thumb
  71              		.thumb_func
  72              		.type	uart_send_byte, %function
  73              	uart_send_byte:
  74              	.LFB2:
  59:bsp_uart.c    **** 
  60:bsp_uart.c    **** /*
  61:bsp_uart.c    **** ***************************************************************************************************
  62:bsp_uart.c    **** *                                       uart_send_byte()
  63:bsp_uart.c    **** *
  64:bsp_uart.c    **** * Description : Puts a byte of data into the transmit buffer to be sent when the bus is
  65:bsp_uart.c    **** *               available. This is a blocking API that waits until the TX buffer has room to
  66:bsp_uart.c    **** *               hold the data. 
  67:bsp_uart.c    **** *
  68:bsp_uart.c    **** * Argument(s) : byte ... containing the data to transmit
  69:bsp_uart.c    **** *
  70:bsp_uart.c    **** * Return(s)   : None.
  71:bsp_uart.c    **** *
  72:bsp_uart.c    **** * Caller(s)   : Application.
  73:bsp_uart.c    **** *
  74:bsp_uart.c    **** * Note(s)     : Not re-entrant.
  75:bsp_uart.c    **** ***************************************************************************************************
  76:bsp_uart.c    **** */
  77:bsp_uart.c    **** 
  78:bsp_uart.c    **** CPU_VOID uart_send_byte(CPU_INT08U byte)
  79:bsp_uart.c    **** {
  75              		.loc 1 79 0
  76              		.cfi_startproc
  77              		@ args = 0, pretend = 0, frame = 0
  78              		@ frame_needed = 0, uses_anonymous_args = 0
  79              	.LVL2:
  80 0000 08B5     		push	{r3, lr}
  81              		.cfi_def_cfa_offset 8
  82              		.cfi_offset 3, -8
  83              		.cfi_offset 14, -4
  80:bsp_uart.c    ****     UART_1_PutChar(byte);
  84              		.loc 1 80 0
  85 0002 FFF7FEFF 		bl	UART_1_PutChar
  86              	.LVL3:
  87 0006 08BD     		pop	{r3, pc}
  88              		.cfi_endproc
  89              	.LFE2:
  90              		.size	uart_send_byte, .-uart_send_byte
  91              		.text
ARM GAS  C:\Users\bernh\AppData\Local\Temp\ccVOF5i0.s 			page 4


  92              	.Letext0:
  93              		.file 2 "Generated_Source\\PSoC5/UART_1.h"
  94              		.file 3 ".\\uC-CPU\\ARM-Cortex-M3\\GNU/cpu.h"
  95              		.section	.debug_info,"",%progbits
  96              	.Ldebug_info0:
  97 0000 27010000 		.4byte	0x127
  98 0004 0400     		.2byte	0x4
  99 0006 00000000 		.4byte	.Ldebug_abbrev0
 100 000a 04       		.byte	0x4
 101 000b 01       		.uleb128 0x1
 102 000c 37000000 		.4byte	.LASF19
 103 0010 0C       		.byte	0xc
 104 0011 76010000 		.4byte	.LASF20
 105 0015 24010000 		.4byte	.LASF21
 106 0019 00000000 		.4byte	.Ldebug_ranges0+0
 107 001d 00000000 		.4byte	0
 108 0021 00000000 		.4byte	.Ldebug_line0
 109 0025 02       		.uleb128 0x2
 110 0026 01       		.byte	0x1
 111 0027 08       		.byte	0x8
 112 0028 68010000 		.4byte	.LASF0
 113 002c 02       		.uleb128 0x2
 114 002d 01       		.byte	0x1
 115 002e 08       		.byte	0x8
 116 002f 29000000 		.4byte	.LASF1
 117 0033 03       		.uleb128 0x3
 118 0034 D6010000 		.4byte	.LASF22
 119 0038 03       		.byte	0x3
 120 0039 78       		.byte	0x78
 121 003a 2C000000 		.4byte	0x2c
 122 003e 02       		.uleb128 0x2
 123 003f 01       		.byte	0x1
 124 0040 06       		.byte	0x6
 125 0041 BE010000 		.4byte	.LASF2
 126 0045 02       		.uleb128 0x2
 127 0046 02       		.byte	0x2
 128 0047 07       		.byte	0x7
 129 0048 AB010000 		.4byte	.LASF3
 130 004c 02       		.uleb128 0x2
 131 004d 02       		.byte	0x2
 132 004e 05       		.byte	0x5
 133 004f E1000000 		.4byte	.LASF4
 134 0053 02       		.uleb128 0x2
 135 0054 04       		.byte	0x4
 136 0055 07       		.byte	0x7
 137 0056 1C000000 		.4byte	.LASF5
 138 005a 04       		.uleb128 0x4
 139 005b 04       		.byte	0x4
 140 005c 05       		.byte	0x5
 141 005d 696E7400 		.ascii	"int\000"
 142 0061 02       		.uleb128 0x2
 143 0062 08       		.byte	0x8
 144 0063 07       		.byte	0x7
 145 0064 EB000000 		.4byte	.LASF6
 146 0068 02       		.uleb128 0x2
 147 0069 08       		.byte	0x8
 148 006a 05       		.byte	0x5
ARM GAS  C:\Users\bernh\AppData\Local\Temp\ccVOF5i0.s 			page 5


 149 006b 00000000 		.4byte	.LASF7
 150 006f 02       		.uleb128 0x2
 151 0070 04       		.byte	0x4
 152 0071 04       		.byte	0x4
 153 0072 02010000 		.4byte	.LASF8
 154 0076 02       		.uleb128 0x2
 155 0077 08       		.byte	0x8
 156 0078 04       		.byte	0x4
 157 0079 90010000 		.4byte	.LASF9
 158 007d 02       		.uleb128 0x2
 159 007e 04       		.byte	0x4
 160 007f 05       		.byte	0x5
 161 0080 6D010000 		.4byte	.LASF10
 162 0084 02       		.uleb128 0x2
 163 0085 04       		.byte	0x4
 164 0086 07       		.byte	0x7
 165 0087 CF000000 		.4byte	.LASF11
 166 008b 02       		.uleb128 0x2
 167 008c 08       		.byte	0x8
 168 008d 04       		.byte	0x4
 169 008e CA010000 		.4byte	.LASF12
 170 0092 02       		.uleb128 0x2
 171 0093 04       		.byte	0x4
 172 0094 07       		.byte	0x7
 173 0095 E1010000 		.4byte	.LASF13
 174 0099 05       		.uleb128 0x5
 175 009a C5000000 		.4byte	.LASF14
 176 009e 01       		.byte	0x1
 177 009f 1F       		.byte	0x1f
 178 00a0 00000000 		.4byte	.LFB0
 179 00a4 08000000 		.4byte	.LFE0-.LFB0
 180 00a8 01       		.uleb128 0x1
 181 00a9 9C       		.byte	0x9c
 182 00aa B8000000 		.4byte	0xb8
 183 00ae 06       		.uleb128 0x6
 184 00af 06000000 		.4byte	.LVL0
 185 00b3 09010000 		.4byte	0x109
 186 00b7 00       		.byte	0
 187 00b8 07       		.uleb128 0x7
 188 00b9 0E000000 		.4byte	.LASF23
 189 00bd 01       		.byte	0x1
 190 00be 37       		.byte	0x37
 191 00bf 33000000 		.4byte	0x33
 192 00c3 00000000 		.4byte	.LFB1
 193 00c7 08000000 		.4byte	.LFE1-.LFB1
 194 00cb 01       		.uleb128 0x1
 195 00cc 9C       		.byte	0x9c
 196 00cd DB000000 		.4byte	0xdb
 197 00d1 06       		.uleb128 0x6
 198 00d2 06000000 		.4byte	.LVL1
 199 00d6 14010000 		.4byte	0x114
 200 00da 00       		.byte	0
 201 00db 05       		.uleb128 0x5
 202 00dc 08010000 		.4byte	.LASF15
 203 00e0 01       		.byte	0x1
 204 00e1 4E       		.byte	0x4e
 205 00e2 00000000 		.4byte	.LFB2
ARM GAS  C:\Users\bernh\AppData\Local\Temp\ccVOF5i0.s 			page 6


 206 00e6 08000000 		.4byte	.LFE2-.LFB2
 207 00ea 01       		.uleb128 0x1
 208 00eb 9C       		.byte	0x9c
 209 00ec 09010000 		.4byte	0x109
 210 00f0 08       		.uleb128 0x8
 211 00f1 97010000 		.4byte	.LASF24
 212 00f5 01       		.byte	0x1
 213 00f6 4E       		.byte	0x4e
 214 00f7 33000000 		.4byte	0x33
 215 00fb 00000000 		.4byte	.LLST0
 216 00ff 06       		.uleb128 0x6
 217 0100 06000000 		.4byte	.LVL3
 218 0104 1F010000 		.4byte	0x11f
 219 0108 00       		.byte	0
 220 0109 09       		.uleb128 0x9
 221 010a 17010000 		.4byte	.LASF16
 222 010e 17010000 		.4byte	.LASF16
 223 0112 02       		.byte	0x2
 224 0113 54       		.byte	0x54
 225 0114 09       		.uleb128 0x9
 226 0115 9C010000 		.4byte	.LASF17
 227 0119 9C010000 		.4byte	.LASF17
 228 011d 02       		.byte	0x2
 229 011e 71       		.byte	0x71
 230 011f 09       		.uleb128 0x9
 231 0120 81010000 		.4byte	.LASF18
 232 0124 81010000 		.4byte	.LASF18
 233 0128 02       		.byte	0x2
 234 0129 8A       		.byte	0x8a
 235 012a 00       		.byte	0
 236              		.section	.debug_abbrev,"",%progbits
 237              	.Ldebug_abbrev0:
 238 0000 01       		.uleb128 0x1
 239 0001 11       		.uleb128 0x11
 240 0002 01       		.byte	0x1
 241 0003 25       		.uleb128 0x25
 242 0004 0E       		.uleb128 0xe
 243 0005 13       		.uleb128 0x13
 244 0006 0B       		.uleb128 0xb
 245 0007 03       		.uleb128 0x3
 246 0008 0E       		.uleb128 0xe
 247 0009 1B       		.uleb128 0x1b
 248 000a 0E       		.uleb128 0xe
 249 000b 55       		.uleb128 0x55
 250 000c 17       		.uleb128 0x17
 251 000d 11       		.uleb128 0x11
 252 000e 01       		.uleb128 0x1
 253 000f 10       		.uleb128 0x10
 254 0010 17       		.uleb128 0x17
 255 0011 00       		.byte	0
 256 0012 00       		.byte	0
 257 0013 02       		.uleb128 0x2
 258 0014 24       		.uleb128 0x24
 259 0015 00       		.byte	0
 260 0016 0B       		.uleb128 0xb
 261 0017 0B       		.uleb128 0xb
 262 0018 3E       		.uleb128 0x3e
ARM GAS  C:\Users\bernh\AppData\Local\Temp\ccVOF5i0.s 			page 7


 263 0019 0B       		.uleb128 0xb
 264 001a 03       		.uleb128 0x3
 265 001b 0E       		.uleb128 0xe
 266 001c 00       		.byte	0
 267 001d 00       		.byte	0
 268 001e 03       		.uleb128 0x3
 269 001f 16       		.uleb128 0x16
 270 0020 00       		.byte	0
 271 0021 03       		.uleb128 0x3
 272 0022 0E       		.uleb128 0xe
 273 0023 3A       		.uleb128 0x3a
 274 0024 0B       		.uleb128 0xb
 275 0025 3B       		.uleb128 0x3b
 276 0026 0B       		.uleb128 0xb
 277 0027 49       		.uleb128 0x49
 278 0028 13       		.uleb128 0x13
 279 0029 00       		.byte	0
 280 002a 00       		.byte	0
 281 002b 04       		.uleb128 0x4
 282 002c 24       		.uleb128 0x24
 283 002d 00       		.byte	0
 284 002e 0B       		.uleb128 0xb
 285 002f 0B       		.uleb128 0xb
 286 0030 3E       		.uleb128 0x3e
 287 0031 0B       		.uleb128 0xb
 288 0032 03       		.uleb128 0x3
 289 0033 08       		.uleb128 0x8
 290 0034 00       		.byte	0
 291 0035 00       		.byte	0
 292 0036 05       		.uleb128 0x5
 293 0037 2E       		.uleb128 0x2e
 294 0038 01       		.byte	0x1
 295 0039 3F       		.uleb128 0x3f
 296 003a 19       		.uleb128 0x19
 297 003b 03       		.uleb128 0x3
 298 003c 0E       		.uleb128 0xe
 299 003d 3A       		.uleb128 0x3a
 300 003e 0B       		.uleb128 0xb
 301 003f 3B       		.uleb128 0x3b
 302 0040 0B       		.uleb128 0xb
 303 0041 27       		.uleb128 0x27
 304 0042 19       		.uleb128 0x19
 305 0043 11       		.uleb128 0x11
 306 0044 01       		.uleb128 0x1
 307 0045 12       		.uleb128 0x12
 308 0046 06       		.uleb128 0x6
 309 0047 40       		.uleb128 0x40
 310 0048 18       		.uleb128 0x18
 311 0049 9742     		.uleb128 0x2117
 312 004b 19       		.uleb128 0x19
 313 004c 01       		.uleb128 0x1
 314 004d 13       		.uleb128 0x13
 315 004e 00       		.byte	0
 316 004f 00       		.byte	0
 317 0050 06       		.uleb128 0x6
 318 0051 898201   		.uleb128 0x4109
 319 0054 00       		.byte	0
ARM GAS  C:\Users\bernh\AppData\Local\Temp\ccVOF5i0.s 			page 8


 320 0055 11       		.uleb128 0x11
 321 0056 01       		.uleb128 0x1
 322 0057 31       		.uleb128 0x31
 323 0058 13       		.uleb128 0x13
 324 0059 00       		.byte	0
 325 005a 00       		.byte	0
 326 005b 07       		.uleb128 0x7
 327 005c 2E       		.uleb128 0x2e
 328 005d 01       		.byte	0x1
 329 005e 3F       		.uleb128 0x3f
 330 005f 19       		.uleb128 0x19
 331 0060 03       		.uleb128 0x3
 332 0061 0E       		.uleb128 0xe
 333 0062 3A       		.uleb128 0x3a
 334 0063 0B       		.uleb128 0xb
 335 0064 3B       		.uleb128 0x3b
 336 0065 0B       		.uleb128 0xb
 337 0066 27       		.uleb128 0x27
 338 0067 19       		.uleb128 0x19
 339 0068 49       		.uleb128 0x49
 340 0069 13       		.uleb128 0x13
 341 006a 11       		.uleb128 0x11
 342 006b 01       		.uleb128 0x1
 343 006c 12       		.uleb128 0x12
 344 006d 06       		.uleb128 0x6
 345 006e 40       		.uleb128 0x40
 346 006f 18       		.uleb128 0x18
 347 0070 9742     		.uleb128 0x2117
 348 0072 19       		.uleb128 0x19
 349 0073 01       		.uleb128 0x1
 350 0074 13       		.uleb128 0x13
 351 0075 00       		.byte	0
 352 0076 00       		.byte	0
 353 0077 08       		.uleb128 0x8
 354 0078 05       		.uleb128 0x5
 355 0079 00       		.byte	0
 356 007a 03       		.uleb128 0x3
 357 007b 0E       		.uleb128 0xe
 358 007c 3A       		.uleb128 0x3a
 359 007d 0B       		.uleb128 0xb
 360 007e 3B       		.uleb128 0x3b
 361 007f 0B       		.uleb128 0xb
 362 0080 49       		.uleb128 0x49
 363 0081 13       		.uleb128 0x13
 364 0082 02       		.uleb128 0x2
 365 0083 17       		.uleb128 0x17
 366 0084 00       		.byte	0
 367 0085 00       		.byte	0
 368 0086 09       		.uleb128 0x9
 369 0087 2E       		.uleb128 0x2e
 370 0088 00       		.byte	0
 371 0089 3F       		.uleb128 0x3f
 372 008a 19       		.uleb128 0x19
 373 008b 3C       		.uleb128 0x3c
 374 008c 19       		.uleb128 0x19
 375 008d 6E       		.uleb128 0x6e
 376 008e 0E       		.uleb128 0xe
ARM GAS  C:\Users\bernh\AppData\Local\Temp\ccVOF5i0.s 			page 9


 377 008f 03       		.uleb128 0x3
 378 0090 0E       		.uleb128 0xe
 379 0091 3A       		.uleb128 0x3a
 380 0092 0B       		.uleb128 0xb
 381 0093 3B       		.uleb128 0x3b
 382 0094 0B       		.uleb128 0xb
 383 0095 00       		.byte	0
 384 0096 00       		.byte	0
 385 0097 00       		.byte	0
 386              		.section	.debug_loc,"",%progbits
 387              	.Ldebug_loc0:
 388              	.LLST0:
 389 0000 00000000 		.4byte	.LVL2
 390 0004 05000000 		.4byte	.LVL3-1
 391 0008 0100     		.2byte	0x1
 392 000a 50       		.byte	0x50
 393 000b 05000000 		.4byte	.LVL3-1
 394 000f 08000000 		.4byte	.LFE2
 395 0013 0400     		.2byte	0x4
 396 0015 F3       		.byte	0xf3
 397 0016 01       		.uleb128 0x1
 398 0017 50       		.byte	0x50
 399 0018 9F       		.byte	0x9f
 400 0019 00000000 		.4byte	0
 401 001d 00000000 		.4byte	0
 402              		.section	.debug_aranges,"",%progbits
 403 0000 2C000000 		.4byte	0x2c
 404 0004 0200     		.2byte	0x2
 405 0006 00000000 		.4byte	.Ldebug_info0
 406 000a 04       		.byte	0x4
 407 000b 00       		.byte	0
 408 000c 0000     		.2byte	0
 409 000e 0000     		.2byte	0
 410 0010 00000000 		.4byte	.LFB0
 411 0014 08000000 		.4byte	.LFE0-.LFB0
 412 0018 00000000 		.4byte	.LFB1
 413 001c 08000000 		.4byte	.LFE1-.LFB1
 414 0020 00000000 		.4byte	.LFB2
 415 0024 08000000 		.4byte	.LFE2-.LFB2
 416 0028 00000000 		.4byte	0
 417 002c 00000000 		.4byte	0
 418              		.section	.debug_ranges,"",%progbits
 419              	.Ldebug_ranges0:
 420 0000 00000000 		.4byte	.LFB0
 421 0004 08000000 		.4byte	.LFE0
 422 0008 00000000 		.4byte	.LFB1
 423 000c 08000000 		.4byte	.LFE1
 424 0010 00000000 		.4byte	.LFB2
 425 0014 08000000 		.4byte	.LFE2
 426 0018 00000000 		.4byte	0
 427 001c 00000000 		.4byte	0
 428              		.section	.debug_line,"",%progbits
 429              	.Ldebug_line0:
 430 0000 A0000000 		.section	.debug_str,"MS",%progbits,1
 430      02006800 
 430      00000201 
 430      FB0E0D00 
ARM GAS  C:\Users\bernh\AppData\Local\Temp\ccVOF5i0.s 			page 10


 430      01010101 
 431              	.LASF7:
 432 0000 6C6F6E67 		.ascii	"long long int\000"
 432      206C6F6E 
 432      6720696E 
 432      7400
 433              	.LASF23:
 434 000e 75617274 		.ascii	"uart_get_byte\000"
 434      5F676574 
 434      5F627974 
 434      6500
 435              	.LASF5:
 436 001c 756E7369 		.ascii	"unsigned int\000"
 436      676E6564 
 436      20696E74 
 436      00
 437              	.LASF1:
 438 0029 756E7369 		.ascii	"unsigned char\000"
 438      676E6564 
 438      20636861 
 438      7200
 439              	.LASF19:
 440 0037 474E5520 		.ascii	"GNU C11 5.4.1 20160609 (release) [ARM/embedded-5-br"
 440      43313120 
 440      352E342E 
 440      31203230 
 440      31363036 
 441 006a 616E6368 		.ascii	"anch revision 237715] -mcpu=cortex-m3 -mthumb -g -O"
 441      20726576 
 441      6973696F 
 441      6E203233 
 441      37373135 
 442 009d 67202D66 		.ascii	"g -ffunction-sections -ffat-lto-objects\000"
 442      66756E63 
 442      74696F6E 
 442      2D736563 
 442      74696F6E 
 443              	.LASF14:
 444 00c5 696E6974 		.ascii	"init_uart\000"
 444      5F756172 
 444      7400
 445              	.LASF11:
 446 00cf 6C6F6E67 		.ascii	"long unsigned int\000"
 446      20756E73 
 446      69676E65 
 446      6420696E 
 446      7400
 447              	.LASF4:
 448 00e1 73686F72 		.ascii	"short int\000"
 448      7420696E 
 448      7400
 449              	.LASF6:
 450 00eb 6C6F6E67 		.ascii	"long long unsigned int\000"
 450      206C6F6E 
 450      6720756E 
 450      7369676E 
 450      65642069 
ARM GAS  C:\Users\bernh\AppData\Local\Temp\ccVOF5i0.s 			page 11


 451              	.LASF8:
 452 0102 666C6F61 		.ascii	"float\000"
 452      7400
 453              	.LASF15:
 454 0108 75617274 		.ascii	"uart_send_byte\000"
 454      5F73656E 
 454      645F6279 
 454      746500
 455              	.LASF16:
 456 0117 55415254 		.ascii	"UART_1_Start\000"
 456      5F315F53 
 456      74617274 
 456      00
 457              	.LASF21:
 458 0124 433A5C63 		.ascii	"C:\\cypress\\BodyAnalyzer\\esw_uCOS3_cykit.cydsn\\e"
 458      79707265 
 458      73735C42 
 458      6F647941 
 458      6E616C79 
 459 0153 73775F75 		.ascii	"sw_uCOS3_cykit.cydsn\000"
 459      434F5333 
 459      5F63796B 
 459      69742E63 
 459      7964736E 
 460              	.LASF0:
 461 0168 63686172 		.ascii	"char\000"
 461      00
 462              	.LASF10:
 463 016d 6C6F6E67 		.ascii	"long int\000"
 463      20696E74 
 463      00
 464              	.LASF20:
 465 0176 6273705F 		.ascii	"bsp_uart.c\000"
 465      75617274 
 465      2E6300
 466              	.LASF18:
 467 0181 55415254 		.ascii	"UART_1_PutChar\000"
 467      5F315F50 
 467      75744368 
 467      617200
 468              	.LASF9:
 469 0190 646F7562 		.ascii	"double\000"
 469      6C6500
 470              	.LASF24:
 471 0197 62797465 		.ascii	"byte\000"
 471      00
 472              	.LASF17:
 473 019c 55415254 		.ascii	"UART_1_GetChar\000"
 473      5F315F47 
 473      65744368 
 473      617200
 474              	.LASF3:
 475 01ab 73686F72 		.ascii	"short unsigned int\000"
 475      7420756E 
 475      7369676E 
 475      65642069 
 475      6E7400
ARM GAS  C:\Users\bernh\AppData\Local\Temp\ccVOF5i0.s 			page 12


 476              	.LASF2:
 477 01be 7369676E 		.ascii	"signed char\000"
 477      65642063 
 477      68617200 
 478              	.LASF12:
 479 01ca 6C6F6E67 		.ascii	"long double\000"
 479      20646F75 
 479      626C6500 
 480              	.LASF22:
 481 01d6 4350555F 		.ascii	"CPU_INT08U\000"
 481      494E5430 
 481      385500
 482              	.LASF13:
 483 01e1 73697A65 		.ascii	"sizetype\000"
 483      74797065 
 483      00
 484              		.ident	"GCC: (GNU Tools for ARM Embedded Processors) 5.4.1 20160609 (release) [ARM/embedded-5-bran
