ARM GAS  C:\Users\CHRONI~1\AppData\Local\Temp\ccFpXkWX.s 			page 1


   1              		.syntax unified
   2              		.cpu cortex-m3
   3              		.fpu softvfp
   4              		.eabi_attribute 20, 1
   5              		.eabi_attribute 21, 1
   6              		.eabi_attribute 23, 3
   7              		.eabi_attribute 24, 1
   8              		.eabi_attribute 25, 1
   9              		.eabi_attribute 26, 1
  10              		.eabi_attribute 30, 1
  11              		.eabi_attribute 34, 1
  12              		.eabi_attribute 18, 4
  13              		.thumb
  14              		.syntax unified
  15              		.file	"bsp_counter.c"
  16              		.text
  17              	.Ltext0:
  18              		.cfi_sections	.debug_frame
  19              		.section	.text.init_counter,"ax",%progbits
  20              		.align	2
  21              		.global	init_counter
  22              		.thumb
  23              		.thumb_func
  24              		.type	init_counter, %function
  25              	init_counter:
  26              	.LFB0:
  27              		.file 1 "bsp_counter.c"
   1:bsp_counter.c **** /* ========================================
   2:bsp_counter.c ****  *
   3:bsp_counter.c ****  * Copyright YOUR COMPANY, THE YEAR
   4:bsp_counter.c ****  * All Rights Reserved
   5:bsp_counter.c ****  * UNPUBLISHED, LICENSED SOFTWARE.
   6:bsp_counter.c ****  *
   7:bsp_counter.c ****  * CONFIDENTIAL AND PROPRIETARY INFORMATION
   8:bsp_counter.c ****  * WHICH IS THE PROPERTY OF your company.
   9:bsp_counter.c ****  *
  10:bsp_counter.c ****  * ========================================
  11:bsp_counter.c **** */
  12:bsp_counter.c **** 
  13:bsp_counter.c **** #include <bsp_counter.h>
  14:bsp_counter.c **** 
  15:bsp_counter.c **** void init_counter(){
  28              		.loc 1 15 0
  29              		.cfi_startproc
  30              		@ args = 0, pretend = 0, frame = 0
  31              		@ frame_needed = 0, uses_anonymous_args = 0
  32 0000 08B5     		push	{r3, lr}
  33              		.cfi_def_cfa_offset 8
  34              		.cfi_offset 3, -8
  35              		.cfi_offset 14, -4
  16:bsp_counter.c ****   Counter_1_Init();
  36              		.loc 1 16 0
  37 0002 FFF7FEFF 		bl	Counter_1_Init
  38              	.LVL0:
  17:bsp_counter.c ****   Counter_1_Enable(); 
  39              		.loc 1 17 0
  40 0006 FFF7FEFF 		bl	Counter_1_Enable
ARM GAS  C:\Users\CHRONI~1\AppData\Local\Temp\ccFpXkWX.s 			page 2


  41              	.LVL1:
  42 000a 08BD     		pop	{r3, pc}
  43              		.cfi_endproc
  44              	.LFE0:
  45              		.size	init_counter, .-init_counter
  46              		.section	.text.start_counter,"ax",%progbits
  47              		.align	2
  48              		.global	start_counter
  49              		.thumb
  50              		.thumb_func
  51              		.type	start_counter, %function
  52              	start_counter:
  53              	.LFB1:
  18:bsp_counter.c **** }
  19:bsp_counter.c **** 
  20:bsp_counter.c **** void start_counter(){
  54              		.loc 1 20 0
  55              		.cfi_startproc
  56              		@ args = 0, pretend = 0, frame = 0
  57              		@ frame_needed = 0, uses_anonymous_args = 0
  58 0000 08B5     		push	{r3, lr}
  59              		.cfi_def_cfa_offset 8
  60              		.cfi_offset 3, -8
  61              		.cfi_offset 14, -4
  21:bsp_counter.c **** //  Counter_1_WriteCounter(0);
  22:bsp_counter.c ****   Counter_1_Start();
  62              		.loc 1 22 0
  63 0002 FFF7FEFF 		bl	Counter_1_Start
  64              	.LVL2:
  65 0006 08BD     		pop	{r3, pc}
  66              		.cfi_endproc
  67              	.LFE1:
  68              		.size	start_counter, .-start_counter
  69              		.section	.text.stop_counter,"ax",%progbits
  70              		.align	2
  71              		.global	stop_counter
  72              		.thumb
  73              		.thumb_func
  74              		.type	stop_counter, %function
  75              	stop_counter:
  76              	.LFB2:
  23:bsp_counter.c **** }
  24:bsp_counter.c **** 
  25:bsp_counter.c **** void stop_counter(){
  77              		.loc 1 25 0
  78              		.cfi_startproc
  79              		@ args = 0, pretend = 0, frame = 0
  80              		@ frame_needed = 0, uses_anonymous_args = 0
  81 0000 08B5     		push	{r3, lr}
  82              		.cfi_def_cfa_offset 8
  83              		.cfi_offset 3, -8
  84              		.cfi_offset 14, -4
  26:bsp_counter.c ****   Counter_1_Stop(); 
  85              		.loc 1 26 0
  86 0002 FFF7FEFF 		bl	Counter_1_Stop
  87              	.LVL3:
  88 0006 08BD     		pop	{r3, pc}
ARM GAS  C:\Users\CHRONI~1\AppData\Local\Temp\ccFpXkWX.s 			page 3


  89              		.cfi_endproc
  90              	.LFE2:
  91              		.size	stop_counter, .-stop_counter
  92              		.section	.text.read_counter_value,"ax",%progbits
  93              		.align	2
  94              		.global	read_counter_value
  95              		.thumb
  96              		.thumb_func
  97              		.type	read_counter_value, %function
  98              	read_counter_value:
  99              	.LFB3:
  27:bsp_counter.c **** }
  28:bsp_counter.c **** 
  29:bsp_counter.c **** uint16_t read_counter_value(){
 100              		.loc 1 29 0
 101              		.cfi_startproc
 102              		@ args = 0, pretend = 0, frame = 0
 103              		@ frame_needed = 0, uses_anonymous_args = 0
 104 0000 08B5     		push	{r3, lr}
 105              		.cfi_def_cfa_offset 8
 106              		.cfi_offset 3, -8
 107              		.cfi_offset 14, -4
  30:bsp_counter.c ****   return Counter_1_ReadCounter();
 108              		.loc 1 30 0
 109 0002 FFF7FEFF 		bl	Counter_1_ReadCounter
 110              	.LVL4:
  31:bsp_counter.c **** }
 111              		.loc 1 31 0
 112 0006 80B2     		uxth	r0, r0
 113 0008 08BD     		pop	{r3, pc}
 114              		.cfi_endproc
 115              	.LFE3:
 116              		.size	read_counter_value, .-read_counter_value
 117              		.text
 118              	.Letext0:
 119              		.file 2 "c:\\program files (x86)\\cypress\\psoc creator\\4.4\\psoc creator\\import\\gnu\\arm\\5.4.
 120              		.file 3 "c:\\program files (x86)\\cypress\\psoc creator\\4.4\\psoc creator\\import\\gnu\\arm\\5.4.
 121              		.file 4 "Generated_Source\\PSoC5/Counter_1.h"
 122              		.section	.debug_info,"",%progbits
 123              	.Ldebug_info0:
 124 0000 61010000 		.4byte	0x161
 125 0004 0400     		.2byte	0x4
 126 0006 00000000 		.4byte	.Ldebug_abbrev0
 127 000a 04       		.byte	0x4
 128 000b 01       		.uleb128 0x1
 129 000c 5E000000 		.4byte	.LASF24
 130 0010 0C       		.byte	0xc
 131 0011 EC000000 		.4byte	.LASF25
 132 0015 E2010000 		.4byte	.LASF26
 133 0019 00000000 		.4byte	.Ldebug_ranges0+0
 134 001d 00000000 		.4byte	0
 135 0021 00000000 		.4byte	.Ldebug_line0
 136 0025 02       		.uleb128 0x2
 137 0026 01       		.byte	0x1
 138 0027 06       		.byte	0x6
 139 0028 AA010000 		.4byte	.LASF0
 140 002c 02       		.uleb128 0x2
ARM GAS  C:\Users\CHRONI~1\AppData\Local\Temp\ccFpXkWX.s 			page 4


 141 002d 01       		.byte	0x1
 142 002e 08       		.byte	0x8
 143 002f 55010000 		.4byte	.LASF1
 144 0033 02       		.uleb128 0x2
 145 0034 02       		.byte	0x2
 146 0035 05       		.byte	0x5
 147 0036 D8010000 		.4byte	.LASF2
 148 003a 03       		.uleb128 0x3
 149 003b 3C010000 		.4byte	.LASF9
 150 003f 02       		.byte	0x2
 151 0040 2B       		.byte	0x2b
 152 0041 45000000 		.4byte	0x45
 153 0045 02       		.uleb128 0x2
 154 0046 02       		.byte	0x2
 155 0047 07       		.byte	0x7
 156 0048 97010000 		.4byte	.LASF3
 157 004c 02       		.uleb128 0x2
 158 004d 04       		.byte	0x4
 159 004e 05       		.byte	0x5
 160 004f 78010000 		.4byte	.LASF4
 161 0053 02       		.uleb128 0x2
 162 0054 04       		.byte	0x4
 163 0055 07       		.byte	0x7
 164 0056 FA000000 		.4byte	.LASF5
 165 005a 02       		.uleb128 0x2
 166 005b 08       		.byte	0x8
 167 005c 05       		.byte	0x5
 168 005d 00000000 		.4byte	.LASF6
 169 0061 02       		.uleb128 0x2
 170 0062 08       		.byte	0x8
 171 0063 07       		.byte	0x7
 172 0064 0C010000 		.4byte	.LASF7
 173 0068 04       		.uleb128 0x4
 174 0069 04       		.byte	0x4
 175 006a 05       		.byte	0x5
 176 006b 696E7400 		.ascii	"int\000"
 177 006f 02       		.uleb128 0x2
 178 0070 04       		.byte	0x4
 179 0071 07       		.byte	0x7
 180 0072 1B000000 		.4byte	.LASF8
 181 0076 03       		.uleb128 0x3
 182 0077 C3010000 		.4byte	.LASF10
 183 007b 03       		.byte	0x3
 184 007c 24       		.byte	0x24
 185 007d 3A000000 		.4byte	0x3a
 186 0081 02       		.uleb128 0x2
 187 0082 04       		.byte	0x4
 188 0083 04       		.byte	0x4
 189 0084 36010000 		.4byte	.LASF11
 190 0088 02       		.uleb128 0x2
 191 0089 08       		.byte	0x8
 192 008a 04       		.byte	0x4
 193 008b 90010000 		.4byte	.LASF12
 194 008f 02       		.uleb128 0x2
 195 0090 01       		.byte	0x1
 196 0091 08       		.byte	0x8
 197 0092 63010000 		.4byte	.LASF13
ARM GAS  C:\Users\CHRONI~1\AppData\Local\Temp\ccFpXkWX.s 			page 5


 198 0096 02       		.uleb128 0x2
 199 0097 08       		.byte	0x8
 200 0098 04       		.byte	0x4
 201 0099 CC010000 		.4byte	.LASF14
 202 009d 02       		.uleb128 0x2
 203 009e 04       		.byte	0x4
 204 009f 07       		.byte	0x7
 205 00a0 29020000 		.4byte	.LASF15
 206 00a4 05       		.uleb128 0x5
 207 00a5 B6010000 		.4byte	.LASF16
 208 00a9 01       		.byte	0x1
 209 00aa 0F       		.byte	0xf
 210 00ab 00000000 		.4byte	.LFB0
 211 00af 0C000000 		.4byte	.LFE0-.LFB0
 212 00b3 01       		.uleb128 0x1
 213 00b4 9C       		.byte	0x9c
 214 00b5 CC000000 		.4byte	0xcc
 215 00b9 06       		.uleb128 0x6
 216 00ba 06000000 		.4byte	.LVL0
 217 00be 2D010000 		.4byte	0x12d
 218 00c2 06       		.uleb128 0x6
 219 00c3 0A000000 		.4byte	.LVL1
 220 00c7 38010000 		.4byte	0x138
 221 00cb 00       		.byte	0
 222 00cc 05       		.uleb128 0x5
 223 00cd 47010000 		.4byte	.LASF17
 224 00d1 01       		.byte	0x1
 225 00d2 14       		.byte	0x14
 226 00d3 00000000 		.4byte	.LFB1
 227 00d7 08000000 		.4byte	.LFE1-.LFB1
 228 00db 01       		.uleb128 0x1
 229 00dc 9C       		.byte	0x9c
 230 00dd EB000000 		.4byte	0xeb
 231 00e1 06       		.uleb128 0x6
 232 00e2 06000000 		.4byte	.LVL2
 233 00e6 43010000 		.4byte	0x143
 234 00ea 00       		.byte	0
 235 00eb 05       		.uleb128 0x5
 236 00ec 0E000000 		.4byte	.LASF18
 237 00f0 01       		.byte	0x1
 238 00f1 19       		.byte	0x19
 239 00f2 00000000 		.4byte	.LFB2
 240 00f6 08000000 		.4byte	.LFE2-.LFB2
 241 00fa 01       		.uleb128 0x1
 242 00fb 9C       		.byte	0x9c
 243 00fc 0A010000 		.4byte	0x10a
 244 0100 06       		.uleb128 0x6
 245 0101 06000000 		.4byte	.LVL3
 246 0105 4E010000 		.4byte	0x14e
 247 0109 00       		.byte	0
 248 010a 07       		.uleb128 0x7
 249 010b 23010000 		.4byte	.LASF27
 250 010f 01       		.byte	0x1
 251 0110 1D       		.byte	0x1d
 252 0111 76000000 		.4byte	0x76
 253 0115 00000000 		.4byte	.LFB3
 254 0119 0A000000 		.4byte	.LFE3-.LFB3
ARM GAS  C:\Users\CHRONI~1\AppData\Local\Temp\ccFpXkWX.s 			page 6


 255 011d 01       		.uleb128 0x1
 256 011e 9C       		.byte	0x9c
 257 011f 2D010000 		.4byte	0x12d
 258 0123 06       		.uleb128 0x6
 259 0124 06000000 		.4byte	.LVL4
 260 0128 59010000 		.4byte	0x159
 261 012c 00       		.byte	0
 262 012d 08       		.uleb128 0x8
 263 012e 28000000 		.4byte	.LASF19
 264 0132 28000000 		.4byte	.LASF19
 265 0136 04       		.byte	0x4
 266 0137 70       		.byte	0x70
 267 0138 08       		.uleb128 0x8
 268 0139 37000000 		.4byte	.LASF20
 269 013d 37000000 		.4byte	.LASF20
 270 0141 04       		.byte	0x4
 271 0142 71       		.byte	0x71
 272 0143 08       		.uleb128 0x8
 273 0144 68010000 		.4byte	.LASF21
 274 0148 68010000 		.4byte	.LASF21
 275 014c 04       		.byte	0x4
 276 014d 4F       		.byte	0x4f
 277 014e 08       		.uleb128 0x8
 278 014f 81010000 		.4byte	.LASF22
 279 0153 81010000 		.4byte	.LASF22
 280 0157 04       		.byte	0x4
 281 0158 50       		.byte	0x50
 282 0159 08       		.uleb128 0x8
 283 015a 48000000 		.4byte	.LASF23
 284 015e 48000000 		.4byte	.LASF23
 285 0162 04       		.byte	0x4
 286 0163 5D       		.byte	0x5d
 287 0164 00       		.byte	0
 288              		.section	.debug_abbrev,"",%progbits
 289              	.Ldebug_abbrev0:
 290 0000 01       		.uleb128 0x1
 291 0001 11       		.uleb128 0x11
 292 0002 01       		.byte	0x1
 293 0003 25       		.uleb128 0x25
 294 0004 0E       		.uleb128 0xe
 295 0005 13       		.uleb128 0x13
 296 0006 0B       		.uleb128 0xb
 297 0007 03       		.uleb128 0x3
 298 0008 0E       		.uleb128 0xe
 299 0009 1B       		.uleb128 0x1b
 300 000a 0E       		.uleb128 0xe
 301 000b 55       		.uleb128 0x55
 302 000c 17       		.uleb128 0x17
 303 000d 11       		.uleb128 0x11
 304 000e 01       		.uleb128 0x1
 305 000f 10       		.uleb128 0x10
 306 0010 17       		.uleb128 0x17
 307 0011 00       		.byte	0
 308 0012 00       		.byte	0
 309 0013 02       		.uleb128 0x2
 310 0014 24       		.uleb128 0x24
 311 0015 00       		.byte	0
ARM GAS  C:\Users\CHRONI~1\AppData\Local\Temp\ccFpXkWX.s 			page 7


 312 0016 0B       		.uleb128 0xb
 313 0017 0B       		.uleb128 0xb
 314 0018 3E       		.uleb128 0x3e
 315 0019 0B       		.uleb128 0xb
 316 001a 03       		.uleb128 0x3
 317 001b 0E       		.uleb128 0xe
 318 001c 00       		.byte	0
 319 001d 00       		.byte	0
 320 001e 03       		.uleb128 0x3
 321 001f 16       		.uleb128 0x16
 322 0020 00       		.byte	0
 323 0021 03       		.uleb128 0x3
 324 0022 0E       		.uleb128 0xe
 325 0023 3A       		.uleb128 0x3a
 326 0024 0B       		.uleb128 0xb
 327 0025 3B       		.uleb128 0x3b
 328 0026 0B       		.uleb128 0xb
 329 0027 49       		.uleb128 0x49
 330 0028 13       		.uleb128 0x13
 331 0029 00       		.byte	0
 332 002a 00       		.byte	0
 333 002b 04       		.uleb128 0x4
 334 002c 24       		.uleb128 0x24
 335 002d 00       		.byte	0
 336 002e 0B       		.uleb128 0xb
 337 002f 0B       		.uleb128 0xb
 338 0030 3E       		.uleb128 0x3e
 339 0031 0B       		.uleb128 0xb
 340 0032 03       		.uleb128 0x3
 341 0033 08       		.uleb128 0x8
 342 0034 00       		.byte	0
 343 0035 00       		.byte	0
 344 0036 05       		.uleb128 0x5
 345 0037 2E       		.uleb128 0x2e
 346 0038 01       		.byte	0x1
 347 0039 3F       		.uleb128 0x3f
 348 003a 19       		.uleb128 0x19
 349 003b 03       		.uleb128 0x3
 350 003c 0E       		.uleb128 0xe
 351 003d 3A       		.uleb128 0x3a
 352 003e 0B       		.uleb128 0xb
 353 003f 3B       		.uleb128 0x3b
 354 0040 0B       		.uleb128 0xb
 355 0041 11       		.uleb128 0x11
 356 0042 01       		.uleb128 0x1
 357 0043 12       		.uleb128 0x12
 358 0044 06       		.uleb128 0x6
 359 0045 40       		.uleb128 0x40
 360 0046 18       		.uleb128 0x18
 361 0047 9742     		.uleb128 0x2117
 362 0049 19       		.uleb128 0x19
 363 004a 01       		.uleb128 0x1
 364 004b 13       		.uleb128 0x13
 365 004c 00       		.byte	0
 366 004d 00       		.byte	0
 367 004e 06       		.uleb128 0x6
 368 004f 898201   		.uleb128 0x4109
ARM GAS  C:\Users\CHRONI~1\AppData\Local\Temp\ccFpXkWX.s 			page 8


 369 0052 00       		.byte	0
 370 0053 11       		.uleb128 0x11
 371 0054 01       		.uleb128 0x1
 372 0055 31       		.uleb128 0x31
 373 0056 13       		.uleb128 0x13
 374 0057 00       		.byte	0
 375 0058 00       		.byte	0
 376 0059 07       		.uleb128 0x7
 377 005a 2E       		.uleb128 0x2e
 378 005b 01       		.byte	0x1
 379 005c 3F       		.uleb128 0x3f
 380 005d 19       		.uleb128 0x19
 381 005e 03       		.uleb128 0x3
 382 005f 0E       		.uleb128 0xe
 383 0060 3A       		.uleb128 0x3a
 384 0061 0B       		.uleb128 0xb
 385 0062 3B       		.uleb128 0x3b
 386 0063 0B       		.uleb128 0xb
 387 0064 49       		.uleb128 0x49
 388 0065 13       		.uleb128 0x13
 389 0066 11       		.uleb128 0x11
 390 0067 01       		.uleb128 0x1
 391 0068 12       		.uleb128 0x12
 392 0069 06       		.uleb128 0x6
 393 006a 40       		.uleb128 0x40
 394 006b 18       		.uleb128 0x18
 395 006c 9742     		.uleb128 0x2117
 396 006e 19       		.uleb128 0x19
 397 006f 01       		.uleb128 0x1
 398 0070 13       		.uleb128 0x13
 399 0071 00       		.byte	0
 400 0072 00       		.byte	0
 401 0073 08       		.uleb128 0x8
 402 0074 2E       		.uleb128 0x2e
 403 0075 00       		.byte	0
 404 0076 3F       		.uleb128 0x3f
 405 0077 19       		.uleb128 0x19
 406 0078 3C       		.uleb128 0x3c
 407 0079 19       		.uleb128 0x19
 408 007a 6E       		.uleb128 0x6e
 409 007b 0E       		.uleb128 0xe
 410 007c 03       		.uleb128 0x3
 411 007d 0E       		.uleb128 0xe
 412 007e 3A       		.uleb128 0x3a
 413 007f 0B       		.uleb128 0xb
 414 0080 3B       		.uleb128 0x3b
 415 0081 0B       		.uleb128 0xb
 416 0082 00       		.byte	0
 417 0083 00       		.byte	0
 418 0084 00       		.byte	0
 419              		.section	.debug_aranges,"",%progbits
 420 0000 34000000 		.4byte	0x34
 421 0004 0200     		.2byte	0x2
 422 0006 00000000 		.4byte	.Ldebug_info0
 423 000a 04       		.byte	0x4
 424 000b 00       		.byte	0
 425 000c 0000     		.2byte	0
ARM GAS  C:\Users\CHRONI~1\AppData\Local\Temp\ccFpXkWX.s 			page 9


 426 000e 0000     		.2byte	0
 427 0010 00000000 		.4byte	.LFB0
 428 0014 0C000000 		.4byte	.LFE0-.LFB0
 429 0018 00000000 		.4byte	.LFB1
 430 001c 08000000 		.4byte	.LFE1-.LFB1
 431 0020 00000000 		.4byte	.LFB2
 432 0024 08000000 		.4byte	.LFE2-.LFB2
 433 0028 00000000 		.4byte	.LFB3
 434 002c 0A000000 		.4byte	.LFE3-.LFB3
 435 0030 00000000 		.4byte	0
 436 0034 00000000 		.4byte	0
 437              		.section	.debug_ranges,"",%progbits
 438              	.Ldebug_ranges0:
 439 0000 00000000 		.4byte	.LFB0
 440 0004 0C000000 		.4byte	.LFE0
 441 0008 00000000 		.4byte	.LFB1
 442 000c 08000000 		.4byte	.LFE1
 443 0010 00000000 		.4byte	.LFB2
 444 0014 08000000 		.4byte	.LFE2
 445 0018 00000000 		.4byte	.LFB3
 446 001c 0A000000 		.4byte	.LFE3
 447 0020 00000000 		.4byte	0
 448 0024 00000000 		.4byte	0
 449              		.section	.debug_line,"",%progbits
 450              	.Ldebug_line0:
 451 0000 8F010000 		.section	.debug_str,"MS",%progbits,1
 451      02004701 
 451      00000201 
 451      FB0E0D00 
 451      01010101 
 452              	.LASF6:
 453 0000 6C6F6E67 		.ascii	"long long int\000"
 453      206C6F6E 
 453      6720696E 
 453      7400
 454              	.LASF18:
 455 000e 73746F70 		.ascii	"stop_counter\000"
 455      5F636F75 
 455      6E746572 
 455      00
 456              	.LASF8:
 457 001b 756E7369 		.ascii	"unsigned int\000"
 457      676E6564 
 457      20696E74 
 457      00
 458              	.LASF19:
 459 0028 436F756E 		.ascii	"Counter_1_Init\000"
 459      7465725F 
 459      315F496E 
 459      697400
 460              	.LASF20:
 461 0037 436F756E 		.ascii	"Counter_1_Enable\000"
 461      7465725F 
 461      315F456E 
 461      61626C65 
 461      00
 462              	.LASF23:
ARM GAS  C:\Users\CHRONI~1\AppData\Local\Temp\ccFpXkWX.s 			page 10


 463 0048 436F756E 		.ascii	"Counter_1_ReadCounter\000"
 463      7465725F 
 463      315F5265 
 463      6164436F 
 463      756E7465 
 464              	.LASF24:
 465 005e 474E5520 		.ascii	"GNU C11 5.4.1 20160609 (release) [ARM/embedded-5-br"
 465      43313120 
 465      352E342E 
 465      31203230 
 465      31363036 
 466 0091 616E6368 		.ascii	"anch revision 237715] -mcpu=cortex-m3 -mthumb -g -O"
 466      20726576 
 466      6973696F 
 466      6E203233 
 466      37373135 
 467 00c4 67202D66 		.ascii	"g -ffunction-sections -ffat-lto-objects\000"
 467      66756E63 
 467      74696F6E 
 467      2D736563 
 467      74696F6E 
 468              	.LASF25:
 469 00ec 6273705F 		.ascii	"bsp_counter.c\000"
 469      636F756E 
 469      7465722E 
 469      6300
 470              	.LASF5:
 471 00fa 6C6F6E67 		.ascii	"long unsigned int\000"
 471      20756E73 
 471      69676E65 
 471      6420696E 
 471      7400
 472              	.LASF7:
 473 010c 6C6F6E67 		.ascii	"long long unsigned int\000"
 473      206C6F6E 
 473      6720756E 
 473      7369676E 
 473      65642069 
 474              	.LASF27:
 475 0123 72656164 		.ascii	"read_counter_value\000"
 475      5F636F75 
 475      6E746572 
 475      5F76616C 
 475      756500
 476              	.LASF11:
 477 0136 666C6F61 		.ascii	"float\000"
 477      7400
 478              	.LASF9:
 479 013c 5F5F7569 		.ascii	"__uint16_t\000"
 479      6E743136 
 479      5F7400
 480              	.LASF17:
 481 0147 73746172 		.ascii	"start_counter\000"
 481      745F636F 
 481      756E7465 
 481      7200
 482              	.LASF1:
ARM GAS  C:\Users\CHRONI~1\AppData\Local\Temp\ccFpXkWX.s 			page 11


 483 0155 756E7369 		.ascii	"unsigned char\000"
 483      676E6564 
 483      20636861 
 483      7200
 484              	.LASF13:
 485 0163 63686172 		.ascii	"char\000"
 485      00
 486              	.LASF21:
 487 0168 436F756E 		.ascii	"Counter_1_Start\000"
 487      7465725F 
 487      315F5374 
 487      61727400 
 488              	.LASF4:
 489 0178 6C6F6E67 		.ascii	"long int\000"
 489      20696E74 
 489      00
 490              	.LASF22:
 491 0181 436F756E 		.ascii	"Counter_1_Stop\000"
 491      7465725F 
 491      315F5374 
 491      6F7000
 492              	.LASF12:
 493 0190 646F7562 		.ascii	"double\000"
 493      6C6500
 494              	.LASF3:
 495 0197 73686F72 		.ascii	"short unsigned int\000"
 495      7420756E 
 495      7369676E 
 495      65642069 
 495      6E7400
 496              	.LASF0:
 497 01aa 7369676E 		.ascii	"signed char\000"
 497      65642063 
 497      68617200 
 498              	.LASF16:
 499 01b6 696E6974 		.ascii	"init_counter\000"
 499      5F636F75 
 499      6E746572 
 499      00
 500              	.LASF10:
 501 01c3 75696E74 		.ascii	"uint16_t\000"
 501      31365F74 
 501      00
 502              	.LASF14:
 503 01cc 6C6F6E67 		.ascii	"long double\000"
 503      20646F75 
 503      626C6500 
 504              	.LASF2:
 505 01d8 73686F72 		.ascii	"short int\000"
 505      7420696E 
 505      7400
 506              	.LASF26:
 507 01e2 433A5C55 		.ascii	"C:\\Users\\Chronikle\\Documents\\GitHub\\BodyAnalyz"
 507      73657273 
 507      5C436872 
 507      6F6E696B 
 507      6C655C44 
ARM GAS  C:\Users\CHRONI~1\AppData\Local\Temp\ccFpXkWX.s 			page 12


 508 0210 65725C65 		.ascii	"er\\esw_uCOS3_cykit.cydsn\000"
 508      73775F75 
 508      434F5333 
 508      5F63796B 
 508      69742E63 
 509              	.LASF15:
 510 0229 73697A65 		.ascii	"sizetype\000"
 510      74797065 
 510      00
 511              		.ident	"GCC: (GNU Tools for ARM Embedded Processors) 5.4.1 20160609 (release) [ARM/embedded-5-bran
