ARM GAS  C:\Users\CHRONI~1\AppData\Local\Temp\ccph5YDG.s 			page 1


   1              		.syntax unified
   2              		.cpu cortex-m3
   3              		.fpu softvfp
   4              		.eabi_attribute 20, 1
   5              		.eabi_attribute 21, 1
   6              		.eabi_attribute 23, 3
   7              		.eabi_attribute 24, 1
   8              		.eabi_attribute 25, 1
   9              		.eabi_attribute 26, 1
  10              		.eabi_attribute 30, 1
  11              		.eabi_attribute 34, 1
  12              		.eabi_attribute 18, 4
  13              		.thumb
  14              		.syntax unified
  15              		.file	"data_processing_task.c"
  16              		.text
  17              	.Ltext0:
  18              		.cfi_sections	.debug_frame
  19              		.section	.text.processRawEnvironmentData,"ax",%progbits
  20              		.align	2
  21              		.global	processRawEnvironmentData
  22              		.thumb
  23              		.thumb_func
  24              		.type	processRawEnvironmentData, %function
  25              	processRawEnvironmentData:
  26              	.LFB64:
  27              		.file 1 "data_processing_task.c"
   1:data_processing_task.c **** #include "data_processing_task.h"
   2:data_processing_task.c **** #include <app_cfg.h>
   3:data_processing_task.c **** #include "log_task.h"
   4:data_processing_task.c **** #include "os.h"
   5:data_processing_task.c **** 
   6:data_processing_task.c **** /**
   7:data_processing_task.c ****  @brief Processes the environment sensor values out of the queue straight into the processed struct
   8:data_processing_task.c ****         
   9:data_processing_task.c ****         This helper function expects a structs address as pointer to fullfill it with the processed
  10:data_processing_task.c ****         Fruthermore this tasks receives the raw sensor values from the environment sensor and cover
  11:data_processing_task.c ****         format. After the process it stores the new values into the struct as a complete dataset.
  12:data_processing_task.c ****         
  13:data_processing_task.c ****  @param DATA_SET_PACKAGE_ENVIRONMENT *data_environment_package
  14:data_processing_task.c **** **/
  15:data_processing_task.c **** CPU_BOOLEAN processRawEnvironmentData(DATA_SET_PACKAGE_ENVIRONMENT *data_environment_package) {
  28              		.loc 1 15 0
  29              		.cfi_startproc
  30              		@ args = 0, pretend = 0, frame = 0
  31              		@ frame_needed = 0, uses_anonymous_args = 0
  32              		@ link register save eliminated.
  33              	.LVL0:
  16:data_processing_task.c ****    
  17:data_processing_task.c ****       // Convert and scale temperature
  18:data_processing_task.c ****       data_environment_package->temperature_in_celsius = data_environment_package->temperature_in_c
  34              		.loc 1 18 0
  35 0000 B0F90030 		ldrsh	r3, [r0]
  36 0004 084A     		ldr	r2, .L2
  37 0006 82FB0312 		smull	r1, r2, r2, r3
  38 000a DB17     		asrs	r3, r3, #31
  39 000c C3EB6213 		rsb	r3, r3, r2, asr #5
ARM GAS  C:\Users\CHRONI~1\AppData\Local\Temp\ccph5YDG.s 			page 2


  40 0010 0380     		strh	r3, [r0]	@ movhi
  19:data_processing_task.c ****       
  20:data_processing_task.c ****       // Convert and scale humidity
  21:data_processing_task.c ****       data_environment_package->humidity_in_percentage = data_environment_package->humidity_in_perc
  41              		.loc 1 21 0
  42 0012 4368     		ldr	r3, [r0, #4]
  43 0014 054A     		ldr	r2, .L2+4
  44 0016 82FB0312 		smull	r1, r2, r2, r3
  45 001a DB17     		asrs	r3, r3, #31
  46 001c C3EBA213 		rsb	r3, r3, r2, asr #6
  47 0020 4360     		str	r3, [r0, #4]
  22:data_processing_task.c ****       
  23:data_processing_task.c ****       // Convert and scale pressure
  24:data_processing_task.c ****       data_environment_package->pressure_in_bar = data_environment_package->pressure_in_bar;
  25:data_processing_task.c ****       
  26:data_processing_task.c ****       // Convert gas concentration
  27:data_processing_task.c ****       data_environment_package->gas_in_ohm = data_environment_package->gas_in_ohm;
  28:data_processing_task.c ****       
  29:data_processing_task.c ****       return DEF_TRUE;
  30:data_processing_task.c **** }
  48              		.loc 1 30 0
  49 0022 0120     		movs	r0, #1
  50              	.LVL1:
  51 0024 7047     		bx	lr
  52              	.L3:
  53 0026 00BF     		.align	2
  54              	.L2:
  55 0028 1F85EB51 		.word	1374389535
  56 002c D34D6210 		.word	274877907
  57              		.cfi_endproc
  58              	.LFE64:
  59              		.size	processRawEnvironmentData, .-processRawEnvironmentData
  60              		.section	.text.isEnvironmentDataInRange,"ax",%progbits
  61              		.align	2
  62              		.global	isEnvironmentDataInRange
  63              		.thumb
  64              		.thumb_func
  65              		.type	isEnvironmentDataInRange, %function
  66              	isEnvironmentDataInRange:
  67              	.LFB65:
  31:data_processing_task.c **** 
  32:data_processing_task.c **** /* Helper function to check if environmental data is within acceptable indoor ranges */
  33:data_processing_task.c **** CPU_BOOLEAN isEnvironmentDataInRange(DATA_SET_PACKAGE_ENVIRONMENT *data) {
  68              		.loc 1 33 0
  69              		.cfi_startproc
  70              		@ args = 0, pretend = 0, frame = 128
  71              		@ frame_needed = 0, uses_anonymous_args = 0
  72              	.LVL2:
  73 0000 10B5     		push	{r4, lr}
  74              		.cfi_def_cfa_offset 8
  75              		.cfi_offset 4, -8
  76              		.cfi_offset 14, -4
  77 0002 A4B0     		sub	sp, sp, #144
  78              		.cfi_def_cfa_offset 152
  79 0004 0446     		mov	r4, r0
  34:data_processing_task.c ****     char log_message[128];
  35:data_processing_task.c ****     snprintf(log_message, sizeof(log_message),
ARM GAS  C:\Users\CHRONI~1\AppData\Local\Temp\ccph5YDG.s 			page 3


  36:data_processing_task.c ****              "Environment Data - Temperature: %d °C, Humidity: %d %%, Pressure: %d bar, Gas Resist
  37:data_processing_task.c ****              data->temperature_in_celsius,
  80              		.loc 1 37 0
  81 0006 B0F90030 		ldrsh	r3, [r0]
  35:data_processing_task.c ****              "Environment Data - Temperature: %d °C, Humidity: %d %%, Pressure: %d bar, Gas Resist
  82              		.loc 1 35 0
  83 000a C268     		ldr	r2, [r0, #12]
  84 000c 0292     		str	r2, [sp, #8]
  85 000e 8268     		ldr	r2, [r0, #8]
  86 0010 0192     		str	r2, [sp, #4]
  87 0012 4268     		ldr	r2, [r0, #4]
  88 0014 0092     		str	r2, [sp]
  89 0016 164A     		ldr	r2, .L11
  90 0018 8021     		movs	r1, #128
  91 001a 04A8     		add	r0, sp, #16
  92              	.LVL3:
  93 001c FFF7FEFF 		bl	snprintf
  94              	.LVL4:
  38:data_processing_task.c ****              data->humidity_in_percentage,
  39:data_processing_task.c ****              data->pressure_in_bar,
  40:data_processing_task.c ****              data->gas_in_ohm)
  41:data_processing_task.c ****     ;
  42:data_processing_task.c ****     UART_1_PutString(log_message);
  95              		.loc 1 42 0
  96 0020 04A8     		add	r0, sp, #16
  97 0022 FFF7FEFF 		bl	UART_1_PutString
  98              	.LVL5:
  43:data_processing_task.c ****         if (data->temperature_in_celsius >= TEMPERATURE_LEVEL_INDOOR_MIN && data->temperature_in_ce
  99              		.loc 1 43 0
 100 0026 B4F90030 		ldrsh	r3, [r4]
 101 002a 143B     		subs	r3, r3, #20
 102 002c 9BB2     		uxth	r3, r3
 103 002e 052B     		cmp	r3, #5
 104 0030 15D8     		bhi	.L6
  44:data_processing_task.c ****             if (data->humidity_in_percentage >= HUMIDITY_LEVEL_INDOOR_MIN && data->humidity_in_perc
 105              		.loc 1 44 0
 106 0032 6368     		ldr	r3, [r4, #4]
 107 0034 143B     		subs	r3, r3, #20
 108 0036 1E2B     		cmp	r3, #30
 109 0038 13D8     		bhi	.L7
  45:data_processing_task.c ****                 if(data->pressure_in_bar >= PRESSURE_LEVEL_INDOOR_MIN && data->pressure_in_bar <= P
 110              		.loc 1 45 0
 111 003a A368     		ldr	r3, [r4, #8]
 112 003c A3F5C333 		sub	r3, r3, #99840
 113 0040 A03B     		subs	r3, r3, #160
 114 0042 41F28832 		movw	r2, #5000
 115 0046 9342     		cmp	r3, r2
 116 0048 0DD8     		bhi	.L8
  46:data_processing_task.c ****                     if(data->gas_in_ohm >= GAS_LEVEL_INDOOR_MIN && data->gas_in_ohm <= GAS_LEVEL_IN
 117              		.loc 1 46 0
 118 004a E368     		ldr	r3, [r4, #12]
 119 004c A3F5D633 		sub	r3, r3, #109568
 120 0050 A3F5D873 		sub	r3, r3, #432
 121 0054 074A     		ldr	r2, .L11+4
 122 0056 9342     		cmp	r3, r2
 123 0058 07D9     		bls	.L9
  47:data_processing_task.c ****                         return 0;
ARM GAS  C:\Users\CHRONI~1\AppData\Local\Temp\ccph5YDG.s 			page 4


  48:data_processing_task.c ****                     }
  49:data_processing_task.c ****                 }
  50:data_processing_task.c ****             }
  51:data_processing_task.c ****         } 
  52:data_processing_task.c ****         return 1;
 124              		.loc 1 52 0
 125 005a 0120     		movs	r0, #1
 126 005c 06E0     		b	.L5
 127              	.L6:
 128 005e 0120     		movs	r0, #1
 129 0060 04E0     		b	.L5
 130              	.L7:
 131 0062 0120     		movs	r0, #1
 132 0064 02E0     		b	.L5
 133              	.L8:
 134 0066 0120     		movs	r0, #1
 135 0068 00E0     		b	.L5
 136              	.L9:
  47:data_processing_task.c ****                         return 0;
 137              		.loc 1 47 0
 138 006a 0020     		movs	r0, #0
 139              	.L5:
  53:data_processing_task.c **** }
 140              		.loc 1 53 0
 141 006c 24B0     		add	sp, sp, #144
 142              		.cfi_def_cfa_offset 8
 143              		@ sp needed
 144 006e 10BD     		pop	{r4, pc}
 145              	.LVL6:
 146              	.L12:
 147              		.align	2
 148              	.L11:
 149 0070 00000000 		.word	.LC0
 150 0074 78450600 		.word	411000
 151              		.cfi_endproc
 152              	.LFE65:
 153              		.size	isEnvironmentDataInRange, .-isEnvironmentDataInRange
 154              		.comm	LedG_TaskStk,1024,4
 155              		.comm	LedG_Task_TCB,192,4
 156              		.comm	LedRB_TaskStk,1024,4
 157              		.comm	LedRB_Task_TCB,192,4
 158              		.comm	BUT_TaskStk,512,4
 159              		.comm	BUT_Task_TCB,192,4
 160              		.section	.rodata.str1.4,"aMS",%progbits,1
 161              		.align	2
 162              	.LC0:
 163 0000 456E7669 		.ascii	"Environment Data - Temperature: %d \302\260C, Humid"
 163      726F6E6D 
 163      656E7420 
 163      44617461 
 163      202D2054 
 164 002d 6974793A 		.ascii	"ity: %d %%, Pressure: %d bar, Gas Resistance: %d oh"
 164      20256420 
 164      25252C20 
 164      50726573 
 164      73757265 
 165 0060 6D0A00   		.ascii	"m\012\000"
ARM GAS  C:\Users\CHRONI~1\AppData\Local\Temp\ccph5YDG.s 			page 5


 166              		.text
 167              	.Letext0:
 168              		.file 2 "c:\\program files (x86)\\cypress\\psoc creator\\4.4\\psoc creator\\import\\gnu\\arm\\5.4.
 169              		.file 3 "c:\\program files (x86)\\cypress\\psoc creator\\4.4\\psoc creator\\import\\gnu\\arm\\5.4.
 170              		.file 4 ".\\uC-CPU\\ARM-Cortex-M3\\GNU/cpu.h"
 171              		.file 5 ".\\uC-CPU/cpu_core.h"
 172              		.file 6 ".\\uCOS-III\\Source/os_type.h"
 173              		.file 7 ".\\uCOS-III\\Source/os.h"
 174              		.file 8 "data_processing_task.h"
 175              		.file 9 "./heartbeatSensor.h"
 176              		.file 10 "Generated_Source\\PSoC5/core_cm3.h"
 177              		.file 11 "./gpio_tasks.h"
 178              		.file 12 "c:\\program files (x86)\\cypress\\psoc creator\\4.4\\psoc creator\\import\\gnu\\arm\\5.4
 179              		.file 13 "Generated_Source\\PSoC5/UART_1.h"
 180              		.section	.debug_info,"",%progbits
 181              	.Ldebug_info0:
 182 0000 1A090000 		.4byte	0x91a
 183 0004 0400     		.2byte	0x4
 184 0006 00000000 		.4byte	.Ldebug_abbrev0
 185 000a 04       		.byte	0x4
 186 000b 01       		.uleb128 0x1
 187 000c 02050000 		.4byte	.LASF145
 188 0010 0C       		.byte	0xc
 189 0011 41010000 		.4byte	.LASF146
 190 0015 CB030000 		.4byte	.LASF147
 191 0019 00000000 		.4byte	.Ldebug_ranges0+0
 192 001d 00000000 		.4byte	0
 193 0021 00000000 		.4byte	.Ldebug_line0
 194 0025 02       		.uleb128 0x2
 195 0026 04       		.byte	0x4
 196 0027 03       		.uleb128 0x3
 197 0028 01       		.byte	0x1
 198 0029 06       		.byte	0x6
 199 002a 48000000 		.4byte	.LASF0
 200 002e 03       		.uleb128 0x3
 201 002f 01       		.byte	0x1
 202 0030 08       		.byte	0x8
 203 0031 C1040000 		.4byte	.LASF1
 204 0035 03       		.uleb128 0x3
 205 0036 02       		.byte	0x2
 206 0037 05       		.byte	0x5
 207 0038 EE040000 		.4byte	.LASF2
 208 003c 03       		.uleb128 0x3
 209 003d 02       		.byte	0x2
 210 003e 07       		.byte	0x7
 211 003f F0010000 		.4byte	.LASF3
 212 0043 04       		.uleb128 0x4
 213 0044 23030000 		.4byte	.LASF12
 214 0048 02       		.byte	0x2
 215 0049 3F       		.byte	0x3f
 216 004a 4E000000 		.4byte	0x4e
 217 004e 03       		.uleb128 0x3
 218 004f 04       		.byte	0x4
 219 0050 05       		.byte	0x5
 220 0051 7C010000 		.4byte	.LASF4
 221 0055 03       		.uleb128 0x3
 222 0056 04       		.byte	0x4
ARM GAS  C:\Users\CHRONI~1\AppData\Local\Temp\ccph5YDG.s 			page 6


 223 0057 07       		.byte	0x7
 224 0058 7B020000 		.4byte	.LASF5
 225 005c 03       		.uleb128 0x3
 226 005d 08       		.byte	0x8
 227 005e 05       		.byte	0x5
 228 005f B6010000 		.4byte	.LASF6
 229 0063 03       		.uleb128 0x3
 230 0064 08       		.byte	0x8
 231 0065 07       		.byte	0x7
 232 0066 90000000 		.4byte	.LASF7
 233 006a 05       		.uleb128 0x5
 234 006b 04       		.byte	0x4
 235 006c 05       		.byte	0x5
 236 006d 696E7400 		.ascii	"int\000"
 237 0071 03       		.uleb128 0x3
 238 0072 04       		.byte	0x4
 239 0073 07       		.byte	0x7
 240 0074 65020000 		.4byte	.LASF8
 241 0078 03       		.uleb128 0x3
 242 0079 08       		.byte	0x8
 243 007a 04       		.byte	0x4
 244 007b D3050000 		.4byte	.LASF9
 245 007f 03       		.uleb128 0x3
 246 0080 04       		.byte	0x4
 247 0081 07       		.byte	0x7
 248 0082 82030000 		.4byte	.LASF10
 249 0086 03       		.uleb128 0x3
 250 0087 01       		.byte	0x1
 251 0088 08       		.byte	0x8
 252 0089 E7050000 		.4byte	.LASF11
 253 008d 04       		.uleb128 0x4
 254 008e B9040000 		.4byte	.LASF13
 255 0092 03       		.byte	0x3
 256 0093 2C       		.byte	0x2c
 257 0094 43000000 		.4byte	0x43
 258 0098 03       		.uleb128 0x3
 259 0099 08       		.byte	0x8
 260 009a 04       		.byte	0x4
 261 009b CB010000 		.4byte	.LASF14
 262 009f 03       		.uleb128 0x3
 263 00a0 04       		.byte	0x4
 264 00a1 04       		.byte	0x4
 265 00a2 5F040000 		.4byte	.LASF15
 266 00a6 04       		.uleb128 0x4
 267 00a7 38010000 		.4byte	.LASF16
 268 00ab 04       		.byte	0x4
 269 00ac 76       		.byte	0x76
 270 00ad 86000000 		.4byte	0x86
 271 00b1 04       		.uleb128 0x4
 272 00b2 3B070000 		.4byte	.LASF17
 273 00b6 04       		.byte	0x4
 274 00b7 77       		.byte	0x77
 275 00b8 2E000000 		.4byte	0x2e
 276 00bc 04       		.uleb128 0x4
 277 00bd 99020000 		.4byte	.LASF18
 278 00c1 04       		.byte	0x4
 279 00c2 78       		.byte	0x78
ARM GAS  C:\Users\CHRONI~1\AppData\Local\Temp\ccph5YDG.s 			page 7


 280 00c3 2E000000 		.4byte	0x2e
 281 00c7 04       		.uleb128 0x4
 282 00c8 FF060000 		.4byte	.LASF19
 283 00cc 04       		.byte	0x4
 284 00cd 7A       		.byte	0x7a
 285 00ce 3C000000 		.4byte	0x3c
 286 00d2 04       		.uleb128 0x4
 287 00d3 F4060000 		.4byte	.LASF20
 288 00d7 04       		.byte	0x4
 289 00d8 7B       		.byte	0x7b
 290 00d9 35000000 		.4byte	0x35
 291 00dd 04       		.uleb128 0x4
 292 00de 29000000 		.4byte	.LASF21
 293 00e2 04       		.byte	0x4
 294 00e3 7C       		.byte	0x7c
 295 00e4 71000000 		.4byte	0x71
 296 00e8 04       		.uleb128 0x4
 297 00e9 12000000 		.4byte	.LASF22
 298 00ed 04       		.byte	0x4
 299 00ee 7D       		.byte	0x7d
 300 00ef 6A000000 		.4byte	0x6a
 301 00f3 06       		.uleb128 0x6
 302 00f4 04       		.byte	0x4
 303 00f5 F9000000 		.4byte	0xf9
 304 00f9 07       		.uleb128 0x7
 305 00fa 04010000 		.4byte	0x104
 306 00fe 08       		.uleb128 0x8
 307 00ff 25000000 		.4byte	0x25
 308 0103 00       		.byte	0
 309 0104 04       		.uleb128 0x4
 310 0105 6B030000 		.4byte	.LASF23
 311 0109 04       		.byte	0x4
 312 010a B5       		.byte	0xb5
 313 010b DD000000 		.4byte	0xdd
 314 010f 04       		.uleb128 0x4
 315 0110 0A010000 		.4byte	.LASF24
 316 0114 04       		.byte	0x4
 317 0115 D9       		.byte	0xd9
 318 0116 DD000000 		.4byte	0xdd
 319 011a 04       		.uleb128 0x4
 320 011b C5020000 		.4byte	.LASF25
 321 011f 04       		.byte	0x4
 322 0120 DA       		.byte	0xda
 323 0121 04010000 		.4byte	0x104
 324 0125 04       		.uleb128 0x4
 325 0126 BC020000 		.4byte	.LASF26
 326 012a 05       		.byte	0x5
 327 012b C4       		.byte	0xc4
 328 012c DD000000 		.4byte	0xdd
 329 0130 04       		.uleb128 0x4
 330 0131 3F040000 		.4byte	.LASF27
 331 0135 05       		.byte	0x5
 332 0136 C7       		.byte	0xc7
 333 0137 25010000 		.4byte	0x125
 334 013b 04       		.uleb128 0x4
 335 013c D9020000 		.4byte	.LASF28
 336 0140 06       		.byte	0x6
ARM GAS  C:\Users\CHRONI~1\AppData\Local\Temp\ccph5YDG.s 			page 8


 337 0141 30       		.byte	0x30
 338 0142 C7000000 		.4byte	0xc7
 339 0146 04       		.uleb128 0x4
 340 0147 B2030000 		.4byte	.LASF29
 341 014b 06       		.byte	0x6
 342 014c 34       		.byte	0x34
 343 014d DD000000 		.4byte	0xdd
 344 0151 04       		.uleb128 0x4
 345 0152 CB060000 		.4byte	.LASF30
 346 0156 06       		.byte	0x6
 347 0157 36       		.byte	0x36
 348 0158 DD000000 		.4byte	0xdd
 349 015c 04       		.uleb128 0x4
 350 015d 12010000 		.4byte	.LASF31
 351 0161 06       		.byte	0x6
 352 0162 38       		.byte	0x38
 353 0163 DD000000 		.4byte	0xdd
 354 0167 04       		.uleb128 0x4
 355 0168 C0030000 		.4byte	.LASF32
 356 016c 06       		.byte	0x6
 357 016d 3F       		.byte	0x3f
 358 016e C7000000 		.4byte	0xc7
 359 0172 04       		.uleb128 0x4
 360 0173 0A070000 		.4byte	.LASF33
 361 0177 06       		.byte	0x6
 362 0178 40       		.byte	0x40
 363 0179 C7000000 		.4byte	0xc7
 364 017d 04       		.uleb128 0x4
 365 017e E1010000 		.4byte	.LASF34
 366 0182 06       		.byte	0x6
 367 0183 42       		.byte	0x42
 368 0184 BC000000 		.4byte	0xbc
 369 0188 04       		.uleb128 0x4
 370 0189 71060000 		.4byte	.LASF35
 371 018d 06       		.byte	0x6
 372 018e 44       		.byte	0x44
 373 018f C7000000 		.4byte	0xc7
 374 0193 04       		.uleb128 0x4
 375 0194 83040000 		.4byte	.LASF36
 376 0198 06       		.byte	0x6
 377 0199 45       		.byte	0x45
 378 019a DD000000 		.4byte	0xdd
 379 019e 04       		.uleb128 0x4
 380 019f D2020000 		.4byte	.LASF37
 381 01a3 06       		.byte	0x6
 382 01a4 47       		.byte	0x47
 383 01a5 C7000000 		.4byte	0xc7
 384 01a9 04       		.uleb128 0x4
 385 01aa 2B060000 		.4byte	.LASF38
 386 01ae 06       		.byte	0x6
 387 01af 49       		.byte	0x49
 388 01b0 BC000000 		.4byte	0xbc
 389 01b4 04       		.uleb128 0x4
 390 01b5 B0020000 		.4byte	.LASF39
 391 01b9 06       		.byte	0x6
 392 01ba 4F       		.byte	0x4f
 393 01bb DD000000 		.4byte	0xdd
ARM GAS  C:\Users\CHRONI~1\AppData\Local\Temp\ccph5YDG.s 			page 9


 394 01bf 04       		.uleb128 0x4
 395 01c0 07000000 		.4byte	.LASF40
 396 01c4 06       		.byte	0x6
 397 01c5 52       		.byte	0x52
 398 01c6 DD000000 		.4byte	0xdd
 399 01ca 04       		.uleb128 0x4
 400 01cb D6000000 		.4byte	.LASF41
 401 01cf 06       		.byte	0x6
 402 01d0 54       		.byte	0x54
 403 01d1 BC000000 		.4byte	0xbc
 404 01d5 04       		.uleb128 0x4
 405 01d6 86000000 		.4byte	.LASF42
 406 01da 06       		.byte	0x6
 407 01db 56       		.byte	0x56
 408 01dc BC000000 		.4byte	0xbc
 409 01e0 04       		.uleb128 0x4
 410 01e1 74010000 		.4byte	.LASF43
 411 01e5 06       		.byte	0x6
 412 01e6 58       		.byte	0x58
 413 01e7 DD000000 		.4byte	0xdd
 414 01eb 09       		.uleb128 0x9
 415 01ec DF000000 		.4byte	.LASF44
 416 01f0 07       		.byte	0x7
 417 01f1 8202     		.2byte	0x282
 418 01f3 F7010000 		.4byte	0x1f7
 419 01f7 0A       		.uleb128 0xa
 420 01f8 DA040000 		.4byte	.LASF50
 421 01fc 10       		.byte	0x10
 422 01fd 07       		.byte	0x7
 423 01fe 4003     		.2byte	0x340
 424 0200 39020000 		.4byte	0x239
 425 0204 0B       		.uleb128 0xb
 426 0205 F6000000 		.4byte	.LASF45
 427 0209 07       		.byte	0x7
 428 020a 4103     		.2byte	0x341
 429 020c D4060000 		.4byte	0x6d4
 430 0210 00       		.byte	0
 431 0211 0B       		.uleb128 0xb
 432 0212 90050000 		.4byte	.LASF46
 433 0216 07       		.byte	0x7
 434 0217 4203     		.2byte	0x342
 435 0219 25000000 		.4byte	0x25
 436 021d 04       		.byte	0x4
 437 021e 0B       		.uleb128 0xb
 438 021f 9E050000 		.4byte	.LASF47
 439 0223 07       		.byte	0x7
 440 0224 4303     		.2byte	0x343
 441 0226 72010000 		.4byte	0x172
 442 022a 08       		.byte	0x8
 443 022b 0B       		.uleb128 0xb
 444 022c 01060000 		.4byte	.LASF48
 445 0230 07       		.byte	0x7
 446 0231 4403     		.2byte	0x344
 447 0233 30010000 		.4byte	0x130
 448 0237 0C       		.byte	0xc
 449 0238 00       		.byte	0
 450 0239 09       		.uleb128 0x9
ARM GAS  C:\Users\CHRONI~1\AppData\Local\Temp\ccph5YDG.s 			page 10


 451 023a 7C060000 		.4byte	.LASF49
 452 023e 07       		.byte	0x7
 453 023f 8402     		.2byte	0x284
 454 0241 45020000 		.4byte	0x245
 455 0245 0A       		.uleb128 0xa
 456 0246 72020000 		.4byte	.LASF51
 457 024a 10       		.byte	0x10
 458 024b 07       		.byte	0x7
 459 024c 5303     		.2byte	0x353
 460 024e 94020000 		.4byte	0x294
 461 0252 0B       		.uleb128 0xb
 462 0253 DB010000 		.4byte	.LASF52
 463 0257 07       		.byte	0x7
 464 0258 5403     		.2byte	0x354
 465 025a D4060000 		.4byte	0x6d4
 466 025e 00       		.byte	0
 467 025f 0B       		.uleb128 0xb
 468 0260 74000000 		.4byte	.LASF53
 469 0264 07       		.byte	0x7
 470 0265 5503     		.2byte	0x355
 471 0267 D4060000 		.4byte	0x6d4
 472 026b 04       		.byte	0x4
 473 026c 0B       		.uleb128 0xb
 474 026d 58010000 		.4byte	.LASF54
 475 0271 07       		.byte	0x7
 476 0272 5603     		.2byte	0x356
 477 0274 67010000 		.4byte	0x167
 478 0278 08       		.byte	0x8
 479 0279 0B       		.uleb128 0xb
 480 027a CF040000 		.4byte	.LASF55
 481 027e 07       		.byte	0x7
 482 027f 5703     		.2byte	0x357
 483 0281 67010000 		.4byte	0x167
 484 0285 0A       		.byte	0xa
 485 0286 0B       		.uleb128 0xb
 486 0287 12040000 		.4byte	.LASF56
 487 028b 07       		.byte	0x7
 488 028c 5803     		.2byte	0x358
 489 028e 67010000 		.4byte	0x167
 490 0292 0C       		.byte	0xc
 491 0293 00       		.byte	0
 492 0294 09       		.uleb128 0x9
 493 0295 47070000 		.4byte	.LASF57
 494 0299 07       		.byte	0x7
 495 029a 8E02     		.2byte	0x28e
 496 029c F3000000 		.4byte	0xf3
 497 02a0 09       		.uleb128 0x9
 498 02a1 CC050000 		.4byte	.LASF58
 499 02a5 07       		.byte	0x7
 500 02a6 9002     		.2byte	0x290
 501 02a8 AC020000 		.4byte	0x2ac
 502 02ac 0A       		.uleb128 0xa
 503 02ad 10020000 		.4byte	.LASF59
 504 02b1 C0       		.byte	0xc0
 505 02b2 07       		.byte	0x7
 506 02b3 AB03     		.2byte	0x3ab
 507 02b5 50050000 		.4byte	0x550
ARM GAS  C:\Users\CHRONI~1\AppData\Local\Temp\ccph5YDG.s 			page 11


 508 02b9 0B       		.uleb128 0xb
 509 02ba C4010000 		.4byte	.LASF60
 510 02be 07       		.byte	0x7
 511 02bf AC03     		.2byte	0x3ac
 512 02c1 DA060000 		.4byte	0x6da
 513 02c5 00       		.byte	0
 514 02c6 0B       		.uleb128 0xb
 515 02c7 6A060000 		.4byte	.LASF61
 516 02cb 07       		.byte	0x7
 517 02cc AE03     		.2byte	0x3ae
 518 02ce 25000000 		.4byte	0x25
 519 02d2 04       		.byte	0x4
 520 02d3 0B       		.uleb128 0xb
 521 02d4 F2020000 		.4byte	.LASF62
 522 02d8 07       		.byte	0x7
 523 02d9 B003     		.2byte	0x3b0
 524 02db DA060000 		.4byte	0x6da
 525 02df 08       		.byte	0x8
 526 02e0 0B       		.uleb128 0xb
 527 02e1 F6000000 		.4byte	.LASF45
 528 02e5 07       		.byte	0x7
 529 02e6 B203     		.2byte	0x3b2
 530 02e8 BC060000 		.4byte	0x6bc
 531 02ec 0C       		.byte	0xc
 532 02ed 0B       		.uleb128 0xb
 533 02ee 23060000 		.4byte	.LASF63
 534 02f2 07       		.byte	0x7
 535 02f3 B303     		.2byte	0x3b3
 536 02f5 BC060000 		.4byte	0x6bc
 537 02f9 10       		.byte	0x10
 538 02fa 0B       		.uleb128 0xb
 539 02fb CA000000 		.4byte	.LASF64
 540 02ff 07       		.byte	0x7
 541 0300 B503     		.2byte	0x3b5
 542 0302 BC060000 		.4byte	0x6bc
 543 0306 14       		.byte	0x14
 544 0307 0B       		.uleb128 0xb
 545 0308 07060000 		.4byte	.LASF65
 546 030c 07       		.byte	0x7
 547 030d B603     		.2byte	0x3b6
 548 030f BC060000 		.4byte	0x6bc
 549 0313 18       		.byte	0x18
 550 0314 0B       		.uleb128 0xb
 551 0315 A7000000 		.4byte	.LASF66
 552 0319 07       		.byte	0x7
 553 031a B803     		.2byte	0x3b8
 554 031c E0060000 		.4byte	0x6e0
 555 0320 1C       		.byte	0x1c
 556 0321 0B       		.uleb128 0xb
 557 0322 13060000 		.4byte	.LASF67
 558 0326 07       		.byte	0x7
 559 0327 BA03     		.2byte	0x3ba
 560 0329 CE060000 		.4byte	0x6ce
 561 032d 20       		.byte	0x20
 562 032e 0B       		.uleb128 0xb
 563 032f 54060000 		.4byte	.LASF68
 564 0333 07       		.byte	0x7
ARM GAS  C:\Users\CHRONI~1\AppData\Local\Temp\ccph5YDG.s 			page 12


 565 0334 BC03     		.2byte	0x3bc
 566 0336 DA060000 		.4byte	0x6da
 567 033a 24       		.byte	0x24
 568 033b 0B       		.uleb128 0xb
 569 033c D5060000 		.4byte	.LASF69
 570 0340 07       		.byte	0x7
 571 0341 C203     		.2byte	0x3c2
 572 0343 94020000 		.4byte	0x294
 573 0347 28       		.byte	0x28
 574 0348 0B       		.uleb128 0xb
 575 0349 33060000 		.4byte	.LASF70
 576 034d 07       		.byte	0x7
 577 034e C303     		.2byte	0x3c3
 578 0350 25000000 		.4byte	0x25
 579 0354 2C       		.byte	0x2c
 580 0355 0B       		.uleb128 0xb
 581 0356 27020000 		.4byte	.LASF71
 582 035a 07       		.byte	0x7
 583 035b C503     		.2byte	0x3c5
 584 035d C2060000 		.4byte	0x6c2
 585 0361 30       		.byte	0x30
 586 0362 0B       		.uleb128 0xb
 587 0363 4A020000 		.4byte	.LASF72
 588 0367 07       		.byte	0x7
 589 0368 C603     		.2byte	0x3c6
 590 036a CA010000 		.4byte	0x1ca
 591 036e 34       		.byte	0x34
 592 036f 0B       		.uleb128 0xb
 593 0370 8E060000 		.4byte	.LASF73
 594 0374 07       		.byte	0x7
 595 0375 C703     		.2byte	0x3c7
 596 0377 D5010000 		.4byte	0x1d5
 597 037b 35       		.byte	0x35
 598 037c 0B       		.uleb128 0xb
 599 037d F8040000 		.4byte	.LASF74
 600 0381 07       		.byte	0x7
 601 0382 C903     		.2byte	0x3c9
 602 0384 CA010000 		.4byte	0x1ca
 603 0388 36       		.byte	0x36
 604 0389 0B       		.uleb128 0xb
 605 038a 5D030000 		.4byte	.LASF75
 606 038e 07       		.byte	0x7
 607 038f CA03     		.2byte	0x3ca
 608 0391 A9010000 		.4byte	0x1a9
 609 0395 37       		.byte	0x37
 610 0396 0B       		.uleb128 0xb
 611 0397 DF050000 		.4byte	.LASF76
 612 039b 07       		.byte	0x7
 613 039c CB03     		.2byte	0x3cb
 614 039e 1A010000 		.4byte	0x11a
 615 03a2 38       		.byte	0x38
 616 03a3 0C       		.uleb128 0xc
 617 03a4 4F707400 		.ascii	"Opt\000"
 618 03a8 07       		.byte	0x7
 619 03a9 CC03     		.2byte	0x3cc
 620 03ab 9E010000 		.4byte	0x19e
 621 03af 3C       		.byte	0x3c
ARM GAS  C:\Users\CHRONI~1\AppData\Local\Temp\ccph5YDG.s 			page 13


 622 03b0 0B       		.uleb128 0xb
 623 03b1 8F040000 		.4byte	.LASF77
 624 03b5 07       		.byte	0x7
 625 03b6 CE03     		.2byte	0x3ce
 626 03b8 88010000 		.4byte	0x188
 627 03bc 3E       		.byte	0x3e
 628 03bd 0C       		.uleb128 0xc
 629 03be 545300   		.ascii	"TS\000"
 630 03c1 07       		.byte	0x7
 631 03c2 D003     		.2byte	0x3d0
 632 03c4 30010000 		.4byte	0x130
 633 03c8 40       		.byte	0x40
 634 03c9 0B       		.uleb128 0xb
 635 03ca 97050000 		.4byte	.LASF78
 636 03ce 07       		.byte	0x7
 637 03cf D203     		.2byte	0x3d2
 638 03d1 BF010000 		.4byte	0x1bf
 639 03d5 44       		.byte	0x44
 640 03d6 0B       		.uleb128 0xb
 641 03d7 46040000 		.4byte	.LASF79
 642 03db 07       		.byte	0x7
 643 03dc D503     		.2byte	0x3d5
 644 03de E0010000 		.4byte	0x1e0
 645 03e2 48       		.byte	0x48
 646 03e3 0B       		.uleb128 0xb
 647 03e4 B6060000 		.4byte	.LASF80
 648 03e8 07       		.byte	0x7
 649 03e9 D603     		.2byte	0x3d6
 650 03eb E0010000 		.4byte	0x1e0
 651 03ef 4C       		.byte	0x4c
 652 03f0 0B       		.uleb128 0xb
 653 03f1 F6050000 		.4byte	.LASF81
 654 03f5 07       		.byte	0x7
 655 03f6 D703     		.2byte	0x3d7
 656 03f8 E0010000 		.4byte	0x1e0
 657 03fc 50       		.byte	0x50
 658 03fd 0B       		.uleb128 0xb
 659 03fe 17020000 		.4byte	.LASF82
 660 0402 07       		.byte	0x7
 661 0403 D903     		.2byte	0x3d9
 662 0405 E0010000 		.4byte	0x1e0
 663 0409 54       		.byte	0x54
 664 040a 0B       		.uleb128 0xb
 665 040b 74030000 		.4byte	.LASF83
 666 040f 07       		.byte	0x7
 667 0410 DA03     		.2byte	0x3da
 668 0412 E0010000 		.4byte	0x1e0
 669 0416 58       		.byte	0x58
 670 0417 0B       		.uleb128 0xb
 671 0418 90050000 		.4byte	.LASF46
 672 041c 07       		.byte	0x7
 673 041d DD03     		.2byte	0x3dd
 674 041f 25000000 		.4byte	0x25
 675 0423 5C       		.byte	0x5c
 676 0424 0B       		.uleb128 0xb
 677 0425 9E050000 		.4byte	.LASF47
 678 0429 07       		.byte	0x7
ARM GAS  C:\Users\CHRONI~1\AppData\Local\Temp\ccph5YDG.s 			page 14


 679 042a DE03     		.2byte	0x3de
 680 042c 72010000 		.4byte	0x172
 681 0430 60       		.byte	0x60
 682 0431 0B       		.uleb128 0xb
 683 0432 EF060000 		.4byte	.LASF84
 684 0436 07       		.byte	0x7
 685 0437 E203     		.2byte	0x3e2
 686 0439 39020000 		.4byte	0x239
 687 043d 64       		.byte	0x64
 688 043e 0B       		.uleb128 0xb
 689 043f 67010000 		.4byte	.LASF85
 690 0443 07       		.byte	0x7
 691 0444 E403     		.2byte	0x3e4
 692 0446 30010000 		.4byte	0x130
 693 044a 74       		.byte	0x74
 694 044b 0B       		.uleb128 0xb
 695 044c E6000000 		.4byte	.LASF86
 696 0450 07       		.byte	0x7
 697 0451 E503     		.2byte	0x3e5
 698 0453 30010000 		.4byte	0x130
 699 0457 78       		.byte	0x78
 700 0458 0B       		.uleb128 0xb
 701 0459 00000000 		.4byte	.LASF87
 702 045d 07       		.byte	0x7
 703 045e EA03     		.2byte	0x3ea
 704 0460 E6060000 		.4byte	0x6e6
 705 0464 7C       		.byte	0x7c
 706 0465 0B       		.uleb128 0xb
 707 0466 EC050000 		.4byte	.LASF88
 708 046a 07       		.byte	0x7
 709 046b EE03     		.2byte	0x3ee
 710 046d 5C010000 		.4byte	0x15c
 711 0471 80       		.byte	0x80
 712 0472 0B       		.uleb128 0xb
 713 0473 2B040000 		.4byte	.LASF89
 714 0477 07       		.byte	0x7
 715 0478 EF03     		.2byte	0x3ef
 716 047a 5C010000 		.4byte	0x15c
 717 047e 84       		.byte	0x84
 718 047f 0B       		.uleb128 0xb
 719 0480 4B060000 		.4byte	.LASF90
 720 0484 07       		.byte	0x7
 721 0485 F003     		.2byte	0x3f0
 722 0487 9E010000 		.4byte	0x19e
 723 048b 88       		.byte	0x88
 724 048c 0B       		.uleb128 0xb
 725 048d 20040000 		.4byte	.LASF91
 726 0491 07       		.byte	0x7
 727 0492 F403     		.2byte	0x3f4
 728 0494 7D010000 		.4byte	0x17d
 729 0498 8A       		.byte	0x8a
 730 0499 0B       		.uleb128 0xb
 731 049a B4000000 		.4byte	.LASF92
 732 049e 07       		.byte	0x7
 733 049f F803     		.2byte	0x3f8
 734 04a1 3B010000 		.4byte	0x13b
 735 04a5 8C       		.byte	0x8c
ARM GAS  C:\Users\CHRONI~1\AppData\Local\Temp\ccph5YDG.s 			page 15


 736 04a6 0B       		.uleb128 0xb
 737 04a7 1D000000 		.4byte	.LASF93
 738 04ab 07       		.byte	0x7
 739 04ac F903     		.2byte	0x3f9
 740 04ae 3B010000 		.4byte	0x13b
 741 04b2 8E       		.byte	0x8e
 742 04b3 0B       		.uleb128 0xb
 743 04b4 36020000 		.4byte	.LASF94
 744 04b8 07       		.byte	0x7
 745 04b9 FA03     		.2byte	0x3fa
 746 04bb 46010000 		.4byte	0x146
 747 04bf 90       		.byte	0x90
 748 04c0 0B       		.uleb128 0xb
 749 04c1 A4020000 		.4byte	.LASF95
 750 04c5 07       		.byte	0x7
 751 04c6 FB03     		.2byte	0x3fb
 752 04c8 30010000 		.4byte	0x130
 753 04cc 94       		.byte	0x94
 754 04cd 0B       		.uleb128 0xb
 755 04ce E3060000 		.4byte	.LASF96
 756 04d2 07       		.byte	0x7
 757 04d3 FC03     		.2byte	0x3fc
 758 04d5 30010000 		.4byte	0x130
 759 04d9 98       		.byte	0x98
 760 04da 0B       		.uleb128 0xb
 761 04db E6020000 		.4byte	.LASF97
 762 04df 07       		.byte	0x7
 763 04e0 FD03     		.2byte	0x3fd
 764 04e2 51010000 		.4byte	0x151
 765 04e6 9C       		.byte	0x9c
 766 04e7 0B       		.uleb128 0xb
 767 04e8 99060000 		.4byte	.LASF98
 768 04ec 07       		.byte	0x7
 769 04ed FE03     		.2byte	0x3fe
 770 04ef 51010000 		.4byte	0x151
 771 04f3 A0       		.byte	0xa0
 772 04f4 0B       		.uleb128 0xb
 773 04f5 34000000 		.4byte	.LASF99
 774 04f9 07       		.byte	0x7
 775 04fa 0004     		.2byte	0x400
 776 04fc 30010000 		.4byte	0x130
 777 0500 A4       		.byte	0xa4
 778 0501 0B       		.uleb128 0xb
 779 0502 99010000 		.4byte	.LASF100
 780 0506 07       		.byte	0x7
 781 0507 0104     		.2byte	0x401
 782 0509 30010000 		.4byte	0x130
 783 050d A8       		.byte	0xa8
 784 050e 0B       		.uleb128 0xb
 785 050f 26070000 		.4byte	.LASF101
 786 0513 07       		.byte	0x7
 787 0514 0504     		.2byte	0x405
 788 0516 1A010000 		.4byte	0x11a
 789 051a AC       		.byte	0xac
 790 051b 0B       		.uleb128 0xb
 791 051c 1B060000 		.4byte	.LASF102
 792 0520 07       		.byte	0x7
ARM GAS  C:\Users\CHRONI~1\AppData\Local\Temp\ccph5YDG.s 			page 16


 793 0521 0604     		.2byte	0x406
 794 0523 1A010000 		.4byte	0x11a
 795 0527 B0       		.byte	0xb0
 796 0528 0B       		.uleb128 0xb
 797 0529 39030000 		.4byte	.LASF103
 798 052d 07       		.byte	0x7
 799 052e 1104     		.2byte	0x411
 800 0530 BC060000 		.4byte	0x6bc
 801 0534 B4       		.byte	0xb4
 802 0535 0B       		.uleb128 0xb
 803 0536 34040000 		.4byte	.LASF104
 804 053a 07       		.byte	0x7
 805 053b 1204     		.2byte	0x412
 806 053d BC060000 		.4byte	0x6bc
 807 0541 B8       		.byte	0xb8
 808 0542 0B       		.uleb128 0xb
 809 0543 3F020000 		.4byte	.LASF105
 810 0547 07       		.byte	0x7
 811 0548 1304     		.2byte	0x413
 812 054a CE060000 		.4byte	0x6ce
 813 054e BC       		.byte	0xbc
 814 054f 00       		.byte	0
 815 0550 09       		.uleb128 0x9
 816 0551 8B030000 		.4byte	.LASF106
 817 0555 07       		.byte	0x7
 818 0556 9E02     		.2byte	0x29e
 819 0558 5C050000 		.4byte	0x55c
 820 055c 0A       		.uleb128 0xa
 821 055d 57020000 		.4byte	.LASF107
 822 0561 08       		.byte	0x8
 823 0562 07       		.byte	0x7
 824 0563 1E04     		.2byte	0x41e
 825 0565 91050000 		.4byte	0x591
 826 0569 0B       		.uleb128 0xb
 827 056a 62030000 		.4byte	.LASF108
 828 056e 07       		.byte	0x7
 829 056f 1F04     		.2byte	0x41f
 830 0571 BC060000 		.4byte	0x6bc
 831 0575 00       		.byte	0
 832 0576 0B       		.uleb128 0xb
 833 0577 CF040000 		.4byte	.LASF55
 834 057b 07       		.byte	0x7
 835 057c 2004     		.2byte	0x420
 836 057e 88010000 		.4byte	0x188
 837 0582 04       		.byte	0x4
 838 0583 0B       		.uleb128 0xb
 839 0584 12040000 		.4byte	.LASF56
 840 0588 07       		.byte	0x7
 841 0589 2104     		.2byte	0x421
 842 058b 88010000 		.4byte	0x188
 843 058f 06       		.byte	0x6
 844 0590 00       		.byte	0
 845 0591 09       		.uleb128 0x9
 846 0592 52040000 		.4byte	.LASF109
 847 0596 07       		.byte	0x7
 848 0597 A502     		.2byte	0x2a5
 849 0599 9D050000 		.4byte	0x59d
ARM GAS  C:\Users\CHRONI~1\AppData\Local\Temp\ccph5YDG.s 			page 17


 850 059d 0A       		.uleb128 0xa
 851 059e 76040000 		.4byte	.LASF110
 852 05a2 20       		.byte	0x20
 853 05a3 07       		.byte	0x7
 854 05a4 DD02     		.2byte	0x2dd
 855 05a6 13060000 		.4byte	0x613
 856 05aa 0B       		.uleb128 0xb
 857 05ab 23060000 		.4byte	.LASF63
 858 05af 07       		.byte	0x7
 859 05b0 DE02     		.2byte	0x2de
 860 05b2 C2060000 		.4byte	0x6c2
 861 05b6 00       		.byte	0
 862 05b7 0B       		.uleb128 0xb
 863 05b8 F6000000 		.4byte	.LASF45
 864 05bc 07       		.byte	0x7
 865 05bd DF02     		.2byte	0x2df
 866 05bf C2060000 		.4byte	0x6c2
 867 05c3 04       		.byte	0x4
 868 05c4 0B       		.uleb128 0xb
 869 05c5 54000000 		.4byte	.LASF111
 870 05c9 07       		.byte	0x7
 871 05ca E002     		.2byte	0x2e0
 872 05cc BC060000 		.4byte	0x6bc
 873 05d0 08       		.byte	0x8
 874 05d1 0B       		.uleb128 0xb
 875 05d2 5F060000 		.4byte	.LASF112
 876 05d6 07       		.byte	0x7
 877 05d7 E102     		.2byte	0x2e1
 878 05d9 C8060000 		.4byte	0x6c8
 879 05dd 0C       		.byte	0xc
 880 05de 0B       		.uleb128 0xb
 881 05df 85010000 		.4byte	.LASF113
 882 05e3 07       		.byte	0x7
 883 05e4 E202     		.2byte	0x2e2
 884 05e6 C8060000 		.4byte	0x6c8
 885 05ea 10       		.byte	0x10
 886 05eb 0B       		.uleb128 0xb
 887 05ec 8F010000 		.4byte	.LASF114
 888 05f0 07       		.byte	0x7
 889 05f1 E302     		.2byte	0x2e3
 890 05f3 25000000 		.4byte	0x25
 891 05f7 14       		.byte	0x14
 892 05f8 0B       		.uleb128 0xb
 893 05f9 40060000 		.4byte	.LASF115
 894 05fd 07       		.byte	0x7
 895 05fe E402     		.2byte	0x2e4
 896 0600 72010000 		.4byte	0x172
 897 0604 18       		.byte	0x18
 898 0605 0B       		.uleb128 0xb
 899 0606 51020000 		.4byte	.LASF116
 900 060a 07       		.byte	0x7
 901 060b E502     		.2byte	0x2e5
 902 060d 30010000 		.4byte	0x130
 903 0611 1C       		.byte	0x1c
 904 0612 00       		.byte	0
 905 0613 09       		.uleb128 0x9
 906 0614 2E070000 		.4byte	.LASF117
ARM GAS  C:\Users\CHRONI~1\AppData\Local\Temp\ccph5YDG.s 			page 18


 907 0618 07       		.byte	0x7
 908 0619 A602     		.2byte	0x2a6
 909 061b 1F060000 		.4byte	0x61f
 910 061f 0A       		.uleb128 0xa
 911 0620 E1040000 		.4byte	.LASF118
 912 0624 0C       		.byte	0xc
 913 0625 07       		.byte	0x7
 914 0626 E902     		.2byte	0x2e9
 915 0628 54060000 		.4byte	0x654
 916 062c 0B       		.uleb128 0xb
 917 062d 40000000 		.4byte	.LASF119
 918 0631 07       		.byte	0x7
 919 0632 EA02     		.2byte	0x2ea
 920 0634 C2060000 		.4byte	0x6c2
 921 0638 00       		.byte	0
 922 0639 0B       		.uleb128 0xb
 923 063a C3060000 		.4byte	.LASF120
 924 063e 07       		.byte	0x7
 925 063f EB02     		.2byte	0x2eb
 926 0641 C2060000 		.4byte	0x6c2
 927 0645 04       		.byte	0x4
 928 0646 0B       		.uleb128 0xb
 929 0647 CF040000 		.4byte	.LASF55
 930 064b 07       		.byte	0x7
 931 064c EC02     		.2byte	0x2ec
 932 064e 88010000 		.4byte	0x188
 933 0652 08       		.byte	0x8
 934 0653 00       		.byte	0
 935 0654 09       		.uleb128 0x9
 936 0655 C0050000 		.4byte	.LASF121
 937 0659 07       		.byte	0x7
 938 065a A702     		.2byte	0x2a7
 939 065c 60060000 		.4byte	0x660
 940 0660 0A       		.uleb128 0xa
 941 0661 2D030000 		.4byte	.LASF122
 942 0665 20       		.byte	0x20
 943 0666 07       		.byte	0x7
 944 0667 FF02     		.2byte	0x2ff
 945 0669 BC060000 		.4byte	0x6bc
 946 066d 0B       		.uleb128 0xb
 947 066e 22020000 		.4byte	.LASF123
 948 0672 07       		.byte	0x7
 949 0673 0003     		.2byte	0x300
 950 0675 93010000 		.4byte	0x193
 951 0679 00       		.byte	0
 952 067a 0B       		.uleb128 0xb
 953 067b 13060000 		.4byte	.LASF67
 954 067f 07       		.byte	0x7
 955 0680 0103     		.2byte	0x301
 956 0682 CE060000 		.4byte	0x6ce
 957 0686 04       		.byte	0x4
 958 0687 0B       		.uleb128 0xb
 959 0688 D2010000 		.4byte	.LASF124
 960 068c 07       		.byte	0x7
 961 068d 0203     		.2byte	0x302
 962 068f 13060000 		.4byte	0x613
 963 0693 08       		.byte	0x8
ARM GAS  C:\Users\CHRONI~1\AppData\Local\Temp\ccph5YDG.s 			page 19


 964 0694 0B       		.uleb128 0xb
 965 0695 39030000 		.4byte	.LASF103
 966 0699 07       		.byte	0x7
 967 069a 0403     		.2byte	0x304
 968 069c 25000000 		.4byte	0x25
 969 06a0 14       		.byte	0x14
 970 06a1 0B       		.uleb128 0xb
 971 06a2 34040000 		.4byte	.LASF104
 972 06a6 07       		.byte	0x7
 973 06a7 0503     		.2byte	0x305
 974 06a9 25000000 		.4byte	0x25
 975 06ad 18       		.byte	0x18
 976 06ae 0B       		.uleb128 0xb
 977 06af 3F020000 		.4byte	.LASF105
 978 06b3 07       		.byte	0x7
 979 06b4 0603     		.2byte	0x306
 980 06b6 CE060000 		.4byte	0x6ce
 981 06ba 1C       		.byte	0x1c
 982 06bb 00       		.byte	0
 983 06bc 06       		.uleb128 0x6
 984 06bd 04       		.byte	0x4
 985 06be A0020000 		.4byte	0x2a0
 986 06c2 06       		.uleb128 0x6
 987 06c3 04       		.byte	0x4
 988 06c4 91050000 		.4byte	0x591
 989 06c8 06       		.uleb128 0x6
 990 06c9 04       		.byte	0x4
 991 06ca 54060000 		.4byte	0x654
 992 06ce 06       		.uleb128 0x6
 993 06cf 04       		.byte	0x4
 994 06d0 A6000000 		.4byte	0xa6
 995 06d4 06       		.uleb128 0x6
 996 06d5 04       		.byte	0x4
 997 06d6 EB010000 		.4byte	0x1eb
 998 06da 06       		.uleb128 0x6
 999 06db 04       		.byte	0x4
 1000 06dc 0F010000 		.4byte	0x10f
 1001 06e0 06       		.uleb128 0x6
 1002 06e1 04       		.byte	0x4
 1003 06e2 50050000 		.4byte	0x550
 1004 06e6 0D       		.uleb128 0xd
 1005 06e7 B4010000 		.4byte	0x1b4
 1006 06eb F6060000 		.4byte	0x6f6
 1007 06ef 0E       		.uleb128 0xe
 1008 06f0 7F000000 		.4byte	0x7f
 1009 06f4 00       		.byte	0
 1010 06f5 00       		.byte	0
 1011 06f6 0F       		.uleb128 0xf
 1012 06f7 10       		.byte	0x10
 1013 06f8 08       		.byte	0x8
 1014 06f9 20       		.byte	0x20
 1015 06fa 2F070000 		.4byte	0x72f
 1016 06fe 10       		.uleb128 0x10
 1017 06ff FE020000 		.4byte	.LASF125
 1018 0703 08       		.byte	0x8
 1019 0704 21       		.byte	0x21
 1020 0705 D2000000 		.4byte	0xd2
ARM GAS  C:\Users\CHRONI~1\AppData\Local\Temp\ccph5YDG.s 			page 20


 1021 0709 00       		.byte	0
 1022 070a 10       		.uleb128 0x10
 1023 070b A2040000 		.4byte	.LASF126
 1024 070f 08       		.byte	0x8
 1025 0710 22       		.byte	0x22
 1026 0711 E8000000 		.4byte	0xe8
 1027 0715 04       		.byte	0x4
 1028 0716 10       		.uleb128 0x10
 1029 0717 16070000 		.4byte	.LASF127
 1030 071b 08       		.byte	0x8
 1031 071c 23       		.byte	0x23
 1032 071d E8000000 		.4byte	0xe8
 1033 0721 08       		.byte	0x8
 1034 0722 10       		.uleb128 0x10
 1035 0723 7B000000 		.4byte	.LASF128
 1036 0727 08       		.byte	0x8
 1037 0728 24       		.byte	0x24
 1038 0729 E8000000 		.4byte	0xe8
 1039 072d 0C       		.byte	0xc
 1040 072e 00       		.byte	0
 1041 072f 04       		.uleb128 0x4
 1042 0730 1B010000 		.4byte	.LASF129
 1043 0734 08       		.byte	0x8
 1044 0735 25       		.byte	0x25
 1045 0736 F6060000 		.4byte	0x6f6
 1046 073a 11       		.uleb128 0x11
 1047 073b A6050000 		.4byte	.LASF130
 1048 073f 01       		.byte	0x1
 1049 0740 0F       		.byte	0xf
 1050 0741 B1000000 		.4byte	0xb1
 1051 0745 00000000 		.4byte	.LFB64
 1052 0749 30000000 		.4byte	.LFE64-.LFB64
 1053 074d 01       		.uleb128 0x1
 1054 074e 9C       		.byte	0x9c
 1055 074f 63070000 		.4byte	0x763
 1056 0753 12       		.uleb128 0x12
 1057 0754 99030000 		.4byte	.LASF132
 1058 0758 01       		.byte	0x1
 1059 0759 0F       		.byte	0xf
 1060 075a 63070000 		.4byte	0x763
 1061 075e 00000000 		.4byte	.LLST0
 1062 0762 00       		.byte	0
 1063 0763 06       		.uleb128 0x6
 1064 0764 04       		.byte	0x4
 1065 0765 2F070000 		.4byte	0x72f
 1066 0769 11       		.uleb128 0x11
 1067 076a 44030000 		.4byte	.LASF131
 1068 076e 01       		.byte	0x1
 1069 076f 21       		.byte	0x21
 1070 0770 B1000000 		.4byte	0xb1
 1071 0774 00000000 		.4byte	.LFB65
 1072 0778 78000000 		.4byte	.LFE65-.LFB65
 1073 077c 01       		.uleb128 0x1
 1074 077d 9C       		.byte	0x9c
 1075 077e D6070000 		.4byte	0x7d6
 1076 0782 12       		.uleb128 0x12
 1077 0783 B7020000 		.4byte	.LASF133
ARM GAS  C:\Users\CHRONI~1\AppData\Local\Temp\ccph5YDG.s 			page 21


 1078 0787 01       		.byte	0x1
 1079 0788 21       		.byte	0x21
 1080 0789 63070000 		.4byte	0x763
 1081 078d 21000000 		.4byte	.LLST1
 1082 0791 13       		.uleb128 0x13
 1083 0792 8D020000 		.4byte	.LASF134
 1084 0796 01       		.byte	0x1
 1085 0797 22       		.byte	0x22
 1086 0798 D6070000 		.4byte	0x7d6
 1087 079c 03       		.uleb128 0x3
 1088 079d 91       		.byte	0x91
 1089 079e F87E     		.sleb128 -136
 1090 07a0 14       		.uleb128 0x14
 1091 07a1 20000000 		.4byte	.LVL4
 1092 07a5 07090000 		.4byte	0x907
 1093 07a9 C4070000 		.4byte	0x7c4
 1094 07ad 15       		.uleb128 0x15
 1095 07ae 01       		.uleb128 0x1
 1096 07af 50       		.byte	0x50
 1097 07b0 03       		.uleb128 0x3
 1098 07b1 91       		.byte	0x91
 1099 07b2 F87E     		.sleb128 -136
 1100 07b4 15       		.uleb128 0x15
 1101 07b5 01       		.uleb128 0x1
 1102 07b6 51       		.byte	0x51
 1103 07b7 02       		.uleb128 0x2
 1104 07b8 08       		.byte	0x8
 1105 07b9 80       		.byte	0x80
 1106 07ba 15       		.uleb128 0x15
 1107 07bb 01       		.uleb128 0x1
 1108 07bc 52       		.byte	0x52
 1109 07bd 05       		.uleb128 0x5
 1110 07be 03       		.byte	0x3
 1111 07bf 00000000 		.4byte	.LC0
 1112 07c3 00       		.byte	0
 1113 07c4 16       		.uleb128 0x16
 1114 07c5 26000000 		.4byte	.LVL5
 1115 07c9 12090000 		.4byte	0x912
 1116 07cd 15       		.uleb128 0x15
 1117 07ce 01       		.uleb128 0x1
 1118 07cf 50       		.byte	0x50
 1119 07d0 03       		.uleb128 0x3
 1120 07d1 91       		.byte	0x91
 1121 07d2 F87E     		.sleb128 -136
 1122 07d4 00       		.byte	0
 1123 07d5 00       		.byte	0
 1124 07d6 0D       		.uleb128 0xd
 1125 07d7 86000000 		.4byte	0x86
 1126 07db E6070000 		.4byte	0x7e6
 1127 07df 0E       		.uleb128 0xe
 1128 07e0 7F000000 		.4byte	0x7f
 1129 07e4 7F       		.byte	0x7f
 1130 07e5 00       		.byte	0
 1131 07e6 0D       		.uleb128 0xd
 1132 07e7 F6070000 		.4byte	0x7f6
 1133 07eb F6070000 		.4byte	0x7f6
 1134 07ef 0E       		.uleb128 0xe
ARM GAS  C:\Users\CHRONI~1\AppData\Local\Temp\ccph5YDG.s 			page 22


 1135 07f0 7F000000 		.4byte	0x7f
 1136 07f4 31       		.byte	0x31
 1137 07f5 00       		.byte	0
 1138 07f6 17       		.uleb128 0x17
 1139 07f7 C7000000 		.4byte	0xc7
 1140 07fb 18       		.uleb128 0x18
 1141 07fc 6A000000 		.4byte	.LASF135
 1142 0800 09       		.byte	0x9
 1143 0801 1F       		.byte	0x1f
 1144 0802 6B080000 		.4byte	0x86b
 1145 0806 64       		.byte	0x64
 1146 0807 CC       		.byte	0xcc
 1147 0808 00       		.byte	0
 1148 0809 05       		.byte	0x5
 1149 080a 01       		.byte	0x1
 1150 080b 40       		.byte	0x40
 1151 080c 01       		.byte	0x1
 1152 080d 7B       		.byte	0x7b
 1153 080e 01       		.byte	0x1
 1154 080f B3       		.byte	0xb3
 1155 0810 01       		.byte	0x1
 1156 0811 E6       		.byte	0xe6
 1157 0812 01       		.byte	0x1
 1158 0813 0F       		.byte	0xf
 1159 0814 02       		.byte	0x2
 1160 0815 2B       		.byte	0x2b
 1161 0816 02       		.byte	0x2
 1162 0817 36       		.byte	0x36
 1163 0818 02       		.byte	0x2
 1164 0819 2D       		.byte	0x2d
 1165 081a 02       		.byte	0x2
 1166 081b 0D       		.byte	0xd
 1167 081c 02       		.byte	0x2
 1168 081d D6       		.byte	0xd6
 1169 081e 01       		.byte	0x1
 1170 081f 87       		.byte	0x87
 1171 0820 01       		.byte	0x1
 1172 0821 21       		.byte	0x21
 1173 0822 01       		.byte	0x1
 1174 0823 A7       		.byte	0xa7
 1175 0824 00       		.byte	0
 1176 0825 1A       		.byte	0x1a
 1177 0826 00       		.byte	0
 1178 0827 80       		.byte	0x80
 1179 0828 FF       		.byte	0xff
 1180 0829 DE       		.byte	0xde
 1181 082a FE       		.byte	0xfe
 1182 082b 38       		.byte	0x38
 1183 082c FE       		.byte	0xfe
 1184 082d 93       		.byte	0x93
 1185 082e FD       		.byte	0xfd
 1186 082f F6       		.byte	0xf6
 1187 0830 FC       		.byte	0xfc
 1188 0831 66       		.byte	0x66
 1189 0832 FC       		.byte	0xfc
 1190 0833 EA       		.byte	0xea
 1191 0834 FB       		.byte	0xfb
ARM GAS  C:\Users\CHRONI~1\AppData\Local\Temp\ccph5YDG.s 			page 23


 1192 0835 87       		.byte	0x87
 1193 0836 FB       		.byte	0xfb
 1194 0837 45       		.byte	0x45
 1195 0838 FB       		.byte	0xfb
 1196 0839 29       		.byte	0x29
 1197 083a FB       		.byte	0xfb
 1198 083b 35       		.byte	0x35
 1199 083c FB       		.byte	0xfb
 1200 083d 6D       		.byte	0x6d
 1201 083e FB       		.byte	0xfb
 1202 083f D5       		.byte	0xd5
 1203 0840 FB       		.byte	0xfb
 1204 0841 6B       		.byte	0x6b
 1205 0842 FC       		.byte	0xfc
 1206 0843 2F       		.byte	0x2f
 1207 0844 FD       		.byte	0xfd
 1208 0845 1D       		.byte	0x1d
 1209 0846 FE       		.byte	0xfe
 1210 0847 30       		.byte	0x30
 1211 0848 FF       		.byte	0xff
 1212 0849 58       		.byte	0x58
 1213 084a 00       		.byte	0
 1214 084b 91       		.byte	0x91
 1215 084c 01       		.byte	0x1
 1216 084d D1       		.byte	0xd1
 1217 084e 02       		.byte	0x2
 1218 084f 0F       		.byte	0xf
 1219 0850 04       		.byte	0x4
 1220 0851 41       		.byte	0x41
 1221 0852 05       		.byte	0x5
 1222 0853 5A       		.byte	0x5a
 1223 0854 06       		.byte	0x6
 1224 0855 4E       		.byte	0x4e
 1225 0856 07       		.byte	0x7
 1226 0857 15       		.byte	0x15
 1227 0858 08       		.byte	0x8
 1228 0859 A3       		.byte	0xa3
 1229 085a 08       		.byte	0x8
 1230 085b F0       		.byte	0xf0
 1231 085c 08       		.byte	0x8
 1232 085d F7       		.byte	0xf7
 1233 085e 08       		.byte	0x8
 1234 085f B2       		.byte	0xb2
 1235 0860 08       		.byte	0x8
 1236 0861 1D       		.byte	0x1d
 1237 0862 08       		.byte	0x8
 1238 0863 37       		.byte	0x37
 1239 0864 07       		.byte	0x7
 1240 0865 FF       		.byte	0xff
 1241 0866 05       		.byte	0x5
 1242 0867 78       		.byte	0x78
 1243 0868 04       		.byte	0x4
 1244 0869 A9       		.byte	0xa9
 1245 086a 02       		.byte	0x2
 1246 086b 17       		.uleb128 0x17
 1247 086c E6070000 		.4byte	0x7e6
 1248 0870 19       		.uleb128 0x19
ARM GAS  C:\Users\CHRONI~1\AppData\Local\Temp\ccph5YDG.s 			page 24


 1249 0871 BD000000 		.4byte	.LASF136
 1250 0875 0A       		.byte	0xa
 1251 0876 1207     		.2byte	0x712
 1252 0878 7C080000 		.4byte	0x87c
 1253 087c 1A       		.uleb128 0x1a
 1254 087d 8D000000 		.4byte	0x8d
 1255 0881 1B       		.uleb128 0x1b
 1256 0882 03020000 		.4byte	.LASF137
 1257 0886 0B       		.byte	0xb
 1258 0887 16       		.byte	0x16
 1259 0888 A0020000 		.4byte	0x2a0
 1260 088c 05       		.uleb128 0x5
 1261 088d 03       		.byte	0x3
 1262 088e 00000000 		.4byte	BUT_Task_TCB
 1263 0892 0D       		.uleb128 0xd
 1264 0893 0F010000 		.4byte	0x10f
 1265 0897 A2080000 		.4byte	0x8a2
 1266 089b 0E       		.uleb128 0xe
 1267 089c 7F000000 		.4byte	0x7f
 1268 08a0 7F       		.byte	0x7f
 1269 08a1 00       		.byte	0
 1270 08a2 1B       		.uleb128 0x1b
 1271 08a3 FE000000 		.4byte	.LASF138
 1272 08a7 0B       		.byte	0xb
 1273 08a8 17       		.byte	0x17
 1274 08a9 92080000 		.4byte	0x892
 1275 08ad 05       		.uleb128 0x5
 1276 08ae 03       		.byte	0x3
 1277 08af 00000000 		.4byte	BUT_TaskStk
 1278 08b3 1B       		.uleb128 0x1b
 1279 08b4 5B000000 		.4byte	.LASF139
 1280 08b8 0B       		.byte	0xb
 1281 08b9 1B       		.byte	0x1b
 1282 08ba A0020000 		.4byte	0x2a0
 1283 08be 05       		.uleb128 0x5
 1284 08bf 03       		.byte	0x3
 1285 08c0 00000000 		.4byte	LedRB_Task_TCB
 1286 08c4 0D       		.uleb128 0xd
 1287 08c5 0F010000 		.4byte	0x10f
 1288 08c9 D4080000 		.4byte	0x8d4
 1289 08cd 0E       		.uleb128 0xe
 1290 08ce 7F000000 		.4byte	0x7f
 1291 08d2 FF       		.byte	0xff
 1292 08d3 00       		.byte	0
 1293 08d4 1B       		.uleb128 0x1b
 1294 08d5 15030000 		.4byte	.LASF140
 1295 08d9 0B       		.byte	0xb
 1296 08da 1C       		.byte	0x1c
 1297 08db C4080000 		.4byte	0x8c4
 1298 08df 05       		.uleb128 0x5
 1299 08e0 03       		.byte	0x3
 1300 08e1 00000000 		.4byte	LedRB_TaskStk
 1301 08e5 1B       		.uleb128 0x1b
 1302 08e6 A8010000 		.4byte	.LASF141
 1303 08ea 0B       		.byte	0xb
 1304 08eb 20       		.byte	0x20
 1305 08ec A0020000 		.4byte	0x2a0
ARM GAS  C:\Users\CHRONI~1\AppData\Local\Temp\ccph5YDG.s 			page 25


 1306 08f0 05       		.uleb128 0x5
 1307 08f1 03       		.byte	0x3
 1308 08f2 00000000 		.4byte	LedG_Task_TCB
 1309 08f6 1B       		.uleb128 0x1b
 1310 08f7 A9060000 		.4byte	.LASF142
 1311 08fb 0B       		.byte	0xb
 1312 08fc 21       		.byte	0x21
 1313 08fd C4080000 		.4byte	0x8c4
 1314 0901 05       		.uleb128 0x5
 1315 0902 03       		.byte	0x3
 1316 0903 00000000 		.4byte	LedG_TaskStk
 1317 0907 1C       		.uleb128 0x1c
 1318 0908 85060000 		.4byte	.LASF143
 1319 090c 85060000 		.4byte	.LASF143
 1320 0910 0C       		.byte	0xc
 1321 0911 FD       		.byte	0xfd
 1322 0912 1C       		.uleb128 0x1c
 1323 0913 65040000 		.4byte	.LASF144
 1324 0917 65040000 		.4byte	.LASF144
 1325 091b 0D       		.byte	0xd
 1326 091c 8B       		.byte	0x8b
 1327 091d 00       		.byte	0
 1328              		.section	.debug_abbrev,"",%progbits
 1329              	.Ldebug_abbrev0:
 1330 0000 01       		.uleb128 0x1
 1331 0001 11       		.uleb128 0x11
 1332 0002 01       		.byte	0x1
 1333 0003 25       		.uleb128 0x25
 1334 0004 0E       		.uleb128 0xe
 1335 0005 13       		.uleb128 0x13
 1336 0006 0B       		.uleb128 0xb
 1337 0007 03       		.uleb128 0x3
 1338 0008 0E       		.uleb128 0xe
 1339 0009 1B       		.uleb128 0x1b
 1340 000a 0E       		.uleb128 0xe
 1341 000b 55       		.uleb128 0x55
 1342 000c 17       		.uleb128 0x17
 1343 000d 11       		.uleb128 0x11
 1344 000e 01       		.uleb128 0x1
 1345 000f 10       		.uleb128 0x10
 1346 0010 17       		.uleb128 0x17
 1347 0011 00       		.byte	0
 1348 0012 00       		.byte	0
 1349 0013 02       		.uleb128 0x2
 1350 0014 0F       		.uleb128 0xf
 1351 0015 00       		.byte	0
 1352 0016 0B       		.uleb128 0xb
 1353 0017 0B       		.uleb128 0xb
 1354 0018 00       		.byte	0
 1355 0019 00       		.byte	0
 1356 001a 03       		.uleb128 0x3
 1357 001b 24       		.uleb128 0x24
 1358 001c 00       		.byte	0
 1359 001d 0B       		.uleb128 0xb
 1360 001e 0B       		.uleb128 0xb
 1361 001f 3E       		.uleb128 0x3e
 1362 0020 0B       		.uleb128 0xb
ARM GAS  C:\Users\CHRONI~1\AppData\Local\Temp\ccph5YDG.s 			page 26


 1363 0021 03       		.uleb128 0x3
 1364 0022 0E       		.uleb128 0xe
 1365 0023 00       		.byte	0
 1366 0024 00       		.byte	0
 1367 0025 04       		.uleb128 0x4
 1368 0026 16       		.uleb128 0x16
 1369 0027 00       		.byte	0
 1370 0028 03       		.uleb128 0x3
 1371 0029 0E       		.uleb128 0xe
 1372 002a 3A       		.uleb128 0x3a
 1373 002b 0B       		.uleb128 0xb
 1374 002c 3B       		.uleb128 0x3b
 1375 002d 0B       		.uleb128 0xb
 1376 002e 49       		.uleb128 0x49
 1377 002f 13       		.uleb128 0x13
 1378 0030 00       		.byte	0
 1379 0031 00       		.byte	0
 1380 0032 05       		.uleb128 0x5
 1381 0033 24       		.uleb128 0x24
 1382 0034 00       		.byte	0
 1383 0035 0B       		.uleb128 0xb
 1384 0036 0B       		.uleb128 0xb
 1385 0037 3E       		.uleb128 0x3e
 1386 0038 0B       		.uleb128 0xb
 1387 0039 03       		.uleb128 0x3
 1388 003a 08       		.uleb128 0x8
 1389 003b 00       		.byte	0
 1390 003c 00       		.byte	0
 1391 003d 06       		.uleb128 0x6
 1392 003e 0F       		.uleb128 0xf
 1393 003f 00       		.byte	0
 1394 0040 0B       		.uleb128 0xb
 1395 0041 0B       		.uleb128 0xb
 1396 0042 49       		.uleb128 0x49
 1397 0043 13       		.uleb128 0x13
 1398 0044 00       		.byte	0
 1399 0045 00       		.byte	0
 1400 0046 07       		.uleb128 0x7
 1401 0047 15       		.uleb128 0x15
 1402 0048 01       		.byte	0x1
 1403 0049 27       		.uleb128 0x27
 1404 004a 19       		.uleb128 0x19
 1405 004b 01       		.uleb128 0x1
 1406 004c 13       		.uleb128 0x13
 1407 004d 00       		.byte	0
 1408 004e 00       		.byte	0
 1409 004f 08       		.uleb128 0x8
 1410 0050 05       		.uleb128 0x5
 1411 0051 00       		.byte	0
 1412 0052 49       		.uleb128 0x49
 1413 0053 13       		.uleb128 0x13
 1414 0054 00       		.byte	0
 1415 0055 00       		.byte	0
 1416 0056 09       		.uleb128 0x9
 1417 0057 16       		.uleb128 0x16
 1418 0058 00       		.byte	0
 1419 0059 03       		.uleb128 0x3
ARM GAS  C:\Users\CHRONI~1\AppData\Local\Temp\ccph5YDG.s 			page 27


 1420 005a 0E       		.uleb128 0xe
 1421 005b 3A       		.uleb128 0x3a
 1422 005c 0B       		.uleb128 0xb
 1423 005d 3B       		.uleb128 0x3b
 1424 005e 05       		.uleb128 0x5
 1425 005f 49       		.uleb128 0x49
 1426 0060 13       		.uleb128 0x13
 1427 0061 00       		.byte	0
 1428 0062 00       		.byte	0
 1429 0063 0A       		.uleb128 0xa
 1430 0064 13       		.uleb128 0x13
 1431 0065 01       		.byte	0x1
 1432 0066 03       		.uleb128 0x3
 1433 0067 0E       		.uleb128 0xe
 1434 0068 0B       		.uleb128 0xb
 1435 0069 0B       		.uleb128 0xb
 1436 006a 3A       		.uleb128 0x3a
 1437 006b 0B       		.uleb128 0xb
 1438 006c 3B       		.uleb128 0x3b
 1439 006d 05       		.uleb128 0x5
 1440 006e 01       		.uleb128 0x1
 1441 006f 13       		.uleb128 0x13
 1442 0070 00       		.byte	0
 1443 0071 00       		.byte	0
 1444 0072 0B       		.uleb128 0xb
 1445 0073 0D       		.uleb128 0xd
 1446 0074 00       		.byte	0
 1447 0075 03       		.uleb128 0x3
 1448 0076 0E       		.uleb128 0xe
 1449 0077 3A       		.uleb128 0x3a
 1450 0078 0B       		.uleb128 0xb
 1451 0079 3B       		.uleb128 0x3b
 1452 007a 05       		.uleb128 0x5
 1453 007b 49       		.uleb128 0x49
 1454 007c 13       		.uleb128 0x13
 1455 007d 38       		.uleb128 0x38
 1456 007e 0B       		.uleb128 0xb
 1457 007f 00       		.byte	0
 1458 0080 00       		.byte	0
 1459 0081 0C       		.uleb128 0xc
 1460 0082 0D       		.uleb128 0xd
 1461 0083 00       		.byte	0
 1462 0084 03       		.uleb128 0x3
 1463 0085 08       		.uleb128 0x8
 1464 0086 3A       		.uleb128 0x3a
 1465 0087 0B       		.uleb128 0xb
 1466 0088 3B       		.uleb128 0x3b
 1467 0089 05       		.uleb128 0x5
 1468 008a 49       		.uleb128 0x49
 1469 008b 13       		.uleb128 0x13
 1470 008c 38       		.uleb128 0x38
 1471 008d 0B       		.uleb128 0xb
 1472 008e 00       		.byte	0
 1473 008f 00       		.byte	0
 1474 0090 0D       		.uleb128 0xd
 1475 0091 01       		.uleb128 0x1
 1476 0092 01       		.byte	0x1
ARM GAS  C:\Users\CHRONI~1\AppData\Local\Temp\ccph5YDG.s 			page 28


 1477 0093 49       		.uleb128 0x49
 1478 0094 13       		.uleb128 0x13
 1479 0095 01       		.uleb128 0x1
 1480 0096 13       		.uleb128 0x13
 1481 0097 00       		.byte	0
 1482 0098 00       		.byte	0
 1483 0099 0E       		.uleb128 0xe
 1484 009a 21       		.uleb128 0x21
 1485 009b 00       		.byte	0
 1486 009c 49       		.uleb128 0x49
 1487 009d 13       		.uleb128 0x13
 1488 009e 2F       		.uleb128 0x2f
 1489 009f 0B       		.uleb128 0xb
 1490 00a0 00       		.byte	0
 1491 00a1 00       		.byte	0
 1492 00a2 0F       		.uleb128 0xf
 1493 00a3 13       		.uleb128 0x13
 1494 00a4 01       		.byte	0x1
 1495 00a5 0B       		.uleb128 0xb
 1496 00a6 0B       		.uleb128 0xb
 1497 00a7 3A       		.uleb128 0x3a
 1498 00a8 0B       		.uleb128 0xb
 1499 00a9 3B       		.uleb128 0x3b
 1500 00aa 0B       		.uleb128 0xb
 1501 00ab 01       		.uleb128 0x1
 1502 00ac 13       		.uleb128 0x13
 1503 00ad 00       		.byte	0
 1504 00ae 00       		.byte	0
 1505 00af 10       		.uleb128 0x10
 1506 00b0 0D       		.uleb128 0xd
 1507 00b1 00       		.byte	0
 1508 00b2 03       		.uleb128 0x3
 1509 00b3 0E       		.uleb128 0xe
 1510 00b4 3A       		.uleb128 0x3a
 1511 00b5 0B       		.uleb128 0xb
 1512 00b6 3B       		.uleb128 0x3b
 1513 00b7 0B       		.uleb128 0xb
 1514 00b8 49       		.uleb128 0x49
 1515 00b9 13       		.uleb128 0x13
 1516 00ba 38       		.uleb128 0x38
 1517 00bb 0B       		.uleb128 0xb
 1518 00bc 00       		.byte	0
 1519 00bd 00       		.byte	0
 1520 00be 11       		.uleb128 0x11
 1521 00bf 2E       		.uleb128 0x2e
 1522 00c0 01       		.byte	0x1
 1523 00c1 3F       		.uleb128 0x3f
 1524 00c2 19       		.uleb128 0x19
 1525 00c3 03       		.uleb128 0x3
 1526 00c4 0E       		.uleb128 0xe
 1527 00c5 3A       		.uleb128 0x3a
 1528 00c6 0B       		.uleb128 0xb
 1529 00c7 3B       		.uleb128 0x3b
 1530 00c8 0B       		.uleb128 0xb
 1531 00c9 27       		.uleb128 0x27
 1532 00ca 19       		.uleb128 0x19
 1533 00cb 49       		.uleb128 0x49
ARM GAS  C:\Users\CHRONI~1\AppData\Local\Temp\ccph5YDG.s 			page 29


 1534 00cc 13       		.uleb128 0x13
 1535 00cd 11       		.uleb128 0x11
 1536 00ce 01       		.uleb128 0x1
 1537 00cf 12       		.uleb128 0x12
 1538 00d0 06       		.uleb128 0x6
 1539 00d1 40       		.uleb128 0x40
 1540 00d2 18       		.uleb128 0x18
 1541 00d3 9742     		.uleb128 0x2117
 1542 00d5 19       		.uleb128 0x19
 1543 00d6 01       		.uleb128 0x1
 1544 00d7 13       		.uleb128 0x13
 1545 00d8 00       		.byte	0
 1546 00d9 00       		.byte	0
 1547 00da 12       		.uleb128 0x12
 1548 00db 05       		.uleb128 0x5
 1549 00dc 00       		.byte	0
 1550 00dd 03       		.uleb128 0x3
 1551 00de 0E       		.uleb128 0xe
 1552 00df 3A       		.uleb128 0x3a
 1553 00e0 0B       		.uleb128 0xb
 1554 00e1 3B       		.uleb128 0x3b
 1555 00e2 0B       		.uleb128 0xb
 1556 00e3 49       		.uleb128 0x49
 1557 00e4 13       		.uleb128 0x13
 1558 00e5 02       		.uleb128 0x2
 1559 00e6 17       		.uleb128 0x17
 1560 00e7 00       		.byte	0
 1561 00e8 00       		.byte	0
 1562 00e9 13       		.uleb128 0x13
 1563 00ea 34       		.uleb128 0x34
 1564 00eb 00       		.byte	0
 1565 00ec 03       		.uleb128 0x3
 1566 00ed 0E       		.uleb128 0xe
 1567 00ee 3A       		.uleb128 0x3a
 1568 00ef 0B       		.uleb128 0xb
 1569 00f0 3B       		.uleb128 0x3b
 1570 00f1 0B       		.uleb128 0xb
 1571 00f2 49       		.uleb128 0x49
 1572 00f3 13       		.uleb128 0x13
 1573 00f4 02       		.uleb128 0x2
 1574 00f5 18       		.uleb128 0x18
 1575 00f6 00       		.byte	0
 1576 00f7 00       		.byte	0
 1577 00f8 14       		.uleb128 0x14
 1578 00f9 898201   		.uleb128 0x4109
 1579 00fc 01       		.byte	0x1
 1580 00fd 11       		.uleb128 0x11
 1581 00fe 01       		.uleb128 0x1
 1582 00ff 31       		.uleb128 0x31
 1583 0100 13       		.uleb128 0x13
 1584 0101 01       		.uleb128 0x1
 1585 0102 13       		.uleb128 0x13
 1586 0103 00       		.byte	0
 1587 0104 00       		.byte	0
 1588 0105 15       		.uleb128 0x15
 1589 0106 8A8201   		.uleb128 0x410a
 1590 0109 00       		.byte	0
ARM GAS  C:\Users\CHRONI~1\AppData\Local\Temp\ccph5YDG.s 			page 30


 1591 010a 02       		.uleb128 0x2
 1592 010b 18       		.uleb128 0x18
 1593 010c 9142     		.uleb128 0x2111
 1594 010e 18       		.uleb128 0x18
 1595 010f 00       		.byte	0
 1596 0110 00       		.byte	0
 1597 0111 16       		.uleb128 0x16
 1598 0112 898201   		.uleb128 0x4109
 1599 0115 01       		.byte	0x1
 1600 0116 11       		.uleb128 0x11
 1601 0117 01       		.uleb128 0x1
 1602 0118 31       		.uleb128 0x31
 1603 0119 13       		.uleb128 0x13
 1604 011a 00       		.byte	0
 1605 011b 00       		.byte	0
 1606 011c 17       		.uleb128 0x17
 1607 011d 26       		.uleb128 0x26
 1608 011e 00       		.byte	0
 1609 011f 49       		.uleb128 0x49
 1610 0120 13       		.uleb128 0x13
 1611 0121 00       		.byte	0
 1612 0122 00       		.byte	0
 1613 0123 18       		.uleb128 0x18
 1614 0124 34       		.uleb128 0x34
 1615 0125 00       		.byte	0
 1616 0126 03       		.uleb128 0x3
 1617 0127 0E       		.uleb128 0xe
 1618 0128 3A       		.uleb128 0x3a
 1619 0129 0B       		.uleb128 0xb
 1620 012a 3B       		.uleb128 0x3b
 1621 012b 0B       		.uleb128 0xb
 1622 012c 49       		.uleb128 0x49
 1623 012d 13       		.uleb128 0x13
 1624 012e 1C       		.uleb128 0x1c
 1625 012f 0A       		.uleb128 0xa
 1626 0130 00       		.byte	0
 1627 0131 00       		.byte	0
 1628 0132 19       		.uleb128 0x19
 1629 0133 34       		.uleb128 0x34
 1630 0134 00       		.byte	0
 1631 0135 03       		.uleb128 0x3
 1632 0136 0E       		.uleb128 0xe
 1633 0137 3A       		.uleb128 0x3a
 1634 0138 0B       		.uleb128 0xb
 1635 0139 3B       		.uleb128 0x3b
 1636 013a 05       		.uleb128 0x5
 1637 013b 49       		.uleb128 0x49
 1638 013c 13       		.uleb128 0x13
 1639 013d 3F       		.uleb128 0x3f
 1640 013e 19       		.uleb128 0x19
 1641 013f 3C       		.uleb128 0x3c
 1642 0140 19       		.uleb128 0x19
 1643 0141 00       		.byte	0
 1644 0142 00       		.byte	0
 1645 0143 1A       		.uleb128 0x1a
 1646 0144 35       		.uleb128 0x35
 1647 0145 00       		.byte	0
ARM GAS  C:\Users\CHRONI~1\AppData\Local\Temp\ccph5YDG.s 			page 31


 1648 0146 49       		.uleb128 0x49
 1649 0147 13       		.uleb128 0x13
 1650 0148 00       		.byte	0
 1651 0149 00       		.byte	0
 1652 014a 1B       		.uleb128 0x1b
 1653 014b 34       		.uleb128 0x34
 1654 014c 00       		.byte	0
 1655 014d 03       		.uleb128 0x3
 1656 014e 0E       		.uleb128 0xe
 1657 014f 3A       		.uleb128 0x3a
 1658 0150 0B       		.uleb128 0xb
 1659 0151 3B       		.uleb128 0x3b
 1660 0152 0B       		.uleb128 0xb
 1661 0153 49       		.uleb128 0x49
 1662 0154 13       		.uleb128 0x13
 1663 0155 3F       		.uleb128 0x3f
 1664 0156 19       		.uleb128 0x19
 1665 0157 02       		.uleb128 0x2
 1666 0158 18       		.uleb128 0x18
 1667 0159 00       		.byte	0
 1668 015a 00       		.byte	0
 1669 015b 1C       		.uleb128 0x1c
 1670 015c 2E       		.uleb128 0x2e
 1671 015d 00       		.byte	0
 1672 015e 3F       		.uleb128 0x3f
 1673 015f 19       		.uleb128 0x19
 1674 0160 3C       		.uleb128 0x3c
 1675 0161 19       		.uleb128 0x19
 1676 0162 6E       		.uleb128 0x6e
 1677 0163 0E       		.uleb128 0xe
 1678 0164 03       		.uleb128 0x3
 1679 0165 0E       		.uleb128 0xe
 1680 0166 3A       		.uleb128 0x3a
 1681 0167 0B       		.uleb128 0xb
 1682 0168 3B       		.uleb128 0x3b
 1683 0169 0B       		.uleb128 0xb
 1684 016a 00       		.byte	0
 1685 016b 00       		.byte	0
 1686 016c 00       		.byte	0
 1687              		.section	.debug_loc,"",%progbits
 1688              	.Ldebug_loc0:
 1689              	.LLST0:
 1690 0000 00000000 		.4byte	.LVL0
 1691 0004 24000000 		.4byte	.LVL1
 1692 0008 0100     		.2byte	0x1
 1693 000a 50       		.byte	0x50
 1694 000b 24000000 		.4byte	.LVL1
 1695 000f 30000000 		.4byte	.LFE64
 1696 0013 0400     		.2byte	0x4
 1697 0015 F3       		.byte	0xf3
 1698 0016 01       		.uleb128 0x1
 1699 0017 50       		.byte	0x50
 1700 0018 9F       		.byte	0x9f
 1701 0019 00000000 		.4byte	0
 1702 001d 00000000 		.4byte	0
 1703              	.LLST1:
 1704 0021 00000000 		.4byte	.LVL2
ARM GAS  C:\Users\CHRONI~1\AppData\Local\Temp\ccph5YDG.s 			page 32


 1705 0025 1C000000 		.4byte	.LVL3
 1706 0029 0100     		.2byte	0x1
 1707 002b 50       		.byte	0x50
 1708 002c 1C000000 		.4byte	.LVL3
 1709 0030 70000000 		.4byte	.LVL6
 1710 0034 0100     		.2byte	0x1
 1711 0036 54       		.byte	0x54
 1712 0037 70000000 		.4byte	.LVL6
 1713 003b 78000000 		.4byte	.LFE65
 1714 003f 0400     		.2byte	0x4
 1715 0041 F3       		.byte	0xf3
 1716 0042 01       		.uleb128 0x1
 1717 0043 50       		.byte	0x50
 1718 0044 9F       		.byte	0x9f
 1719 0045 00000000 		.4byte	0
 1720 0049 00000000 		.4byte	0
 1721              		.section	.debug_aranges,"",%progbits
 1722 0000 24000000 		.4byte	0x24
 1723 0004 0200     		.2byte	0x2
 1724 0006 00000000 		.4byte	.Ldebug_info0
 1725 000a 04       		.byte	0x4
 1726 000b 00       		.byte	0
 1727 000c 0000     		.2byte	0
 1728 000e 0000     		.2byte	0
 1729 0010 00000000 		.4byte	.LFB64
 1730 0014 30000000 		.4byte	.LFE64-.LFB64
 1731 0018 00000000 		.4byte	.LFB65
 1732 001c 78000000 		.4byte	.LFE65-.LFB65
 1733 0020 00000000 		.4byte	0
 1734 0024 00000000 		.4byte	0
 1735              		.section	.debug_ranges,"",%progbits
 1736              	.Ldebug_ranges0:
 1737 0000 00000000 		.4byte	.LFB64
 1738 0004 30000000 		.4byte	.LFE64
 1739 0008 00000000 		.4byte	.LFB65
 1740 000c 78000000 		.4byte	.LFE65
 1741 0010 00000000 		.4byte	0
 1742 0014 00000000 		.4byte	0
 1743              		.section	.debug_line,"",%progbits
 1744              	.Ldebug_line0:
 1745 0000 A6020000 		.section	.debug_str,"MS",%progbits,1
 1745      02007302 
 1745      00000201 
 1745      FB0E0D00 
 1745      01010101 
 1746              	.LASF87:
 1747 0000 52656754 		.ascii	"RegTbl\000"
 1747      626C00
 1748              	.LASF40:
 1749 0007 4F535F53 		.ascii	"OS_SEM_CTR\000"
 1749      454D5F43 
 1749      545200
 1750              	.LASF22:
 1751 0012 4350555F 		.ascii	"CPU_INT32S\000"
 1751      494E5433 
 1751      325300
 1752              	.LASF93:
ARM GAS  C:\Users\CHRONI~1\AppData\Local\Temp\ccph5YDG.s 			page 33


 1753 001d 43505555 		.ascii	"CPUUsageMax\000"
 1753      73616765 
 1753      4D617800 
 1754              	.LASF21:
 1755 0029 4350555F 		.ascii	"CPU_INT32U\000"
 1755      494E5433 
 1755      325500
 1756              	.LASF99:
 1757 0034 53656D50 		.ascii	"SemPendTime\000"
 1757      656E6454 
 1757      696D6500 
 1758              	.LASF119:
 1759 0040 48656164 		.ascii	"HeadPtr\000"
 1759      50747200 
 1760              	.LASF0:
 1761 0048 7369676E 		.ascii	"signed char\000"
 1761      65642063 
 1761      68617200 
 1762              	.LASF111:
 1763 0054 54434250 		.ascii	"TCBPtr\000"
 1763      747200
 1764              	.LASF139:
 1765 005b 4C656452 		.ascii	"LedRB_Task_TCB\000"
 1765      425F5461 
 1765      736B5F54 
 1765      434200
 1766              	.LASF135:
 1767 006a 46495243 		.ascii	"FIRCoeffs\000"
 1767      6F656666 
 1767      7300
 1768              	.LASF53:
 1769 0074 4F757450 		.ascii	"OutPtr\000"
 1769      747200
 1770              	.LASF128:
 1771 007b 6761735F 		.ascii	"gas_in_ohm\000"
 1771      696E5F6F 
 1771      686D00
 1772              	.LASF42:
 1773 0086 4F535F53 		.ascii	"OS_STATUS\000"
 1773      54415455 
 1773      5300
 1774              	.LASF7:
 1775 0090 6C6F6E67 		.ascii	"long long unsigned int\000"
 1775      206C6F6E 
 1775      6720756E 
 1775      7369676E 
 1775      65642069 
 1776              	.LASF66:
 1777 00a7 5469636B 		.ascii	"TickSpokePtr\000"
 1777      53706F6B 
 1777      65507472 
 1777      00
 1778              	.LASF92:
 1779 00b4 43505555 		.ascii	"CPUUsage\000"
 1779      73616765 
 1779      00
 1780              	.LASF136:
ARM GAS  C:\Users\CHRONI~1\AppData\Local\Temp\ccph5YDG.s 			page 34


 1781 00bd 49544D5F 		.ascii	"ITM_RxBuffer\000"
 1781      52784275 
 1781      66666572 
 1781      00
 1782              	.LASF64:
 1783 00ca 5469636B 		.ascii	"TickNextPtr\000"
 1783      4E657874 
 1783      50747200 
 1784              	.LASF41:
 1785 00d6 4F535F53 		.ascii	"OS_STATE\000"
 1785      54415445 
 1785      00
 1786              	.LASF44:
 1787 00df 4F535F4D 		.ascii	"OS_MSG\000"
 1787      534700
 1788              	.LASF86:
 1789 00e6 4D736751 		.ascii	"MsgQPendTimeMax\000"
 1789      50656E64 
 1789      54696D65 
 1789      4D617800 
 1790              	.LASF45:
 1791 00f6 4E657874 		.ascii	"NextPtr\000"
 1791      50747200 
 1792              	.LASF138:
 1793 00fe 4255545F 		.ascii	"BUT_TaskStk\000"
 1793      5461736B 
 1793      53746B00 
 1794              	.LASF24:
 1795 010a 4350555F 		.ascii	"CPU_STK\000"
 1795      53544B00 
 1796              	.LASF31:
 1797 0112 4F535F46 		.ascii	"OS_FLAGS\000"
 1797      4C414753 
 1797      00
 1798              	.LASF129:
 1799 011b 44415441 		.ascii	"DATA_SET_PACKAGE_ENVIRONMENT\000"
 1799      5F534554 
 1799      5F504143 
 1799      4B414745 
 1799      5F454E56 
 1800              	.LASF16:
 1801 0138 4350555F 		.ascii	"CPU_CHAR\000"
 1801      43484152 
 1801      00
 1802              	.LASF146:
 1803 0141 64617461 		.ascii	"data_processing_task.c\000"
 1803      5F70726F 
 1803      63657373 
 1803      696E675F 
 1803      7461736B 
 1804              	.LASF54:
 1805 0158 4E627245 		.ascii	"NbrEntriesSize\000"
 1805      6E747269 
 1805      65735369 
 1805      7A6500
 1806              	.LASF85:
 1807 0167 4D736751 		.ascii	"MsgQPendTime\000"
ARM GAS  C:\Users\CHRONI~1\AppData\Local\Temp\ccph5YDG.s 			page 35


 1807      50656E64 
 1807      54696D65 
 1807      00
 1808              	.LASF43:
 1809 0174 4F535F54 		.ascii	"OS_TICK\000"
 1809      49434B00 
 1810              	.LASF4:
 1811 017c 6C6F6E67 		.ascii	"long int\000"
 1811      20696E74 
 1811      00
 1812              	.LASF113:
 1813 0185 5264794F 		.ascii	"RdyObjPtr\000"
 1813      626A5074 
 1813      7200
 1814              	.LASF114:
 1815 018f 5264794D 		.ascii	"RdyMsgPtr\000"
 1815      73675074 
 1815      7200
 1816              	.LASF100:
 1817 0199 53656D50 		.ascii	"SemPendTimeMax\000"
 1817      656E6454 
 1817      696D654D 
 1817      617800
 1818              	.LASF141:
 1819 01a8 4C656447 		.ascii	"LedG_Task_TCB\000"
 1819      5F546173 
 1819      6B5F5443 
 1819      4200
 1820              	.LASF6:
 1821 01b6 6C6F6E67 		.ascii	"long long int\000"
 1821      206C6F6E 
 1821      6720696E 
 1821      7400
 1822              	.LASF60:
 1823 01c4 53746B50 		.ascii	"StkPtr\000"
 1823      747200
 1824              	.LASF14:
 1825 01cb 646F7562 		.ascii	"double\000"
 1825      6C6500
 1826              	.LASF124:
 1827 01d2 50656E64 		.ascii	"PendList\000"
 1827      4C697374 
 1827      00
 1828              	.LASF52:
 1829 01db 496E5074 		.ascii	"InPtr\000"
 1829      7200
 1830              	.LASF34:
 1831 01e1 4F535F4E 		.ascii	"OS_NESTING_CTR\000"
 1831      45535449 
 1831      4E475F43 
 1831      545200
 1832              	.LASF3:
 1833 01f0 73686F72 		.ascii	"short unsigned int\000"
 1833      7420756E 
 1833      7369676E 
 1833      65642069 
 1833      6E7400
ARM GAS  C:\Users\CHRONI~1\AppData\Local\Temp\ccph5YDG.s 			page 36


 1834              	.LASF137:
 1835 0203 4255545F 		.ascii	"BUT_Task_TCB\000"
 1835      5461736B 
 1835      5F544342 
 1835      00
 1836              	.LASF59:
 1837 0210 6F735F74 		.ascii	"os_tcb\000"
 1837      636200
 1838              	.LASF82:
 1839 0217 54696D65 		.ascii	"TimeQuanta\000"
 1839      5175616E 
 1839      746100
 1840              	.LASF123:
 1841 0222 54797065 		.ascii	"Type\000"
 1841      00
 1842              	.LASF71:
 1843 0227 50656E64 		.ascii	"PendDataTblPtr\000"
 1843      44617461 
 1843      54626C50 
 1843      747200
 1844              	.LASF94:
 1845 0236 43747853 		.ascii	"CtxSwCtr\000"
 1845      77437472 
 1845      00
 1846              	.LASF105:
 1847 023f 4462674E 		.ascii	"DbgNamePtr\000"
 1847      616D6550 
 1847      747200
 1848              	.LASF72:
 1849 024a 50656E64 		.ascii	"PendOn\000"
 1849      4F6E00
 1850              	.LASF116:
 1851 0251 52647954 		.ascii	"RdyTS\000"
 1851      5300
 1852              	.LASF107:
 1853 0257 6F735F74 		.ascii	"os_tick_spoke\000"
 1853      69636B5F 
 1853      73706F6B 
 1853      6500
 1854              	.LASF8:
 1855 0265 756E7369 		.ascii	"unsigned int\000"
 1855      676E6564 
 1855      20696E74 
 1855      00
 1856              	.LASF51:
 1857 0272 6F735F6D 		.ascii	"os_msg_q\000"
 1857      73675F71 
 1857      00
 1858              	.LASF5:
 1859 027b 6C6F6E67 		.ascii	"long unsigned int\000"
 1859      20756E73 
 1859      69676E65 
 1859      6420696E 
 1859      7400
 1860              	.LASF134:
 1861 028d 6C6F675F 		.ascii	"log_message\000"
 1861      6D657373 
ARM GAS  C:\Users\CHRONI~1\AppData\Local\Temp\ccph5YDG.s 			page 37


 1861      61676500 
 1862              	.LASF18:
 1863 0299 4350555F 		.ascii	"CPU_INT08U\000"
 1863      494E5430 
 1863      385500
 1864              	.LASF95:
 1865 02a4 4379636C 		.ascii	"CyclesDelta\000"
 1865      65734465 
 1865      6C746100 
 1866              	.LASF39:
 1867 02b0 4F535F52 		.ascii	"OS_REG\000"
 1867      454700
 1868              	.LASF133:
 1869 02b7 64617461 		.ascii	"data\000"
 1869      00
 1870              	.LASF26:
 1871 02bc 4350555F 		.ascii	"CPU_TS32\000"
 1871      54533332 
 1871      00
 1872              	.LASF25:
 1873 02c5 4350555F 		.ascii	"CPU_STK_SIZE\000"
 1873      53544B5F 
 1873      53495A45 
 1873      00
 1874              	.LASF37:
 1875 02d2 4F535F4F 		.ascii	"OS_OPT\000"
 1875      505400
 1876              	.LASF28:
 1877 02d9 4F535F43 		.ascii	"OS_CPU_USAGE\000"
 1877      50555F55 
 1877      53414745 
 1877      00
 1878              	.LASF97:
 1879 02e6 4379636C 		.ascii	"CyclesTotal\000"
 1879      6573546F 
 1879      74616C00 
 1880              	.LASF62:
 1881 02f2 53746B4C 		.ascii	"StkLimitPtr\000"
 1881      696D6974 
 1881      50747200 
 1882              	.LASF125:
 1883 02fe 74656D70 		.ascii	"temperature_in_celsius\000"
 1883      65726174 
 1883      7572655F 
 1883      696E5F63 
 1883      656C7369 
 1884              	.LASF140:
 1885 0315 4C656452 		.ascii	"LedRB_TaskStk\000"
 1885      425F5461 
 1885      736B5374 
 1885      6B00
 1886              	.LASF12:
 1887 0323 5F5F696E 		.ascii	"__int32_t\000"
 1887      7433325F 
 1887      7400
 1888              	.LASF122:
 1889 032d 6F735F70 		.ascii	"os_pend_obj\000"
ARM GAS  C:\Users\CHRONI~1\AppData\Local\Temp\ccph5YDG.s 			page 38


 1889      656E645F 
 1889      6F626A00 
 1890              	.LASF103:
 1891 0339 44626750 		.ascii	"DbgPrevPtr\000"
 1891      72657650 
 1891      747200
 1892              	.LASF131:
 1893 0344 6973456E 		.ascii	"isEnvironmentDataInRange\000"
 1893      7669726F 
 1893      6E6D656E 
 1893      74446174 
 1893      61496E52 
 1894              	.LASF75:
 1895 035d 5072696F 		.ascii	"Prio\000"
 1895      00
 1896              	.LASF108:
 1897 0362 46697273 		.ascii	"FirstPtr\000"
 1897      74507472 
 1897      00
 1898              	.LASF23:
 1899 036b 4350555F 		.ascii	"CPU_ADDR\000"
 1899      41444452 
 1899      00
 1900              	.LASF83:
 1901 0374 54696D65 		.ascii	"TimeQuantaCtr\000"
 1901      5175616E 
 1901      74614374 
 1901      7200
 1902              	.LASF10:
 1903 0382 73697A65 		.ascii	"sizetype\000"
 1903      74797065 
 1903      00
 1904              	.LASF106:
 1905 038b 4F535F54 		.ascii	"OS_TICK_SPOKE\000"
 1905      49434B5F 
 1905      53504F4B 
 1905      4500
 1906              	.LASF132:
 1907 0399 64617461 		.ascii	"data_environment_package\000"
 1907      5F656E76 
 1907      69726F6E 
 1907      6D656E74 
 1907      5F706163 
 1908              	.LASF29:
 1909 03b2 4F535F43 		.ascii	"OS_CTX_SW_CTR\000"
 1909      54585F53 
 1909      575F4354 
 1909      5200
 1910              	.LASF32:
 1911 03c0 4F535F4D 		.ascii	"OS_MSG_QTY\000"
 1911      53475F51 
 1911      545900
 1912              	.LASF147:
 1913 03cb 433A5C55 		.ascii	"C:\\Users\\Chronikle\\Documents\\GitHub\\BodyAnalyz"
 1913      73657273 
 1913      5C436872 
 1913      6F6E696B 
ARM GAS  C:\Users\CHRONI~1\AppData\Local\Temp\ccph5YDG.s 			page 39


 1913      6C655C44 
 1914 03f9 65725C65 		.ascii	"er\\esw_uCOS3_cykit.cydsn\000"
 1914      73775F75 
 1914      434F5333 
 1914      5F63796B 
 1914      69742E63 
 1915              	.LASF56:
 1916 0412 4E627245 		.ascii	"NbrEntriesMax\000"
 1916      6E747269 
 1916      65734D61 
 1916      7800
 1917              	.LASF91:
 1918 0420 53757370 		.ascii	"SuspendCtr\000"
 1918      656E6443 
 1918      747200
 1919              	.LASF89:
 1920 042b 466C6167 		.ascii	"FlagsRdy\000"
 1920      73526479 
 1920      00
 1921              	.LASF104:
 1922 0434 4462674E 		.ascii	"DbgNextPtr\000"
 1922      65787450 
 1922      747200
 1923              	.LASF27:
 1924 043f 4350555F 		.ascii	"CPU_TS\000"
 1924      545300
 1925              	.LASF79:
 1926 0446 5469636B 		.ascii	"TickCtrPrev\000"
 1926      43747250 
 1926      72657600 
 1927              	.LASF109:
 1928 0452 4F535F50 		.ascii	"OS_PEND_DATA\000"
 1928      454E445F 
 1928      44415441 
 1928      00
 1929              	.LASF15:
 1930 045f 666C6F61 		.ascii	"float\000"
 1930      7400
 1931              	.LASF144:
 1932 0465 55415254 		.ascii	"UART_1_PutString\000"
 1932      5F315F50 
 1932      75745374 
 1932      72696E67 
 1932      00
 1933              	.LASF110:
 1934 0476 6F735F70 		.ascii	"os_pend_data\000"
 1934      656E645F 
 1934      64617461 
 1934      00
 1935              	.LASF36:
 1936 0483 4F535F4F 		.ascii	"OS_OBJ_TYPE\000"
 1936      424A5F54 
 1936      59504500 
 1937              	.LASF77:
 1938 048f 50656E64 		.ascii	"PendDataTblEntries\000"
 1938      44617461 
 1938      54626C45 
ARM GAS  C:\Users\CHRONI~1\AppData\Local\Temp\ccph5YDG.s 			page 40


 1938      6E747269 
 1938      657300
 1939              	.LASF126:
 1940 04a2 68756D69 		.ascii	"humidity_in_percentage\000"
 1940      64697479 
 1940      5F696E5F 
 1940      70657263 
 1940      656E7461 
 1941              	.LASF13:
 1942 04b9 696E7433 		.ascii	"int32_t\000"
 1942      325F7400 
 1943              	.LASF1:
 1944 04c1 756E7369 		.ascii	"unsigned char\000"
 1944      676E6564 
 1944      20636861 
 1944      7200
 1945              	.LASF55:
 1946 04cf 4E627245 		.ascii	"NbrEntries\000"
 1946      6E747269 
 1946      657300
 1947              	.LASF50:
 1948 04da 6F735F6D 		.ascii	"os_msg\000"
 1948      736700
 1949              	.LASF118:
 1950 04e1 6F735F70 		.ascii	"os_pend_list\000"
 1950      656E645F 
 1950      6C697374 
 1950      00
 1951              	.LASF2:
 1952 04ee 73686F72 		.ascii	"short int\000"
 1952      7420696E 
 1952      7400
 1953              	.LASF74:
 1954 04f8 5461736B 		.ascii	"TaskState\000"
 1954      53746174 
 1954      6500
 1955              	.LASF145:
 1956 0502 474E5520 		.ascii	"GNU C11 5.4.1 20160609 (release) [ARM/embedded-5-br"
 1956      43313120 
 1956      352E342E 
 1956      31203230 
 1956      31363036 
 1957 0535 616E6368 		.ascii	"anch revision 237715] -mcpu=cortex-m3 -mthumb -g -O"
 1957      20726576 
 1957      6973696F 
 1957      6E203233 
 1957      37373135 
 1958 0568 67202D66 		.ascii	"g -ffunction-sections -ffat-lto-objects\000"
 1958      66756E63 
 1958      74696F6E 
 1958      2D736563 
 1958      74696F6E 
 1959              	.LASF46:
 1960 0590 4D736750 		.ascii	"MsgPtr\000"
 1960      747200
 1961              	.LASF78:
 1962 0597 53656D43 		.ascii	"SemCtr\000"
ARM GAS  C:\Users\CHRONI~1\AppData\Local\Temp\ccph5YDG.s 			page 41


 1962      747200
 1963              	.LASF47:
 1964 059e 4D736753 		.ascii	"MsgSize\000"
 1964      697A6500 
 1965              	.LASF130:
 1966 05a6 70726F63 		.ascii	"processRawEnvironmentData\000"
 1966      65737352 
 1966      6177456E 
 1966      7669726F 
 1966      6E6D656E 
 1967              	.LASF121:
 1968 05c0 4F535F50 		.ascii	"OS_PEND_OBJ\000"
 1968      454E445F 
 1968      4F424A00 
 1969              	.LASF58:
 1970 05cc 4F535F54 		.ascii	"OS_TCB\000"
 1970      434200
 1971              	.LASF9:
 1972 05d3 6C6F6E67 		.ascii	"long double\000"
 1972      20646F75 
 1972      626C6500 
 1973              	.LASF76:
 1974 05df 53746B53 		.ascii	"StkSize\000"
 1974      697A6500 
 1975              	.LASF11:
 1976 05e7 63686172 		.ascii	"char\000"
 1976      00
 1977              	.LASF88:
 1978 05ec 466C6167 		.ascii	"FlagsPend\000"
 1978      7350656E 
 1978      6400
 1979              	.LASF81:
 1980 05f6 5469636B 		.ascii	"TickRemain\000"
 1980      52656D61 
 1980      696E00
 1981              	.LASF48:
 1982 0601 4D736754 		.ascii	"MsgTS\000"
 1982      5300
 1983              	.LASF65:
 1984 0607 5469636B 		.ascii	"TickPrevPtr\000"
 1984      50726576 
 1984      50747200 
 1985              	.LASF67:
 1986 0613 4E616D65 		.ascii	"NamePtr\000"
 1986      50747200 
 1987              	.LASF102:
 1988 061b 53746B46 		.ascii	"StkFree\000"
 1988      72656500 
 1989              	.LASF63:
 1990 0623 50726576 		.ascii	"PrevPtr\000"
 1990      50747200 
 1991              	.LASF38:
 1992 062b 4F535F50 		.ascii	"OS_PRIO\000"
 1992      52494F00 
 1993              	.LASF70:
 1994 0633 5461736B 		.ascii	"TaskEntryArg\000"
 1994      456E7472 
ARM GAS  C:\Users\CHRONI~1\AppData\Local\Temp\ccph5YDG.s 			page 42


 1994      79417267 
 1994      00
 1995              	.LASF115:
 1996 0640 5264794D 		.ascii	"RdyMsgSize\000"
 1996      73675369 
 1996      7A6500
 1997              	.LASF90:
 1998 064b 466C6167 		.ascii	"FlagsOpt\000"
 1998      734F7074 
 1998      00
 1999              	.LASF68:
 2000 0654 53746B42 		.ascii	"StkBasePtr\000"
 2000      61736550 
 2000      747200
 2001              	.LASF112:
 2002 065f 50656E64 		.ascii	"PendObjPtr\000"
 2002      4F626A50 
 2002      747200
 2003              	.LASF61:
 2004 066a 45787450 		.ascii	"ExtPtr\000"
 2004      747200
 2005              	.LASF35:
 2006 0671 4F535F4F 		.ascii	"OS_OBJ_QTY\000"
 2006      424A5F51 
 2006      545900
 2007              	.LASF49:
 2008 067c 4F535F4D 		.ascii	"OS_MSG_Q\000"
 2008      53475F51 
 2008      00
 2009              	.LASF143:
 2010 0685 736E7072 		.ascii	"snprintf\000"
 2010      696E7466 
 2010      00
 2011              	.LASF73:
 2012 068e 50656E64 		.ascii	"PendStatus\000"
 2012      53746174 
 2012      757300
 2013              	.LASF98:
 2014 0699 4379636C 		.ascii	"CyclesTotalPrev\000"
 2014      6573546F 
 2014      74616C50 
 2014      72657600 
 2015              	.LASF142:
 2016 06a9 4C656447 		.ascii	"LedG_TaskStk\000"
 2016      5F546173 
 2016      6B53746B 
 2016      00
 2017              	.LASF80:
 2018 06b6 5469636B 		.ascii	"TickCtrMatch\000"
 2018      4374724D 
 2018      61746368 
 2018      00
 2019              	.LASF120:
 2020 06c3 5461696C 		.ascii	"TailPtr\000"
 2020      50747200 
 2021              	.LASF30:
 2022 06cb 4F535F43 		.ascii	"OS_CYCLES\000"
ARM GAS  C:\Users\CHRONI~1\AppData\Local\Temp\ccph5YDG.s 			page 43


 2022      59434C45 
 2022      5300
 2023              	.LASF69:
 2024 06d5 5461736B 		.ascii	"TaskEntryAddr\000"
 2024      456E7472 
 2024      79416464 
 2024      7200
 2025              	.LASF96:
 2026 06e3 4379636C 		.ascii	"CyclesStart\000"
 2026      65735374 
 2026      61727400 
 2027              	.LASF84:
 2028 06ef 4D736751 		.ascii	"MsgQ\000"
 2028      00
 2029              	.LASF20:
 2030 06f4 4350555F 		.ascii	"CPU_INT16S\000"
 2030      494E5431 
 2030      365300
 2031              	.LASF19:
 2032 06ff 4350555F 		.ascii	"CPU_INT16U\000"
 2032      494E5431 
 2032      365500
 2033              	.LASF33:
 2034 070a 4F535F4D 		.ascii	"OS_MSG_SIZE\000"
 2034      53475F53 
 2034      495A4500 
 2035              	.LASF127:
 2036 0716 70726573 		.ascii	"pressure_in_bar\000"
 2036      73757265 
 2036      5F696E5F 
 2036      62617200 
 2037              	.LASF101:
 2038 0726 53746B55 		.ascii	"StkUsed\000"
 2038      73656400 
 2039              	.LASF117:
 2040 072e 4F535F50 		.ascii	"OS_PEND_LIST\000"
 2040      454E445F 
 2040      4C495354 
 2040      00
 2041              	.LASF17:
 2042 073b 4350555F 		.ascii	"CPU_BOOLEAN\000"
 2042      424F4F4C 
 2042      45414E00 
 2043              	.LASF57:
 2044 0747 4F535F54 		.ascii	"OS_TASK_PTR\000"
 2044      41534B5F 
 2044      50545200 
 2045              		.ident	"GCC: (GNU Tools for ARM Embedded Processors) 5.4.1 20160609 (release) [ARM/embedded-5-bran
